Reading pref.tcl

# 2022.4

# vsim -modelsimini modelsim.ini -c -quiet -coverage -sv_seed 1 "+UVM_TESTNAME=test_case_engine" "+UVM_VERBOSITY=UVM_LOW" "+DV_EXEC_MODE=isolated" "+DV_CASE_ID=B072" -suppress 19 -suppress 3009 -nodpiexports -voptargs="+acc" work.tb_top -do "coverage save -onexit /home/yifeng/packages/mu3e_ip_dev/mu3e-ip-cores/ring-buffer_cam/tb/uvm/cov_default_p2_pipe4/B072_s1.ucdb; run -all; quit -f" -gG_ENCODER_LEAF_WIDTH=16 -gG_N_PARTITIONS=2 -gG_INTERLEAVING_FACTOR=4 -gG_DEBUG=1 -gG_ENCODER_PIPE_STAGES=4 -gG_INTERLEAVING_INDEX=0 -gG_RING_BUFFER_N_ENTRY=512 
# Start time: 02:09:50 on Apr 18,2026
# ** Note: (vsim-8009) Loading existing optimized design _opt
# //  Questa Intel Starter FPGA Edition-64
# //  Version 2022.4 linux_x86_64 Oct 18 2022
# //
# //  Copyright 1991-2022 Mentor Graphics Corporation
# //  All Rights Reserved.
# //
# //  QuestaSim and its associated documentation contain trade
# //  secrets and commercial or financial information that are the property of
# //  Mentor Graphics Corporation and are privileged, confidential,
# //  and exempt from disclosure under the Freedom of Information Act,
# //  5 U.S.C. Section 552. Furthermore, this information
# //  is prohibited from disclosure under the Trade Secrets Act,
# //  18 U.S.C. Section 1905.
# //
# ** Note: (vsim-8785) UVM-aware debugging capabilities will be disabled since no compiled "questa_uvm_pkg" can be found.
# This also means that later if you turn on UVM-aware debugging your debug simulations may have
# different random seeds from your non-debug simulations.
# ** Warning: register_cover_flop: Failed to find flop reset statement in du ring_buffer_cam_v2_core(rtl) file 147 line -1 tok -1 scope_ident 0
# ** Warning: register_cover_flop: Failed to find a coverage flop in du ring_buffer_cam_v2_core(rtl), scope 0, path /tb_top/dut/v2_core. Not collecting coverage data for it.
# coverage save -onexit /home/yifeng/packages/mu3e_ip_dev/mu3e-ip-cores/ring-buffer_cam/tb/uvm/cov_default_p2_pipe4/B072_s1.ucdb
#  run -all
# UVM_INFO /data1/intelFPGA_pro/23.1/questa_fse/verilog_src/uvm-1.2/src/base/uvm_root.svh(392) @ 0: reporter [UVM/RELNOTES] 
# ----------------------------------------------------------------
# UVM-1.2
# (C) 2007-2014 Mentor Graphics Corporation
# (C) 2007-2014 Cadence Design Systems, Inc.
# (C) 2006-2014 Synopsys, Inc.
# (C) 2011-2013 Cypress Semiconductor Corp.
# (C) 2013-2014 NVIDIA Corporation
# ----------------------------------------------------------------
# 
#   ***********       IMPORTANT RELEASE NOTES         ************
# 
#   You are using a version of the UVM library that has been compiled
#   with `UVM_NO_DEPRECATED undefined.
#   See http://www.eda.org/svdb/view.php?id=3313 for more details.
# 
#   You are using a version of the UVM library that has been compiled
#   with `UVM_OBJECT_DO_NOT_NEED_CONSTRUCTOR undefined.
#   See http://www.eda.org/svdb/view.php?id=3770 for more details.
# 
#       (Specify +UVM_NO_RELNOTES to turn off this notice)
# 
# ** Warning: NUMERIC_STD.">=": metavalue detected, returning FALSE
#    Time: 0 ps  Iteration: 0  Instance: /tb_top/dut/v2_core
# ** Warning: NUMERIC_STD.TO_INTEGER: metavalue detected, returning 0
#    Time: 0 ps  Iteration: 0  Region: /tb_top/dut/v2_core/main_cam/wr_addr_page_encode(15)
# ** Warning: NUMERIC_STD.TO_INTEGER: metavalue detected, returning 0
#    Time: 0 ps  Iteration: 0  Region: /tb_top/dut/v2_core/main_cam/wr_addr_page_encode(14)
# ** Warning: NUMERIC_STD.TO_INTEGER: metavalue detected, returning 0
#    Time: 0 ps  Iteration: 0  Region: /tb_top/dut/v2_core/main_cam/wr_addr_page_encode(13)
# ** Warning: NUMERIC_STD.TO_INTEGER: metavalue detected, returning 0
#    Time: 0 ps  Iteration: 0  Region: /tb_top/dut/v2_core/main_cam/wr_addr_page_encode(12)
# ** Warning: NUMERIC_STD.TO_INTEGER: metavalue detected, returning 0
#    Time: 0 ps  Iteration: 0  Region: /tb_top/dut/v2_core/main_cam/wr_addr_page_encode(11)
# ** Warning: NUMERIC_STD.TO_INTEGER: metavalue detected, returning 0
#    Time: 0 ps  Iteration: 0  Region: /tb_top/dut/v2_core/main_cam/wr_addr_page_encode(10)
# ** Warning: NUMERIC_STD.TO_INTEGER: metavalue detected, returning 0
#    Time: 0 ps  Iteration: 0  Region: /tb_top/dut/v2_core/main_cam/wr_addr_page_encode(9)
# ** Warning: NUMERIC_STD.TO_INTEGER: metavalue detected, returning 0
#    Time: 0 ps  Iteration: 0  Region: /tb_top/dut/v2_core/main_cam/wr_addr_page_encode(8)
# ** Warning: NUMERIC_STD.TO_INTEGER: metavalue detected, returning 0
#    Time: 0 ps  Iteration: 0  Region: /tb_top/dut/v2_core/main_cam/wr_addr_page_encode(7)
# ** Warning: NUMERIC_STD.TO_INTEGER: metavalue detected, returning 0
#    Time: 0 ps  Iteration: 0  Region: /tb_top/dut/v2_core/main_cam/wr_addr_page_encode(6)
# ** Warning: NUMERIC_STD.TO_INTEGER: metavalue detected, returning 0
#    Time: 0 ps  Iteration: 0  Region: /tb_top/dut/v2_core/main_cam/wr_addr_page_encode(5)
# ** Warning: NUMERIC_STD.TO_INTEGER: metavalue detected, returning 0
#    Time: 0 ps  Iteration: 0  Region: /tb_top/dut/v2_core/main_cam/wr_addr_page_encode(4)
# ** Warning: NUMERIC_STD.TO_INTEGER: metavalue detected, returning 0
#    Time: 0 ps  Iteration: 0  Region: /tb_top/dut/v2_core/main_cam/wr_addr_page_encode(3)
# ** Warning: NUMERIC_STD.TO_INTEGER: metavalue detected, returning 0
#    Time: 0 ps  Iteration: 0  Region: /tb_top/dut/v2_core/main_cam/wr_addr_page_encode(2)
# ** Warning: NUMERIC_STD.TO_INTEGER: metavalue detected, returning 0
#    Time: 0 ps  Iteration: 0  Region: /tb_top/dut/v2_core/main_cam/wr_addr_page_encode(1)
# ** Warning: NUMERIC_STD.TO_INTEGER: metavalue detected, returning 0
#    Time: 0 ps  Iteration: 0  Region: /tb_top/dut/v2_core/main_cam/wr_addr_page_encode(0)
# UVM_INFO /data1/intelFPGA_pro/23.1/questa_fse/verilog_src/uvm-1.2/src/base/uvm_root.svh(453) @ 0: reporter [NO_DPI_TSTNAME] UVM_NO_DPI defined--getting UVM_TESTNAME directly, without DPI
# UVM_INFO @ 0: reporter [RNTST] Running test test_case_engine...
# ** Warning: NUMERIC_STD.">=": metavalue detected, returning FALSE
#    Time: 0 ps  Iteration: 1  Instance: /tb_top/dut/v2_core
# ** Warning: NUMERIC_STD.">=": metavalue detected, returning FALSE
#    Time: 0 ps  Iteration: 2  Instance: /tb_top/dut/v2_core
# ** Warning: NUMERIC_STD.">=": metavalue detected, returning FALSE
#    Time: 0 ps  Iteration: 3  Instance: /tb_top/dut/v2_core
# ** Warning: NUMERIC_STD.TO_INTEGER: metavalue detected, returning 0
#    Time: 0 ps  Iteration: 5  Region: /tb_top/dut/v2_core/main_cam/wr_addr_page_encode(15)
# ** Warning: NUMERIC_STD.TO_INTEGER: metavalue detected, returning 0
#    Time: 0 ps  Iteration: 5  Region: /tb_top/dut/v2_core/main_cam/wr_addr_page_encode(14)
# ** Warning: NUMERIC_STD.TO_INTEGER: metavalue detected, returning 0
#    Time: 0 ps  Iteration: 5  Region: /tb_top/dut/v2_core/main_cam/wr_addr_page_encode(13)
# ** Warning: NUMERIC_STD.TO_INTEGER: metavalue detected, returning 0
#    Time: 0 ps  Iteration: 5  Region: /tb_top/dut/v2_core/main_cam/wr_addr_page_encode(12)
# ** Warning: NUMERIC_STD.TO_INTEGER: metavalue detected, returning 0
#    Time: 0 ps  Iteration: 5  Region: /tb_top/dut/v2_core/main_cam/wr_addr_page_encode(11)
# ** Warning: NUMERIC_STD.TO_INTEGER: metavalue detected, returning 0
#    Time: 0 ps  Iteration: 5  Region: /tb_top/dut/v2_core/main_cam/wr_addr_page_encode(10)
# ** Warning: NUMERIC_STD.TO_INTEGER: metavalue detected, returning 0
#    Time: 0 ps  Iteration: 5  Region: /tb_top/dut/v2_core/main_cam/wr_addr_page_encode(9)
# ** Warning: NUMERIC_STD.TO_INTEGER: metavalue detected, returning 0
#    Time: 0 ps  Iteration: 5  Region: /tb_top/dut/v2_core/main_cam/wr_addr_page_encode(8)
# ** Warning: NUMERIC_STD.TO_INTEGER: metavalue detected, returning 0
#    Time: 0 ps  Iteration: 5  Region: /tb_top/dut/v2_core/main_cam/wr_addr_page_encode(7)
# ** Warning: NUMERIC_STD.TO_INTEGER: metavalue detected, returning 0
#    Time: 0 ps  Iteration: 5  Region: /tb_top/dut/v2_core/main_cam/wr_addr_page_encode(6)
# ** Warning: NUMERIC_STD.TO_INTEGER: metavalue detected, returning 0
#    Time: 0 ps  Iteration: 5  Region: /tb_top/dut/v2_core/main_cam/wr_addr_page_encode(5)
# ** Warning: NUMERIC_STD.TO_INTEGER: metavalue detected, returning 0
#    Time: 0 ps  Iteration: 5  Region: /tb_top/dut/v2_core/main_cam/wr_addr_page_encode(4)
# ** Warning: NUMERIC_STD.TO_INTEGER: metavalue detected, returning 0
#    Time: 0 ps  Iteration: 5  Region: /tb_top/dut/v2_core/main_cam/wr_addr_page_encode(3)
# ** Warning: NUMERIC_STD.TO_INTEGER: metavalue detected, returning 0
#    Time: 0 ps  Iteration: 5  Region: /tb_top/dut/v2_core/main_cam/wr_addr_page_encode(2)
# ** Warning: NUMERIC_STD.TO_INTEGER: metavalue detected, returning 0
#    Time: 0 ps  Iteration: 5  Region: /tb_top/dut/v2_core/main_cam/wr_addr_page_encode(1)
# ** Warning: NUMERIC_STD.TO_INTEGER: metavalue detected, returning 0
#    Time: 0 ps  Iteration: 5  Region: /tb_top/dut/v2_core/main_cam/wr_addr_page_encode(0)
# ** Warning: NUMERIC_STD.TO_INTEGER: metavalue detected, returning 0
#    Time: 0 ps  Iteration: 6  Region: /tb_top/dut/v2_core/main_cam/wr_addr_page_encode(15)
# ** Warning: NUMERIC_STD.TO_INTEGER: metavalue detected, returning 0
#    Time: 0 ps  Iteration: 6  Region: /tb_top/dut/v2_core/main_cam/wr_addr_page_encode(14)
# ** Warning: NUMERIC_STD.TO_INTEGER: metavalue detected, returning 0
#    Time: 0 ps  Iteration: 6  Region: /tb_top/dut/v2_core/main_cam/wr_addr_page_encode(13)
# ** Warning: NUMERIC_STD.TO_INTEGER: metavalue detected, returning 0
#    Time: 0 ps  Iteration: 6  Region: /tb_top/dut/v2_core/main_cam/wr_addr_page_encode(12)
# ** Warning: NUMERIC_STD.TO_INTEGER: metavalue detected, returning 0
#    Time: 0 ps  Iteration: 6  Region: /tb_top/dut/v2_core/main_cam/wr_addr_page_encode(11)
# ** Warning: NUMERIC_STD.TO_INTEGER: metavalue detected, returning 0
#    Time: 0 ps  Iteration: 6  Region: /tb_top/dut/v2_core/main_cam/wr_addr_page_encode(10)
# ** Warning: NUMERIC_STD.TO_INTEGER: metavalue detected, returning 0
#    Time: 0 ps  Iteration: 6  Region: /tb_top/dut/v2_core/main_cam/wr_addr_page_encode(9)
# ** Warning: NUMERIC_STD.TO_INTEGER: metavalue detected, returning 0
#    Time: 0 ps  Iteration: 6  Region: /tb_top/dut/v2_core/main_cam/wr_addr_page_encode(8)
# ** Warning: NUMERIC_STD.TO_INTEGER: metavalue detected, returning 0
#    Time: 0 ps  Iteration: 6  Region: /tb_top/dut/v2_core/main_cam/wr_addr_page_encode(7)
# ** Warning: NUMERIC_STD.TO_INTEGER: metavalue detected, returning 0
#    Time: 0 ps  Iteration: 6  Region: /tb_top/dut/v2_core/main_cam/wr_addr_page_encode(6)
# ** Warning: NUMERIC_STD.TO_INTEGER: metavalue detected, returning 0
#    Time: 0 ps  Iteration: 6  Region: /tb_top/dut/v2_core/main_cam/wr_addr_page_encode(5)
# ** Warning: NUMERIC_STD.TO_INTEGER: metavalue detected, returning 0
#    Time: 0 ps  Iteration: 6  Region: /tb_top/dut/v2_core/main_cam/wr_addr_page_encode(4)
# ** Warning: NUMERIC_STD.TO_INTEGER: metavalue detected, returning 0
#    Time: 0 ps  Iteration: 6  Region: /tb_top/dut/v2_core/main_cam/wr_addr_page_encode(3)
# ** Warning: NUMERIC_STD.TO_INTEGER: metavalue detected, returning 0
#    Time: 0 ps  Iteration: 6  Region: /tb_top/dut/v2_core/main_cam/wr_addr_page_encode(2)
# ** Warning: NUMERIC_STD.TO_INTEGER: metavalue detected, returning 0
#    Time: 0 ps  Iteration: 6  Region: /tb_top/dut/v2_core/main_cam/wr_addr_page_encode(1)
# ** Warning: NUMERIC_STD.TO_INTEGER: metavalue detected, returning 0
#    Time: 0 ps  Iteration: 6  Region: /tb_top/dut/v2_core/main_cam/wr_addr_page_encode(0)
# UVM_INFO /data1/intelFPGA_pro/23.1/questa_fse/verilog_src/uvm-1.2/src/base/uvm_traversal.svh(279) @ 0: reporter [UVM/COMP/NAMECHECK] This implementation of the component name checks requires DPI to be enabled
# ** Warning: NUMERIC_STD.">=": metavalue detected, returning FALSE
#    Time: 4 ns  Iteration: 2  Instance: /tb_top/dut/v2_core
# UVM_INFO /home/yifeng/packages/mu3e_ip_dev/mu3e-ip-cores/ring-buffer_cam/tb/uvm/base_test.sv(3945) @ 100000: uvm_test_top [CASE] CASE_BEGIN id=B072 mode=isolated
# UVM_INFO /home/yifeng/packages/mu3e_ip_dev/mu3e-ip-cores/ring-buffer_cam/tb/uvm/ctrl_driver.sv(76) @ 160116000: uvm_test_top.m_env.m_ctrl_drv [CTRL_DRV] Waiting for ctrl ready cmd=0x2 after 20000 cycles: ready=0 endofrun_seen=0 term_done=0 deassm_empty=1 deassm_usedw=0 pop_cmd_empty=1 pop_cmd_usedw=0 push=0 pop=0 overwrite=0
# UVM_INFO /home/yifeng/packages/mu3e_ip_dev/mu3e-ip-cores/ring-buffer_cam/tb/uvm/ctrl_driver.sv(76) @ 320116000: uvm_test_top.m_env.m_ctrl_drv [CTRL_DRV] Waiting for ctrl ready cmd=0x2 after 40000 cycles: ready=0 endofrun_seen=0 term_done=0 deassm_empty=1 deassm_usedw=0 pop_cmd_empty=1 pop_cmd_usedw=0 push=0 pop=0 overwrite=0
# UVM_INFO /home/yifeng/packages/mu3e_ip_dev/mu3e-ip-cores/ring-buffer_cam/tb/uvm/ctrl_driver.sv(76) @ 480116000: uvm_test_top.m_env.m_ctrl_drv [CTRL_DRV] Waiting for ctrl ready cmd=0x2 after 60000 cycles: ready=0 endofrun_seen=0 term_done=0 deassm_empty=1 deassm_usedw=0 pop_cmd_empty=1 pop_cmd_usedw=0 push=0 pop=0 overwrite=0
# UVM_INFO /home/yifeng/packages/mu3e_ip_dev/mu3e-ip-cores/ring-buffer_cam/tb/uvm/ctrl_driver.sv(76) @ 640116000: uvm_test_top.m_env.m_ctrl_drv [CTRL_DRV] Waiting for ctrl ready cmd=0x2 after 80000 cycles: ready=0 endofrun_seen=0 term_done=0 deassm_empty=1 deassm_usedw=0 pop_cmd_empty=1 pop_cmd_usedw=0 push=0 pop=0 overwrite=0
# UVM_INFO /home/yifeng/packages/mu3e_ip_dev/mu3e-ip-cores/ring-buffer_cam/tb/uvm/ctrl_driver.sv(76) @ 800116000: uvm_test_top.m_env.m_ctrl_drv [CTRL_DRV] Waiting for ctrl ready cmd=0x2 after 100000 cycles: ready=0 endofrun_seen=0 term_done=0 deassm_empty=1 deassm_usedw=0 pop_cmd_empty=1 pop_cmd_usedw=0 push=0 pop=0 overwrite=0
# UVM_INFO /home/yifeng/packages/mu3e_ip_dev/mu3e-ip-cores/ring-buffer_cam/tb/uvm/ctrl_driver.sv(76) @ 960116000: uvm_test_top.m_env.m_ctrl_drv [CTRL_DRV] Waiting for ctrl ready cmd=0x2 after 120000 cycles: ready=0 endofrun_seen=0 term_done=0 deassm_empty=1 deassm_usedw=0 pop_cmd_empty=1 pop_cmd_usedw=0 push=0 pop=0 overwrite=0
# ** Warning: NUMERIC_STD.TO_UNSIGNED: vector truncated
#    Time: 1057188 ns  Iteration: 2  Instance: /tb_top/dut/v2_core/deassembly_fifo/scfifo_component
# ** Warning: NUMERIC_STD.TO_UNSIGNED: vector truncated
#    Time: 1057204 ns  Iteration: 2  Instance: /tb_top/dut/v2_core/deassembly_fifo/scfifo_component
# ** Warning: NUMERIC_STD.TO_UNSIGNED: vector truncated
#    Time: 1057220 ns  Iteration: 2  Instance: /tb_top/dut/v2_core/deassembly_fifo/scfifo_component
# ** Warning: NUMERIC_STD.TO_UNSIGNED: vector truncated
#    Time: 1057236 ns  Iteration: 2  Instance: /tb_top/dut/v2_core/deassembly_fifo/scfifo_component
# ** Warning: NUMERIC_STD.TO_UNSIGNED: vector truncated
#    Time: 1057252 ns  Iteration: 2  Instance: /tb_top/dut/v2_core/deassembly_fifo/scfifo_component
# ** Warning: NUMERIC_STD.TO_UNSIGNED: vector truncated
#    Time: 1057268 ns  Iteration: 2  Instance: /tb_top/dut/v2_core/deassembly_fifo/scfifo_component
# ** Warning: NUMERIC_STD.TO_UNSIGNED: vector truncated
#    Time: 1057284 ns  Iteration: 2  Instance: /tb_top/dut/v2_core/deassembly_fifo/scfifo_component
# ** Warning: NUMERIC_STD.TO_UNSIGNED: vector truncated
#    Time: 1057300 ns  Iteration: 2  Instance: /tb_top/dut/v2_core/deassembly_fifo/scfifo_component
# ** Warning: NUMERIC_STD.TO_UNSIGNED: vector truncated
#    Time: 1057316 ns  Iteration: 2  Instance: /tb_top/dut/v2_core/deassembly_fifo/scfifo_component
# ** Warning: NUMERIC_STD.TO_UNSIGNED: vector truncated
#    Time: 1057332 ns  Iteration: 2  Instance: /tb_top/dut/v2_core/deassembly_fifo/scfifo_component
# ** Warning: NUMERIC_STD.TO_UNSIGNED: vector truncated
#    Time: 1057348 ns  Iteration: 2  Instance: /tb_top/dut/v2_core/deassembly_fifo/scfifo_component
# ** Warning: NUMERIC_STD.TO_UNSIGNED: vector truncated
#    Time: 1057364 ns  Iteration: 2  Instance: /tb_top/dut/v2_core/deassembly_fifo/scfifo_component
# ** Warning: NUMERIC_STD.TO_UNSIGNED: vector truncated
#    Time: 1057380 ns  Iteration: 2  Instance: /tb_top/dut/v2_core/deassembly_fifo/scfifo_component
# ** Warning: NUMERIC_STD.TO_UNSIGNED: vector truncated
#    Time: 1057396 ns  Iteration: 2  Instance: /tb_top/dut/v2_core/deassembly_fifo/scfifo_component
# ** Warning: NUMERIC_STD.TO_UNSIGNED: vector truncated
#    Time: 1057412 ns  Iteration: 2  Instance: /tb_top/dut/v2_core/deassembly_fifo/scfifo_component
# ** Warning: NUMERIC_STD.TO_UNSIGNED: vector truncated
#    Time: 1057428 ns  Iteration: 2  Instance: /tb_top/dut/v2_core/deassembly_fifo/scfifo_component
# ** Warning: NUMERIC_STD.TO_UNSIGNED: vector truncated
#    Time: 1057444 ns  Iteration: 2  Instance: /tb_top/dut/v2_core/deassembly_fifo/scfifo_component
# ** Warning: NUMERIC_STD.TO_UNSIGNED: vector truncated
#    Time: 1057460 ns  Iteration: 2  Instance: /tb_top/dut/v2_core/deassembly_fifo/scfifo_component
# ** Warning: NUMERIC_STD.TO_UNSIGNED: vector truncated
#    Time: 1057476 ns  Iteration: 2  Instance: /tb_top/dut/v2_core/deassembly_fifo/scfifo_component
# ** Warning: NUMERIC_STD.TO_UNSIGNED: vector truncated
#    Time: 1057492 ns  Iteration: 2  Instance: /tb_top/dut/v2_core/deassembly_fifo/scfifo_component
# ** Warning: NUMERIC_STD.TO_UNSIGNED: vector truncated
#    Time: 1057508 ns  Iteration: 2  Instance: /tb_top/dut/v2_core/deassembly_fifo/scfifo_component
# ** Warning: NUMERIC_STD.TO_UNSIGNED: vector truncated
#    Time: 1057524 ns  Iteration: 2  Instance: /tb_top/dut/v2_core/deassembly_fifo/scfifo_component
# ** Warning: NUMERIC_STD.TO_UNSIGNED: vector truncated
#    Time: 1057540 ns  Iteration: 2  Instance: /tb_top/dut/v2_core/deassembly_fifo/scfifo_component
# ** Warning: NUMERIC_STD.TO_UNSIGNED: vector truncated
#    Time: 1057556 ns  Iteration: 2  Instance: /tb_top/dut/v2_core/deassembly_fifo/scfifo_component
# ** Warning: NUMERIC_STD.TO_UNSIGNED: vector truncated
#    Time: 1057572 ns  Iteration: 2  Instance: /tb_top/dut/v2_core/deassembly_fifo/scfifo_component
# ** Warning: NUMERIC_STD.TO_UNSIGNED: vector truncated
#    Time: 1057588 ns  Iteration: 2  Instance: /tb_top/dut/v2_core/deassembly_fifo/scfifo_component
# ** Warning: NUMERIC_STD.TO_UNSIGNED: vector truncated
#    Time: 1057604 ns  Iteration: 2  Instance: /tb_top/dut/v2_core/deassembly_fifo/scfifo_component
# ** Warning: NUMERIC_STD.TO_UNSIGNED: vector truncated
#    Time: 1057620 ns  Iteration: 2  Instance: /tb_top/dut/v2_core/deassembly_fifo/scfifo_component
# ** Warning: NUMERIC_STD.TO_UNSIGNED: vector truncated
#    Time: 1057636 ns  Iteration: 2  Instance: /tb_top/dut/v2_core/deassembly_fifo/scfifo_component
# ** Warning: NUMERIC_STD.TO_UNSIGNED: vector truncated
#    Time: 1057652 ns  Iteration: 2  Instance: /tb_top/dut/v2_core/deassembly_fifo/scfifo_component
# ** Warning: NUMERIC_STD.TO_UNSIGNED: vector truncated
#    Time: 1057668 ns  Iteration: 2  Instance: /tb_top/dut/v2_core/deassembly_fifo/scfifo_component
# ** Warning: NUMERIC_STD.TO_UNSIGNED: vector truncated
#    Time: 1057684 ns  Iteration: 2  Instance: /tb_top/dut/v2_core/deassembly_fifo/scfifo_component
# ** Warning: NUMERIC_STD.TO_UNSIGNED: vector truncated
#    Time: 1057700 ns  Iteration: 2  Instance: /tb_top/dut/v2_core/deassembly_fifo/scfifo_component
# ** Warning: NUMERIC_STD.TO_UNSIGNED: vector truncated
#    Time: 1057716 ns  Iteration: 2  Instance: /tb_top/dut/v2_core/deassembly_fifo/scfifo_component
# ** Warning: NUMERIC_STD.TO_UNSIGNED: vector truncated
#    Time: 1057732 ns  Iteration: 2  Instance: /tb_top/dut/v2_core/deassembly_fifo/scfifo_component
# ** Warning: NUMERIC_STD.TO_UNSIGNED: vector truncated
#    Time: 1057748 ns  Iteration: 2  Instance: /tb_top/dut/v2_core/deassembly_fifo/scfifo_component
# ** Warning: NUMERIC_STD.TO_UNSIGNED: vector truncated
#    Time: 1057764 ns  Iteration: 2  Instance: /tb_top/dut/v2_core/deassembly_fifo/scfifo_component
# ** Warning: NUMERIC_STD.TO_UNSIGNED: vector truncated
#    Time: 1057780 ns  Iteration: 2  Instance: /tb_top/dut/v2_core/deassembly_fifo/scfifo_component
# ** Warning: NUMERIC_STD.TO_UNSIGNED: vector truncated
#    Time: 1057796 ns  Iteration: 2  Instance: /tb_top/dut/v2_core/deassembly_fifo/scfifo_component
# ** Warning: NUMERIC_STD.TO_UNSIGNED: vector truncated
#    Time: 1057812 ns  Iteration: 2  Instance: /tb_top/dut/v2_core/deassembly_fifo/scfifo_component
# ** Warning: NUMERIC_STD.TO_UNSIGNED: vector truncated
#    Time: 1057828 ns  Iteration: 2  Instance: /tb_top/dut/v2_core/deassembly_fifo/scfifo_component
# ** Warning: NUMERIC_STD.TO_UNSIGNED: vector truncated
#    Time: 1057844 ns  Iteration: 2  Instance: /tb_top/dut/v2_core/deassembly_fifo/scfifo_component
# ** Warning: NUMERIC_STD.TO_UNSIGNED: vector truncated
#    Time: 1057860 ns  Iteration: 2  Instance: /tb_top/dut/v2_core/deassembly_fifo/scfifo_component
# ** Warning: NUMERIC_STD.TO_UNSIGNED: vector truncated
#    Time: 1057876 ns  Iteration: 2  Instance: /tb_top/dut/v2_core/deassembly_fifo/scfifo_component
# ** Warning: NUMERIC_STD.TO_UNSIGNED: vector truncated
#    Time: 1057892 ns  Iteration: 2  Instance: /tb_top/dut/v2_core/deassembly_fifo/scfifo_component
# ** Warning: NUMERIC_STD.TO_UNSIGNED: vector truncated
#    Time: 1057908 ns  Iteration: 2  Instance: /tb_top/dut/v2_core/deassembly_fifo/scfifo_component
# ** Warning: NUMERIC_STD.TO_UNSIGNED: vector truncated
#    Time: 1057924 ns  Iteration: 2  Instance: /tb_top/dut/v2_core/deassembly_fifo/scfifo_component
# ** Warning: NUMERIC_STD.TO_UNSIGNED: vector truncated
#    Time: 1057940 ns  Iteration: 2  Instance: /tb_top/dut/v2_core/deassembly_fifo/scfifo_component
# ** Warning: NUMERIC_STD.TO_UNSIGNED: vector truncated
#    Time: 1057956 ns  Iteration: 2  Instance: /tb_top/dut/v2_core/deassembly_fifo/scfifo_component
# ** Warning: NUMERIC_STD.TO_UNSIGNED: vector truncated
#    Time: 1057972 ns  Iteration: 2  Instance: /tb_top/dut/v2_core/deassembly_fifo/scfifo_component
# ** Warning: NUMERIC_STD.TO_UNSIGNED: vector truncated
#    Time: 1057988 ns  Iteration: 2  Instance: /tb_top/dut/v2_core/deassembly_fifo/scfifo_component
# ** Warning: NUMERIC_STD.TO_UNSIGNED: vector truncated
#    Time: 1058004 ns  Iteration: 2  Instance: /tb_top/dut/v2_core/deassembly_fifo/scfifo_component
# ** Warning: NUMERIC_STD.TO_UNSIGNED: vector truncated
#    Time: 1058020 ns  Iteration: 2  Instance: /tb_top/dut/v2_core/deassembly_fifo/scfifo_component
# ** Warning: NUMERIC_STD.TO_UNSIGNED: vector truncated
#    Time: 1058036 ns  Iteration: 2  Instance: /tb_top/dut/v2_core/deassembly_fifo/scfifo_component
# ** Warning: NUMERIC_STD.TO_UNSIGNED: vector truncated
#    Time: 1058052 ns  Iteration: 2  Instance: /tb_top/dut/v2_core/deassembly_fifo/scfifo_component
# ** Warning: NUMERIC_STD.TO_UNSIGNED: vector truncated
#    Time: 1058068 ns  Iteration: 2  Instance: /tb_top/dut/v2_core/deassembly_fifo/scfifo_component
# ** Warning: NUMERIC_STD.TO_UNSIGNED: vector truncated
#    Time: 1058084 ns  Iteration: 2  Instance: /tb_top/dut/v2_core/deassembly_fifo/scfifo_component
# ** Warning: NUMERIC_STD.TO_UNSIGNED: vector truncated
#    Time: 1058100 ns  Iteration: 2  Instance: /tb_top/dut/v2_core/deassembly_fifo/scfifo_component
# ** Warning: NUMERIC_STD.TO_UNSIGNED: vector truncated
#    Time: 1058116 ns  Iteration: 2  Instance: /tb_top/dut/v2_core/deassembly_fifo/scfifo_component
# ** Warning: NUMERIC_STD.TO_UNSIGNED: vector truncated
#    Time: 1058132 ns  Iteration: 2  Instance: /tb_top/dut/v2_core/deassembly_fifo/scfifo_component
# ** Warning: NUMERIC_STD.TO_UNSIGNED: vector truncated
#    Time: 1058148 ns  Iteration: 2  Instance: /tb_top/dut/v2_core/deassembly_fifo/scfifo_component
# ** Warning: NUMERIC_STD.TO_UNSIGNED: vector truncated
#    Time: 1058164 ns  Iteration: 2  Instance: /tb_top/dut/v2_core/deassembly_fifo/scfifo_component
# ** Warning: NUMERIC_STD.TO_UNSIGNED: vector truncated
#    Time: 1058180 ns  Iteration: 2  Instance: /tb_top/dut/v2_core/deassembly_fifo/scfifo_component
# ** Warning: NUMERIC_STD.TO_UNSIGNED: vector truncated
#    Time: 1058196 ns  Iteration: 2  Instance: /tb_top/dut/v2_core/deassembly_fifo/scfifo_component
# ** Warning: NUMERIC_STD.TO_UNSIGNED: vector truncated
#    Time: 1058212 ns  Iteration: 2  Instance: /tb_top/dut/v2_core/deassembly_fifo/scfifo_component
# ** Warning: NUMERIC_STD.TO_UNSIGNED: vector truncated
#    Time: 1058228 ns  Iteration: 2  Instance: /tb_top/dut/v2_core/deassembly_fifo/scfifo_component
# ** Warning: NUMERIC_STD.TO_UNSIGNED: vector truncated
#    Time: 1058244 ns  Iteration: 2  Instance: /tb_top/dut/v2_core/deassembly_fifo/scfifo_component
# ** Warning: NUMERIC_STD.TO_UNSIGNED: vector truncated
#    Time: 1058260 ns  Iteration: 2  Instance: /tb_top/dut/v2_core/deassembly_fifo/scfifo_component
# ** Warning: NUMERIC_STD.TO_UNSIGNED: vector truncated
#    Time: 1058276 ns  Iteration: 2  Instance: /tb_top/dut/v2_core/deassembly_fifo/scfifo_component
# ** Warning: NUMERIC_STD.TO_UNSIGNED: vector truncated
#    Time: 1058292 ns  Iteration: 2  Instance: /tb_top/dut/v2_core/deassembly_fifo/scfifo_component
# ** Warning: NUMERIC_STD.TO_UNSIGNED: vector truncated
#    Time: 1058308 ns  Iteration: 2  Instance: /tb_top/dut/v2_core/deassembly_fifo/scfifo_component
# ** Warning: NUMERIC_STD.TO_UNSIGNED: vector truncated
#    Time: 1058324 ns  Iteration: 2  Instance: /tb_top/dut/v2_core/deassembly_fifo/scfifo_component
# ** Warning: NUMERIC_STD.TO_UNSIGNED: vector truncated
#    Time: 1058340 ns  Iteration: 2  Instance: /tb_top/dut/v2_core/deassembly_fifo/scfifo_component
# ** Warning: NUMERIC_STD.TO_UNSIGNED: vector truncated
#    Time: 1058356 ns  Iteration: 2  Instance: /tb_top/dut/v2_core/deassembly_fifo/scfifo_component
# ** Warning: NUMERIC_STD.TO_UNSIGNED: vector truncated
#    Time: 1058372 ns  Iteration: 2  Instance: /tb_top/dut/v2_core/deassembly_fifo/scfifo_component
# ** Warning: NUMERIC_STD.TO_UNSIGNED: vector truncated
#    Time: 1058388 ns  Iteration: 2  Instance: /tb_top/dut/v2_core/deassembly_fifo/scfifo_component
# ** Warning: NUMERIC_STD.TO_UNSIGNED: vector truncated
#    Time: 1058404 ns  Iteration: 2  Instance: /tb_top/dut/v2_core/deassembly_fifo/scfifo_component
# ** Warning: NUMERIC_STD.TO_UNSIGNED: vector truncated
#    Time: 1058420 ns  Iteration: 2  Instance: /tb_top/dut/v2_core/deassembly_fifo/scfifo_component
# ** Warning: NUMERIC_STD.TO_UNSIGNED: vector truncated
#    Time: 1058436 ns  Iteration: 2  Instance: /tb_top/dut/v2_core/deassembly_fifo/scfifo_component
# ** Warning: NUMERIC_STD.TO_UNSIGNED: vector truncated
#    Time: 1058452 ns  Iteration: 2  Instance: /tb_top/dut/v2_core/deassembly_fifo/scfifo_component
# ** Warning: NUMERIC_STD.TO_UNSIGNED: vector truncated
#    Time: 1058468 ns  Iteration: 2  Instance: /tb_top/dut/v2_core/deassembly_fifo/scfifo_component
# ** Warning: NUMERIC_STD.TO_UNSIGNED: vector truncated
#    Time: 1058484 ns  Iteration: 2  Instance: /tb_top/dut/v2_core/deassembly_fifo/scfifo_component
# ** Warning: NUMERIC_STD.TO_UNSIGNED: vector truncated
#    Time: 1058500 ns  Iteration: 2  Instance: /tb_top/dut/v2_core/deassembly_fifo/scfifo_component
# ** Warning: NUMERIC_STD.TO_UNSIGNED: vector truncated
#    Time: 1058516 ns  Iteration: 2  Instance: /tb_top/dut/v2_core/deassembly_fifo/scfifo_component
# ** Warning: NUMERIC_STD.TO_UNSIGNED: vector truncated
#    Time: 1058532 ns  Iteration: 2  Instance: /tb_top/dut/v2_core/deassembly_fifo/scfifo_component
# ** Warning: NUMERIC_STD.TO_UNSIGNED: vector truncated
#    Time: 1058548 ns  Iteration: 2  Instance: /tb_top/dut/v2_core/deassembly_fifo/scfifo_component
# ** Warning: NUMERIC_STD.TO_UNSIGNED: vector truncated
#    Time: 1058564 ns  Iteration: 2  Instance: /tb_top/dut/v2_core/deassembly_fifo/scfifo_component
# ** Warning: NUMERIC_STD.TO_UNSIGNED: vector truncated
#    Time: 1058580 ns  Iteration: 2  Instance: /tb_top/dut/v2_core/deassembly_fifo/scfifo_component
# ** Warning: NUMERIC_STD.TO_UNSIGNED: vector truncated
#    Time: 1058596 ns  Iteration: 2  Instance: /tb_top/dut/v2_core/deassembly_fifo/scfifo_component
# ** Warning: NUMERIC_STD.TO_UNSIGNED: vector truncated
#    Time: 1058612 ns  Iteration: 2  Instance: /tb_top/dut/v2_core/deassembly_fifo/scfifo_component
# ** Warning: NUMERIC_STD.TO_UNSIGNED: vector truncated
#    Time: 1058628 ns  Iteration: 2  Instance: /tb_top/dut/v2_core/deassembly_fifo/scfifo_component
# ** Warning: NUMERIC_STD.TO_UNSIGNED: vector truncated
#    Time: 1058644 ns  Iteration: 2  Instance: /tb_top/dut/v2_core/deassembly_fifo/scfifo_component
# ** Warning: NUMERIC_STD.TO_UNSIGNED: vector truncated
#    Time: 1058660 ns  Iteration: 2  Instance: /tb_top/dut/v2_core/deassembly_fifo/scfifo_component
# ** Warning: NUMERIC_STD.TO_UNSIGNED: vector truncated
#    Time: 1058676 ns  Iteration: 2  Instance: /tb_top/dut/v2_core/deassembly_fifo/scfifo_component
# ** Warning: NUMERIC_STD.TO_UNSIGNED: vector truncated
#    Time: 1058692 ns  Iteration: 2  Instance: /tb_top/dut/v2_core/deassembly_fifo/scfifo_component
# ** Warning: NUMERIC_STD.TO_UNSIGNED: vector truncated
#    Time: 1058708 ns  Iteration: 2  Instance: /tb_top/dut/v2_core/deassembly_fifo/scfifo_component
# ** Warning: NUMERIC_STD.TO_UNSIGNED: vector truncated
#    Time: 1058724 ns  Iteration: 2  Instance: /tb_top/dut/v2_core/deassembly_fifo/scfifo_component
# ** Warning: NUMERIC_STD.TO_UNSIGNED: vector truncated
#    Time: 1058740 ns  Iteration: 2  Instance: /tb_top/dut/v2_core/deassembly_fifo/scfifo_component
# ** Warning: NUMERIC_STD.TO_UNSIGNED: vector truncated
#    Time: 1058756 ns  Iteration: 2  Instance: /tb_top/dut/v2_core/deassembly_fifo/scfifo_component
# ** Warning: NUMERIC_STD.TO_UNSIGNED: vector truncated
#    Time: 1058772 ns  Iteration: 2  Instance: /tb_top/dut/v2_core/deassembly_fifo/scfifo_component
# ** Warning: NUMERIC_STD.TO_UNSIGNED: vector truncated
#    Time: 1058788 ns  Iteration: 2  Instance: /tb_top/dut/v2_core/deassembly_fifo/scfifo_component
# ** Warning: NUMERIC_STD.TO_UNSIGNED: vector truncated
#    Time: 1058804 ns  Iteration: 2  Instance: /tb_top/dut/v2_core/deassembly_fifo/scfifo_component
# ** Warning: NUMERIC_STD.TO_UNSIGNED: vector truncated
#    Time: 1058820 ns  Iteration: 2  Instance: /tb_top/dut/v2_core/deassembly_fifo/scfifo_component
# ** Warning: NUMERIC_STD.TO_UNSIGNED: vector truncated
#    Time: 1058836 ns  Iteration: 2  Instance: /tb_top/dut/v2_core/deassembly_fifo/scfifo_component
# ** Warning: NUMERIC_STD.TO_UNSIGNED: vector truncated
#    Time: 1058852 ns  Iteration: 2  Instance: /tb_top/dut/v2_core/deassembly_fifo/scfifo_component
# ** Warning: NUMERIC_STD.TO_UNSIGNED: vector truncated
#    Time: 1058868 ns  Iteration: 2  Instance: /tb_top/dut/v2_core/deassembly_fifo/scfifo_component
# ** Warning: NUMERIC_STD.TO_UNSIGNED: vector truncated
#    Time: 1058884 ns  Iteration: 2  Instance: /tb_top/dut/v2_core/deassembly_fifo/scfifo_component
# ** Warning: NUMERIC_STD.TO_UNSIGNED: vector truncated
#    Time: 1058900 ns  Iteration: 2  Instance: /tb_top/dut/v2_core/deassembly_fifo/scfifo_component
# ** Warning: NUMERIC_STD.TO_UNSIGNED: vector truncated
#    Time: 1058916 ns  Iteration: 2  Instance: /tb_top/dut/v2_core/deassembly_fifo/scfifo_component
# ** Warning: NUMERIC_STD.TO_UNSIGNED: vector truncated
#    Time: 1058932 ns  Iteration: 2  Instance: /tb_top/dut/v2_core/deassembly_fifo/scfifo_component
# ** Warning: NUMERIC_STD.TO_UNSIGNED: vector truncated
#    Time: 1058948 ns  Iteration: 2  Instance: /tb_top/dut/v2_core/deassembly_fifo/scfifo_component
# ** Warning: NUMERIC_STD.TO_UNSIGNED: vector truncated
#    Time: 1058964 ns  Iteration: 2  Instance: /tb_top/dut/v2_core/deassembly_fifo/scfifo_component
# ** Warning: NUMERIC_STD.TO_UNSIGNED: vector truncated
#    Time: 1058980 ns  Iteration: 2  Instance: /tb_top/dut/v2_core/deassembly_fifo/scfifo_component
# ** Warning: NUMERIC_STD.TO_UNSIGNED: vector truncated
#    Time: 1058996 ns  Iteration: 2  Instance: /tb_top/dut/v2_core/deassembly_fifo/scfifo_component
# ** Warning: NUMERIC_STD.TO_UNSIGNED: vector truncated
#    Time: 1059012 ns  Iteration: 2  Instance: /tb_top/dut/v2_core/deassembly_fifo/scfifo_component
# ** Warning: NUMERIC_STD.TO_UNSIGNED: vector truncated
#    Time: 1059028 ns  Iteration: 2  Instance: /tb_top/dut/v2_core/deassembly_fifo/scfifo_component
# ** Warning: NUMERIC_STD.TO_UNSIGNED: vector truncated
#    Time: 1059044 ns  Iteration: 2  Instance: /tb_top/dut/v2_core/deassembly_fifo/scfifo_component
# ** Warning: NUMERIC_STD.TO_UNSIGNED: vector truncated
#    Time: 1059060 ns  Iteration: 2  Instance: /tb_top/dut/v2_core/deassembly_fifo/scfifo_component
# ** Warning: NUMERIC_STD.TO_UNSIGNED: vector truncated
#    Time: 1059076 ns  Iteration: 2  Instance: /tb_top/dut/v2_core/deassembly_fifo/scfifo_component
# ** Warning: NUMERIC_STD.TO_UNSIGNED: vector truncated
#    Time: 1059092 ns  Iteration: 2  Instance: /tb_top/dut/v2_core/deassembly_fifo/scfifo_component
# ** Warning: NUMERIC_STD.TO_UNSIGNED: vector truncated
#    Time: 1059108 ns  Iteration: 2  Instance: /tb_top/dut/v2_core/deassembly_fifo/scfifo_component
# ** Warning: NUMERIC_STD.TO_UNSIGNED: vector truncated
#    Time: 1059124 ns  Iteration: 2  Instance: /tb_top/dut/v2_core/deassembly_fifo/scfifo_component
# ** Warning: NUMERIC_STD.TO_UNSIGNED: vector truncated
#    Time: 1059140 ns  Iteration: 2  Instance: /tb_top/dut/v2_core/deassembly_fifo/scfifo_component
# ** Warning: NUMERIC_STD.TO_UNSIGNED: vector truncated
#    Time: 1059156 ns  Iteration: 2  Instance: /tb_top/dut/v2_core/deassembly_fifo/scfifo_component
# ** Warning: NUMERIC_STD.TO_UNSIGNED: vector truncated
#    Time: 1059172 ns  Iteration: 2  Instance: /tb_top/dut/v2_core/deassembly_fifo/scfifo_component
# ** Warning: NUMERIC_STD.TO_UNSIGNED: vector truncated
#    Time: 1059188 ns  Iteration: 2  Instance: /tb_top/dut/v2_core/deassembly_fifo/scfifo_component
# ** Warning: NUMERIC_STD.TO_UNSIGNED: vector truncated
#    Time: 1059204 ns  Iteration: 2  Instance: /tb_top/dut/v2_core/deassembly_fifo/scfifo_component
# ** Warning: NUMERIC_STD.TO_UNSIGNED: vector truncated
#    Time: 1059220 ns  Iteration: 2  Instance: /tb_top/dut/v2_core/deassembly_fifo/scfifo_component
# ** Warning: NUMERIC_STD.TO_UNSIGNED: vector truncated
#    Time: 1059236 ns  Iteration: 2  Instance: /tb_top/dut/v2_core/deassembly_fifo/scfifo_component
# ** Warning: NUMERIC_STD.TO_UNSIGNED: vector truncated
#    Time: 1059252 ns  Iteration: 2  Instance: /tb_top/dut/v2_core/deassembly_fifo/scfifo_component
# ** Warning: NUMERIC_STD.TO_UNSIGNED: vector truncated
#    Time: 1059268 ns  Iteration: 2  Instance: /tb_top/dut/v2_core/deassembly_fifo/scfifo_component
# ** Warning: NUMERIC_STD.TO_UNSIGNED: vector truncated
#    Time: 1059284 ns  Iteration: 2  Instance: /tb_top/dut/v2_core/deassembly_fifo/scfifo_component
# ** Warning: NUMERIC_STD.TO_UNSIGNED: vector truncated
#    Time: 1059300 ns  Iteration: 2  Instance: /tb_top/dut/v2_core/deassembly_fifo/scfifo_component
# ** Warning: NUMERIC_STD.TO_UNSIGNED: vector truncated
#    Time: 1059316 ns  Iteration: 2  Instance: /tb_top/dut/v2_core/deassembly_fifo/scfifo_component
# ** Warning: NUMERIC_STD.TO_UNSIGNED: vector truncated
#    Time: 1059332 ns  Iteration: 2  Instance: /tb_top/dut/v2_core/deassembly_fifo/scfifo_component
# ** Warning: NUMERIC_STD.TO_UNSIGNED: vector truncated
#    Time: 1059348 ns  Iteration: 2  Instance: /tb_top/dut/v2_core/deassembly_fifo/scfifo_component
# ** Warning: NUMERIC_STD.TO_UNSIGNED: vector truncated
#    Time: 1059364 ns  Iteration: 2  Instance: /tb_top/dut/v2_core/deassembly_fifo/scfifo_component
# ** Warning: NUMERIC_STD.TO_UNSIGNED: vector truncated
#    Time: 1059380 ns  Iteration: 2  Instance: /tb_top/dut/v2_core/deassembly_fifo/scfifo_component
# ** Warning: NUMERIC_STD.TO_UNSIGNED: vector truncated
#    Time: 1059396 ns  Iteration: 2  Instance: /tb_top/dut/v2_core/deassembly_fifo/scfifo_component
# ** Warning: NUMERIC_STD.TO_UNSIGNED: vector truncated
#    Time: 1059412 ns  Iteration: 2  Instance: /tb_top/dut/v2_core/deassembly_fifo/scfifo_component
# ** Warning: NUMERIC_STD.TO_UNSIGNED: vector truncated
#    Time: 1059428 ns  Iteration: 2  Instance: /tb_top/dut/v2_core/deassembly_fifo/scfifo_component
# ** Warning: NUMERIC_STD.TO_UNSIGNED: vector truncated
#    Time: 1059444 ns  Iteration: 2  Instance: /tb_top/dut/v2_core/deassembly_fifo/scfifo_component
# ** Warning: NUMERIC_STD.TO_UNSIGNED: vector truncated
#    Time: 1059460 ns  Iteration: 2  Instance: /tb_top/dut/v2_core/deassembly_fifo/scfifo_component
# ** Warning: NUMERIC_STD.TO_UNSIGNED: vector truncated
#    Time: 1059476 ns  Iteration: 2  Instance: /tb_top/dut/v2_core/deassembly_fifo/scfifo_component
# ** Warning: NUMERIC_STD.TO_UNSIGNED: vector truncated
#    Time: 1059492 ns  Iteration: 2  Instance: /tb_top/dut/v2_core/deassembly_fifo/scfifo_component
# ** Warning: NUMERIC_STD.TO_UNSIGNED: vector truncated
#    Time: 1059508 ns  Iteration: 2  Instance: /tb_top/dut/v2_core/deassembly_fifo/scfifo_component
# ** Warning: NUMERIC_STD.TO_UNSIGNED: vector truncated
#    Time: 1059524 ns  Iteration: 2  Instance: /tb_top/dut/v2_core/deassembly_fifo/scfifo_component
# ** Warning: NUMERIC_STD.TO_UNSIGNED: vector truncated
#    Time: 1059540 ns  Iteration: 2  Instance: /tb_top/dut/v2_core/deassembly_fifo/scfifo_component
# ** Warning: NUMERIC_STD.TO_UNSIGNED: vector truncated
#    Time: 1059556 ns  Iteration: 2  Instance: /tb_top/dut/v2_core/deassembly_fifo/scfifo_component
# ** Warning: NUMERIC_STD.TO_UNSIGNED: vector truncated
#    Time: 1059572 ns  Iteration: 2  Instance: /tb_top/dut/v2_core/deassembly_fifo/scfifo_component
# ** Warning: NUMERIC_STD.TO_UNSIGNED: vector truncated
#    Time: 1059588 ns  Iteration: 2  Instance: /tb_top/dut/v2_core/deassembly_fifo/scfifo_component
# ** Warning: NUMERIC_STD.TO_UNSIGNED: vector truncated
#    Time: 1059604 ns  Iteration: 2  Instance: /tb_top/dut/v2_core/deassembly_fifo/scfifo_component
# ** Warning: NUMERIC_STD.TO_UNSIGNED: vector truncated
#    Time: 1059620 ns  Iteration: 2  Instance: /tb_top/dut/v2_core/deassembly_fifo/scfifo_component
# ** Warning: NUMERIC_STD.TO_UNSIGNED: vector truncated
#    Time: 1059636 ns  Iteration: 2  Instance: /tb_top/dut/v2_core/deassembly_fifo/scfifo_component
# ** Warning: NUMERIC_STD.TO_UNSIGNED: vector truncated
#    Time: 1059652 ns  Iteration: 2  Instance: /tb_top/dut/v2_core/deassembly_fifo/scfifo_component
# ** Warning: NUMERIC_STD.TO_UNSIGNED: vector truncated
#    Time: 1059668 ns  Iteration: 2  Instance: /tb_top/dut/v2_core/deassembly_fifo/scfifo_component
# ** Warning: NUMERIC_STD.TO_UNSIGNED: vector truncated
#    Time: 1059684 ns  Iteration: 2  Instance: /tb_top/dut/v2_core/deassembly_fifo/scfifo_component
# ** Warning: NUMERIC_STD.TO_UNSIGNED: vector truncated
#    Time: 1059700 ns  Iteration: 2  Instance: /tb_top/dut/v2_core/deassembly_fifo/scfifo_component
# ** Warning: NUMERIC_STD.TO_UNSIGNED: vector truncated
#    Time: 1059716 ns  Iteration: 2  Instance: /tb_top/dut/v2_core/deassembly_fifo/scfifo_component
# ** Warning: NUMERIC_STD.TO_UNSIGNED: vector truncated
#    Time: 1059732 ns  Iteration: 2  Instance: /tb_top/dut/v2_core/deassembly_fifo/scfifo_component
# ** Warning: NUMERIC_STD.TO_UNSIGNED: vector truncated
#    Time: 1059748 ns  Iteration: 2  Instance: /tb_top/dut/v2_core/deassembly_fifo/scfifo_component
# ** Warning: NUMERIC_STD.TO_UNSIGNED: vector truncated
#    Time: 1059764 ns  Iteration: 2  Instance: /tb_top/dut/v2_core/deassembly_fifo/scfifo_component
# ** Warning: NUMERIC_STD.TO_UNSIGNED: vector truncated
#    Time: 1059780 ns  Iteration: 2  Instance: /tb_top/dut/v2_core/deassembly_fifo/scfifo_component
# ** Warning: NUMERIC_STD.TO_UNSIGNED: vector truncated
#    Time: 1059796 ns  Iteration: 2  Instance: /tb_top/dut/v2_core/deassembly_fifo/scfifo_component
# ** Warning: NUMERIC_STD.TO_UNSIGNED: vector truncated
#    Time: 1059812 ns  Iteration: 2  Instance: /tb_top/dut/v2_core/deassembly_fifo/scfifo_component
# ** Warning: NUMERIC_STD.TO_UNSIGNED: vector truncated
#    Time: 1059828 ns  Iteration: 2  Instance: /tb_top/dut/v2_core/deassembly_fifo/scfifo_component
# ** Warning: NUMERIC_STD.TO_UNSIGNED: vector truncated
#    Time: 1059844 ns  Iteration: 2  Instance: /tb_top/dut/v2_core/deassembly_fifo/scfifo_component
# ** Warning: NUMERIC_STD.TO_UNSIGNED: vector truncated
#    Time: 1059860 ns  Iteration: 2  Instance: /tb_top/dut/v2_core/deassembly_fifo/scfifo_component
# ** Warning: NUMERIC_STD.TO_UNSIGNED: vector truncated
#    Time: 1059876 ns  Iteration: 2  Instance: /tb_top/dut/v2_core/deassembly_fifo/scfifo_component
# ** Warning: NUMERIC_STD.TO_UNSIGNED: vector truncated
#    Time: 1059892 ns  Iteration: 2  Instance: /tb_top/dut/v2_core/deassembly_fifo/scfifo_component
# ** Warning: NUMERIC_STD.TO_UNSIGNED: vector truncated
#    Time: 1059908 ns  Iteration: 2  Instance: /tb_top/dut/v2_core/deassembly_fifo/scfifo_component
# ** Warning: NUMERIC_STD.TO_UNSIGNED: vector truncated
#    Time: 1059924 ns  Iteration: 2  Instance: /tb_top/dut/v2_core/deassembly_fifo/scfifo_component
# ** Warning: NUMERIC_STD.TO_UNSIGNED: vector truncated
#    Time: 1059940 ns  Iteration: 2  Instance: /tb_top/dut/v2_core/deassembly_fifo/scfifo_component
# ** Warning: NUMERIC_STD.TO_UNSIGNED: vector truncated
#    Time: 1059956 ns  Iteration: 2  Instance: /tb_top/dut/v2_core/deassembly_fifo/scfifo_component
# ** Warning: NUMERIC_STD.TO_UNSIGNED: vector truncated
#    Time: 1059972 ns  Iteration: 2  Instance: /tb_top/dut/v2_core/deassembly_fifo/scfifo_component
# ** Warning: NUMERIC_STD.TO_UNSIGNED: vector truncated
#    Time: 1059988 ns  Iteration: 2  Instance: /tb_top/dut/v2_core/deassembly_fifo/scfifo_component
# ** Warning: NUMERIC_STD.TO_UNSIGNED: vector truncated
#    Time: 1060004 ns  Iteration: 2  Instance: /tb_top/dut/v2_core/deassembly_fifo/scfifo_component
# ** Warning: NUMERIC_STD.TO_UNSIGNED: vector truncated
#    Time: 1060020 ns  Iteration: 2  Instance: /tb_top/dut/v2_core/deassembly_fifo/scfifo_component
# ** Warning: NUMERIC_STD.TO_UNSIGNED: vector truncated
#    Time: 1060036 ns  Iteration: 2  Instance: /tb_top/dut/v2_core/deassembly_fifo/scfifo_component
# ** Warning: NUMERIC_STD.TO_UNSIGNED: vector truncated
#    Time: 1060052 ns  Iteration: 2  Instance: /tb_top/dut/v2_core/deassembly_fifo/scfifo_component
# ** Warning: NUMERIC_STD.TO_UNSIGNED: vector truncated
#    Time: 1060068 ns  Iteration: 2  Instance: /tb_top/dut/v2_core/deassembly_fifo/scfifo_component
# ** Warning: NUMERIC_STD.TO_UNSIGNED: vector truncated
#    Time: 1060084 ns  Iteration: 2  Instance: /tb_top/dut/v2_core/deassembly_fifo/scfifo_component
# ** Warning: NUMERIC_STD.TO_UNSIGNED: vector truncated
#    Time: 1060100 ns  Iteration: 2  Instance: /tb_top/dut/v2_core/deassembly_fifo/scfifo_component
# ** Warning: NUMERIC_STD.TO_UNSIGNED: vector truncated
#    Time: 1060116 ns  Iteration: 2  Instance: /tb_top/dut/v2_core/deassembly_fifo/scfifo_component
# ** Warning: NUMERIC_STD.TO_UNSIGNED: vector truncated
#    Time: 1060132 ns  Iteration: 2  Instance: /tb_top/dut/v2_core/deassembly_fifo/scfifo_component
# ** Warning: NUMERIC_STD.TO_UNSIGNED: vector truncated
#    Time: 1060148 ns  Iteration: 2  Instance: /tb_top/dut/v2_core/deassembly_fifo/scfifo_component
# ** Warning: NUMERIC_STD.TO_UNSIGNED: vector truncated
#    Time: 1060164 ns  Iteration: 2  Instance: /tb_top/dut/v2_core/deassembly_fifo/scfifo_component
# ** Warning: NUMERIC_STD.TO_UNSIGNED: vector truncated
#    Time: 1060180 ns  Iteration: 2  Instance: /tb_top/dut/v2_core/deassembly_fifo/scfifo_component
# ** Warning: NUMERIC_STD.TO_UNSIGNED: vector truncated
#    Time: 1060196 ns  Iteration: 2  Instance: /tb_top/dut/v2_core/deassembly_fifo/scfifo_component
# ** Warning: NUMERIC_STD.TO_UNSIGNED: vector truncated
#    Time: 1060212 ns  Iteration: 2  Instance: /tb_top/dut/v2_core/deassembly_fifo/scfifo_component
# ** Warning: NUMERIC_STD.TO_UNSIGNED: vector truncated
#    Time: 1060228 ns  Iteration: 2  Instance: /tb_top/dut/v2_core/deassembly_fifo/scfifo_component
# ** Warning: NUMERIC_STD.TO_UNSIGNED: vector truncated
#    Time: 1060244 ns  Iteration: 2  Instance: /tb_top/dut/v2_core/deassembly_fifo/scfifo_component
# ** Warning: NUMERIC_STD.TO_UNSIGNED: vector truncated
#    Time: 1060260 ns  Iteration: 2  Instance: /tb_top/dut/v2_core/deassembly_fifo/scfifo_component
# ** Warning: NUMERIC_STD.TO_UNSIGNED: vector truncated
#    Time: 1060276 ns  Iteration: 2  Instance: /tb_top/dut/v2_core/deassembly_fifo/scfifo_component
# ** Warning: NUMERIC_STD.TO_UNSIGNED: vector truncated
#    Time: 1060292 ns  Iteration: 2  Instance: /tb_top/dut/v2_core/deassembly_fifo/scfifo_component
# ** Warning: NUMERIC_STD.TO_UNSIGNED: vector truncated
#    Time: 1060308 ns  Iteration: 2  Instance: /tb_top/dut/v2_core/deassembly_fifo/scfifo_component
# ** Warning: NUMERIC_STD.TO_UNSIGNED: vector truncated
#    Time: 1060324 ns  Iteration: 2  Instance: /tb_top/dut/v2_core/deassembly_fifo/scfifo_component
# ** Warning: NUMERIC_STD.TO_UNSIGNED: vector truncated
#    Time: 1060340 ns  Iteration: 2  Instance: /tb_top/dut/v2_core/deassembly_fifo/scfifo_component
# ** Warning: NUMERIC_STD.TO_UNSIGNED: vector truncated
#    Time: 1060356 ns  Iteration: 2  Instance: /tb_top/dut/v2_core/deassembly_fifo/scfifo_component
# ** Warning: NUMERIC_STD.TO_UNSIGNED: vector truncated
#    Time: 1060372 ns  Iteration: 2  Instance: /tb_top/dut/v2_core/deassembly_fifo/scfifo_component
# ** Warning: NUMERIC_STD.TO_UNSIGNED: vector truncated
#    Time: 1060388 ns  Iteration: 2  Instance: /tb_top/dut/v2_core/deassembly_fifo/scfifo_component
# ** Warning: NUMERIC_STD.TO_UNSIGNED: vector truncated
#    Time: 1060404 ns  Iteration: 2  Instance: /tb_top/dut/v2_core/deassembly_fifo/scfifo_component
# ** Warning: NUMERIC_STD.TO_UNSIGNED: vector truncated
#    Time: 1060420 ns  Iteration: 2  Instance: /tb_top/dut/v2_core/deassembly_fifo/scfifo_component
# ** Warning: NUMERIC_STD.TO_UNSIGNED: vector truncated
#    Time: 1060436 ns  Iteration: 2  Instance: /tb_top/dut/v2_core/deassembly_fifo/scfifo_component
# ** Warning: NUMERIC_STD.TO_UNSIGNED: vector truncated
#    Time: 1060452 ns  Iteration: 2  Instance: /tb_top/dut/v2_core/deassembly_fifo/scfifo_component
# ** Warning: NUMERIC_STD.TO_UNSIGNED: vector truncated
#    Time: 1060468 ns  Iteration: 2  Instance: /tb_top/dut/v2_core/deassembly_fifo/scfifo_component
# ** Warning: NUMERIC_STD.TO_UNSIGNED: vector truncated
#    Time: 1060484 ns  Iteration: 2  Instance: /tb_top/dut/v2_core/deassembly_fifo/scfifo_component
# ** Warning: NUMERIC_STD.TO_UNSIGNED: vector truncated
#    Time: 1060500 ns  Iteration: 2  Instance: /tb_top/dut/v2_core/deassembly_fifo/scfifo_component
# ** Warning: NUMERIC_STD.TO_UNSIGNED: vector truncated
#    Time: 1060516 ns  Iteration: 2  Instance: /tb_top/dut/v2_core/deassembly_fifo/scfifo_component
# ** Warning: NUMERIC_STD.TO_UNSIGNED: vector truncated
#    Time: 1060532 ns  Iteration: 2  Instance: /tb_top/dut/v2_core/deassembly_fifo/scfifo_component
# ** Warning: NUMERIC_STD.TO_UNSIGNED: vector truncated
#    Time: 1060548 ns  Iteration: 2  Instance: /tb_top/dut/v2_core/deassembly_fifo/scfifo_component
# ** Warning: NUMERIC_STD.TO_UNSIGNED: vector truncated
#    Time: 1060564 ns  Iteration: 2  Instance: /tb_top/dut/v2_core/deassembly_fifo/scfifo_component
# ** Warning: NUMERIC_STD.TO_UNSIGNED: vector truncated
#    Time: 1060580 ns  Iteration: 2  Instance: /tb_top/dut/v2_core/deassembly_fifo/scfifo_component
# ** Warning: NUMERIC_STD.TO_UNSIGNED: vector truncated
#    Time: 1060596 ns  Iteration: 2  Instance: /tb_top/dut/v2_core/deassembly_fifo/scfifo_component
# ** Warning: NUMERIC_STD.TO_UNSIGNED: vector truncated
#    Time: 1060612 ns  Iteration: 2  Instance: /tb_top/dut/v2_core/deassembly_fifo/scfifo_component
# ** Warning: NUMERIC_STD.TO_UNSIGNED: vector truncated
#    Time: 1060628 ns  Iteration: 2  Instance: /tb_top/dut/v2_core/deassembly_fifo/scfifo_component
# ** Warning: NUMERIC_STD.TO_UNSIGNED: vector truncated
#    Time: 1060644 ns  Iteration: 2  Instance: /tb_top/dut/v2_core/deassembly_fifo/scfifo_component
# ** Warning: NUMERIC_STD.TO_UNSIGNED: vector truncated
#    Time: 1060660 ns  Iteration: 2  Instance: /tb_top/dut/v2_core/deassembly_fifo/scfifo_component
# ** Warning: NUMERIC_STD.TO_UNSIGNED: vector truncated
#    Time: 1060676 ns  Iteration: 2  Instance: /tb_top/dut/v2_core/deassembly_fifo/scfifo_component
# ** Warning: NUMERIC_STD.TO_UNSIGNED: vector truncated
#    Time: 1060692 ns  Iteration: 2  Instance: /tb_top/dut/v2_core/deassembly_fifo/scfifo_component
# ** Warning: NUMERIC_STD.TO_UNSIGNED: vector truncated
#    Time: 1060708 ns  Iteration: 2  Instance: /tb_top/dut/v2_core/deassembly_fifo/scfifo_component
# ** Warning: NUMERIC_STD.TO_UNSIGNED: vector truncated
#    Time: 1060724 ns  Iteration: 2  Instance: /tb_top/dut/v2_core/deassembly_fifo/scfifo_component
# ** Warning: NUMERIC_STD.TO_UNSIGNED: vector truncated
#    Time: 1060740 ns  Iteration: 2  Instance: /tb_top/dut/v2_core/deassembly_fifo/scfifo_component
# ** Warning: NUMERIC_STD.TO_UNSIGNED: vector truncated
#    Time: 1060756 ns  Iteration: 2  Instance: /tb_top/dut/v2_core/deassembly_fifo/scfifo_component
# ** Warning: NUMERIC_STD.TO_UNSIGNED: vector truncated
#    Time: 1060772 ns  Iteration: 2  Instance: /tb_top/dut/v2_core/deassembly_fifo/scfifo_component
# ** Warning: NUMERIC_STD.TO_UNSIGNED: vector truncated
#    Time: 1060788 ns  Iteration: 2  Instance: /tb_top/dut/v2_core/deassembly_fifo/scfifo_component
# ** Warning: NUMERIC_STD.TO_UNSIGNED: vector truncated
#    Time: 1060804 ns  Iteration: 2  Instance: /tb_top/dut/v2_core/deassembly_fifo/scfifo_component
# ** Warning: NUMERIC_STD.TO_UNSIGNED: vector truncated
#    Time: 1060820 ns  Iteration: 2  Instance: /tb_top/dut/v2_core/deassembly_fifo/scfifo_component
# ** Warning: NUMERIC_STD.TO_UNSIGNED: vector truncated
#    Time: 1060836 ns  Iteration: 2  Instance: /tb_top/dut/v2_core/deassembly_fifo/scfifo_component
# ** Warning: NUMERIC_STD.TO_UNSIGNED: vector truncated
#    Time: 1060852 ns  Iteration: 2  Instance: /tb_top/dut/v2_core/deassembly_fifo/scfifo_component
# ** Warning: NUMERIC_STD.TO_UNSIGNED: vector truncated
#    Time: 1060868 ns  Iteration: 2  Instance: /tb_top/dut/v2_core/deassembly_fifo/scfifo_component
# ** Warning: NUMERIC_STD.TO_UNSIGNED: vector truncated
#    Time: 1060884 ns  Iteration: 2  Instance: /tb_top/dut/v2_core/deassembly_fifo/scfifo_component
# ** Warning: NUMERIC_STD.TO_UNSIGNED: vector truncated
#    Time: 1060900 ns  Iteration: 2  Instance: /tb_top/dut/v2_core/deassembly_fifo/scfifo_component
# ** Warning: NUMERIC_STD.TO_UNSIGNED: vector truncated
#    Time: 1060916 ns  Iteration: 2  Instance: /tb_top/dut/v2_core/deassembly_fifo/scfifo_component
# ** Warning: NUMERIC_STD.TO_UNSIGNED: vector truncated
#    Time: 1060932 ns  Iteration: 2  Instance: /tb_top/dut/v2_core/deassembly_fifo/scfifo_component
# ** Warning: NUMERIC_STD.TO_UNSIGNED: vector truncated
#    Time: 1060948 ns  Iteration: 2  Instance: /tb_top/dut/v2_core/deassembly_fifo/scfifo_component
# ** Warning: NUMERIC_STD.TO_UNSIGNED: vector truncated
#    Time: 1060964 ns  Iteration: 2  Instance: /tb_top/dut/v2_core/deassembly_fifo/scfifo_component
# ** Warning: NUMERIC_STD.TO_UNSIGNED: vector truncated
#    Time: 1060980 ns  Iteration: 2  Instance: /tb_top/dut/v2_core/deassembly_fifo/scfifo_component
# ** Warning: NUMERIC_STD.TO_UNSIGNED: vector truncated
#    Time: 1060996 ns  Iteration: 2  Instance: /tb_top/dut/v2_core/deassembly_fifo/scfifo_component
# ** Warning: NUMERIC_STD.TO_UNSIGNED: vector truncated
#    Time: 1061012 ns  Iteration: 2  Instance: /tb_top/dut/v2_core/deassembly_fifo/scfifo_component
# ** Warning: NUMERIC_STD.TO_UNSIGNED: vector truncated
#    Time: 1061028 ns  Iteration: 2  Instance: /tb_top/dut/v2_core/deassembly_fifo/scfifo_component
# ** Warning: NUMERIC_STD.TO_UNSIGNED: vector truncated
#    Time: 1061044 ns  Iteration: 2  Instance: /tb_top/dut/v2_core/deassembly_fifo/scfifo_component
# ** Warning: NUMERIC_STD.TO_UNSIGNED: vector truncated
#    Time: 1061060 ns  Iteration: 2  Instance: /tb_top/dut/v2_core/deassembly_fifo/scfifo_component
# ** Warning: NUMERIC_STD.TO_UNSIGNED: vector truncated
#    Time: 1061076 ns  Iteration: 2  Instance: /tb_top/dut/v2_core/deassembly_fifo/scfifo_component
# ** Warning: NUMERIC_STD.TO_UNSIGNED: vector truncated
#    Time: 1061092 ns  Iteration: 2  Instance: /tb_top/dut/v2_core/deassembly_fifo/scfifo_component
# ** Warning: NUMERIC_STD.TO_UNSIGNED: vector truncated
#    Time: 1061108 ns  Iteration: 2  Instance: /tb_top/dut/v2_core/deassembly_fifo/scfifo_component
# ** Warning: NUMERIC_STD.TO_UNSIGNED: vector truncated
#    Time: 1061124 ns  Iteration: 2  Instance: /tb_top/dut/v2_core/deassembly_fifo/scfifo_component
# ** Warning: NUMERIC_STD.TO_UNSIGNED: vector truncated
#    Time: 1061140 ns  Iteration: 2  Instance: /tb_top/dut/v2_core/deassembly_fifo/scfifo_component
# ** Warning: NUMERIC_STD.TO_UNSIGNED: vector truncated
#    Time: 1061156 ns  Iteration: 2  Instance: /tb_top/dut/v2_core/deassembly_fifo/scfifo_component
# ** Warning: NUMERIC_STD.TO_UNSIGNED: vector truncated
#    Time: 1061172 ns  Iteration: 2  Instance: /tb_top/dut/v2_core/deassembly_fifo/scfifo_component
# ** Warning: NUMERIC_STD.TO_UNSIGNED: vector truncated
#    Time: 1061188 ns  Iteration: 2  Instance: /tb_top/dut/v2_core/deassembly_fifo/scfifo_component
# ** Warning: NUMERIC_STD.TO_UNSIGNED: vector truncated
#    Time: 1061204 ns  Iteration: 2  Instance: /tb_top/dut/v2_core/deassembly_fifo/scfifo_component
# ** Warning: NUMERIC_STD.TO_UNSIGNED: vector truncated
#    Time: 1061220 ns  Iteration: 2  Instance: /tb_top/dut/v2_core/deassembly_fifo/scfifo_component
# ** Warning: NUMERIC_STD.TO_UNSIGNED: vector truncated
#    Time: 1061236 ns  Iteration: 2  Instance: /tb_top/dut/v2_core/deassembly_fifo/scfifo_component
# ** Warning: NUMERIC_STD.TO_UNSIGNED: vector truncated
#    Time: 1061252 ns  Iteration: 2  Instance: /tb_top/dut/v2_core/deassembly_fifo/scfifo_component
# ** Warning: NUMERIC_STD.TO_UNSIGNED: vector truncated
#    Time: 1061268 ns  Iteration: 2  Instance: /tb_top/dut/v2_core/deassembly_fifo/scfifo_component
# ** Warning: NUMERIC_STD.TO_UNSIGNED: vector truncated
#    Time: 1061284 ns  Iteration: 2  Instance: /tb_top/dut/v2_core/deassembly_fifo/scfifo_component
# ** Warning: NUMERIC_STD.TO_UNSIGNED: vector truncated
#    Time: 1061300 ns  Iteration: 2  Instance: /tb_top/dut/v2_core/deassembly_fifo/scfifo_component
# ** Warning: NUMERIC_STD.TO_UNSIGNED: vector truncated
#    Time: 1061316 ns  Iteration: 2  Instance: /tb_top/dut/v2_core/deassembly_fifo/scfifo_component
# ** Warning: NUMERIC_STD.TO_UNSIGNED: vector truncated
#    Time: 1061332 ns  Iteration: 2  Instance: /tb_top/dut/v2_core/deassembly_fifo/scfifo_component
# ** Warning: NUMERIC_STD.TO_UNSIGNED: vector truncated
#    Time: 1061348 ns  Iteration: 2  Instance: /tb_top/dut/v2_core/deassembly_fifo/scfifo_component
# ** Warning: NUMERIC_STD.TO_UNSIGNED: vector truncated
#    Time: 1061364 ns  Iteration: 2  Instance: /tb_top/dut/v2_core/deassembly_fifo/scfifo_component
# ** Warning: NUMERIC_STD.TO_UNSIGNED: vector truncated
#    Time: 1061380 ns  Iteration: 2  Instance: /tb_top/dut/v2_core/deassembly_fifo/scfifo_component
# ** Warning: NUMERIC_STD.TO_UNSIGNED: vector truncated
#    Time: 1061396 ns  Iteration: 2  Instance: /tb_top/dut/v2_core/deassembly_fifo/scfifo_component
# ** Warning: NUMERIC_STD.TO_UNSIGNED: vector truncated
#    Time: 1061412 ns  Iteration: 2  Instance: /tb_top/dut/v2_core/deassembly_fifo/scfifo_component
# ** Warning: NUMERIC_STD.TO_UNSIGNED: vector truncated
#    Time: 1061428 ns  Iteration: 2  Instance: /tb_top/dut/v2_core/deassembly_fifo/scfifo_component
# ** Warning: NUMERIC_STD.TO_UNSIGNED: vector truncated
#    Time: 1061444 ns  Iteration: 2  Instance: /tb_top/dut/v2_core/deassembly_fifo/scfifo_component
# ** Warning: NUMERIC_STD.TO_UNSIGNED: vector truncated
#    Time: 1061460 ns  Iteration: 2  Instance: /tb_top/dut/v2_core/deassembly_fifo/scfifo_component
# ** Warning: NUMERIC_STD.TO_UNSIGNED: vector truncated
#    Time: 1061476 ns  Iteration: 2  Instance: /tb_top/dut/v2_core/deassembly_fifo/scfifo_component
# ** Warning: NUMERIC_STD.TO_UNSIGNED: vector truncated
#    Time: 1061492 ns  Iteration: 2  Instance: /tb_top/dut/v2_core/deassembly_fifo/scfifo_component
# ** Warning: NUMERIC_STD.TO_UNSIGNED: vector truncated
#    Time: 1061508 ns  Iteration: 2  Instance: /tb_top/dut/v2_core/deassembly_fifo/scfifo_component
# ** Warning: NUMERIC_STD.TO_UNSIGNED: vector truncated
#    Time: 1061524 ns  Iteration: 2  Instance: /tb_top/dut/v2_core/deassembly_fifo/scfifo_component
# ** Warning: NUMERIC_STD.TO_UNSIGNED: vector truncated
#    Time: 1061540 ns  Iteration: 2  Instance: /tb_top/dut/v2_core/deassembly_fifo/scfifo_component
# ** Warning: NUMERIC_STD.TO_UNSIGNED: vector truncated
#    Time: 1061556 ns  Iteration: 2  Instance: /tb_top/dut/v2_core/deassembly_fifo/scfifo_component
# ** Warning: NUMERIC_STD.TO_UNSIGNED: vector truncated
#    Time: 1061572 ns  Iteration: 2  Instance: /tb_top/dut/v2_core/deassembly_fifo/scfifo_component
# ** Warning: NUMERIC_STD.TO_UNSIGNED: vector truncated
#    Time: 1061588 ns  Iteration: 2  Instance: /tb_top/dut/v2_core/deassembly_fifo/scfifo_component
# ** Warning: NUMERIC_STD.TO_UNSIGNED: vector truncated
#    Time: 1061604 ns  Iteration: 2  Instance: /tb_top/dut/v2_core/deassembly_fifo/scfifo_component
# ** Warning: NUMERIC_STD.TO_UNSIGNED: vector truncated
#    Time: 1061620 ns  Iteration: 2  Instance: /tb_top/dut/v2_core/deassembly_fifo/scfifo_component
# ** Warning: NUMERIC_STD.TO_UNSIGNED: vector truncated
#    Time: 1061636 ns  Iteration: 2  Instance: /tb_top/dut/v2_core/deassembly_fifo/scfifo_component
# ** Warning: NUMERIC_STD.TO_UNSIGNED: vector truncated
#    Time: 1061652 ns  Iteration: 2  Instance: /tb_top/dut/v2_core/deassembly_fifo/scfifo_component
# ** Warning: NUMERIC_STD.TO_UNSIGNED: vector truncated
#    Time: 1061668 ns  Iteration: 2  Instance: /tb_top/dut/v2_core/deassembly_fifo/scfifo_component
# ** Warning: NUMERIC_STD.TO_UNSIGNED: vector truncated
#    Time: 1061684 ns  Iteration: 2  Instance: /tb_top/dut/v2_core/deassembly_fifo/scfifo_component
# ** Warning: NUMERIC_STD.TO_UNSIGNED: vector truncated
#    Time: 1061700 ns  Iteration: 2  Instance: /tb_top/dut/v2_core/deassembly_fifo/scfifo_component
# ** Warning: NUMERIC_STD.TO_UNSIGNED: vector truncated
#    Time: 1061716 ns  Iteration: 2  Instance: /tb_top/dut/v2_core/deassembly_fifo/scfifo_component
# ** Warning: NUMERIC_STD.TO_UNSIGNED: vector truncated
#    Time: 1061732 ns  Iteration: 2  Instance: /tb_top/dut/v2_core/deassembly_fifo/scfifo_component
# ** Warning: NUMERIC_STD.TO_UNSIGNED: vector truncated
#    Time: 1061748 ns  Iteration: 2  Instance: /tb_top/dut/v2_core/deassembly_fifo/scfifo_component
# ** Warning: NUMERIC_STD.TO_UNSIGNED: vector truncated
#    Time: 1061764 ns  Iteration: 2  Instance: /tb_top/dut/v2_core/deassembly_fifo/scfifo_component
# ** Warning: NUMERIC_STD.TO_UNSIGNED: vector truncated
#    Time: 1061780 ns  Iteration: 2  Instance: /tb_top/dut/v2_core/deassembly_fifo/scfifo_component
# ** Warning: NUMERIC_STD.TO_UNSIGNED: vector truncated
#    Time: 1061796 ns  Iteration: 2  Instance: /tb_top/dut/v2_core/deassembly_fifo/scfifo_component
# ** Warning: NUMERIC_STD.TO_UNSIGNED: vector truncated
#    Time: 1061812 ns  Iteration: 2  Instance: /tb_top/dut/v2_core/deassembly_fifo/scfifo_component
# ** Warning: NUMERIC_STD.TO_UNSIGNED: vector truncated
#    Time: 1061828 ns  Iteration: 2  Instance: /tb_top/dut/v2_core/deassembly_fifo/scfifo_component
# ** Warning: NUMERIC_STD.TO_UNSIGNED: vector truncated
#    Time: 1061844 ns  Iteration: 2  Instance: /tb_top/dut/v2_core/deassembly_fifo/scfifo_component
# ** Warning: NUMERIC_STD.TO_UNSIGNED: vector truncated
#    Time: 1061860 ns  Iteration: 2  Instance: /tb_top/dut/v2_core/deassembly_fifo/scfifo_component
# ** Warning: NUMERIC_STD.TO_UNSIGNED: vector truncated
#    Time: 1061876 ns  Iteration: 2  Instance: /tb_top/dut/v2_core/deassembly_fifo/scfifo_component
# ** Warning: NUMERIC_STD.TO_UNSIGNED: vector truncated
#    Time: 1061892 ns  Iteration: 2  Instance: /tb_top/dut/v2_core/deassembly_fifo/scfifo_component
# ** Warning: NUMERIC_STD.TO_UNSIGNED: vector truncated
#    Time: 1061908 ns  Iteration: 2  Instance: /tb_top/dut/v2_core/deassembly_fifo/scfifo_component
# ** Warning: NUMERIC_STD.TO_UNSIGNED: vector truncated
#    Time: 1061924 ns  Iteration: 2  Instance: /tb_top/dut/v2_core/deassembly_fifo/scfifo_component
# ** Warning: NUMERIC_STD.TO_UNSIGNED: vector truncated
#    Time: 1061940 ns  Iteration: 2  Instance: /tb_top/dut/v2_core/deassembly_fifo/scfifo_component
# ** Warning: NUMERIC_STD.TO_UNSIGNED: vector truncated
#    Time: 1061956 ns  Iteration: 2  Instance: /tb_top/dut/v2_core/deassembly_fifo/scfifo_component
# ** Warning: NUMERIC_STD.TO_UNSIGNED: vector truncated
#    Time: 1061972 ns  Iteration: 2  Instance: /tb_top/dut/v2_core/deassembly_fifo/scfifo_component
# ** Warning: NUMERIC_STD.TO_UNSIGNED: vector truncated
#    Time: 1061988 ns  Iteration: 2  Instance: /tb_top/dut/v2_core/deassembly_fifo/scfifo_component
# ** Warning: NUMERIC_STD.TO_UNSIGNED: vector truncated
#    Time: 1062004 ns  Iteration: 2  Instance: /tb_top/dut/v2_core/deassembly_fifo/scfifo_component
# ** Warning: NUMERIC_STD.TO_UNSIGNED: vector truncated
#    Time: 1062020 ns  Iteration: 2  Instance: /tb_top/dut/v2_core/deassembly_fifo/scfifo_component
# ** Warning: NUMERIC_STD.TO_UNSIGNED: vector truncated
#    Time: 1062036 ns  Iteration: 2  Instance: /tb_top/dut/v2_core/deassembly_fifo/scfifo_component
# ** Warning: NUMERIC_STD.TO_UNSIGNED: vector truncated
#    Time: 1062052 ns  Iteration: 2  Instance: /tb_top/dut/v2_core/deassembly_fifo/scfifo_component
# ** Warning: NUMERIC_STD.TO_UNSIGNED: vector truncated
#    Time: 1062068 ns  Iteration: 2  Instance: /tb_top/dut/v2_core/deassembly_fifo/scfifo_component
# ** Warning: NUMERIC_STD.TO_UNSIGNED: vector truncated
#    Time: 1062084 ns  Iteration: 2  Instance: /tb_top/dut/v2_core/deassembly_fifo/scfifo_component
# ** Warning: NUMERIC_STD.TO_UNSIGNED: vector truncated
#    Time: 1062100 ns  Iteration: 2  Instance: /tb_top/dut/v2_core/deassembly_fifo/scfifo_component
# ** Warning: NUMERIC_STD.TO_UNSIGNED: vector truncated
#    Time: 1062116 ns  Iteration: 2  Instance: /tb_top/dut/v2_core/deassembly_fifo/scfifo_component
# ** Warning: NUMERIC_STD.TO_UNSIGNED: vector truncated
#    Time: 1062132 ns  Iteration: 2  Instance: /tb_top/dut/v2_core/deassembly_fifo/scfifo_component
# ** Warning: NUMERIC_STD.TO_UNSIGNED: vector truncated
#    Time: 1062148 ns  Iteration: 2  Instance: /tb_top/dut/v2_core/deassembly_fifo/scfifo_component
# ** Warning: NUMERIC_STD.TO_UNSIGNED: vector truncated
#    Time: 1062164 ns  Iteration: 2  Instance: /tb_top/dut/v2_core/deassembly_fifo/scfifo_component
# ** Warning: NUMERIC_STD.TO_UNSIGNED: vector truncated
#    Time: 1062180 ns  Iteration: 2  Instance: /tb_top/dut/v2_core/deassembly_fifo/scfifo_component
# ** Warning: NUMERIC_STD.TO_UNSIGNED: vector truncated
#    Time: 1062196 ns  Iteration: 2  Instance: /tb_top/dut/v2_core/deassembly_fifo/scfifo_component
# ** Warning: NUMERIC_STD.TO_UNSIGNED: vector truncated
#    Time: 1062212 ns  Iteration: 2  Instance: /tb_top/dut/v2_core/deassembly_fifo/scfifo_component
# ** Warning: NUMERIC_STD.TO_UNSIGNED: vector truncated
#    Time: 1062228 ns  Iteration: 2  Instance: /tb_top/dut/v2_core/deassembly_fifo/scfifo_component
# ** Warning: NUMERIC_STD.TO_UNSIGNED: vector truncated
#    Time: 1062244 ns  Iteration: 2  Instance: /tb_top/dut/v2_core/deassembly_fifo/scfifo_component
# ** Warning: NUMERIC_STD.TO_UNSIGNED: vector truncated
#    Time: 1062260 ns  Iteration: 2  Instance: /tb_top/dut/v2_core/deassembly_fifo/scfifo_component
# ** Warning: NUMERIC_STD.TO_UNSIGNED: vector truncated
#    Time: 1062276 ns  Iteration: 2  Instance: /tb_top/dut/v2_core/deassembly_fifo/scfifo_component
# ** Warning: NUMERIC_STD.TO_UNSIGNED: vector truncated
#    Time: 1062292 ns  Iteration: 2  Instance: /tb_top/dut/v2_core/deassembly_fifo/scfifo_component
# ** Warning: NUMERIC_STD.TO_UNSIGNED: vector truncated
#    Time: 1062308 ns  Iteration: 2  Instance: /tb_top/dut/v2_core/deassembly_fifo/scfifo_component
# ** Warning: NUMERIC_STD.TO_UNSIGNED: vector truncated
#    Time: 1062324 ns  Iteration: 2  Instance: /tb_top/dut/v2_core/deassembly_fifo/scfifo_component
# ** Warning: NUMERIC_STD.TO_UNSIGNED: vector truncated
#    Time: 1062340 ns  Iteration: 2  Instance: /tb_top/dut/v2_core/deassembly_fifo/scfifo_component
# ** Warning: NUMERIC_STD.TO_UNSIGNED: vector truncated
#    Time: 1062356 ns  Iteration: 2  Instance: /tb_top/dut/v2_core/deassembly_fifo/scfifo_component
# ** Warning: NUMERIC_STD.TO_UNSIGNED: vector truncated
#    Time: 1062372 ns  Iteration: 2  Instance: /tb_top/dut/v2_core/deassembly_fifo/scfifo_component
# ** Warning: NUMERIC_STD.TO_UNSIGNED: vector truncated
#    Time: 1062388 ns  Iteration: 2  Instance: /tb_top/dut/v2_core/deassembly_fifo/scfifo_component
# ** Warning: NUMERIC_STD.TO_UNSIGNED: vector truncated
#    Time: 1062404 ns  Iteration: 2  Instance: /tb_top/dut/v2_core/deassembly_fifo/scfifo_component
# ** Warning: NUMERIC_STD.TO_UNSIGNED: vector truncated
#    Time: 1062420 ns  Iteration: 2  Instance: /tb_top/dut/v2_core/deassembly_fifo/scfifo_component
# ** Warning: NUMERIC_STD.TO_UNSIGNED: vector truncated
#    Time: 1062436 ns  Iteration: 2  Instance: /tb_top/dut/v2_core/deassembly_fifo/scfifo_component
# ** Warning: NUMERIC_STD.TO_UNSIGNED: vector truncated
#    Time: 1062452 ns  Iteration: 2  Instance: /tb_top/dut/v2_core/deassembly_fifo/scfifo_component
# ** Warning: NUMERIC_STD.TO_UNSIGNED: vector truncated
#    Time: 1062468 ns  Iteration: 2  Instance: /tb_top/dut/v2_core/deassembly_fifo/scfifo_component
# ** Warning: NUMERIC_STD.TO_UNSIGNED: vector truncated
#    Time: 1062484 ns  Iteration: 2  Instance: /tb_top/dut/v2_core/deassembly_fifo/scfifo_component
# ** Warning: NUMERIC_STD.TO_UNSIGNED: vector truncated
#    Time: 1062500 ns  Iteration: 2  Instance: /tb_top/dut/v2_core/deassembly_fifo/scfifo_component
# ** Warning: NUMERIC_STD.TO_UNSIGNED: vector truncated
#    Time: 1062516 ns  Iteration: 2  Instance: /tb_top/dut/v2_core/deassembly_fifo/scfifo_component
# ** Warning: NUMERIC_STD.TO_UNSIGNED: vector truncated
#    Time: 1062532 ns  Iteration: 2  Instance: /tb_top/dut/v2_core/deassembly_fifo/scfifo_component
# ** Warning: NUMERIC_STD.TO_UNSIGNED: vector truncated
#    Time: 1062548 ns  Iteration: 2  Instance: /tb_top/dut/v2_core/deassembly_fifo/scfifo_component
# ** Warning: NUMERIC_STD.TO_UNSIGNED: vector truncated
#    Time: 1062564 ns  Iteration: 2  Instance: /tb_top/dut/v2_core/deassembly_fifo/scfifo_component
# ** Warning: NUMERIC_STD.TO_UNSIGNED: vector truncated
#    Time: 1062580 ns  Iteration: 2  Instance: /tb_top/dut/v2_core/deassembly_fifo/scfifo_component
# ** Warning: NUMERIC_STD.TO_UNSIGNED: vector truncated
#    Time: 1062596 ns  Iteration: 2  Instance: /tb_top/dut/v2_core/deassembly_fifo/scfifo_component
# ** Warning: NUMERIC_STD.TO_UNSIGNED: vector truncated
#    Time: 1062612 ns  Iteration: 2  Instance: /tb_top/dut/v2_core/deassembly_fifo/scfifo_component
# ** Warning: NUMERIC_STD.TO_UNSIGNED: vector truncated
#    Time: 1062628 ns  Iteration: 2  Instance: /tb_top/dut/v2_core/deassembly_fifo/scfifo_component
# ** Warning: NUMERIC_STD.TO_UNSIGNED: vector truncated
#    Time: 1062644 ns  Iteration: 2  Instance: /tb_top/dut/v2_core/deassembly_fifo/scfifo_component
# ** Warning: NUMERIC_STD.TO_UNSIGNED: vector truncated
#    Time: 1062660 ns  Iteration: 2  Instance: /tb_top/dut/v2_core/deassembly_fifo/scfifo_component
# ** Warning: NUMERIC_STD.TO_UNSIGNED: vector truncated
#    Time: 1062676 ns  Iteration: 2  Instance: /tb_top/dut/v2_core/deassembly_fifo/scfifo_component
# ** Warning: NUMERIC_STD.TO_UNSIGNED: vector truncated
#    Time: 1062692 ns  Iteration: 2  Instance: /tb_top/dut/v2_core/deassembly_fifo/scfifo_component
# ** Warning: NUMERIC_STD.TO_UNSIGNED: vector truncated
#    Time: 1062708 ns  Iteration: 2  Instance: /tb_top/dut/v2_core/deassembly_fifo/scfifo_component
# ** Warning: NUMERIC_STD.TO_UNSIGNED: vector truncated
#    Time: 1062724 ns  Iteration: 2  Instance: /tb_top/dut/v2_core/deassembly_fifo/scfifo_component
# ** Warning: NUMERIC_STD.TO_UNSIGNED: vector truncated
#    Time: 1062740 ns  Iteration: 2  Instance: /tb_top/dut/v2_core/deassembly_fifo/scfifo_component
# ** Warning: NUMERIC_STD.TO_UNSIGNED: vector truncated
#    Time: 1062756 ns  Iteration: 2  Instance: /tb_top/dut/v2_core/deassembly_fifo/scfifo_component
# ** Warning: NUMERIC_STD.TO_UNSIGNED: vector truncated
#    Time: 1062772 ns  Iteration: 2  Instance: /tb_top/dut/v2_core/deassembly_fifo/scfifo_component
# ** Warning: NUMERIC_STD.TO_UNSIGNED: vector truncated
#    Time: 1062788 ns  Iteration: 2  Instance: /tb_top/dut/v2_core/deassembly_fifo/scfifo_component
# ** Warning: NUMERIC_STD.TO_UNSIGNED: vector truncated
#    Time: 1062804 ns  Iteration: 2  Instance: /tb_top/dut/v2_core/deassembly_fifo/scfifo_component
# ** Warning: NUMERIC_STD.TO_UNSIGNED: vector truncated
#    Time: 1062820 ns  Iteration: 2  Instance: /tb_top/dut/v2_core/deassembly_fifo/scfifo_component
# ** Warning: NUMERIC_STD.TO_UNSIGNED: vector truncated
#    Time: 1062836 ns  Iteration: 2  Instance: /tb_top/dut/v2_core/deassembly_fifo/scfifo_component
# ** Warning: NUMERIC_STD.TO_UNSIGNED: vector truncated
#    Time: 1062852 ns  Iteration: 2  Instance: /tb_top/dut/v2_core/deassembly_fifo/scfifo_component
# ** Warning: NUMERIC_STD.TO_UNSIGNED: vector truncated
#    Time: 1062868 ns  Iteration: 2  Instance: /tb_top/dut/v2_core/deassembly_fifo/scfifo_component
# ** Warning: NUMERIC_STD.TO_UNSIGNED: vector truncated
#    Time: 1062884 ns  Iteration: 2  Instance: /tb_top/dut/v2_core/deassembly_fifo/scfifo_component
# ** Warning: NUMERIC_STD.TO_UNSIGNED: vector truncated
#    Time: 1062900 ns  Iteration: 2  Instance: /tb_top/dut/v2_core/deassembly_fifo/scfifo_component
# ** Warning: NUMERIC_STD.TO_UNSIGNED: vector truncated
#    Time: 1062916 ns  Iteration: 2  Instance: /tb_top/dut/v2_core/deassembly_fifo/scfifo_component
# ** Warning: NUMERIC_STD.TO_UNSIGNED: vector truncated
#    Time: 1062932 ns  Iteration: 2  Instance: /tb_top/dut/v2_core/deassembly_fifo/scfifo_component
# ** Warning: NUMERIC_STD.TO_UNSIGNED: vector truncated
#    Time: 1062948 ns  Iteration: 2  Instance: /tb_top/dut/v2_core/deassembly_fifo/scfifo_component
# ** Warning: NUMERIC_STD.TO_UNSIGNED: vector truncated
#    Time: 1062964 ns  Iteration: 2  Instance: /tb_top/dut/v2_core/deassembly_fifo/scfifo_component
# ** Warning: NUMERIC_STD.TO_UNSIGNED: vector truncated
#    Time: 1062980 ns  Iteration: 2  Instance: /tb_top/dut/v2_core/deassembly_fifo/scfifo_component
# ** Warning: NUMERIC_STD.TO_UNSIGNED: vector truncated
#    Time: 1062996 ns  Iteration: 2  Instance: /tb_top/dut/v2_core/deassembly_fifo/scfifo_component
# ** Warning: NUMERIC_STD.TO_UNSIGNED: vector truncated
#    Time: 1063012 ns  Iteration: 2  Instance: /tb_top/dut/v2_core/deassembly_fifo/scfifo_component
# ** Warning: NUMERIC_STD.TO_UNSIGNED: vector truncated
#    Time: 1063028 ns  Iteration: 2  Instance: /tb_top/dut/v2_core/deassembly_fifo/scfifo_component
# ** Warning: NUMERIC_STD.TO_UNSIGNED: vector truncated
#    Time: 1063044 ns  Iteration: 2  Instance: /tb_top/dut/v2_core/deassembly_fifo/scfifo_component
# ** Warning: NUMERIC_STD.TO_UNSIGNED: vector truncated
#    Time: 1063060 ns  Iteration: 2  Instance: /tb_top/dut/v2_core/deassembly_fifo/scfifo_component
# ** Warning: NUMERIC_STD.TO_UNSIGNED: vector truncated
#    Time: 1063076 ns  Iteration: 2  Instance: /tb_top/dut/v2_core/deassembly_fifo/scfifo_component
# ** Warning: NUMERIC_STD.TO_UNSIGNED: vector truncated
#    Time: 1063092 ns  Iteration: 2  Instance: /tb_top/dut/v2_core/deassembly_fifo/scfifo_component
# ** Warning: NUMERIC_STD.TO_UNSIGNED: vector truncated
#    Time: 1063108 ns  Iteration: 2  Instance: /tb_top/dut/v2_core/deassembly_fifo/scfifo_component
# ** Warning: NUMERIC_STD.TO_UNSIGNED: vector truncated
#    Time: 1063124 ns  Iteration: 2  Instance: /tb_top/dut/v2_core/deassembly_fifo/scfifo_component
# ** Warning: NUMERIC_STD.TO_UNSIGNED: vector truncated
#    Time: 1063140 ns  Iteration: 2  Instance: /tb_top/dut/v2_core/deassembly_fifo/scfifo_component
# ** Warning: NUMERIC_STD.TO_UNSIGNED: vector truncated
#    Time: 1063156 ns  Iteration: 2  Instance: /tb_top/dut/v2_core/deassembly_fifo/scfifo_component
# ** Warning: NUMERIC_STD.TO_UNSIGNED: vector truncated
#    Time: 1063172 ns  Iteration: 2  Instance: /tb_top/dut/v2_core/deassembly_fifo/scfifo_component
# ** Warning: NUMERIC_STD.TO_UNSIGNED: vector truncated
#    Time: 1063188 ns  Iteration: 2  Instance: /tb_top/dut/v2_core/deassembly_fifo/scfifo_component
# ** Warning: NUMERIC_STD.TO_UNSIGNED: vector truncated
#    Time: 1063204 ns  Iteration: 2  Instance: /tb_top/dut/v2_core/deassembly_fifo/scfifo_component
# ** Warning: NUMERIC_STD.TO_UNSIGNED: vector truncated
#    Time: 1063220 ns  Iteration: 2  Instance: /tb_top/dut/v2_core/deassembly_fifo/scfifo_component
# ** Warning: NUMERIC_STD.TO_UNSIGNED: vector truncated
#    Time: 1063236 ns  Iteration: 2  Instance: /tb_top/dut/v2_core/deassembly_fifo/scfifo_component
# ** Warning: NUMERIC_STD.TO_UNSIGNED: vector truncated
#    Time: 1063252 ns  Iteration: 2  Instance: /tb_top/dut/v2_core/deassembly_fifo/scfifo_component
# ** Warning: NUMERIC_STD.TO_UNSIGNED: vector truncated
#    Time: 1063268 ns  Iteration: 2  Instance: /tb_top/dut/v2_core/deassembly_fifo/scfifo_component
# ** Warning: NUMERIC_STD.TO_UNSIGNED: vector truncated
#    Time: 1063284 ns  Iteration: 2  Instance: /tb_top/dut/v2_core/deassembly_fifo/scfifo_component
# ** Warning: NUMERIC_STD.TO_UNSIGNED: vector truncated
#    Time: 1063300 ns  Iteration: 2  Instance: /tb_top/dut/v2_core/deassembly_fifo/scfifo_component
# ** Warning: NUMERIC_STD.TO_UNSIGNED: vector truncated
#    Time: 1063316 ns  Iteration: 2  Instance: /tb_top/dut/v2_core/deassembly_fifo/scfifo_component
# ** Warning: NUMERIC_STD.TO_UNSIGNED: vector truncated
#    Time: 1063332 ns  Iteration: 2  Instance: /tb_top/dut/v2_core/deassembly_fifo/scfifo_component
# ** Warning: NUMERIC_STD.TO_UNSIGNED: vector truncated
#    Time: 1063348 ns  Iteration: 2  Instance: /tb_top/dut/v2_core/deassembly_fifo/scfifo_component
# ** Warning: NUMERIC_STD.TO_UNSIGNED: vector truncated
#    Time: 1063364 ns  Iteration: 2  Instance: /tb_top/dut/v2_core/deassembly_fifo/scfifo_component
# ** Warning: NUMERIC_STD.TO_UNSIGNED: vector truncated
#    Time: 1063380 ns  Iteration: 2  Instance: /tb_top/dut/v2_core/deassembly_fifo/scfifo_component
# ** Warning: NUMERIC_STD.TO_UNSIGNED: vector truncated
#    Time: 1063396 ns  Iteration: 2  Instance: /tb_top/dut/v2_core/deassembly_fifo/scfifo_component
# ** Warning: NUMERIC_STD.TO_UNSIGNED: vector truncated
#    Time: 1063412 ns  Iteration: 2  Instance: /tb_top/dut/v2_core/deassembly_fifo/scfifo_component
# ** Warning: NUMERIC_STD.TO_UNSIGNED: vector truncated
#    Time: 1063428 ns  Iteration: 2  Instance: /tb_top/dut/v2_core/deassembly_fifo/scfifo_component
# ** Warning: NUMERIC_STD.TO_UNSIGNED: vector truncated
#    Time: 1063444 ns  Iteration: 2  Instance: /tb_top/dut/v2_core/deassembly_fifo/scfifo_component
# ** Warning: NUMERIC_STD.TO_UNSIGNED: vector truncated
#    Time: 1063460 ns  Iteration: 2  Instance: /tb_top/dut/v2_core/deassembly_fifo/scfifo_component
# ** Warning: NUMERIC_STD.TO_UNSIGNED: vector truncated
#    Time: 1063476 ns  Iteration: 2  Instance: /tb_top/dut/v2_core/deassembly_fifo/scfifo_component
# ** Warning: NUMERIC_STD.TO_UNSIGNED: vector truncated
#    Time: 1063492 ns  Iteration: 2  Instance: /tb_top/dut/v2_core/deassembly_fifo/scfifo_component
# ** Warning: NUMERIC_STD.TO_UNSIGNED: vector truncated
#    Time: 1063508 ns  Iteration: 2  Instance: /tb_top/dut/v2_core/deassembly_fifo/scfifo_component
# ** Warning: NUMERIC_STD.TO_UNSIGNED: vector truncated
#    Time: 1063524 ns  Iteration: 2  Instance: /tb_top/dut/v2_core/deassembly_fifo/scfifo_component
# ** Warning: NUMERIC_STD.TO_UNSIGNED: vector truncated
#    Time: 1063540 ns  Iteration: 2  Instance: /tb_top/dut/v2_core/deassembly_fifo/scfifo_component
# ** Warning: NUMERIC_STD.TO_UNSIGNED: vector truncated
#    Time: 1063556 ns  Iteration: 2  Instance: /tb_top/dut/v2_core/deassembly_fifo/scfifo_component
# ** Warning: NUMERIC_STD.TO_UNSIGNED: vector truncated
#    Time: 1063572 ns  Iteration: 2  Instance: /tb_top/dut/v2_core/deassembly_fifo/scfifo_component
# ** Warning: NUMERIC_STD.TO_UNSIGNED: vector truncated
#    Time: 1063588 ns  Iteration: 2  Instance: /tb_top/dut/v2_core/deassembly_fifo/scfifo_component
# ** Warning: NUMERIC_STD.TO_UNSIGNED: vector truncated
#    Time: 1063604 ns  Iteration: 2  Instance: /tb_top/dut/v2_core/deassembly_fifo/scfifo_component
# ** Warning: NUMERIC_STD.TO_UNSIGNED: vector truncated
#    Time: 1063620 ns  Iteration: 2  Instance: /tb_top/dut/v2_core/deassembly_fifo/scfifo_component
# ** Warning: NUMERIC_STD.TO_UNSIGNED: vector truncated
#    Time: 1063636 ns  Iteration: 2  Instance: /tb_top/dut/v2_core/deassembly_fifo/scfifo_component
# ** Warning: NUMERIC_STD.TO_UNSIGNED: vector truncated
#    Time: 1063652 ns  Iteration: 2  Instance: /tb_top/dut/v2_core/deassembly_fifo/scfifo_component
# ** Warning: NUMERIC_STD.TO_UNSIGNED: vector truncated
#    Time: 1063668 ns  Iteration: 2  Instance: /tb_top/dut/v2_core/deassembly_fifo/scfifo_component
# ** Warning: NUMERIC_STD.TO_UNSIGNED: vector truncated
#    Time: 1063684 ns  Iteration: 2  Instance: /tb_top/dut/v2_core/deassembly_fifo/scfifo_component
# ** Warning: NUMERIC_STD.TO_UNSIGNED: vector truncated
#    Time: 1063700 ns  Iteration: 2  Instance: /tb_top/dut/v2_core/deassembly_fifo/scfifo_component
# ** Warning: NUMERIC_STD.TO_UNSIGNED: vector truncated
#    Time: 1063716 ns  Iteration: 2  Instance: /tb_top/dut/v2_core/deassembly_fifo/scfifo_component
# ** Warning: NUMERIC_STD.TO_UNSIGNED: vector truncated
#    Time: 1063732 ns  Iteration: 2  Instance: /tb_top/dut/v2_core/deassembly_fifo/scfifo_component
# ** Warning: NUMERIC_STD.TO_UNSIGNED: vector truncated
#    Time: 1063748 ns  Iteration: 2  Instance: /tb_top/dut/v2_core/deassembly_fifo/scfifo_component
# ** Warning: NUMERIC_STD.TO_UNSIGNED: vector truncated
#    Time: 1063764 ns  Iteration: 2  Instance: /tb_top/dut/v2_core/deassembly_fifo/scfifo_component
# ** Warning: NUMERIC_STD.TO_UNSIGNED: vector truncated
#    Time: 1063780 ns  Iteration: 2  Instance: /tb_top/dut/v2_core/deassembly_fifo/scfifo_component
# ** Warning: NUMERIC_STD.TO_UNSIGNED: vector truncated
#    Time: 1063796 ns  Iteration: 2  Instance: /tb_top/dut/v2_core/deassembly_fifo/scfifo_component
# ** Warning: NUMERIC_STD.TO_UNSIGNED: vector truncated
#    Time: 1063812 ns  Iteration: 2  Instance: /tb_top/dut/v2_core/deassembly_fifo/scfifo_component
# ** Warning: NUMERIC_STD.TO_UNSIGNED: vector truncated
#    Time: 1063828 ns  Iteration: 2  Instance: /tb_top/dut/v2_core/deassembly_fifo/scfifo_component
# ** Warning: NUMERIC_STD.TO_UNSIGNED: vector truncated
#    Time: 1063844 ns  Iteration: 2  Instance: /tb_top/dut/v2_core/deassembly_fifo/scfifo_component
# ** Warning: NUMERIC_STD.TO_UNSIGNED: vector truncated
#    Time: 1063860 ns  Iteration: 2  Instance: /tb_top/dut/v2_core/deassembly_fifo/scfifo_component
# ** Warning: NUMERIC_STD.TO_UNSIGNED: vector truncated
#    Time: 1063876 ns  Iteration: 2  Instance: /tb_top/dut/v2_core/deassembly_fifo/scfifo_component
# ** Warning: NUMERIC_STD.TO_UNSIGNED: vector truncated
#    Time: 1063892 ns  Iteration: 2  Instance: /tb_top/dut/v2_core/deassembly_fifo/scfifo_component
# ** Warning: NUMERIC_STD.TO_UNSIGNED: vector truncated
#    Time: 1063908 ns  Iteration: 2  Instance: /tb_top/dut/v2_core/deassembly_fifo/scfifo_component
# ** Warning: NUMERIC_STD.TO_UNSIGNED: vector truncated
#    Time: 1063924 ns  Iteration: 2  Instance: /tb_top/dut/v2_core/deassembly_fifo/scfifo_component
# ** Warning: NUMERIC_STD.TO_UNSIGNED: vector truncated
#    Time: 1063940 ns  Iteration: 2  Instance: /tb_top/dut/v2_core/deassembly_fifo/scfifo_component
# ** Warning: NUMERIC_STD.TO_UNSIGNED: vector truncated
#    Time: 1063956 ns  Iteration: 2  Instance: /tb_top/dut/v2_core/deassembly_fifo/scfifo_component
# ** Warning: NUMERIC_STD.TO_UNSIGNED: vector truncated
#    Time: 1063972 ns  Iteration: 2  Instance: /tb_top/dut/v2_core/deassembly_fifo/scfifo_component
# ** Warning: NUMERIC_STD.TO_UNSIGNED: vector truncated
#    Time: 1063988 ns  Iteration: 2  Instance: /tb_top/dut/v2_core/deassembly_fifo/scfifo_component
# ** Warning: NUMERIC_STD.TO_UNSIGNED: vector truncated
#    Time: 1064004 ns  Iteration: 2  Instance: /tb_top/dut/v2_core/deassembly_fifo/scfifo_component
# ** Warning: NUMERIC_STD.TO_UNSIGNED: vector truncated
#    Time: 1064020 ns  Iteration: 2  Instance: /tb_top/dut/v2_core/deassembly_fifo/scfifo_component
# ** Warning: NUMERIC_STD.TO_UNSIGNED: vector truncated
#    Time: 1064036 ns  Iteration: 2  Instance: /tb_top/dut/v2_core/deassembly_fifo/scfifo_component
# ** Warning: NUMERIC_STD.TO_UNSIGNED: vector truncated
#    Time: 1064052 ns  Iteration: 2  Instance: /tb_top/dut/v2_core/deassembly_fifo/scfifo_component
# ** Warning: NUMERIC_STD.TO_UNSIGNED: vector truncated
#    Time: 1064068 ns  Iteration: 2  Instance: /tb_top/dut/v2_core/deassembly_fifo/scfifo_component
# ** Warning: NUMERIC_STD.TO_UNSIGNED: vector truncated
#    Time: 1064084 ns  Iteration: 2  Instance: /tb_top/dut/v2_core/deassembly_fifo/scfifo_component
# ** Warning: NUMERIC_STD.TO_UNSIGNED: vector truncated
#    Time: 1064100 ns  Iteration: 2  Instance: /tb_top/dut/v2_core/deassembly_fifo/scfifo_component
# ** Warning: NUMERIC_STD.TO_UNSIGNED: vector truncated
#    Time: 1064116 ns  Iteration: 2  Instance: /tb_top/dut/v2_core/deassembly_fifo/scfifo_component
# ** Warning: NUMERIC_STD.TO_UNSIGNED: vector truncated
#    Time: 1064132 ns  Iteration: 2  Instance: /tb_top/dut/v2_core/deassembly_fifo/scfifo_component
# ** Warning: NUMERIC_STD.TO_UNSIGNED: vector truncated
#    Time: 1064148 ns  Iteration: 2  Instance: /tb_top/dut/v2_core/deassembly_fifo/scfifo_component
# ** Warning: NUMERIC_STD.TO_UNSIGNED: vector truncated
#    Time: 1064164 ns  Iteration: 2  Instance: /tb_top/dut/v2_core/deassembly_fifo/scfifo_component
# ** Warning: NUMERIC_STD.TO_UNSIGNED: vector truncated
#    Time: 1064180 ns  Iteration: 2  Instance: /tb_top/dut/v2_core/deassembly_fifo/scfifo_component
# ** Warning: NUMERIC_STD.TO_UNSIGNED: vector truncated
#    Time: 1064196 ns  Iteration: 2  Instance: /tb_top/dut/v2_core/deassembly_fifo/scfifo_component
# ** Warning: NUMERIC_STD.TO_UNSIGNED: vector truncated
#    Time: 1064212 ns  Iteration: 2  Instance: /tb_top/dut/v2_core/deassembly_fifo/scfifo_component
# ** Warning: NUMERIC_STD.TO_UNSIGNED: vector truncated
#    Time: 1064228 ns  Iteration: 2  Instance: /tb_top/dut/v2_core/deassembly_fifo/scfifo_component
# ** Warning: NUMERIC_STD.TO_UNSIGNED: vector truncated
#    Time: 1064244 ns  Iteration: 2  Instance: /tb_top/dut/v2_core/deassembly_fifo/scfifo_component
# ** Warning: NUMERIC_STD.TO_UNSIGNED: vector truncated
#    Time: 1064260 ns  Iteration: 2  Instance: /tb_top/dut/v2_core/deassembly_fifo/scfifo_component
# ** Warning: NUMERIC_STD.TO_UNSIGNED: vector truncated
#    Time: 1064276 ns  Iteration: 2  Instance: /tb_top/dut/v2_core/deassembly_fifo/scfifo_component
# ** Warning: NUMERIC_STD.TO_UNSIGNED: vector truncated
#    Time: 1064292 ns  Iteration: 2  Instance: /tb_top/dut/v2_core/deassembly_fifo/scfifo_component
# ** Warning: NUMERIC_STD.TO_UNSIGNED: vector truncated
#    Time: 1064308 ns  Iteration: 2  Instance: /tb_top/dut/v2_core/deassembly_fifo/scfifo_component
# ** Warning: NUMERIC_STD.TO_UNSIGNED: vector truncated
#    Time: 1064324 ns  Iteration: 2  Instance: /tb_top/dut/v2_core/deassembly_fifo/scfifo_component
# ** Warning: NUMERIC_STD.TO_UNSIGNED: vector truncated
#    Time: 1064340 ns  Iteration: 2  Instance: /tb_top/dut/v2_core/deassembly_fifo/scfifo_component
# ** Warning: NUMERIC_STD.TO_UNSIGNED: vector truncated
#    Time: 1064356 ns  Iteration: 2  Instance: /tb_top/dut/v2_core/deassembly_fifo/scfifo_component
# ** Warning: NUMERIC_STD.TO_UNSIGNED: vector truncated
#    Time: 1064372 ns  Iteration: 2  Instance: /tb_top/dut/v2_core/deassembly_fifo/scfifo_component
# ** Warning: NUMERIC_STD.TO_UNSIGNED: vector truncated
#    Time: 1064388 ns  Iteration: 2  Instance: /tb_top/dut/v2_core/deassembly_fifo/scfifo_component
# ** Warning: NUMERIC_STD.TO_UNSIGNED: vector truncated
#    Time: 1064404 ns  Iteration: 2  Instance: /tb_top/dut/v2_core/deassembly_fifo/scfifo_component
# ** Warning: NUMERIC_STD.TO_UNSIGNED: vector truncated
#    Time: 1064420 ns  Iteration: 2  Instance: /tb_top/dut/v2_core/deassembly_fifo/scfifo_component
# ** Warning: NUMERIC_STD.TO_UNSIGNED: vector truncated
#    Time: 1064436 ns  Iteration: 2  Instance: /tb_top/dut/v2_core/deassembly_fifo/scfifo_component
# ** Warning: NUMERIC_STD.TO_UNSIGNED: vector truncated
#    Time: 1064452 ns  Iteration: 2  Instance: /tb_top/dut/v2_core/deassembly_fifo/scfifo_component
# ** Warning: NUMERIC_STD.TO_UNSIGNED: vector truncated
#    Time: 1064468 ns  Iteration: 2  Instance: /tb_top/dut/v2_core/deassembly_fifo/scfifo_component
# ** Warning: NUMERIC_STD.TO_UNSIGNED: vector truncated
#    Time: 1064484 ns  Iteration: 2  Instance: /tb_top/dut/v2_core/deassembly_fifo/scfifo_component
# ** Warning: NUMERIC_STD.TO_UNSIGNED: vector truncated
#    Time: 1064500 ns  Iteration: 2  Instance: /tb_top/dut/v2_core/deassembly_fifo/scfifo_component
# ** Warning: NUMERIC_STD.TO_UNSIGNED: vector truncated
#    Time: 1064516 ns  Iteration: 2  Instance: /tb_top/dut/v2_core/deassembly_fifo/scfifo_component
# ** Warning: NUMERIC_STD.TO_UNSIGNED: vector truncated
#    Time: 1064532 ns  Iteration: 2  Instance: /tb_top/dut/v2_core/deassembly_fifo/scfifo_component
# ** Warning: NUMERIC_STD.TO_UNSIGNED: vector truncated
#    Time: 1064548 ns  Iteration: 2  Instance: /tb_top/dut/v2_core/deassembly_fifo/scfifo_component
# ** Warning: NUMERIC_STD.TO_UNSIGNED: vector truncated
#    Time: 1064564 ns  Iteration: 2  Instance: /tb_top/dut/v2_core/deassembly_fifo/scfifo_component
# ** Warning: NUMERIC_STD.TO_UNSIGNED: vector truncated
#    Time: 1064580 ns  Iteration: 2  Instance: /tb_top/dut/v2_core/deassembly_fifo/scfifo_component
# ** Warning: NUMERIC_STD.TO_UNSIGNED: vector truncated
#    Time: 1064596 ns  Iteration: 2  Instance: /tb_top/dut/v2_core/deassembly_fifo/scfifo_component
# ** Warning: NUMERIC_STD.TO_UNSIGNED: vector truncated
#    Time: 1064612 ns  Iteration: 2  Instance: /tb_top/dut/v2_core/deassembly_fifo/scfifo_component
# ** Warning: NUMERIC_STD.TO_UNSIGNED: vector truncated
#    Time: 1064628 ns  Iteration: 2  Instance: /tb_top/dut/v2_core/deassembly_fifo/scfifo_component
# ** Warning: NUMERIC_STD.TO_UNSIGNED: vector truncated
#    Time: 1064644 ns  Iteration: 2  Instance: /tb_top/dut/v2_core/deassembly_fifo/scfifo_component
# ** Warning: NUMERIC_STD.TO_UNSIGNED: vector truncated
#    Time: 1064660 ns  Iteration: 2  Instance: /tb_top/dut/v2_core/deassembly_fifo/scfifo_component
# ** Warning: NUMERIC_STD.TO_UNSIGNED: vector truncated
#    Time: 1064676 ns  Iteration: 2  Instance: /tb_top/dut/v2_core/deassembly_fifo/scfifo_component
# ** Warning: NUMERIC_STD.TO_UNSIGNED: vector truncated
#    Time: 1064692 ns  Iteration: 2  Instance: /tb_top/dut/v2_core/deassembly_fifo/scfifo_component
# ** Warning: NUMERIC_STD.TO_UNSIGNED: vector truncated
#    Time: 1064708 ns  Iteration: 2  Instance: /tb_top/dut/v2_core/deassembly_fifo/scfifo_component
# ** Warning: NUMERIC_STD.TO_UNSIGNED: vector truncated
#    Time: 1064724 ns  Iteration: 2  Instance: /tb_top/dut/v2_core/deassembly_fifo/scfifo_component
# ** Warning: NUMERIC_STD.TO_UNSIGNED: vector truncated
#    Time: 1064740 ns  Iteration: 2  Instance: /tb_top/dut/v2_core/deassembly_fifo/scfifo_component
# ** Warning: NUMERIC_STD.TO_UNSIGNED: vector truncated
#    Time: 1064756 ns  Iteration: 2  Instance: /tb_top/dut/v2_core/deassembly_fifo/scfifo_component
# ** Warning: NUMERIC_STD.TO_UNSIGNED: vector truncated
#    Time: 1064772 ns  Iteration: 2  Instance: /tb_top/dut/v2_core/deassembly_fifo/scfifo_component
# ** Warning: NUMERIC_STD.TO_UNSIGNED: vector truncated
#    Time: 1064788 ns  Iteration: 2  Instance: /tb_top/dut/v2_core/deassembly_fifo/scfifo_component
# ** Warning: NUMERIC_STD.TO_UNSIGNED: vector truncated
#    Time: 1064804 ns  Iteration: 2  Instance: /tb_top/dut/v2_core/deassembly_fifo/scfifo_component
# ** Warning: NUMERIC_STD.TO_UNSIGNED: vector truncated
#    Time: 1064820 ns  Iteration: 2  Instance: /tb_top/dut/v2_core/deassembly_fifo/scfifo_component
# ** Warning: NUMERIC_STD.TO_UNSIGNED: vector truncated
#    Time: 1064836 ns  Iteration: 2  Instance: /tb_top/dut/v2_core/deassembly_fifo/scfifo_component
# ** Warning: NUMERIC_STD.TO_UNSIGNED: vector truncated
#    Time: 1064852 ns  Iteration: 2  Instance: /tb_top/dut/v2_core/deassembly_fifo/scfifo_component
# ** Warning: NUMERIC_STD.TO_UNSIGNED: vector truncated
#    Time: 1064868 ns  Iteration: 2  Instance: /tb_top/dut/v2_core/deassembly_fifo/scfifo_component
# ** Warning: NUMERIC_STD.TO_UNSIGNED: vector truncated
#    Time: 1064884 ns  Iteration: 2  Instance: /tb_top/dut/v2_core/deassembly_fifo/scfifo_component
# ** Warning: NUMERIC_STD.TO_UNSIGNED: vector truncated
#    Time: 1064900 ns  Iteration: 2  Instance: /tb_top/dut/v2_core/deassembly_fifo/scfifo_component
# ** Warning: NUMERIC_STD.TO_UNSIGNED: vector truncated
#    Time: 1064916 ns  Iteration: 2  Instance: /tb_top/dut/v2_core/deassembly_fifo/scfifo_component
# ** Warning: NUMERIC_STD.TO_UNSIGNED: vector truncated
#    Time: 1064932 ns  Iteration: 2  Instance: /tb_top/dut/v2_core/deassembly_fifo/scfifo_component
# ** Warning: NUMERIC_STD.TO_UNSIGNED: vector truncated
#    Time: 1064948 ns  Iteration: 2  Instance: /tb_top/dut/v2_core/deassembly_fifo/scfifo_component
# ** Warning: NUMERIC_STD.TO_UNSIGNED: vector truncated
#    Time: 1064964 ns  Iteration: 2  Instance: /tb_top/dut/v2_core/deassembly_fifo/scfifo_component
# ** Warning: NUMERIC_STD.TO_UNSIGNED: vector truncated
#    Time: 1064980 ns  Iteration: 2  Instance: /tb_top/dut/v2_core/deassembly_fifo/scfifo_component
# ** Warning: NUMERIC_STD.TO_UNSIGNED: vector truncated
#    Time: 1064996 ns  Iteration: 2  Instance: /tb_top/dut/v2_core/deassembly_fifo/scfifo_component
# ** Warning: NUMERIC_STD.TO_UNSIGNED: vector truncated
#    Time: 1065012 ns  Iteration: 2  Instance: /tb_top/dut/v2_core/deassembly_fifo/scfifo_component
# ** Warning: NUMERIC_STD.TO_UNSIGNED: vector truncated
#    Time: 1065028 ns  Iteration: 2  Instance: /tb_top/dut/v2_core/deassembly_fifo/scfifo_component
# ** Warning: NUMERIC_STD.TO_UNSIGNED: vector truncated
#    Time: 1065044 ns  Iteration: 2  Instance: /tb_top/dut/v2_core/deassembly_fifo/scfifo_component
# ** Warning: NUMERIC_STD.TO_UNSIGNED: vector truncated
#    Time: 1065060 ns  Iteration: 2  Instance: /tb_top/dut/v2_core/deassembly_fifo/scfifo_component
# ** Warning: NUMERIC_STD.TO_UNSIGNED: vector truncated
#    Time: 1065076 ns  Iteration: 2  Instance: /tb_top/dut/v2_core/deassembly_fifo/scfifo_component
# ** Warning: NUMERIC_STD.TO_UNSIGNED: vector truncated
#    Time: 1065092 ns  Iteration: 2  Instance: /tb_top/dut/v2_core/deassembly_fifo/scfifo_component
# ** Warning: NUMERIC_STD.TO_UNSIGNED: vector truncated
#    Time: 1065108 ns  Iteration: 2  Instance: /tb_top/dut/v2_core/deassembly_fifo/scfifo_component
# ** Warning: NUMERIC_STD.TO_UNSIGNED: vector truncated
#    Time: 1065124 ns  Iteration: 2  Instance: /tb_top/dut/v2_core/deassembly_fifo/scfifo_component
# ** Warning: NUMERIC_STD.TO_UNSIGNED: vector truncated
#    Time: 1065140 ns  Iteration: 2  Instance: /tb_top/dut/v2_core/deassembly_fifo/scfifo_component
# ** Warning: NUMERIC_STD.TO_UNSIGNED: vector truncated
#    Time: 1065156 ns  Iteration: 2  Instance: /tb_top/dut/v2_core/deassembly_fifo/scfifo_component
# ** Warning: NUMERIC_STD.TO_UNSIGNED: vector truncated
#    Time: 1065172 ns  Iteration: 2  Instance: /tb_top/dut/v2_core/deassembly_fifo/scfifo_component
# ** Warning: NUMERIC_STD.TO_UNSIGNED: vector truncated
#    Time: 1065188 ns  Iteration: 2  Instance: /tb_top/dut/v2_core/deassembly_fifo/scfifo_component
# ** Warning: NUMERIC_STD.TO_UNSIGNED: vector truncated
#    Time: 1065204 ns  Iteration: 2  Instance: /tb_top/dut/v2_core/deassembly_fifo/scfifo_component
# ** Warning: NUMERIC_STD.TO_UNSIGNED: vector truncated
#    Time: 1065220 ns  Iteration: 2  Instance: /tb_top/dut/v2_core/deassembly_fifo/scfifo_component
# ** Warning: NUMERIC_STD.TO_UNSIGNED: vector truncated
#    Time: 1065236 ns  Iteration: 2  Instance: /tb_top/dut/v2_core/deassembly_fifo/scfifo_component
# ** Warning: NUMERIC_STD.TO_UNSIGNED: vector truncated
#    Time: 1065252 ns  Iteration: 2  Instance: /tb_top/dut/v2_core/deassembly_fifo/scfifo_component
# ** Warning: NUMERIC_STD.TO_UNSIGNED: vector truncated
#    Time: 1065268 ns  Iteration: 2  Instance: /tb_top/dut/v2_core/deassembly_fifo/scfifo_component
# ** Warning: NUMERIC_STD.TO_UNSIGNED: vector truncated
#    Time: 1065284 ns  Iteration: 2  Instance: /tb_top/dut/v2_core/deassembly_fifo/scfifo_component
# ** Warning: NUMERIC_STD.TO_UNSIGNED: vector truncated
#    Time: 1065300 ns  Iteration: 2  Instance: /tb_top/dut/v2_core/deassembly_fifo/scfifo_component
# ** Warning: NUMERIC_STD.TO_UNSIGNED: vector truncated
#    Time: 1065316 ns  Iteration: 2  Instance: /tb_top/dut/v2_core/deassembly_fifo/scfifo_component
# ** Warning: NUMERIC_STD.TO_UNSIGNED: vector truncated
#    Time: 1065332 ns  Iteration: 2  Instance: /tb_top/dut/v2_core/deassembly_fifo/scfifo_component
# ** Warning: NUMERIC_STD.TO_UNSIGNED: vector truncated
#    Time: 1065348 ns  Iteration: 2  Instance: /tb_top/dut/v2_core/deassembly_fifo/scfifo_component
# ** Warning: NUMERIC_STD.TO_UNSIGNED: vector truncated
#    Time: 1065364 ns  Iteration: 2  Instance: /tb_top/dut/v2_core/deassembly_fifo/scfifo_component
# ** Warning: NUMERIC_STD.TO_UNSIGNED: vector truncated
#    Time: 1065380 ns  Iteration: 2  Instance: /tb_top/dut/v2_core/deassembly_fifo/scfifo_component
# UVM_INFO /home/yifeng/packages/mu3e_ip_dev/mu3e-ip-cores/ring-buffer_cam/tb/uvm/base_test.sv(642) @ 1065396000: uvm_test_top [TERM] B072 deassembly backpressure drain: source backlog drained before TERMINATING after 511 cycles (offered=1536 accepted=1536)
# UVM_INFO /home/yifeng/packages/mu3e_ip_dev/mu3e-ip-cores/ring-buffer_cam/tb/uvm/base_test.sv(647) @ 1065396000: uvm_test_top [TERM] B072 deassembly backpressure drain: issue TERMINATING entry pulse
# ** Warning: NUMERIC_STD.TO_UNSIGNED: vector truncated
#    Time: 1065396 ns  Iteration: 2  Instance: /tb_top/dut/v2_core/deassembly_fifo/scfifo_component
# UVM_INFO /home/yifeng/packages/mu3e_ip_dev/mu3e-ip-cores/ring-buffer_cam/tb/uvm/base_test.sv(649) @ 1065412000: uvm_test_top [TERM] B072 deassembly backpressure drain: send end-of-run marker
# UVM_INFO /home/yifeng/packages/mu3e_ip_dev/mu3e-ip-cores/ring-buffer_cam/tb/uvm/base_test.sv(651) @ 1065412000: uvm_test_top [TERM] B072 deassembly backpressure drain: poll TERMINATING drain-done
# ** Warning: NUMERIC_STD.TO_UNSIGNED: vector truncated
#    Time: 1073524 ns  Iteration: 2  Instance: /tb_top/dut/v2_core/pop_cmd_fifo/scfifo_component
# ** Warning: NUMERIC_STD.TO_UNSIGNED: vector truncated
#    Time: 1091444 ns  Iteration: 2  Instance: /tb_top/dut/v2_core/pop_cmd_fifo/scfifo_component
# UVM_INFO /home/yifeng/packages/mu3e_ip_dev/mu3e-ip-cores/ring-buffer_cam/tb/uvm/base_test.sv(668) @ 1106748000: uvm_test_top [TERM] B072 deassembly backpressure drain: terminating_drain_done asserted after 5167 cycles
# UVM_INFO /home/yifeng/packages/mu3e_ip_dev/mu3e-ip-cores/ring-buffer_cam/tb/uvm/base_test.sv(673) @ 1106780000: uvm_test_top [TERM] B072 deassembly backpressure drain: waiting for scoreboard/source idle
# UVM_INFO /home/yifeng/packages/mu3e_ip_dev/mu3e-ip-cores/ring-buffer_cam/tb/uvm/base_test.sv(3947) @ 1107028000: uvm_test_top [CASE] CASE_END id=B072 mode=isolated
# UVM_INFO /data1/intelFPGA_pro/23.1/questa_fse/verilog_src/uvm-1.2/src/base/uvm_objection.svh(1270) @ 1107028000: reporter [TEST_DONE] 'run' phase is ready to proceed to the 'extract' phase
# UVM_INFO /home/yifeng/packages/mu3e_ip_dev/mu3e-ip-cores/ring-buffer_cam/tb/uvm/coverage.sv(88) @ 1107028000: uvm_test_top.m_env.m_cov [COV] cg_output=71.2% cg_hit_data=39.6%
# UVM_INFO /home/yifeng/packages/mu3e_ip_dev/mu3e-ip-cores/ring-buffer_cam/tb/uvm/scoreboard.sv(491) @ 1107028000: uvm_test_top.m_env.m_scb [SCB] Summary: pushed=1536 popped=512 remaining=0 pending_drain=0 overlap_evicted=1024 overlap_fallback=0 overwrites=1024 unexpected=0 subheaders=48 zero_hit_subheaders=47 accepted=1536 cache_miss_outputs=0
# UVM_INFO /home/yifeng/packages/mu3e_ip_dev/mu3e-ip-cores/ring-buffer_cam/tb/uvm/scoreboard.sv(499) @ 1107028000: uvm_test_top.m_env.m_scb [SCB] Pressure: max_remaining=512 ring_depth=512
# UVM_INFO /home/yifeng/packages/mu3e_ip_dev/mu3e-ip-cores/ring-buffer_cam/tb/uvm/base_test.sv(3654) @ 1107028000: uvm_test_top [TEST] *** TEST PASSED ***
# UVM_INFO /data1/intelFPGA_pro/23.1/questa_fse/verilog_src/uvm-1.2/src/base/uvm_report_server.svh(847) @ 1107028000: reporter [UVM/REPORT/SERVER] 
# --- UVM Report Summary ---
# 
# ** Report counts by severity
# UVM_INFO :   23
# UVM_WARNING :    0
# UVM_ERROR :    0
# UVM_FATAL :    0
# ** Report counts by id
# [CASE]     2
# [COV]     1
# [CTRL_DRV]     6
# [NO_DPI_TSTNAME]     1
# [RNTST]     1
# [SCB]     2
# [TERM]     6
# [TEST]     1
# [TEST_DONE]     1
# [UVM/COMP/NAMECHECK]     1
# [UVM/RELNOTES]     1
# 
# ** Note: $finish    : /data1/intelFPGA_pro/23.1/questa_fse/verilog_src/uvm-1.2/src/base/uvm_root.svh(517)
#    Time: 1107028 ns  Iteration: 75  Instance: /tb_top
# End time: 02:10:06 on Apr 18,2026, Elapsed time: 0:00:16
# Errors: 0, Warnings: 571
