Reading pref.tcl

# 2022.4

# vsim -modelsimini modelsim.ini -c -quiet -coverage -sv_seed 1 "+UVM_TESTNAME=test_case_engine" "+UVM_VERBOSITY=UVM_LOW" "+DV_EXEC_MODE=isolated" "+DV_CASE_ID=P021" -suppress 19 -suppress 3009 -nodpiexports -voptargs="+acc" work.tb_top -do "coverage save -onexit /home/yifeng/packages/mu3e_ip_dev/mu3e-ip-cores/ring-buffer_cam/tb/uvm/cov_default_p2_pipe4/P021_s1.ucdb; run -all; quit -f" -gG_ENCODER_LEAF_WIDTH=16 -gG_N_PARTITIONS=2 -gG_INTERLEAVING_FACTOR=4 -gG_DEBUG=1 -gG_ENCODER_PIPE_STAGES=4 -gG_INTERLEAVING_INDEX=0 -gG_RING_BUFFER_N_ENTRY=512 
# Start time: 12:02:57 on Apr 20,2026
# ** Note: (vsim-8009) Loading existing optimized design _opt
# //  Questa Intel Starter FPGA Edition-64
# //  Version 2022.4 linux_x86_64 Oct 18 2022
# //
# //  Copyright 1991-2022 Mentor Graphics Corporation
# //  All Rights Reserved.
# //
# //  QuestaSim and its associated documentation contain trade
# //  secrets and commercial or financial information that are the property of
# //  Mentor Graphics Corporation and are privileged, confidential,
# //  and exempt from disclosure under the Freedom of Information Act,
# //  5 U.S.C. Section 552. Furthermore, this information
# //  is prohibited from disclosure under the Trade Secrets Act,
# //  18 U.S.C. Section 1905.
# //
# ** Note: (vsim-8785) UVM-aware debugging capabilities will be disabled since no compiled "questa_uvm_pkg" can be found.
# This also means that later if you turn on UVM-aware debugging your debug simulations may have
# different random seeds from your non-debug simulations.
# ** Warning: register_cover_flop: Failed to find flop reset statement in du ring_buffer_cam_v2_core(rtl) file 147 line -1 tok -1 scope_ident 0
# ** Warning: register_cover_flop: Failed to find a coverage flop in du ring_buffer_cam_v2_core(rtl), scope 0, path /tb_top/dut/v2_core. Not collecting coverage data for it.
# coverage save -onexit /home/yifeng/packages/mu3e_ip_dev/mu3e-ip-cores/ring-buffer_cam/tb/uvm/cov_default_p2_pipe4/P021_s1.ucdb
#  run -all
# UVM_INFO /data1/intelFPGA_pro/23.1/questa_fse/verilog_src/uvm-1.2/src/base/uvm_root.svh(392) @ 0: reporter [UVM/RELNOTES] 
# ----------------------------------------------------------------
# UVM-1.2
# (C) 2007-2014 Mentor Graphics Corporation
# (C) 2007-2014 Cadence Design Systems, Inc.
# (C) 2006-2014 Synopsys, Inc.
# (C) 2011-2013 Cypress Semiconductor Corp.
# (C) 2013-2014 NVIDIA Corporation
# ----------------------------------------------------------------
# 
#   ***********       IMPORTANT RELEASE NOTES         ************
# 
#   You are using a version of the UVM library that has been compiled
#   with `UVM_NO_DEPRECATED undefined.
#   See http://www.eda.org/svdb/view.php?id=3313 for more details.
# 
#   You are using a version of the UVM library that has been compiled
#   with `UVM_OBJECT_DO_NOT_NEED_CONSTRUCTOR undefined.
#   See http://www.eda.org/svdb/view.php?id=3770 for more details.
# 
#       (Specify +UVM_NO_RELNOTES to turn off this notice)
# 
# ** Warning: NUMERIC_STD.">=": metavalue detected, returning FALSE
#    Time: 0 ps  Iteration: 0  Instance: /tb_top/dut/v2_core
# ** Warning: NUMERIC_STD.TO_INTEGER: metavalue detected, returning 0
#    Time: 0 ps  Iteration: 0  Region: /tb_top/dut/v2_core/main_cam/wr_addr_page_encode(15)
# ** Warning: NUMERIC_STD.TO_INTEGER: metavalue detected, returning 0
#    Time: 0 ps  Iteration: 0  Region: /tb_top/dut/v2_core/main_cam/wr_addr_page_encode(14)
# ** Warning: NUMERIC_STD.TO_INTEGER: metavalue detected, returning 0
#    Time: 0 ps  Iteration: 0  Region: /tb_top/dut/v2_core/main_cam/wr_addr_page_encode(13)
# ** Warning: NUMERIC_STD.TO_INTEGER: metavalue detected, returning 0
#    Time: 0 ps  Iteration: 0  Region: /tb_top/dut/v2_core/main_cam/wr_addr_page_encode(12)
# ** Warning: NUMERIC_STD.TO_INTEGER: metavalue detected, returning 0
#    Time: 0 ps  Iteration: 0  Region: /tb_top/dut/v2_core/main_cam/wr_addr_page_encode(11)
# ** Warning: NUMERIC_STD.TO_INTEGER: metavalue detected, returning 0
#    Time: 0 ps  Iteration: 0  Region: /tb_top/dut/v2_core/main_cam/wr_addr_page_encode(10)
# ** Warning: NUMERIC_STD.TO_INTEGER: metavalue detected, returning 0
#    Time: 0 ps  Iteration: 0  Region: /tb_top/dut/v2_core/main_cam/wr_addr_page_encode(9)
# ** Warning: NUMERIC_STD.TO_INTEGER: metavalue detected, returning 0
#    Time: 0 ps  Iteration: 0  Region: /tb_top/dut/v2_core/main_cam/wr_addr_page_encode(8)
# ** Warning: NUMERIC_STD.TO_INTEGER: metavalue detected, returning 0
#    Time: 0 ps  Iteration: 0  Region: /tb_top/dut/v2_core/main_cam/wr_addr_page_encode(7)
# ** Warning: NUMERIC_STD.TO_INTEGER: metavalue detected, returning 0
#    Time: 0 ps  Iteration: 0  Region: /tb_top/dut/v2_core/main_cam/wr_addr_page_encode(6)
# ** Warning: NUMERIC_STD.TO_INTEGER: metavalue detected, returning 0
#    Time: 0 ps  Iteration: 0  Region: /tb_top/dut/v2_core/main_cam/wr_addr_page_encode(5)
# ** Warning: NUMERIC_STD.TO_INTEGER: metavalue detected, returning 0
#    Time: 0 ps  Iteration: 0  Region: /tb_top/dut/v2_core/main_cam/wr_addr_page_encode(4)
# ** Warning: NUMERIC_STD.TO_INTEGER: metavalue detected, returning 0
#    Time: 0 ps  Iteration: 0  Region: /tb_top/dut/v2_core/main_cam/wr_addr_page_encode(3)
# ** Warning: NUMERIC_STD.TO_INTEGER: metavalue detected, returning 0
#    Time: 0 ps  Iteration: 0  Region: /tb_top/dut/v2_core/main_cam/wr_addr_page_encode(2)
# ** Warning: NUMERIC_STD.TO_INTEGER: metavalue detected, returning 0
#    Time: 0 ps  Iteration: 0  Region: /tb_top/dut/v2_core/main_cam/wr_addr_page_encode(1)
# ** Warning: NUMERIC_STD.TO_INTEGER: metavalue detected, returning 0
#    Time: 0 ps  Iteration: 0  Region: /tb_top/dut/v2_core/main_cam/wr_addr_page_encode(0)
# UVM_INFO /data1/intelFPGA_pro/23.1/questa_fse/verilog_src/uvm-1.2/src/base/uvm_root.svh(453) @ 0: reporter [NO_DPI_TSTNAME] UVM_NO_DPI defined--getting UVM_TESTNAME directly, without DPI
# UVM_INFO @ 0: reporter [RNTST] Running test test_case_engine...
# ** Warning: NUMERIC_STD.">=": metavalue detected, returning FALSE
#    Time: 0 ps  Iteration: 1  Instance: /tb_top/dut/v2_core
# ** Warning: NUMERIC_STD.">=": metavalue detected, returning FALSE
#    Time: 0 ps  Iteration: 2  Instance: /tb_top/dut/v2_core
# ** Warning: NUMERIC_STD.">=": metavalue detected, returning FALSE
#    Time: 0 ps  Iteration: 3  Instance: /tb_top/dut/v2_core
# ** Warning: NUMERIC_STD.TO_INTEGER: metavalue detected, returning 0
#    Time: 0 ps  Iteration: 5  Region: /tb_top/dut/v2_core/main_cam/wr_addr_page_encode(15)
# ** Warning: NUMERIC_STD.TO_INTEGER: metavalue detected, returning 0
#    Time: 0 ps  Iteration: 5  Region: /tb_top/dut/v2_core/main_cam/wr_addr_page_encode(14)
# ** Warning: NUMERIC_STD.TO_INTEGER: metavalue detected, returning 0
#    Time: 0 ps  Iteration: 5  Region: /tb_top/dut/v2_core/main_cam/wr_addr_page_encode(13)
# ** Warning: NUMERIC_STD.TO_INTEGER: metavalue detected, returning 0
#    Time: 0 ps  Iteration: 5  Region: /tb_top/dut/v2_core/main_cam/wr_addr_page_encode(12)
# ** Warning: NUMERIC_STD.TO_INTEGER: metavalue detected, returning 0
#    Time: 0 ps  Iteration: 5  Region: /tb_top/dut/v2_core/main_cam/wr_addr_page_encode(11)
# ** Warning: NUMERIC_STD.TO_INTEGER: metavalue detected, returning 0
#    Time: 0 ps  Iteration: 5  Region: /tb_top/dut/v2_core/main_cam/wr_addr_page_encode(10)
# ** Warning: NUMERIC_STD.TO_INTEGER: metavalue detected, returning 0
#    Time: 0 ps  Iteration: 5  Region: /tb_top/dut/v2_core/main_cam/wr_addr_page_encode(9)
# ** Warning: NUMERIC_STD.TO_INTEGER: metavalue detected, returning 0
#    Time: 0 ps  Iteration: 5  Region: /tb_top/dut/v2_core/main_cam/wr_addr_page_encode(8)
# ** Warning: NUMERIC_STD.TO_INTEGER: metavalue detected, returning 0
#    Time: 0 ps  Iteration: 5  Region: /tb_top/dut/v2_core/main_cam/wr_addr_page_encode(7)
# ** Warning: NUMERIC_STD.TO_INTEGER: metavalue detected, returning 0
#    Time: 0 ps  Iteration: 5  Region: /tb_top/dut/v2_core/main_cam/wr_addr_page_encode(6)
# ** Warning: NUMERIC_STD.TO_INTEGER: metavalue detected, returning 0
#    Time: 0 ps  Iteration: 5  Region: /tb_top/dut/v2_core/main_cam/wr_addr_page_encode(5)
# ** Warning: NUMERIC_STD.TO_INTEGER: metavalue detected, returning 0
#    Time: 0 ps  Iteration: 5  Region: /tb_top/dut/v2_core/main_cam/wr_addr_page_encode(4)
# ** Warning: NUMERIC_STD.TO_INTEGER: metavalue detected, returning 0
#    Time: 0 ps  Iteration: 5  Region: /tb_top/dut/v2_core/main_cam/wr_addr_page_encode(3)
# ** Warning: NUMERIC_STD.TO_INTEGER: metavalue detected, returning 0
#    Time: 0 ps  Iteration: 5  Region: /tb_top/dut/v2_core/main_cam/wr_addr_page_encode(2)
# ** Warning: NUMERIC_STD.TO_INTEGER: metavalue detected, returning 0
#    Time: 0 ps  Iteration: 5  Region: /tb_top/dut/v2_core/main_cam/wr_addr_page_encode(1)
# ** Warning: NUMERIC_STD.TO_INTEGER: metavalue detected, returning 0
#    Time: 0 ps  Iteration: 5  Region: /tb_top/dut/v2_core/main_cam/wr_addr_page_encode(0)
# ** Warning: NUMERIC_STD.TO_INTEGER: metavalue detected, returning 0
#    Time: 0 ps  Iteration: 6  Region: /tb_top/dut/v2_core/main_cam/wr_addr_page_encode(15)
# ** Warning: NUMERIC_STD.TO_INTEGER: metavalue detected, returning 0
#    Time: 0 ps  Iteration: 6  Region: /tb_top/dut/v2_core/main_cam/wr_addr_page_encode(14)
# ** Warning: NUMERIC_STD.TO_INTEGER: metavalue detected, returning 0
#    Time: 0 ps  Iteration: 6  Region: /tb_top/dut/v2_core/main_cam/wr_addr_page_encode(13)
# ** Warning: NUMERIC_STD.TO_INTEGER: metavalue detected, returning 0
#    Time: 0 ps  Iteration: 6  Region: /tb_top/dut/v2_core/main_cam/wr_addr_page_encode(12)
# ** Warning: NUMERIC_STD.TO_INTEGER: metavalue detected, returning 0
#    Time: 0 ps  Iteration: 6  Region: /tb_top/dut/v2_core/main_cam/wr_addr_page_encode(11)
# ** Warning: NUMERIC_STD.TO_INTEGER: metavalue detected, returning 0
#    Time: 0 ps  Iteration: 6  Region: /tb_top/dut/v2_core/main_cam/wr_addr_page_encode(10)
# ** Warning: NUMERIC_STD.TO_INTEGER: metavalue detected, returning 0
#    Time: 0 ps  Iteration: 6  Region: /tb_top/dut/v2_core/main_cam/wr_addr_page_encode(9)
# ** Warning: NUMERIC_STD.TO_INTEGER: metavalue detected, returning 0
#    Time: 0 ps  Iteration: 6  Region: /tb_top/dut/v2_core/main_cam/wr_addr_page_encode(8)
# ** Warning: NUMERIC_STD.TO_INTEGER: metavalue detected, returning 0
#    Time: 0 ps  Iteration: 6  Region: /tb_top/dut/v2_core/main_cam/wr_addr_page_encode(7)
# ** Warning: NUMERIC_STD.TO_INTEGER: metavalue detected, returning 0
#    Time: 0 ps  Iteration: 6  Region: /tb_top/dut/v2_core/main_cam/wr_addr_page_encode(6)
# ** Warning: NUMERIC_STD.TO_INTEGER: metavalue detected, returning 0
#    Time: 0 ps  Iteration: 6  Region: /tb_top/dut/v2_core/main_cam/wr_addr_page_encode(5)
# ** Warning: NUMERIC_STD.TO_INTEGER: metavalue detected, returning 0
#    Time: 0 ps  Iteration: 6  Region: /tb_top/dut/v2_core/main_cam/wr_addr_page_encode(4)
# ** Warning: NUMERIC_STD.TO_INTEGER: metavalue detected, returning 0
#    Time: 0 ps  Iteration: 6  Region: /tb_top/dut/v2_core/main_cam/wr_addr_page_encode(3)
# ** Warning: NUMERIC_STD.TO_INTEGER: metavalue detected, returning 0
#    Time: 0 ps  Iteration: 6  Region: /tb_top/dut/v2_core/main_cam/wr_addr_page_encode(2)
# ** Warning: NUMERIC_STD.TO_INTEGER: metavalue detected, returning 0
#    Time: 0 ps  Iteration: 6  Region: /tb_top/dut/v2_core/main_cam/wr_addr_page_encode(1)
# ** Warning: NUMERIC_STD.TO_INTEGER: metavalue detected, returning 0
#    Time: 0 ps  Iteration: 6  Region: /tb_top/dut/v2_core/main_cam/wr_addr_page_encode(0)
# UVM_INFO /data1/intelFPGA_pro/23.1/questa_fse/verilog_src/uvm-1.2/src/base/uvm_traversal.svh(279) @ 0: reporter [UVM/COMP/NAMECHECK] This implementation of the component name checks requires DPI to be enabled
# ** Warning: NUMERIC_STD.">=": metavalue detected, returning FALSE
#    Time: 4 ns  Iteration: 2  Instance: /tb_top/dut/v2_core
# UVM_INFO /home/yifeng/packages/mu3e_ip_dev/mu3e-ip-cores/ring-buffer_cam/tb/uvm/base_test.sv(9571) @ 100000: uvm_test_top [CASE] CASE_BEGIN id=P021 mode=isolated
# UVM_INFO /home/yifeng/packages/mu3e_ip_dev/mu3e-ip-cores/ring-buffer_cam/tb/uvm/ctrl_driver.sv(76) @ 160116000: uvm_test_top.m_env.m_ctrl_drv [CTRL_DRV] Waiting for ctrl ready cmd=0x2 after 20000 cycles: ready=0 run_state=1 pop_state=6 flushed=0 flush_start=1 flush_done=0 flush_grant=1 flush_ram_done=1 flush_cam_done=0 flush_ram_wraddr=0 flush_cam_wraddr=78 flush_cam_wrdata=31 cam_clean=1 endofrun_seen=0 term_done=0 deassm_empty=1 deassm_usedw=0 pop_cmd_empty=1 pop_cmd_usedw=0 push=0 pop=0 overwrite=0
# UVM_INFO /home/yifeng/packages/mu3e_ip_dev/mu3e-ip-cores/ring-buffer_cam/tb/uvm/ctrl_driver.sv(76) @ 320116000: uvm_test_top.m_env.m_ctrl_drv [CTRL_DRV] Waiting for ctrl ready cmd=0x2 after 40000 cycles: ready=0 run_state=1 pop_state=6 flushed=0 flush_start=1 flush_done=0 flush_grant=1 flush_ram_done=1 flush_cam_done=0 flush_ram_wraddr=0 flush_cam_wraddr=156 flush_cam_wrdata=63 cam_clean=1 endofrun_seen=0 term_done=0 deassm_empty=1 deassm_usedw=0 pop_cmd_empty=1 pop_cmd_usedw=0 push=0 pop=0 overwrite=0
# UVM_INFO /home/yifeng/packages/mu3e_ip_dev/mu3e-ip-cores/ring-buffer_cam/tb/uvm/ctrl_driver.sv(76) @ 480116000: uvm_test_top.m_env.m_ctrl_drv [CTRL_DRV] Waiting for ctrl ready cmd=0x2 after 60000 cycles: ready=0 run_state=1 pop_state=6 flushed=0 flush_start=1 flush_done=0 flush_grant=1 flush_ram_done=1 flush_cam_done=0 flush_ram_wraddr=0 flush_cam_wraddr=234 flush_cam_wrdata=95 cam_clean=1 endofrun_seen=0 term_done=0 deassm_empty=1 deassm_usedw=0 pop_cmd_empty=1 pop_cmd_usedw=0 push=0 pop=0 overwrite=0
# UVM_INFO /home/yifeng/packages/mu3e_ip_dev/mu3e-ip-cores/ring-buffer_cam/tb/uvm/ctrl_driver.sv(76) @ 640116000: uvm_test_top.m_env.m_ctrl_drv [CTRL_DRV] Waiting for ctrl ready cmd=0x2 after 80000 cycles: ready=0 run_state=1 pop_state=6 flushed=0 flush_start=1 flush_done=0 flush_grant=1 flush_ram_done=1 flush_cam_done=0 flush_ram_wraddr=0 flush_cam_wraddr=312 flush_cam_wrdata=127 cam_clean=1 endofrun_seen=0 term_done=0 deassm_empty=1 deassm_usedw=0 pop_cmd_empty=1 pop_cmd_usedw=0 push=0 pop=0 overwrite=0
# UVM_INFO /home/yifeng/packages/mu3e_ip_dev/mu3e-ip-cores/ring-buffer_cam/tb/uvm/ctrl_driver.sv(76) @ 800116000: uvm_test_top.m_env.m_ctrl_drv [CTRL_DRV] Waiting for ctrl ready cmd=0x2 after 100000 cycles: ready=0 run_state=1 pop_state=6 flushed=0 flush_start=1 flush_done=0 flush_grant=1 flush_ram_done=1 flush_cam_done=0 flush_ram_wraddr=0 flush_cam_wraddr=390 flush_cam_wrdata=159 cam_clean=1 endofrun_seen=0 term_done=0 deassm_empty=1 deassm_usedw=0 pop_cmd_empty=1 pop_cmd_usedw=0 push=0 pop=0 overwrite=0
# UVM_INFO /home/yifeng/packages/mu3e_ip_dev/mu3e-ip-cores/ring-buffer_cam/tb/uvm/ctrl_driver.sv(76) @ 960116000: uvm_test_top.m_env.m_ctrl_drv [CTRL_DRV] Waiting for ctrl ready cmd=0x2 after 120000 cycles: ready=0 run_state=1 pop_state=6 flushed=0 flush_start=1 flush_done=0 flush_grant=1 flush_ram_done=1 flush_cam_done=0 flush_ram_wraddr=0 flush_cam_wraddr=468 flush_cam_wrdata=191 cam_clean=1 endofrun_seen=0 term_done=0 deassm_empty=1 deassm_usedw=0 pop_cmd_empty=1 pop_cmd_usedw=0 push=0 pop=0 overwrite=0
# ** Warning: NUMERIC_STD.">=": metavalue detected, returning FALSE
#    Time: 1048740 ns  Iteration: 2  Instance: /tb_top/dut/v2_core
# ** Warning: NUMERIC_STD.">=": metavalue detected, returning FALSE
#    Time: 1048740 ns  Iteration: 3  Instance: /tb_top/dut/v2_core
# ** Warning: NUMERIC_STD.TO_UNSIGNED: vector truncated
#    Time: 1092340 ns  Iteration: 2  Instance: /tb_top/dut/v2_core/pop_cmd_fifo/scfifo_component
# ** Warning: NUMERIC_STD.TO_UNSIGNED: vector truncated
#    Time: 1095412 ns  Iteration: 2  Instance: /tb_top/dut/v2_core/pop_cmd_fifo/scfifo_component
# ** Warning: NUMERIC_STD.TO_UNSIGNED: vector truncated
#    Time: 1100020 ns  Iteration: 2  Instance: /tb_top/dut/v2_core/pop_cmd_fifo/scfifo_component
# ** Warning: NUMERIC_STD.TO_UNSIGNED: vector truncated
#    Time: 1100532 ns  Iteration: 2  Instance: /tb_top/dut/v2_core/pop_cmd_fifo/scfifo_component
# ** Warning: NUMERIC_STD.TO_UNSIGNED: vector truncated
#    Time: 1125108 ns  Iteration: 2  Instance: /tb_top/dut/v2_core/pop_cmd_fifo/scfifo_component
# ** Warning: NUMERIC_STD.TO_UNSIGNED: vector truncated
#    Time: 1127156 ns  Iteration: 2  Instance: /tb_top/dut/v2_core/pop_cmd_fifo/scfifo_component
# ** Warning: NUMERIC_STD.TO_UNSIGNED: vector truncated
#    Time: 1130740 ns  Iteration: 2  Instance: /tb_top/dut/v2_core/pop_cmd_fifo/scfifo_component
# ** Warning: NUMERIC_STD.TO_UNSIGNED: vector truncated
#    Time: 1157876 ns  Iteration: 2  Instance: /tb_top/dut/v2_core/pop_cmd_fifo/scfifo_component
# ** Warning: NUMERIC_STD.TO_UNSIGNED: vector truncated
#    Time: 1159924 ns  Iteration: 2  Instance: /tb_top/dut/v2_core/pop_cmd_fifo/scfifo_component
# ** Warning: NUMERIC_STD.TO_UNSIGNED: vector truncated
#    Time: 1163508 ns  Iteration: 2  Instance: /tb_top/dut/v2_core/pop_cmd_fifo/scfifo_component
# ** Warning: NUMERIC_STD.TO_UNSIGNED: vector truncated
#    Time: 1164020 ns  Iteration: 2  Instance: /tb_top/dut/v2_core/pop_cmd_fifo/scfifo_component
# UVM_INFO /home/yifeng/packages/mu3e_ip_dev/mu3e-ip-cores/ring-buffer_cam/tb/uvm/sequences.sv(490) @ 1171756000: uvm_test_top.m_env.m_hit_seqr@@P021 latency-choice-128_profile [SEQ] P021 latency-choice-128 progress: sent=1024/4096
# ** Warning: NUMERIC_STD.TO_UNSIGNED: vector truncated
#    Time: 1190644 ns  Iteration: 2  Instance: /tb_top/dut/v2_core/pop_cmd_fifo/scfifo_component
# ** Warning: NUMERIC_STD.TO_UNSIGNED: vector truncated
#    Time: 1192692 ns  Iteration: 2  Instance: /tb_top/dut/v2_core/pop_cmd_fifo/scfifo_component
# ** Warning: NUMERIC_STD.TO_UNSIGNED: vector truncated
#    Time: 1196276 ns  Iteration: 2  Instance: /tb_top/dut/v2_core/pop_cmd_fifo/scfifo_component
# ** Warning: NUMERIC_STD.TO_UNSIGNED: vector truncated
#    Time: 1196788 ns  Iteration: 2  Instance: /tb_top/dut/v2_core/pop_cmd_fifo/scfifo_component
# ** Warning: NUMERIC_STD.TO_UNSIGNED: vector truncated
#    Time: 1223412 ns  Iteration: 2  Instance: /tb_top/dut/v2_core/pop_cmd_fifo/scfifo_component
# ** Warning: NUMERIC_STD.TO_UNSIGNED: vector truncated
#    Time: 1225460 ns  Iteration: 2  Instance: /tb_top/dut/v2_core/pop_cmd_fifo/scfifo_component
# ** Warning: NUMERIC_STD.TO_UNSIGNED: vector truncated
#    Time: 1229044 ns  Iteration: 2  Instance: /tb_top/dut/v2_core/pop_cmd_fifo/scfifo_component
# ** Warning: NUMERIC_STD.TO_UNSIGNED: vector truncated
#    Time: 1229556 ns  Iteration: 2  Instance: /tb_top/dut/v2_core/pop_cmd_fifo/scfifo_component
# ** Warning: NUMERIC_STD.TO_UNSIGNED: vector truncated
#    Time: 1256180 ns  Iteration: 2  Instance: /tb_top/dut/v2_core/pop_cmd_fifo/scfifo_component
# ** Warning: NUMERIC_STD.TO_UNSIGNED: vector truncated
#    Time: 1258228 ns  Iteration: 2  Instance: /tb_top/dut/v2_core/pop_cmd_fifo/scfifo_component
# ** Warning: NUMERIC_STD.TO_UNSIGNED: vector truncated
#    Time: 1261812 ns  Iteration: 2  Instance: /tb_top/dut/v2_core/pop_cmd_fifo/scfifo_component
# ** Warning: NUMERIC_STD.TO_UNSIGNED: vector truncated
#    Time: 1262324 ns  Iteration: 2  Instance: /tb_top/dut/v2_core/pop_cmd_fifo/scfifo_component
# ** Warning: NUMERIC_STD.TO_UNSIGNED: vector truncated
#    Time: 1288948 ns  Iteration: 2  Instance: /tb_top/dut/v2_core/pop_cmd_fifo/scfifo_component
# ** Warning: NUMERIC_STD.TO_UNSIGNED: vector truncated
#    Time: 1290996 ns  Iteration: 2  Instance: /tb_top/dut/v2_core/pop_cmd_fifo/scfifo_component
# ** Warning: NUMERIC_STD.TO_UNSIGNED: vector truncated
#    Time: 1294580 ns  Iteration: 2  Instance: /tb_top/dut/v2_core/pop_cmd_fifo/scfifo_component
# UVM_INFO /home/yifeng/packages/mu3e_ip_dev/mu3e-ip-cores/ring-buffer_cam/tb/uvm/sequences.sv(490) @ 1294636000: uvm_test_top.m_env.m_hit_seqr@@P021 latency-choice-128_profile [SEQ] P021 latency-choice-128 progress: sent=2048/4096
# ** Warning: NUMERIC_STD.TO_UNSIGNED: vector truncated
#    Time: 1295092 ns  Iteration: 2  Instance: /tb_top/dut/v2_core/pop_cmd_fifo/scfifo_component
# ** Warning: NUMERIC_STD.TO_UNSIGNED: vector truncated
#    Time: 1321716 ns  Iteration: 2  Instance: /tb_top/dut/v2_core/pop_cmd_fifo/scfifo_component
# ** Warning: NUMERIC_STD.TO_UNSIGNED: vector truncated
#    Time: 1323764 ns  Iteration: 2  Instance: /tb_top/dut/v2_core/pop_cmd_fifo/scfifo_component
# ** Warning: NUMERIC_STD.TO_UNSIGNED: vector truncated
#    Time: 1327348 ns  Iteration: 2  Instance: /tb_top/dut/v2_core/pop_cmd_fifo/scfifo_component
# ** Warning: NUMERIC_STD.TO_UNSIGNED: vector truncated
#    Time: 1327860 ns  Iteration: 2  Instance: /tb_top/dut/v2_core/pop_cmd_fifo/scfifo_component
# ** Warning: NUMERIC_STD.TO_UNSIGNED: vector truncated
#    Time: 1354484 ns  Iteration: 2  Instance: /tb_top/dut/v2_core/pop_cmd_fifo/scfifo_component
# ** Warning: NUMERIC_STD.TO_UNSIGNED: vector truncated
#    Time: 1356532 ns  Iteration: 2  Instance: /tb_top/dut/v2_core/pop_cmd_fifo/scfifo_component
# ** Warning: NUMERIC_STD.TO_UNSIGNED: vector truncated
#    Time: 1360116 ns  Iteration: 2  Instance: /tb_top/dut/v2_core/pop_cmd_fifo/scfifo_component
# ** Warning: NUMERIC_STD.TO_UNSIGNED: vector truncated
#    Time: 1360628 ns  Iteration: 2  Instance: /tb_top/dut/v2_core/pop_cmd_fifo/scfifo_component
# ** Warning: NUMERIC_STD.TO_UNSIGNED: vector truncated
#    Time: 1387252 ns  Iteration: 2  Instance: /tb_top/dut/v2_core/pop_cmd_fifo/scfifo_component
# ** Warning: NUMERIC_STD.TO_UNSIGNED: vector truncated
#    Time: 1389300 ns  Iteration: 2  Instance: /tb_top/dut/v2_core/pop_cmd_fifo/scfifo_component
# ** Warning: NUMERIC_STD.TO_UNSIGNED: vector truncated
#    Time: 1392884 ns  Iteration: 2  Instance: /tb_top/dut/v2_core/pop_cmd_fifo/scfifo_component
# ** Warning: NUMERIC_STD.TO_UNSIGNED: vector truncated
#    Time: 1393396 ns  Iteration: 2  Instance: /tb_top/dut/v2_core/pop_cmd_fifo/scfifo_component
# UVM_INFO /home/yifeng/packages/mu3e_ip_dev/mu3e-ip-cores/ring-buffer_cam/tb/uvm/sequences.sv(490) @ 1417516000: uvm_test_top.m_env.m_hit_seqr@@P021 latency-choice-128_profile [SEQ] P021 latency-choice-128 progress: sent=3072/4096
# ** Warning: NUMERIC_STD.TO_UNSIGNED: vector truncated
#    Time: 1420020 ns  Iteration: 2  Instance: /tb_top/dut/v2_core/pop_cmd_fifo/scfifo_component
# ** Warning: NUMERIC_STD.TO_UNSIGNED: vector truncated
#    Time: 1422068 ns  Iteration: 2  Instance: /tb_top/dut/v2_core/pop_cmd_fifo/scfifo_component
# ** Warning: NUMERIC_STD.TO_UNSIGNED: vector truncated
#    Time: 1425652 ns  Iteration: 2  Instance: /tb_top/dut/v2_core/pop_cmd_fifo/scfifo_component
# ** Warning: NUMERIC_STD.TO_UNSIGNED: vector truncated
#    Time: 1426164 ns  Iteration: 2  Instance: /tb_top/dut/v2_core/pop_cmd_fifo/scfifo_component
# ** Warning: NUMERIC_STD.TO_UNSIGNED: vector truncated
#    Time: 1452788 ns  Iteration: 2  Instance: /tb_top/dut/v2_core/pop_cmd_fifo/scfifo_component
# ** Warning: NUMERIC_STD.TO_UNSIGNED: vector truncated
#    Time: 1454836 ns  Iteration: 2  Instance: /tb_top/dut/v2_core/pop_cmd_fifo/scfifo_component
# ** Warning: NUMERIC_STD.TO_UNSIGNED: vector truncated
#    Time: 1458420 ns  Iteration: 2  Instance: /tb_top/dut/v2_core/pop_cmd_fifo/scfifo_component
# ** Warning: NUMERIC_STD.TO_UNSIGNED: vector truncated
#    Time: 1458932 ns  Iteration: 2  Instance: /tb_top/dut/v2_core/pop_cmd_fifo/scfifo_component
# ** Warning: NUMERIC_STD.TO_UNSIGNED: vector truncated
#    Time: 1485556 ns  Iteration: 2  Instance: /tb_top/dut/v2_core/pop_cmd_fifo/scfifo_component
# ** Warning: NUMERIC_STD.TO_UNSIGNED: vector truncated
#    Time: 1487604 ns  Iteration: 2  Instance: /tb_top/dut/v2_core/pop_cmd_fifo/scfifo_component
# ** Warning: NUMERIC_STD.TO_UNSIGNED: vector truncated
#    Time: 1491188 ns  Iteration: 2  Instance: /tb_top/dut/v2_core/pop_cmd_fifo/scfifo_component
# ** Warning: NUMERIC_STD.TO_UNSIGNED: vector truncated
#    Time: 1491700 ns  Iteration: 2  Instance: /tb_top/dut/v2_core/pop_cmd_fifo/scfifo_component
# ** Warning: NUMERIC_STD.TO_UNSIGNED: vector truncated
#    Time: 1518324 ns  Iteration: 2  Instance: /tb_top/dut/v2_core/pop_cmd_fifo/scfifo_component
# ** Warning: NUMERIC_STD.TO_UNSIGNED: vector truncated
#    Time: 1520372 ns  Iteration: 2  Instance: /tb_top/dut/v2_core/pop_cmd_fifo/scfifo_component
# ** Warning: NUMERIC_STD.TO_UNSIGNED: vector truncated
#    Time: 1523956 ns  Iteration: 2  Instance: /tb_top/dut/v2_core/pop_cmd_fifo/scfifo_component
# ** Warning: NUMERIC_STD.TO_UNSIGNED: vector truncated
#    Time: 1524468 ns  Iteration: 2  Instance: /tb_top/dut/v2_core/pop_cmd_fifo/scfifo_component
# UVM_INFO /home/yifeng/packages/mu3e_ip_dev/mu3e-ip-cores/ring-buffer_cam/tb/uvm/sequences.sv(490) @ 1540396000: uvm_test_top.m_env.m_hit_seqr@@P021 latency-choice-128_profile [SEQ] P021 latency-choice-128 progress: sent=4096/4096
# UVM_INFO /home/yifeng/packages/mu3e_ip_dev/mu3e-ip-cores/ring-buffer_cam/tb/uvm/sequences.sv(502) @ 1540516000: uvm_test_top.m_env.m_hit_seqr@@P021 latency-choice-128_profile [SEQ] P021 latency-choice-128 completed: sent=4096/4096
# ** Warning: NUMERIC_STD.TO_UNSIGNED: vector truncated
#    Time: 1551092 ns  Iteration: 2  Instance: /tb_top/dut/v2_core/pop_cmd_fifo/scfifo_component
# ** Warning: NUMERIC_STD.TO_UNSIGNED: vector truncated
#    Time: 1551604 ns  Iteration: 2  Instance: /tb_top/dut/v2_core/pop_cmd_fifo/scfifo_component
# ** Warning: NUMERIC_STD.TO_UNSIGNED: vector truncated
#    Time: 1554164 ns  Iteration: 2  Instance: /tb_top/dut/v2_core/pop_cmd_fifo/scfifo_component
# UVM_INFO /home/yifeng/packages/mu3e_ip_dev/mu3e-ip-cores/ring-buffer_cam/tb/uvm/base_test.sv(4211) @ 1569748000: uvm_test_top [PROF] P021 latency-choice-128 summary: latency=128 num_hits=4096 pool_keys=4 gap=15 rand_gap=[0,0] bernoulli=0/0 burst=0/0 sink_mode=0 push=4096 pop=4096 overwrite=0 cache_miss=0 max_live_fill=270 max_remaining=270 data_subheaders=64 pushes_before_first_pop=19 sink_low_cycles=0
# UVM_INFO /home/yifeng/packages/mu3e_ip_dev/mu3e-ip-cores/ring-buffer_cam/tb/uvm/base_test.sv(9573) @ 1569748000: uvm_test_top [CASE] CASE_END id=P021 mode=isolated
# UVM_INFO /data1/intelFPGA_pro/23.1/questa_fse/verilog_src/uvm-1.2/src/base/uvm_objection.svh(1270) @ 1569748000: reporter [TEST_DONE] 'run' phase is ready to proceed to the 'extract' phase
# UVM_INFO /home/yifeng/packages/mu3e_ip_dev/mu3e-ip-cores/ring-buffer_cam/tb/uvm/coverage.sv(88) @ 1569748000: uvm_test_top.m_env.m_cov [COV] cg_output=91.2% cg_hit_data=68.8%
# UVM_INFO /home/yifeng/packages/mu3e_ip_dev/mu3e-ip-cores/ring-buffer_cam/tb/uvm/scoreboard.sv(505) @ 1569748000: uvm_test_top.m_env.m_scb [SCB] Summary: pushed=4096 popped=4096 remaining=0 pending_drain=0 overlap_evicted=0 overlap_fallback=0 overwrites=0 unexpected=0 subheaders=881 zero_hit_subheaders=817 accepted=4096 cache_miss_outputs=0
# UVM_INFO /home/yifeng/packages/mu3e_ip_dev/mu3e-ip-cores/ring-buffer_cam/tb/uvm/scoreboard.sv(513) @ 1569748000: uvm_test_top.m_env.m_scb [SCB] Pressure: max_remaining=270 ring_depth=512
# UVM_INFO /home/yifeng/packages/mu3e_ip_dev/mu3e-ip-cores/ring-buffer_cam/tb/uvm/base_test.sv(9280) @ 1569748000: uvm_test_top [TEST] *** TEST PASSED ***
# UVM_INFO /data1/intelFPGA_pro/23.1/questa_fse/verilog_src/uvm-1.2/src/base/uvm_report_server.svh(847) @ 1569748000: reporter [UVM/REPORT/SERVER] 
# --- UVM Report Summary ---
# 
# ** Report counts by severity
# UVM_INFO :   23
# UVM_WARNING :    0
# UVM_ERROR :    0
# UVM_FATAL :    0
# ** Report counts by id
# [CASE]     2
# [COV]     1
# [CTRL_DRV]     6
# [NO_DPI_TSTNAME]     1
# [PROF]     1
# [RNTST]     1
# [SCB]     2
# [SEQ]     5
# [TEST]     1
# [TEST_DONE]     1
# [UVM/COMP/NAMECHECK]     1
# [UVM/RELNOTES]     1
# 
# ** Note: $finish    : /data1/intelFPGA_pro/23.1/questa_fse/verilog_src/uvm-1.2/src/base/uvm_root.svh(517)
#    Time: 1569748 ns  Iteration: 75  Instance: /tb_top
# End time: 12:04:05 on Apr 20,2026, Elapsed time: 0:01:08
# Errors: 0, Warnings: 115
