Reading pref.tcl
# ** Warning: (vsim-222) -modelsimini will be deprecated in future releases. Please use -ini instead.

# 2026.1_1

# ** Warning: (vsim-222) -modelsimini will be deprecated in future releases. Please use -ini instead.
# ** Note: (vsim-220) 'modelsim.ini' is used as the ini file.
# vsim -modelsimini modelsim.ini -c -quiet -coverage -dpicpppath /usr/bin/gcc -sv_lib /data1/questaone_sim/questasim/uvm-1.2/linux_x86_64/uvm_dpi -usenonstdcoveragesavesysf -sv_seed 1 "+UVM_TESTNAME=test_case_engine" "+UVM_VERBOSITY=UVM_MEDIUM" "+DV_TB_DIR=/home/yifeng/packages/mu3e_ip_dev/mu3e-ip-cores/ring-buffer_cam/tb" "+DV_SEED=1" "+DV_EXEC_MODE=isolated" "+DV_CASE_ID=P086" -suppress 19 -suppress 3009 -voptargs="+acc" work.tb_top -do "coverage save -onexit /home/yifeng/packages/mu3e_ip_dev/mu3e-ip-cores/ring-buffer_cam/tb/uvm/cov_default_p2_pipe4/P086_s1.ucdb; run -all; quit -f" -gG_ENCODER_LEAF_WIDTH=16 -gG_N_PARTITIONS=2 -gG_INTERLEAVING_FACTOR=4 -gG_DEBUG=1 -gG_ENCODER_PIPE_STAGES=4 -gG_INTERLEAVING_INDEX=0 -gG_RING_BUFFER_N_ENTRY=512 
# Start time: 12:20:23 on Apr 22,2026
# ** Note: (vsim-8009) Loading existing optimized design _opt
# //  Questa Sim-64
# //  Version 2026.1_1 linux_x86_64 Mar  2 2026
# //
# // Unpublished work. Copyright 2026 Siemens
# //
# // This material contains trade secrets or otherwise confidential information
# // owned by Siemens Industry Software Inc. or its affiliates (collectively,
# // "SISW"), or its licensors. Access to and use of this information is strictly
# // limited as set forth in the Customer's applicable agreements with SISW.
# //
# // This material may not be copied, distributed, or otherwise disclosed outside
# // of the Customer's facilities without the express written permission of SISW,
# // and may not be used in any way not expressly authorized by SISW.
# //
# ** Note: (vsim-8785) UVM-aware debugging capabilities will be disabled since no compiled "questa_uvm_pkg" can be found.
# This also means that later if you turn on UVM-aware debugging your debug simulations may have
# different random seeds from your non-debug simulations.
# coverage save -onexit /home/yifeng/packages/mu3e_ip_dev/mu3e-ip-cores/ring-buffer_cam/tb/uvm/cov_default_p2_pipe4/P086_s1.ucdb
#  run -all
# UVM_INFO /data1/questaone_sim/questasim/verilog_src/uvm-1.2/src/base/uvm_root.svh(392) @ 0: reporter [UVM/RELNOTES] 
# ----------------------------------------------------------------
# UVM-1.2
# (C) 2007-2014 Mentor Graphics Corporation
# (C) 2007-2014 Cadence Design Systems, Inc.
# (C) 2006-2014 Synopsys, Inc.
# (C) 2011-2013 Cypress Semiconductor Corp.
# (C) 2013-2014 NVIDIA Corporation
# ----------------------------------------------------------------
# 
#   ***********       IMPORTANT RELEASE NOTES         ************
# 
#   You are using a version of the UVM library that has been compiled
#   with `UVM_NO_DEPRECATED undefined.
#   See http://www.eda.org/svdb/view.php?id=3313 for more details.
# 
#   You are using a version of the UVM library that has been compiled
#   with `UVM_OBJECT_DO_NOT_NEED_CONSTRUCTOR undefined.
#   See http://www.eda.org/svdb/view.php?id=3770 for more details.
# 
#       (Specify +UVM_NO_RELNOTES to turn off this notice)
# 
# ** Warning: NUMERIC_STD.">=": metavalue detected, returning FALSE
#    Time: 0 ps  Iteration: 0  Instance: /tb_top/dut/v2_core
# ** Warning: NUMERIC_STD.TO_INTEGER: metavalue detected, returning 0
#    Time: 0 ps  Iteration: 0  Instance: /tb_top/dut/v2_core
# ** Warning: NUMERIC_STD.TO_INTEGER: metavalue detected, returning 0
#    Time: 0 ps  Iteration: 0  Region: /tb_top/dut/v2_core/main_cam/wr_addr_page_encode(15)
# ** Warning: NUMERIC_STD.TO_INTEGER: metavalue detected, returning 0
#    Time: 0 ps  Iteration: 0  Region: /tb_top/dut/v2_core/main_cam/wr_addr_page_encode(14)
# ** Warning: NUMERIC_STD.TO_INTEGER: metavalue detected, returning 0
#    Time: 0 ps  Iteration: 0  Region: /tb_top/dut/v2_core/main_cam/wr_addr_page_encode(13)
# ** Warning: NUMERIC_STD.TO_INTEGER: metavalue detected, returning 0
#    Time: 0 ps  Iteration: 0  Region: /tb_top/dut/v2_core/main_cam/wr_addr_page_encode(12)
# ** Warning: NUMERIC_STD.TO_INTEGER: metavalue detected, returning 0
#    Time: 0 ps  Iteration: 0  Region: /tb_top/dut/v2_core/main_cam/wr_addr_page_encode(11)
# ** Warning: NUMERIC_STD.TO_INTEGER: metavalue detected, returning 0
#    Time: 0 ps  Iteration: 0  Region: /tb_top/dut/v2_core/main_cam/wr_addr_page_encode(10)
# ** Warning: NUMERIC_STD.TO_INTEGER: metavalue detected, returning 0
#    Time: 0 ps  Iteration: 0  Region: /tb_top/dut/v2_core/main_cam/wr_addr_page_encode(9)
# ** Warning: NUMERIC_STD.TO_INTEGER: metavalue detected, returning 0
#    Time: 0 ps  Iteration: 0  Region: /tb_top/dut/v2_core/main_cam/wr_addr_page_encode(8)
# ** Warning: NUMERIC_STD.TO_INTEGER: metavalue detected, returning 0
#    Time: 0 ps  Iteration: 0  Region: /tb_top/dut/v2_core/main_cam/wr_addr_page_encode(7)
# ** Warning: NUMERIC_STD.TO_INTEGER: metavalue detected, returning 0
#    Time: 0 ps  Iteration: 0  Region: /tb_top/dut/v2_core/main_cam/wr_addr_page_encode(6)
# ** Warning: NUMERIC_STD.TO_INTEGER: metavalue detected, returning 0
#    Time: 0 ps  Iteration: 0  Region: /tb_top/dut/v2_core/main_cam/wr_addr_page_encode(5)
# ** Warning: NUMERIC_STD.TO_INTEGER: metavalue detected, returning 0
#    Time: 0 ps  Iteration: 0  Region: /tb_top/dut/v2_core/main_cam/wr_addr_page_encode(4)
# ** Warning: NUMERIC_STD.TO_INTEGER: metavalue detected, returning 0
#    Time: 0 ps  Iteration: 0  Region: /tb_top/dut/v2_core/main_cam/wr_addr_page_encode(3)
# ** Warning: NUMERIC_STD.TO_INTEGER: metavalue detected, returning 0
#    Time: 0 ps  Iteration: 0  Region: /tb_top/dut/v2_core/main_cam/wr_addr_page_encode(2)
# ** Warning: NUMERIC_STD.TO_INTEGER: metavalue detected, returning 0
#    Time: 0 ps  Iteration: 0  Region: /tb_top/dut/v2_core/main_cam/wr_addr_page_encode(1)
# ** Warning: NUMERIC_STD.TO_INTEGER: metavalue detected, returning 0
#    Time: 0 ps  Iteration: 0  Region: /tb_top/dut/v2_core/main_cam/wr_addr_page_encode(0)
# UVM_INFO @ 0: reporter [RNTST] Running test test_case_engine...
# ** Warning: NUMERIC_STD.">=": metavalue detected, returning FALSE
#    Time: 0 ps  Iteration: 1  Instance: /tb_top/dut/v2_core
# ** Warning: NUMERIC_STD.">=": metavalue detected, returning FALSE
#    Time: 0 ps  Iteration: 2  Instance: /tb_top/dut/v2_core
# ** Warning: NUMERIC_STD.">=": metavalue detected, returning FALSE
#    Time: 0 ps  Iteration: 3  Instance: /tb_top/dut/v2_core
# ** Warning: NUMERIC_STD.">=": metavalue detected, returning FALSE
#    Time: 4 ns  Iteration: 2  Instance: /tb_top/dut/v2_core
# UVM_INFO /home/yifeng/packages/mu3e_ip_dev/mu3e-ip-cores/ring-buffer_cam/tb/uvm/base_test.sv(15998) @ 100000: uvm_test_top [CASE] CASE_BEGIN id=P086 mode=isolated
# UVM_INFO /home/yifeng/packages/mu3e_ip_dev/mu3e-ip-cores/ring-buffer_cam/tb/uvm/ctrl_driver.sv(76) @ 160116000: uvm_test_top.m_env.m_ctrl_drv [CTRL_DRV] Waiting for ctrl ready cmd=0x2 after 20000 cycles: ready=0 run_state=1 pop_state=6 flushed=0 flush_start=1 flush_done=0 flush_grant=1 flush_ram_done=1 flush_cam_done=0 flush_ram_wraddr=0 flush_cam_wraddr=78 flush_cam_wrdata=31 cam_clean=1 endofrun_seen=0 term_done=0 deassm_empty=1 deassm_usedw=0 pop_cmd_empty=1 pop_cmd_usedw=0 push=0 pop=0 overwrite=0
# UVM_INFO /home/yifeng/packages/mu3e_ip_dev/mu3e-ip-cores/ring-buffer_cam/tb/uvm/ctrl_driver.sv(76) @ 320116000: uvm_test_top.m_env.m_ctrl_drv [CTRL_DRV] Waiting for ctrl ready cmd=0x2 after 40000 cycles: ready=0 run_state=1 pop_state=6 flushed=0 flush_start=1 flush_done=0 flush_grant=1 flush_ram_done=1 flush_cam_done=0 flush_ram_wraddr=0 flush_cam_wraddr=156 flush_cam_wrdata=63 cam_clean=1 endofrun_seen=0 term_done=0 deassm_empty=1 deassm_usedw=0 pop_cmd_empty=1 pop_cmd_usedw=0 push=0 pop=0 overwrite=0
# UVM_INFO /home/yifeng/packages/mu3e_ip_dev/mu3e-ip-cores/ring-buffer_cam/tb/uvm/ctrl_driver.sv(76) @ 480116000: uvm_test_top.m_env.m_ctrl_drv [CTRL_DRV] Waiting for ctrl ready cmd=0x2 after 60000 cycles: ready=0 run_state=1 pop_state=6 flushed=0 flush_start=1 flush_done=0 flush_grant=1 flush_ram_done=1 flush_cam_done=0 flush_ram_wraddr=0 flush_cam_wraddr=234 flush_cam_wrdata=95 cam_clean=1 endofrun_seen=0 term_done=0 deassm_empty=1 deassm_usedw=0 pop_cmd_empty=1 pop_cmd_usedw=0 push=0 pop=0 overwrite=0
# UVM_INFO /home/yifeng/packages/mu3e_ip_dev/mu3e-ip-cores/ring-buffer_cam/tb/uvm/ctrl_driver.sv(76) @ 640116000: uvm_test_top.m_env.m_ctrl_drv [CTRL_DRV] Waiting for ctrl ready cmd=0x2 after 80000 cycles: ready=0 run_state=1 pop_state=6 flushed=0 flush_start=1 flush_done=0 flush_grant=1 flush_ram_done=1 flush_cam_done=0 flush_ram_wraddr=0 flush_cam_wraddr=312 flush_cam_wrdata=127 cam_clean=1 endofrun_seen=0 term_done=0 deassm_empty=1 deassm_usedw=0 pop_cmd_empty=1 pop_cmd_usedw=0 push=0 pop=0 overwrite=0
# UVM_INFO /home/yifeng/packages/mu3e_ip_dev/mu3e-ip-cores/ring-buffer_cam/tb/uvm/ctrl_driver.sv(76) @ 800116000: uvm_test_top.m_env.m_ctrl_drv [CTRL_DRV] Waiting for ctrl ready cmd=0x2 after 100000 cycles: ready=0 run_state=1 pop_state=6 flushed=0 flush_start=1 flush_done=0 flush_grant=1 flush_ram_done=1 flush_cam_done=0 flush_ram_wraddr=0 flush_cam_wraddr=390 flush_cam_wrdata=159 cam_clean=1 endofrun_seen=0 term_done=0 deassm_empty=1 deassm_usedw=0 pop_cmd_empty=1 pop_cmd_usedw=0 push=0 pop=0 overwrite=0
# UVM_INFO /home/yifeng/packages/mu3e_ip_dev/mu3e-ip-cores/ring-buffer_cam/tb/uvm/ctrl_driver.sv(76) @ 960116000: uvm_test_top.m_env.m_ctrl_drv [CTRL_DRV] Waiting for ctrl ready cmd=0x2 after 120000 cycles: ready=0 run_state=1 pop_state=6 flushed=0 flush_start=1 flush_done=0 flush_grant=1 flush_ram_done=1 flush_cam_done=0 flush_ram_wraddr=0 flush_cam_wraddr=468 flush_cam_wrdata=191 cam_clean=1 endofrun_seen=0 term_done=0 deassm_empty=1 deassm_usedw=0 pop_cmd_empty=1 pop_cmd_usedw=0 push=0 pop=0 overwrite=0
# ** Warning: NUMERIC_STD.">=": metavalue detected, returning FALSE
#    Time: 1048740 ns  Iteration: 2  Instance: /tb_top/dut/v2_core
# ** Warning: NUMERIC_STD.">=": metavalue detected, returning FALSE
#    Time: 1048740 ns  Iteration: 3  Instance: /tb_top/dut/v2_core
# UVM_INFO /home/yifeng/packages/mu3e_ip_dev/mu3e-ip-cores/ring-buffer_cam/tb/uvm/out_monitor.sv(146) @ 1051428000: uvm_test_top.m_env.m_out_mon [OUT_MON] Throughput: 5 hits in 26 cycles (19.2%)
# UVM_INFO /home/yifeng/packages/mu3e_ip_dev/mu3e-ip-cores/ring-buffer_cam/tb/uvm/out_monitor.sv(146) @ 1051980000: uvm_test_top.m_env.m_out_mon [OUT_MON] Throughput: 5 hits in 26 cycles (19.2%)
# UVM_INFO /home/yifeng/packages/mu3e_ip_dev/mu3e-ip-cores/ring-buffer_cam/tb/uvm/out_monitor.sv(146) @ 1052580000: uvm_test_top.m_env.m_out_mon [OUT_MON] Throughput: 6 hits in 32 cycles (18.8%)
# UVM_INFO /home/yifeng/packages/mu3e_ip_dev/mu3e-ip-cores/ring-buffer_cam/tb/uvm/out_monitor.sv(146) @ 1053084000: uvm_test_top.m_env.m_out_mon [OUT_MON] Throughput: 4 hits in 20 cycles (20.0%)
# UVM_INFO /home/yifeng/packages/mu3e_ip_dev/mu3e-ip-cores/ring-buffer_cam/tb/uvm/out_monitor.sv(146) @ 1086692000: uvm_test_top.m_env.m_out_mon [OUT_MON] Throughput: 76 hits in 338 cycles (22.5%)
# UVM_INFO /home/yifeng/packages/mu3e_ip_dev/mu3e-ip-cores/ring-buffer_cam/tb/uvm/out_monitor.sv(146) @ 1089692000: uvm_test_top.m_env.m_out_mon [OUT_MON] Throughput: 78 hits in 332 cycles (23.5%)
# UVM_INFO /home/yifeng/packages/mu3e_ip_dev/mu3e-ip-cores/ring-buffer_cam/tb/uvm/out_monitor.sv(146) @ 1092692000: uvm_test_top.m_env.m_out_mon [OUT_MON] Throughput: 78 hits in 332 cycles (23.5%)
# UVM_INFO /home/yifeng/packages/mu3e_ip_dev/mu3e-ip-cores/ring-buffer_cam/tb/uvm/out_monitor.sv(146) @ 1096220000: uvm_test_top.m_env.m_out_mon [OUT_MON] Throughput: 88 hits in 398 cycles (22.1%)
# UVM_INFO /home/yifeng/packages/mu3e_ip_dev/mu3e-ip-cores/ring-buffer_cam/tb/uvm/out_monitor.sv(146) @ 1118756000: uvm_test_top.m_env.m_out_mon [OUT_MON] Throughput: 82 hits in 250 cycles (32.8%)
# UVM_INFO /home/yifeng/packages/mu3e_ip_dev/mu3e-ip-cores/ring-buffer_cam/tb/uvm/out_monitor.sv(146) @ 1121388000: uvm_test_top.m_env.m_out_mon [OUT_MON] Throughput: 82 hits in 286 cycles (28.7%)
# UVM_INFO /home/yifeng/packages/mu3e_ip_dev/mu3e-ip-cores/ring-buffer_cam/tb/uvm/out_monitor.sv(146) @ 1123972000: uvm_test_top.m_env.m_out_mon [OUT_MON] Throughput: 81 hits in 280 cycles (28.9%)
# UVM_INFO /home/yifeng/packages/mu3e_ip_dev/mu3e-ip-cores/ring-buffer_cam/tb/uvm/out_monitor.sv(146) @ 1125980000: uvm_test_top.m_env.m_out_mon [OUT_MON] Throughput: 69 hits in 208 cycles (33.2%)
# UVM_INFO /home/yifeng/packages/mu3e_ip_dev/mu3e-ip-cores/ring-buffer_cam/tb/uvm/out_monitor.sv(146) @ 1151572000: uvm_test_top.m_env.m_out_mon [OUT_MON] Throughput: 72 hits in 256 cycles (28.1%)
# UVM_INFO /home/yifeng/packages/mu3e_ip_dev/mu3e-ip-cores/ring-buffer_cam/tb/uvm/out_monitor.sv(146) @ 1154588000: uvm_test_top.m_env.m_out_mon [OUT_MON] Throughput: 84 hits in 334 cycles (25.1%)
# UVM_INFO /home/yifeng/packages/mu3e_ip_dev/mu3e-ip-cores/ring-buffer_cam/tb/uvm/out_monitor.sv(146) @ 1157556000: uvm_test_top.m_env.m_out_mon [OUT_MON] Throughput: 84 hits in 328 cycles (25.6%)
# UVM_INFO /home/yifeng/packages/mu3e_ip_dev/mu3e-ip-cores/ring-buffer_cam/tb/uvm/out_monitor.sv(146) @ 1160140000: uvm_test_top.m_env.m_out_mon [OUT_MON] Throughput: 75 hits in 280 cycles (26.8%)
# UVM_INFO /home/yifeng/packages/mu3e_ip_dev/mu3e-ip-cores/ring-buffer_cam/tb/uvm/out_monitor.sv(146) @ 1185332000: uvm_test_top.m_env.m_out_mon [OUT_MON] Throughput: 80 hits in 380 cycles (21.1%)
# UVM_INFO /home/yifeng/packages/mu3e_ip_dev/mu3e-ip-cores/ring-buffer_cam/tb/uvm/out_monitor.sv(146) @ 1188572000: uvm_test_top.m_env.m_out_mon [OUT_MON] Throughput: 77 hits in 362 cycles (21.3%)
# UVM_INFO /home/yifeng/packages/mu3e_ip_dev/mu3e-ip-cores/ring-buffer_cam/tb/uvm/out_monitor.sv(146) @ 1191764000: uvm_test_top.m_env.m_out_mon [OUT_MON] Throughput: 78 hits in 356 cycles (21.9%)
# UVM_INFO /home/yifeng/packages/mu3e_ip_dev/mu3e-ip-cores/ring-buffer_cam/tb/uvm/out_monitor.sv(146) @ 1195484000: uvm_test_top.m_env.m_out_mon [OUT_MON] Throughput: 79 hits in 422 cycles (18.7%)
# UVM_INFO /home/yifeng/packages/mu3e_ip_dev/mu3e-ip-cores/ring-buffer_cam/tb/uvm/out_monitor.sv(146) @ 1218596000: uvm_test_top.m_env.m_out_mon [OUT_MON] Throughput: 78 hits in 442 cycles (17.6%)
# UVM_INFO /home/yifeng/packages/mu3e_ip_dev/mu3e-ip-cores/ring-buffer_cam/tb/uvm/out_monitor.sv(146) @ 1221900000: uvm_test_top.m_env.m_out_mon [OUT_MON] Throughput: 69 hits in 370 cycles (18.6%)
# UVM_INFO /home/yifeng/packages/mu3e_ip_dev/mu3e-ip-cores/ring-buffer_cam/tb/uvm/out_monitor.sv(146) @ 1225156000: uvm_test_top.m_env.m_out_mon [OUT_MON] Throughput: 69 hits in 364 cycles (19.0%)
# UVM_INFO /home/yifeng/packages/mu3e_ip_dev/mu3e-ip-cores/ring-buffer_cam/tb/uvm/out_monitor.sv(146) @ 1228172000: uvm_test_top.m_env.m_out_mon [OUT_MON] Throughput: 64 hits in 334 cycles (19.2%)
# UVM_INFO /home/yifeng/packages/mu3e_ip_dev/mu3e-ip-cores/ring-buffer_cam/tb/uvm/out_monitor.sv(146) @ 1250628000: uvm_test_top.m_env.m_out_mon [OUT_MON] Throughput: 80 hits in 350 cycles (22.9%)
# UVM_INFO /home/yifeng/packages/mu3e_ip_dev/mu3e-ip-cores/ring-buffer_cam/tb/uvm/out_monitor.sv(146) @ 1253868000: uvm_test_top.m_env.m_out_mon [OUT_MON] Throughput: 75 hits in 362 cycles (20.7%)
# UVM_INFO /home/yifeng/packages/mu3e_ip_dev/mu3e-ip-cores/ring-buffer_cam/tb/uvm/out_monitor.sv(146) @ 1257060000: uvm_test_top.m_env.m_out_mon [OUT_MON] Throughput: 74 hits in 356 cycles (20.8%)
# UVM_INFO /home/yifeng/packages/mu3e_ip_dev/mu3e-ip-cores/ring-buffer_cam/tb/uvm/out_monitor.sv(146) @ 1259724000: uvm_test_top.m_env.m_out_mon [OUT_MON] Throughput: 64 hits in 290 cycles (22.1%)
# UVM_INFO /home/yifeng/packages/mu3e_ip_dev/mu3e-ip-cores/ring-buffer_cam/tb/uvm/out_monitor.sv(146) @ 1282644000: uvm_test_top.m_env.m_out_mon [OUT_MON] Throughput: 82 hits in 256 cycles (32.0%)
# UVM_INFO /home/yifeng/packages/mu3e_ip_dev/mu3e-ip-cores/ring-buffer_cam/tb/uvm/out_monitor.sv(146) @ 1285324000: uvm_test_top.m_env.m_out_mon [OUT_MON] Throughput: 79 hits in 292 cycles (27.1%)
# UVM_INFO /home/yifeng/packages/mu3e_ip_dev/mu3e-ip-cores/ring-buffer_cam/tb/uvm/out_monitor.sv(146) @ 1288052000: uvm_test_top.m_env.m_out_mon [OUT_MON] Throughput: 80 hits in 298 cycles (26.8%)
# UVM_INFO /home/yifeng/packages/mu3e_ip_dev/mu3e-ip-cores/ring-buffer_cam/tb/uvm/out_monitor.sv(146) @ 1290780000: uvm_test_top.m_env.m_out_mon [OUT_MON] Throughput: 78 hits in 298 cycles (26.2%)
# UVM_INFO /home/yifeng/packages/mu3e_ip_dev/mu3e-ip-cores/ring-buffer_cam/tb/uvm/out_monitor.sv(146) @ 1316324000: uvm_test_top.m_env.m_out_mon [OUT_MON] Throughput: 100 hits in 370 cycles (27.0%)
# UVM_INFO /home/yifeng/packages/mu3e_ip_dev/mu3e-ip-cores/ring-buffer_cam/tb/uvm/out_monitor.sv(146) @ 1319436000: uvm_test_top.m_env.m_out_mon [OUT_MON] Throughput: 90 hits in 346 cycles (26.0%)
# UVM_INFO /home/yifeng/packages/mu3e_ip_dev/mu3e-ip-cores/ring-buffer_cam/tb/uvm/out_monitor.sv(146) @ 1322596000: uvm_test_top.m_env.m_out_mon [OUT_MON] Throughput: 90 hits in 352 cycles (25.6%)
# UVM_INFO /home/yifeng/packages/mu3e_ip_dev/mu3e-ip-cores/ring-buffer_cam/tb/uvm/out_monitor.sv(146) @ 1325756000: uvm_test_top.m_env.m_out_mon [OUT_MON] Throughput: 87 hits in 352 cycles (24.7%)
# UVM_INFO /home/yifeng/packages/mu3e_ip_dev/mu3e-ip-cores/ring-buffer_cam/tb/uvm/out_monitor.sv(146) @ 1348116000: uvm_test_top.m_env.m_out_mon [OUT_MON] Throughput: 56 hits in 248 cycles (22.6%)
# UVM_INFO /home/yifeng/packages/mu3e_ip_dev/mu3e-ip-cores/ring-buffer_cam/tb/uvm/out_monitor.sv(146) @ 1351788000: uvm_test_top.m_env.m_out_mon [OUT_MON] Throughput: 77 hits in 416 cycles (18.5%)
# UVM_INFO /home/yifeng/packages/mu3e_ip_dev/mu3e-ip-cores/ring-buffer_cam/tb/uvm/out_monitor.sv(146) @ 1355508000: uvm_test_top.m_env.m_out_mon [OUT_MON] Throughput: 77 hits in 422 cycles (18.2%)
# UVM_INFO /home/yifeng/packages/mu3e_ip_dev/mu3e-ip-cores/ring-buffer_cam/tb/uvm/out_monitor.sv(146) @ 1359324000: uvm_test_top.m_env.m_out_mon [OUT_MON] Throughput: 90 hits in 434 cycles (20.7%)
# UVM_INFO /home/yifeng/packages/mu3e_ip_dev/mu3e-ip-cores/ring-buffer_cam/tb/uvm/out_monitor.sv(146) @ 1381332000: uvm_test_top.m_env.m_out_mon [OUT_MON] Throughput: 62 hits in 304 cycles (20.4%)
# UVM_INFO /home/yifeng/packages/mu3e_ip_dev/mu3e-ip-cores/ring-buffer_cam/tb/uvm/out_monitor.sv(146) @ 1384348000: uvm_test_top.m_env.m_out_mon [OUT_MON] Throughput: 68 hits in 334 cycles (20.4%)
# UVM_INFO /home/yifeng/packages/mu3e_ip_dev/mu3e-ip-cores/ring-buffer_cam/tb/uvm/out_monitor.sv(146) @ 1387316000: uvm_test_top.m_env.m_out_mon [OUT_MON] Throughput: 69 hits in 328 cycles (21.0%)
# UVM_INFO /home/yifeng/packages/mu3e_ip_dev/mu3e-ip-cores/ring-buffer_cam/tb/uvm/out_monitor.sv(146) @ 1390908000: uvm_test_top.m_env.m_out_mon [OUT_MON] Throughput: 81 hits in 406 cycles (20.0%)
# UVM_INFO /home/yifeng/packages/mu3e_ip_dev/mu3e-ip-cores/ring-buffer_cam/tb/uvm/out_monitor.sv(146) @ 1414036000: uvm_test_top.m_env.m_out_mon [OUT_MON] Throughput: 92 hits in 296 cycles (31.1%)
# UVM_INFO /home/yifeng/packages/mu3e_ip_dev/mu3e-ip-cores/ring-buffer_cam/tb/uvm/out_monitor.sv(146) @ 1416892000: uvm_test_top.m_env.m_out_mon [OUT_MON] Throughput: 87 hits in 314 cycles (27.7%)
# UVM_INFO /home/yifeng/packages/mu3e_ip_dev/mu3e-ip-cores/ring-buffer_cam/tb/uvm/out_monitor.sv(146) @ 1419700000: uvm_test_top.m_env.m_out_mon [OUT_MON] Throughput: 85 hits in 308 cycles (27.6%)
# UVM_INFO /home/yifeng/packages/mu3e_ip_dev/mu3e-ip-cores/ring-buffer_cam/tb/uvm/out_monitor.sv(146) @ 1422460000: uvm_test_top.m_env.m_out_mon [OUT_MON] Throughput: 85 hits in 302 cycles (28.1%)
# UVM_INFO /home/yifeng/packages/mu3e_ip_dev/mu3e-ip-cores/ring-buffer_cam/tb/uvm/out_monitor.sv(146) @ 1447380000: uvm_test_top.m_env.m_out_mon [OUT_MON] Throughput: 88 hits in 368 cycles (23.9%)
# UVM_INFO /home/yifeng/packages/mu3e_ip_dev/mu3e-ip-cores/ring-buffer_cam/tb/uvm/out_monitor.sv(146) @ 1450284000: uvm_test_top.m_env.m_out_mon [OUT_MON] Throughput: 86 hits in 320 cycles (26.9%)
# UVM_INFO /home/yifeng/packages/mu3e_ip_dev/mu3e-ip-cores/ring-buffer_cam/tb/uvm/out_monitor.sv(146) @ 1453236000: uvm_test_top.m_env.m_out_mon [OUT_MON] Throughput: 87 hits in 326 cycles (26.7%)
# UVM_INFO /home/yifeng/packages/mu3e_ip_dev/mu3e-ip-cores/ring-buffer_cam/tb/uvm/out_monitor.sv(146) @ 1455852000: uvm_test_top.m_env.m_out_mon [OUT_MON] Throughput: 71 hits in 284 cycles (25.0%)
# UVM_INFO /home/yifeng/packages/mu3e_ip_dev/mu3e-ip-cores/ring-buffer_cam/tb/uvm/out_monitor.sv(146) @ 1480596000: uvm_test_top.m_env.m_out_mon [OUT_MON] Throughput: 86 hits in 424 cycles (20.3%)
# UVM_INFO /home/yifeng/packages/mu3e_ip_dev/mu3e-ip-cores/ring-buffer_cam/tb/uvm/out_monitor.sv(146) @ 1484140000: uvm_test_top.m_env.m_out_mon [OUT_MON] Throughput: 81 hits in 400 cycles (20.2%)
# UVM_INFO /home/yifeng/packages/mu3e_ip_dev/mu3e-ip-cores/ring-buffer_cam/tb/uvm/out_monitor.sv(146) @ 1487732000: uvm_test_top.m_env.m_out_mon [OUT_MON] Throughput: 81 hits in 406 cycles (20.0%)
# UVM_INFO /home/yifeng/packages/mu3e_ip_dev/mu3e-ip-cores/ring-buffer_cam/tb/uvm/out_monitor.sv(146) @ 1490460000: uvm_test_top.m_env.m_out_mon [OUT_MON] Throughput: 69 hits in 298 cycles (23.2%)
# UVM_INFO /home/yifeng/packages/mu3e_ip_dev/mu3e-ip-cores/ring-buffer_cam/tb/uvm/out_monitor.sv(146) @ 1512532000: uvm_test_top.m_env.m_out_mon [OUT_MON] Throughput: 60 hits in 320 cycles (18.8%)
# UVM_INFO /home/yifeng/packages/mu3e_ip_dev/mu3e-ip-cores/ring-buffer_cam/tb/uvm/out_monitor.sv(146) @ 1515676000: uvm_test_top.m_env.m_out_mon [OUT_MON] Throughput: 68 hits in 350 cycles (19.4%)
# UVM_INFO /home/yifeng/packages/mu3e_ip_dev/mu3e-ip-cores/ring-buffer_cam/tb/uvm/out_monitor.sv(146) @ 1518772000: uvm_test_top.m_env.m_out_mon [OUT_MON] Throughput: 67 hits in 344 cycles (19.5%)
# UVM_INFO /home/yifeng/packages/mu3e_ip_dev/mu3e-ip-cores/ring-buffer_cam/tb/uvm/out_monitor.sv(146) @ 1522012000: uvm_test_top.m_env.m_out_mon [OUT_MON] Throughput: 77 hits in 362 cycles (21.3%)
# UVM_INFO /home/yifeng/packages/mu3e_ip_dev/mu3e-ip-cores/ring-buffer_cam/tb/uvm/out_monitor.sv(146) @ 1545220000: uvm_test_top.m_env.m_out_mon [OUT_MON] Throughput: 91 hits in 310 cycles (29.4%)
# UVM_INFO /home/yifeng/packages/mu3e_ip_dev/mu3e-ip-cores/ring-buffer_cam/tb/uvm/out_monitor.sv(146) @ 1548140000: uvm_test_top.m_env.m_out_mon [OUT_MON] Throughput: 81 hits in 322 cycles (25.2%)
# UVM_INFO /home/yifeng/packages/mu3e_ip_dev/mu3e-ip-cores/ring-buffer_cam/tb/uvm/out_monitor.sv(146) @ 1551060000: uvm_test_top.m_env.m_out_mon [OUT_MON] Throughput: 82 hits in 322 cycles (25.5%)
# UVM_INFO /home/yifeng/packages/mu3e_ip_dev/mu3e-ip-cores/ring-buffer_cam/tb/uvm/out_monitor.sv(146) @ 1554076000: uvm_test_top.m_env.m_out_mon [OUT_MON] Throughput: 87 hits in 334 cycles (26.0%)
# UVM_INFO /home/yifeng/packages/mu3e_ip_dev/mu3e-ip-cores/ring-buffer_cam/tb/uvm/out_monitor.sv(146) @ 1578036000: uvm_test_top.m_env.m_out_mon [OUT_MON] Throughput: 93 hits in 316 cycles (29.4%)
# UVM_INFO /home/yifeng/packages/mu3e_ip_dev/mu3e-ip-cores/ring-buffer_cam/tb/uvm/out_monitor.sv(146) @ 1580620000: uvm_test_top.m_env.m_out_mon [OUT_MON] Throughput: 75 hits in 280 cycles (26.8%)
# UVM_INFO /home/yifeng/packages/mu3e_ip_dev/mu3e-ip-cores/ring-buffer_cam/tb/uvm/out_monitor.sv(146) @ 1583252000: uvm_test_top.m_env.m_out_mon [OUT_MON] Throughput: 75 hits in 286 cycles (26.2%)
# UVM_INFO /home/yifeng/packages/mu3e_ip_dev/mu3e-ip-cores/ring-buffer_cam/tb/uvm/out_monitor.sv(146) @ 1586028000: uvm_test_top.m_env.m_out_mon [OUT_MON] Throughput: 87 hits in 304 cycles (28.6%)
# UVM_INFO /home/yifeng/packages/mu3e_ip_dev/mu3e-ip-cores/ring-buffer_cam/tb/uvm/out_monitor.sv(146) @ 1611316000: uvm_test_top.m_env.m_out_mon [OUT_MON] Throughput: 74 hits in 380 cycles (19.5%)
# UVM_INFO /home/yifeng/packages/mu3e_ip_dev/mu3e-ip-cores/ring-buffer_cam/tb/uvm/out_monitor.sv(146) @ 1614364000: uvm_test_top.m_env.m_out_mon [OUT_MON] Throughput: 71 hits in 338 cycles (21.0%)
# UVM_INFO /home/yifeng/packages/mu3e_ip_dev/mu3e-ip-cores/ring-buffer_cam/tb/uvm/out_monitor.sv(146) @ 1617412000: uvm_test_top.m_env.m_out_mon [OUT_MON] Throughput: 71 hits in 338 cycles (21.0%)
# UVM_INFO /home/yifeng/packages/mu3e_ip_dev/mu3e-ip-cores/ring-buffer_cam/tb/uvm/out_monitor.sv(146) @ 1621468000: uvm_test_top.m_env.m_out_mon [OUT_MON] Throughput: 97 hits in 464 cycles (20.9%)
# UVM_INFO /home/yifeng/packages/mu3e_ip_dev/mu3e-ip-cores/ring-buffer_cam/tb/uvm/out_monitor.sv(146) @ 1643716000: uvm_test_top.m_env.m_out_mon [OUT_MON] Throughput: 60 hits in 334 cycles (18.0%)
# UVM_INFO /home/yifeng/packages/mu3e_ip_dev/mu3e-ip-cores/ring-buffer_cam/tb/uvm/out_monitor.sv(146) @ 1647308000: uvm_test_top.m_env.m_out_mon [OUT_MON] Throughput: 74 hits in 406 cycles (18.2%)
# UVM_INFO /home/yifeng/packages/mu3e_ip_dev/mu3e-ip-cores/ring-buffer_cam/tb/uvm/out_monitor.sv(146) @ 1650852000: uvm_test_top.m_env.m_out_mon [OUT_MON] Throughput: 74 hits in 400 cycles (18.5%)
# UVM_INFO /home/yifeng/packages/mu3e_ip_dev/mu3e-ip-cores/ring-buffer_cam/tb/uvm/out_monitor.sv(146) @ 1654300000: uvm_test_top.m_env.m_out_mon [OUT_MON] Throughput: 75 hits in 388 cycles (19.3%)
# UVM_INFO /home/yifeng/packages/mu3e_ip_dev/mu3e-ip-cores/ring-buffer_cam/tb/uvm/out_monitor.sv(146) @ 1676756000: uvm_test_top.m_env.m_out_mon [OUT_MON] Throughput: 67 hits in 368 cycles (18.2%)
# UVM_INFO /home/yifeng/packages/mu3e_ip_dev/mu3e-ip-cores/ring-buffer_cam/tb/uvm/out_monitor.sv(146) @ 1679708000: uvm_test_top.m_env.m_out_mon [OUT_MON] Throughput: 65 hits in 326 cycles (19.9%)
# UVM_INFO /home/yifeng/packages/mu3e_ip_dev/mu3e-ip-cores/ring-buffer_cam/tb/uvm/out_monitor.sv(146) @ 1682612000: uvm_test_top.m_env.m_out_mon [OUT_MON] Throughput: 65 hits in 320 cycles (20.3%)
# UVM_INFO /home/yifeng/packages/mu3e_ip_dev/mu3e-ip-cores/ring-buffer_cam/tb/uvm/out_monitor.sv(146) @ 1685708000: uvm_test_top.m_env.m_out_mon [OUT_MON] Throughput: 76 hits in 344 cycles (22.1%)
# UVM_INFO /home/yifeng/packages/mu3e_ip_dev/mu3e-ip-cores/ring-buffer_cam/tb/uvm/out_monitor.sv(146) @ 1708964000: uvm_test_top.m_env.m_out_mon [OUT_MON] Throughput: 72 hits in 298 cycles (24.2%)
# UVM_INFO /home/yifeng/packages/mu3e_ip_dev/mu3e-ip-cores/ring-buffer_cam/tb/uvm/out_monitor.sv(146) @ 1711836000: uvm_test_top.m_env.m_out_mon [OUT_MON] Throughput: 77 hits in 316 cycles (24.4%)
# UVM_INFO /home/yifeng/packages/mu3e_ip_dev/mu3e-ip-cores/ring-buffer_cam/tb/uvm/out_monitor.sv(146) @ 1714660000: uvm_test_top.m_env.m_out_mon [OUT_MON] Throughput: 77 hits in 310 cycles (24.8%)
# UVM_INFO /home/yifeng/packages/mu3e_ip_dev/mu3e-ip-cores/ring-buffer_cam/tb/uvm/out_monitor.sv(146) @ 1717724000: uvm_test_top.m_env.m_out_mon [OUT_MON] Throughput: 92 hits in 340 cycles (27.1%)
# UVM_INFO /home/yifeng/packages/mu3e_ip_dev/mu3e-ip-cores/ring-buffer_cam/tb/uvm/out_monitor.sv(146) @ 1741540000: uvm_test_top.m_env.m_out_mon [OUT_MON] Throughput: 89 hits in 274 cycles (32.5%)
# UVM_INFO /home/yifeng/packages/mu3e_ip_dev/mu3e-ip-cores/ring-buffer_cam/tb/uvm/out_monitor.sv(146) @ 1744508000: uvm_test_top.m_env.m_out_mon [OUT_MON] Throughput: 94 hits in 328 cycles (28.7%)
# UVM_INFO /home/yifeng/packages/mu3e_ip_dev/mu3e-ip-cores/ring-buffer_cam/tb/uvm/out_monitor.sv(146) @ 1747476000: uvm_test_top.m_env.m_out_mon [OUT_MON] Throughput: 94 hits in 328 cycles (28.7%)
# UVM_INFO /home/yifeng/packages/mu3e_ip_dev/mu3e-ip-cores/ring-buffer_cam/tb/uvm/out_monitor.sv(146) @ 1751116000: uvm_test_top.m_env.m_out_mon [OUT_MON] Throughput: 98 hits in 412 cycles (23.8%)
# UVM_INFO /home/yifeng/packages/mu3e_ip_dev/mu3e-ip-cores/ring-buffer_cam/tb/uvm/out_monitor.sv(146) @ 1775060000: uvm_test_top.m_env.m_out_mon [OUT_MON] Throughput: 80 hits in 368 cycles (21.7%)
# UVM_INFO /home/yifeng/packages/mu3e_ip_dev/mu3e-ip-cores/ring-buffer_cam/tb/uvm/out_monitor.sv(146) @ 1778492000: uvm_test_top.m_env.m_out_mon [OUT_MON] Throughput: 85 hits in 386 cycles (22.0%)
# UVM_INFO /home/yifeng/packages/mu3e_ip_dev/mu3e-ip-cores/ring-buffer_cam/tb/uvm/out_monitor.sv(146) @ 1781972000: uvm_test_top.m_env.m_out_mon [OUT_MON] Throughput: 86 hits in 392 cycles (21.9%)
# UVM_INFO /home/yifeng/packages/mu3e_ip_dev/mu3e-ip-cores/ring-buffer_cam/tb/uvm/out_monitor.sv(146) @ 1785308000: uvm_test_top.m_env.m_out_mon [OUT_MON] Throughput: 78 hits in 374 cycles (20.9%)
# UVM_INFO /home/yifeng/packages/mu3e_ip_dev/mu3e-ip-cores/ring-buffer_cam/tb/uvm/out_monitor.sv(146) @ 1807412000: uvm_test_top.m_env.m_out_mon [OUT_MON] Throughput: 69 hits in 316 cycles (21.8%)
# UVM_INFO /home/yifeng/packages/mu3e_ip_dev/mu3e-ip-cores/ring-buffer_cam/tb/uvm/out_monitor.sv(146) @ 1810476000: uvm_test_top.m_env.m_out_mon [OUT_MON] Throughput: 75 hits in 340 cycles (22.1%)
# UVM_INFO /home/yifeng/packages/mu3e_ip_dev/mu3e-ip-cores/ring-buffer_cam/tb/uvm/out_monitor.sv(146) @ 1813492000: uvm_test_top.m_env.m_out_mon [OUT_MON] Throughput: 74 hits in 334 cycles (22.2%)
# UVM_INFO /home/yifeng/packages/mu3e_ip_dev/mu3e-ip-cores/ring-buffer_cam/tb/uvm/out_monitor.sv(146) @ 1816124000: uvm_test_top.m_env.m_out_mon [OUT_MON] Throughput: 63 hits in 286 cycles (22.0%)
# UVM_INFO /home/yifeng/packages/mu3e_ip_dev/mu3e-ip-cores/ring-buffer_cam/tb/uvm/sequences.sv(485) @ 1828868000: uvm_test_top.m_env.m_hit_seqr@@P036 seeded random four-key profile A_profile [SEQ] P036 seeded random four-key profile A progress: sent=7500/30000
# UVM_INFO /home/yifeng/packages/mu3e_ip_dev/mu3e-ip-cores/ring-buffer_cam/tb/uvm/out_monitor.sv(146) @ 1839972000: uvm_test_top.m_env.m_out_mon [OUT_MON] Throughput: 78 hits in 290 cycles (26.9%)
# UVM_INFO /home/yifeng/packages/mu3e_ip_dev/mu3e-ip-cores/ring-buffer_cam/tb/uvm/out_monitor.sv(146) @ 1842492000: uvm_test_top.m_env.m_out_mon [OUT_MON] Throughput: 87 hits in 272 cycles (32.0%)
# UVM_INFO /home/yifeng/packages/mu3e_ip_dev/mu3e-ip-cores/ring-buffer_cam/tb/uvm/out_monitor.sv(146) @ 1844964000: uvm_test_top.m_env.m_out_mon [OUT_MON] Throughput: 88 hits in 266 cycles (33.1%)
# UVM_INFO /home/yifeng/packages/mu3e_ip_dev/mu3e-ip-cores/ring-buffer_cam/tb/uvm/out_monitor.sv(146) @ 1847628000: uvm_test_top.m_env.m_out_mon [OUT_MON] Throughput: 97 hits in 290 cycles (33.4%)
# UVM_INFO /home/yifeng/packages/mu3e_ip_dev/mu3e-ip-cores/ring-buffer_cam/tb/uvm/out_monitor.sv(146) @ 1873220000: uvm_test_top.m_env.m_out_mon [OUT_MON] Throughput: 74 hits in 350 cycles (21.1%)
# UVM_INFO /home/yifeng/packages/mu3e_ip_dev/mu3e-ip-cores/ring-buffer_cam/tb/uvm/out_monitor.sv(146) @ 1876220000: uvm_test_top.m_env.m_out_mon [OUT_MON] Throughput: 76 hits in 332 cycles (22.9%)
# UVM_INFO /home/yifeng/packages/mu3e_ip_dev/mu3e-ip-cores/ring-buffer_cam/tb/uvm/out_monitor.sv(146) @ 1879220000: uvm_test_top.m_env.m_out_mon [OUT_MON] Throughput: 75 hits in 332 cycles (22.6%)
# UVM_INFO /home/yifeng/packages/mu3e_ip_dev/mu3e-ip-cores/ring-buffer_cam/tb/uvm/out_monitor.sv(146) @ 1881788000: uvm_test_top.m_env.m_out_mon [OUT_MON] Throughput: 88 hits in 278 cycles (31.7%)
# UVM_INFO /home/yifeng/packages/mu3e_ip_dev/mu3e-ip-cores/ring-buffer_cam/tb/uvm/out_monitor.sv(146) @ 1906100000: uvm_test_top.m_env.m_out_mon [OUT_MON] Throughput: 80 hits in 364 cycles (22.0%)
# UVM_INFO /home/yifeng/packages/mu3e_ip_dev/mu3e-ip-cores/ring-buffer_cam/tb/uvm/out_monitor.sv(146) @ 1909308000: uvm_test_top.m_env.m_out_mon [OUT_MON] Throughput: 74 hits in 358 cycles (20.7%)
# UVM_INFO /home/yifeng/packages/mu3e_ip_dev/mu3e-ip-cores/ring-buffer_cam/tb/uvm/out_monitor.sv(146) @ 1912516000: uvm_test_top.m_env.m_out_mon [OUT_MON] Throughput: 74 hits in 358 cycles (20.7%)
# UVM_INFO /home/yifeng/packages/mu3e_ip_dev/mu3e-ip-cores/ring-buffer_cam/tb/uvm/out_monitor.sv(146) @ 1916444000: uvm_test_top.m_env.m_out_mon [OUT_MON] Throughput: 87 hits in 448 cycles (19.4%)
# UVM_INFO /home/yifeng/packages/mu3e_ip_dev/mu3e-ip-cores/ring-buffer_cam/tb/uvm/out_monitor.sv(146) @ 1938180000: uvm_test_top.m_env.m_out_mon [OUT_MON] Throughput: 60 hits in 278 cycles (21.6%)
# UVM_INFO /home/yifeng/packages/mu3e_ip_dev/mu3e-ip-cores/ring-buffer_cam/tb/uvm/out_monitor.sv(146) @ 1941516000: uvm_test_top.m_env.m_out_mon [OUT_MON] Throughput: 72 hits in 374 cycles (19.3%)
# UVM_INFO /home/yifeng/packages/mu3e_ip_dev/mu3e-ip-cores/ring-buffer_cam/tb/uvm/out_monitor.sv(146) @ 1944852000: uvm_test_top.m_env.m_out_mon [OUT_MON] Throughput: 72 hits in 374 cycles (19.3%)
# UVM_INFO /home/yifeng/packages/mu3e_ip_dev/mu3e-ip-cores/ring-buffer_cam/tb/uvm/out_monitor.sv(146) @ 1948140000: uvm_test_top.m_env.m_out_mon [OUT_MON] Throughput: 70 hits in 368 cycles (19.0%)
# UVM_INFO /home/yifeng/packages/mu3e_ip_dev/mu3e-ip-cores/ring-buffer_cam/tb/uvm/out_monitor.sv(146) @ 1970916000: uvm_test_top.m_env.m_out_mon [OUT_MON] Throughput: 69 hits in 274 cycles (25.2%)
# UVM_INFO /home/yifeng/packages/mu3e_ip_dev/mu3e-ip-cores/ring-buffer_cam/tb/uvm/out_monitor.sv(146) @ 1974124000: uvm_test_top.m_env.m_out_mon [OUT_MON] Throughput: 92 hits in 358 cycles (25.7%)
# UVM_INFO /home/yifeng/packages/mu3e_ip_dev/mu3e-ip-cores/ring-buffer_cam/tb/uvm/out_monitor.sv(146) @ 1977332000: uvm_test_top.m_env.m_out_mon [OUT_MON] Throughput: 92 hits in 358 cycles (25.7%)
# UVM_INFO /home/yifeng/packages/mu3e_ip_dev/mu3e-ip-cores/ring-buffer_cam/tb/uvm/out_monitor.sv(146) @ 1980108000: uvm_test_top.m_env.m_out_mon [OUT_MON] Throughput: 72 hits in 304 cycles (23.7%)
# UVM_INFO /home/yifeng/packages/mu3e_ip_dev/mu3e-ip-cores/ring-buffer_cam/tb/uvm/out_monitor.sv(146) @ 2003732000: uvm_test_top.m_env.m_out_mon [OUT_MON] Throughput: 81 hits in 280 cycles (28.9%)
# UVM_INFO /home/yifeng/packages/mu3e_ip_dev/mu3e-ip-cores/ring-buffer_cam/tb/uvm/out_monitor.sv(146) @ 2006508000: uvm_test_top.m_env.m_out_mon [OUT_MON] Throughput: 84 hits in 304 cycles (27.6%)
# UVM_INFO /home/yifeng/packages/mu3e_ip_dev/mu3e-ip-cores/ring-buffer_cam/tb/uvm/out_monitor.sv(146) @ 2009284000: uvm_test_top.m_env.m_out_mon [OUT_MON] Throughput: 84 hits in 304 cycles (27.6%)
# UVM_INFO /home/yifeng/packages/mu3e_ip_dev/mu3e-ip-cores/ring-buffer_cam/tb/uvm/out_monitor.sv(146) @ 2011916000: uvm_test_top.m_env.m_out_mon [OUT_MON] Throughput: 96 hits in 286 cycles (33.6%)
# UVM_INFO /home/yifeng/packages/mu3e_ip_dev/mu3e-ip-cores/ring-buffer_cam/tb/uvm/out_monitor.sv(146) @ 2036964000: uvm_test_top.m_env.m_out_mon [OUT_MON] Throughput: 78 hits in 338 cycles (23.1%)
# UVM_INFO /home/yifeng/packages/mu3e_ip_dev/mu3e-ip-cores/ring-buffer_cam/tb/uvm/out_monitor.sv(146) @ 2040540000: uvm_test_top.m_env.m_out_mon [OUT_MON] Throughput: 82 hits in 404 cycles (20.3%)
# UVM_INFO /home/yifeng/packages/mu3e_ip_dev/mu3e-ip-cores/ring-buffer_cam/tb/uvm/out_monitor.sv(146) @ 2044116000: uvm_test_top.m_env.m_out_mon [OUT_MON] Throughput: 81 hits in 404 cycles (20.0%)
# UVM_INFO /home/yifeng/packages/mu3e_ip_dev/mu3e-ip-cores/ring-buffer_cam/tb/uvm/out_monitor.sv(146) @ 2047452000: uvm_test_top.m_env.m_out_mon [OUT_MON] Throughput: 79 hits in 374 cycles (21.1%)
# UVM_INFO /home/yifeng/packages/mu3e_ip_dev/mu3e-ip-cores/ring-buffer_cam/tb/uvm/out_monitor.sv(146) @ 2069028000: uvm_test_top.m_env.m_out_mon [OUT_MON] Throughput: 47 hits in 250 cycles (18.8%)
# UVM_INFO /home/yifeng/packages/mu3e_ip_dev/mu3e-ip-cores/ring-buffer_cam/tb/uvm/out_monitor.sv(146) @ 2072236000: uvm_test_top.m_env.m_out_mon [OUT_MON] Throughput: 68 hits in 358 cycles (19.0%)
# UVM_INFO /home/yifeng/packages/mu3e_ip_dev/mu3e-ip-cores/ring-buffer_cam/tb/uvm/out_monitor.sv(146) @ 2075444000: uvm_test_top.m_env.m_out_mon [OUT_MON] Throughput: 70 hits in 358 cycles (19.6%)
# UVM_INFO /home/yifeng/packages/mu3e_ip_dev/mu3e-ip-cores/ring-buffer_cam/tb/uvm/out_monitor.sv(146) @ 2080044000: uvm_test_top.m_env.m_out_mon [OUT_MON] Throughput: 94 hits in 532 cycles (17.7%)
# UVM_INFO /home/yifeng/packages/mu3e_ip_dev/mu3e-ip-cores/ring-buffer_cam/tb/uvm/out_monitor.sv(146) @ 2102260000: uvm_test_top.m_env.m_out_mon [OUT_MON] Throughput: 74 hits in 308 cycles (24.0%)
# UVM_INFO /home/yifeng/packages/mu3e_ip_dev/mu3e-ip-cores/ring-buffer_cam/tb/uvm/out_monitor.sv(146) @ 2105068000: uvm_test_top.m_env.m_out_mon [OUT_MON] Throughput: 69 hits in 308 cycles (22.4%)
# UVM_INFO /home/yifeng/packages/mu3e_ip_dev/mu3e-ip-cores/ring-buffer_cam/tb/uvm/out_monitor.sv(146) @ 2107828000: uvm_test_top.m_env.m_out_mon [OUT_MON] Throughput: 69 hits in 302 cycles (22.8%)
# UVM_INFO /home/yifeng/packages/mu3e_ip_dev/mu3e-ip-cores/ring-buffer_cam/tb/uvm/out_monitor.sv(146) @ 2111644000: uvm_test_top.m_env.m_out_mon [OUT_MON] Throughput: 91 hits in 434 cycles (21.0%)
# UVM_INFO /home/yifeng/packages/mu3e_ip_dev/mu3e-ip-cores/ring-buffer_cam/tb/uvm/out_monitor.sv(146) @ 2134756000: uvm_test_top.m_env.m_out_mon [OUT_MON] Throughput: 72 hits in 274 cycles (26.3%)
# UVM_INFO /home/yifeng/packages/mu3e_ip_dev/mu3e-ip-cores/ring-buffer_cam/tb/uvm/out_monitor.sv(146) @ 2137388000: uvm_test_top.m_env.m_out_mon [OUT_MON] Throughput: 89 hits in 286 cycles (31.1%)
# UVM_INFO /home/yifeng/packages/mu3e_ip_dev/mu3e-ip-cores/ring-buffer_cam/tb/uvm/out_monitor.sv(146) @ 2139972000: uvm_test_top.m_env.m_out_mon [OUT_MON] Throughput: 88 hits in 280 cycles (31.4%)
# UVM_INFO /home/yifeng/packages/mu3e_ip_dev/mu3e-ip-cores/ring-buffer_cam/tb/uvm/out_monitor.sv(146) @ 2142220000: uvm_test_top.m_env.m_out_mon [OUT_MON] Throughput: 77 hits in 238 cycles (32.4%)
# UVM_INFO /home/yifeng/packages/mu3e_ip_dev/mu3e-ip-cores/ring-buffer_cam/tb/uvm/out_monitor.sv(146) @ 2168724000: uvm_test_top.m_env.m_out_mon [OUT_MON] Throughput: 95 hits in 424 cycles (22.4%)
# UVM_INFO /home/yifeng/packages/mu3e_ip_dev/mu3e-ip-cores/ring-buffer_cam/tb/uvm/out_monitor.sv(146) @ 2172124000: uvm_test_top.m_env.m_out_mon [OUT_MON] Throughput: 94 hits in 382 cycles (24.6%)
# UVM_INFO /home/yifeng/packages/mu3e_ip_dev/mu3e-ip-cores/ring-buffer_cam/tb/uvm/out_monitor.sv(146) @ 2175524000: uvm_test_top.m_env.m_out_mon [OUT_MON] Throughput: 94 hits in 382 cycles (24.6%)
# UVM_INFO /home/yifeng/packages/mu3e_ip_dev/mu3e-ip-cores/ring-buffer_cam/tb/uvm/out_monitor.sv(146) @ 2177868000: uvm_test_top.m_env.m_out_mon [OUT_MON] Throughput: 69 hits in 250 cycles (27.6%)
# UVM_INFO /home/yifeng/packages/mu3e_ip_dev/mu3e-ip-cores/ring-buffer_cam/tb/uvm/out_monitor.sv(146) @ 2201140000: uvm_test_top.m_env.m_out_mon [OUT_MON] Throughput: 84 hits in 380 cycles (22.1%)
# UVM_INFO /home/yifeng/packages/mu3e_ip_dev/mu3e-ip-cores/ring-buffer_cam/tb/uvm/out_monitor.sv(146) @ 2204284000: uvm_test_top.m_env.m_out_mon [OUT_MON] Throughput: 71 hits in 350 cycles (20.3%)
# UVM_INFO /home/yifeng/packages/mu3e_ip_dev/mu3e-ip-cores/ring-buffer_cam/tb/uvm/out_monitor.sv(146) @ 2207428000: uvm_test_top.m_env.m_out_mon [OUT_MON] Throughput: 71 hits in 350 cycles (20.3%)
# UVM_INFO /home/yifeng/packages/mu3e_ip_dev/mu3e-ip-cores/ring-buffer_cam/tb/uvm/out_monitor.sv(146) @ 2211292000: uvm_test_top.m_env.m_out_mon [OUT_MON] Throughput: 85 hits in 440 cycles (19.3%)
# UVM_INFO /home/yifeng/packages/mu3e_ip_dev/mu3e-ip-cores/ring-buffer_cam/tb/uvm/out_monitor.sv(146) @ 2234788000: uvm_test_top.m_env.m_out_mon [OUT_MON] Throughput: 102 hits in 490 cycles (20.8%)
# UVM_INFO /home/yifeng/packages/mu3e_ip_dev/mu3e-ip-cores/ring-buffer_cam/tb/uvm/out_monitor.sv(146) @ 2237276000: uvm_test_top.m_env.m_out_mon [OUT_MON] Throughput: 60 hits in 268 cycles (22.4%)
# UVM_INFO /home/yifeng/packages/mu3e_ip_dev/mu3e-ip-cores/ring-buffer_cam/tb/uvm/out_monitor.sv(146) @ 2239764000: uvm_test_top.m_env.m_out_mon [OUT_MON] Throughput: 59 hits in 268 cycles (22.0%)
# UVM_INFO /home/yifeng/packages/mu3e_ip_dev/mu3e-ip-cores/ring-buffer_cam/tb/uvm/out_monitor.sv(146) @ 2242204000: uvm_test_top.m_env.m_out_mon [OUT_MON] Throughput: 64 hits in 262 cycles (24.4%)
# UVM_INFO /home/yifeng/packages/mu3e_ip_dev/mu3e-ip-cores/ring-buffer_cam/tb/uvm/out_monitor.sv(146) @ 2265956000: uvm_test_top.m_env.m_out_mon [OUT_MON] Throughput: 82 hits in 290 cycles (28.3%)
# UVM_INFO /home/yifeng/packages/mu3e_ip_dev/mu3e-ip-cores/ring-buffer_cam/tb/uvm/out_monitor.sv(146) @ 2268620000: uvm_test_top.m_env.m_out_mon [OUT_MON] Throughput: 92 hits in 290 cycles (31.7%)
# UVM_INFO /home/yifeng/packages/mu3e_ip_dev/mu3e-ip-cores/ring-buffer_cam/tb/uvm/out_monitor.sv(146) @ 2271332000: uvm_test_top.m_env.m_out_mon [OUT_MON] Throughput: 93 hits in 296 cycles (31.4%)
# UVM_INFO /home/yifeng/packages/mu3e_ip_dev/mu3e-ip-cores/ring-buffer_cam/tb/uvm/out_monitor.sv(146) @ 2273516000: uvm_test_top.m_env.m_out_mon [OUT_MON] Throughput: 76 hits in 230 cycles (33.0%)
# UVM_INFO /home/yifeng/packages/mu3e_ip_dev/mu3e-ip-cores/ring-buffer_cam/tb/uvm/out_monitor.sv(146) @ 2298916000: uvm_test_top.m_env.m_out_mon [OUT_MON] Throughput: 80 hits in 314 cycles (25.5%)
# UVM_INFO /home/yifeng/packages/mu3e_ip_dev/mu3e-ip-cores/ring-buffer_cam/tb/uvm/out_monitor.sv(146) @ 2301916000: uvm_test_top.m_env.m_out_mon [OUT_MON] Throughput: 81 hits in 332 cycles (24.4%)
# UVM_INFO /home/yifeng/packages/mu3e_ip_dev/mu3e-ip-cores/ring-buffer_cam/tb/uvm/out_monitor.sv(146) @ 2304916000: uvm_test_top.m_env.m_out_mon [OUT_MON] Throughput: 81 hits in 332 cycles (24.4%)
# UVM_INFO /home/yifeng/packages/mu3e_ip_dev/mu3e-ip-cores/ring-buffer_cam/tb/uvm/out_monitor.sv(146) @ 2307820000: uvm_test_top.m_env.m_out_mon [OUT_MON] Throughput: 77 hits in 320 cycles (24.1%)
# UVM_INFO /home/yifeng/packages/mu3e_ip_dev/mu3e-ip-cores/ring-buffer_cam/tb/uvm/out_monitor.sv(146) @ 2332036000: uvm_test_top.m_env.m_out_mon [OUT_MON] Throughput: 78 hits in 358 cycles (21.8%)
# UVM_INFO /home/yifeng/packages/mu3e_ip_dev/mu3e-ip-cores/ring-buffer_cam/tb/uvm/out_monitor.sv(146) @ 2335580000: uvm_test_top.m_env.m_out_mon [OUT_MON] Throughput: 83 hits in 400 cycles (20.8%)
# UVM_INFO /home/yifeng/packages/mu3e_ip_dev/mu3e-ip-cores/ring-buffer_cam/tb/uvm/out_monitor.sv(146) @ 2339172000: uvm_test_top.m_env.m_out_mon [OUT_MON] Throughput: 83 hits in 406 cycles (20.4%)
# UVM_INFO /home/yifeng/packages/mu3e_ip_dev/mu3e-ip-cores/ring-buffer_cam/tb/uvm/out_monitor.sv(146) @ 2342428000: uvm_test_top.m_env.m_out_mon [OUT_MON] Throughput: 71 hits in 364 cycles (19.5%)
# UVM_INFO /home/yifeng/packages/mu3e_ip_dev/mu3e-ip-cores/ring-buffer_cam/tb/uvm/out_monitor.sv(146) @ 2364404000: uvm_test_top.m_env.m_out_mon [OUT_MON] Throughput: 58 hits in 308 cycles (18.8%)
# UVM_INFO /home/yifeng/packages/mu3e_ip_dev/mu3e-ip-cores/ring-buffer_cam/tb/uvm/out_monitor.sv(146) @ 2367116000: uvm_test_top.m_env.m_out_mon [OUT_MON] Throughput: 61 hits in 296 cycles (20.6%)
# UVM_INFO /home/yifeng/packages/mu3e_ip_dev/mu3e-ip-cores/ring-buffer_cam/tb/uvm/out_monitor.sv(146) @ 2369828000: uvm_test_top.m_env.m_out_mon [OUT_MON] Throughput: 61 hits in 296 cycles (20.6%)
# UVM_INFO /home/yifeng/packages/mu3e_ip_dev/mu3e-ip-cores/ring-buffer_cam/tb/uvm/out_monitor.sv(146) @ 2374076000: uvm_test_top.m_env.m_out_mon [OUT_MON] Throughput: 91 hits in 488 cycles (18.6%)
# UVM_INFO /home/yifeng/packages/mu3e_ip_dev/mu3e-ip-cores/ring-buffer_cam/tb/uvm/out_monitor.sv(146) @ 2397812000: uvm_test_top.m_env.m_out_mon [OUT_MON] Throughput: 93 hits in 388 cycles (24.0%)
# UVM_INFO /home/yifeng/packages/mu3e_ip_dev/mu3e-ip-cores/ring-buffer_cam/tb/uvm/out_monitor.sv(146) @ 2400684000: uvm_test_top.m_env.m_out_mon [OUT_MON] Throughput: 83 hits in 316 cycles (26.3%)
# UVM_INFO /home/yifeng/packages/mu3e_ip_dev/mu3e-ip-cores/ring-buffer_cam/tb/uvm/out_monitor.sv(146) @ 2403508000: uvm_test_top.m_env.m_out_mon [OUT_MON] Throughput: 83 hits in 310 cycles (26.8%)
# UVM_INFO /home/yifeng/packages/mu3e_ip_dev/mu3e-ip-cores/ring-buffer_cam/tb/uvm/out_monitor.sv(146) @ 2406188000: uvm_test_top.m_env.m_out_mon [OUT_MON] Throughput: 76 hits in 292 cycles (26.0%)
# UVM_INFO /home/yifeng/packages/mu3e_ip_dev/mu3e-ip-cores/ring-buffer_cam/tb/uvm/out_monitor.sv(146) @ 2429796000: uvm_test_top.m_env.m_out_mon [OUT_MON] Throughput: 95 hits in 290 cycles (32.8%)
# UVM_INFO /home/yifeng/packages/mu3e_ip_dev/mu3e-ip-cores/ring-buffer_cam/tb/uvm/out_monitor.sv(146) @ 2432620000: uvm_test_top.m_env.m_out_mon [OUT_MON] Throughput: 84 hits in 310 cycles (27.1%)
# UVM_INFO /home/yifeng/packages/mu3e_ip_dev/mu3e-ip-cores/ring-buffer_cam/tb/uvm/out_monitor.sv(146) @ 2435444000: uvm_test_top.m_env.m_out_mon [OUT_MON] Throughput: 83 hits in 310 cycles (26.8%)
# UVM_INFO /home/yifeng/packages/mu3e_ip_dev/mu3e-ip-cores/ring-buffer_cam/tb/uvm/out_monitor.sv(146) @ 2438172000: uvm_test_top.m_env.m_out_mon [OUT_MON] Throughput: 78 hits in 298 cycles (26.2%)
# UVM_INFO /home/yifeng/packages/mu3e_ip_dev/mu3e-ip-cores/ring-buffer_cam/tb/uvm/out_monitor.sv(146) @ 2463620000: uvm_test_top.m_env.m_out_mon [OUT_MON] Throughput: 91 hits in 422 cycles (21.6%)
# UVM_INFO /home/yifeng/packages/mu3e_ip_dev/mu3e-ip-cores/ring-buffer_cam/tb/uvm/out_monitor.sv(146) @ 2467052000: uvm_test_top.m_env.m_out_mon [OUT_MON] Throughput: 78 hits in 386 cycles (20.2%)
# UVM_INFO /home/yifeng/packages/mu3e_ip_dev/mu3e-ip-cores/ring-buffer_cam/tb/uvm/out_monitor.sv(146) @ 2470436000: uvm_test_top.m_env.m_out_mon [OUT_MON] Throughput: 79 hits in 380 cycles (20.8%)
# UVM_INFO /home/yifeng/packages/mu3e_ip_dev/mu3e-ip-cores/ring-buffer_cam/tb/uvm/out_monitor.sv(146) @ 2473436000: uvm_test_top.m_env.m_out_mon [OUT_MON] Throughput: 66 hits in 332 cycles (19.9%)
# UVM_INFO /home/yifeng/packages/mu3e_ip_dev/mu3e-ip-cores/ring-buffer_cam/tb/uvm/out_monitor.sv(146) @ 2495348000: uvm_test_top.m_env.m_out_mon [OUT_MON] Throughput: 55 hits in 292 cycles (18.8%)
# UVM_INFO /home/yifeng/packages/mu3e_ip_dev/mu3e-ip-cores/ring-buffer_cam/tb/uvm/out_monitor.sv(146) @ 2499084000: uvm_test_top.m_env.m_out_mon [OUT_MON] Throughput: 79 hits in 424 cycles (18.6%)
# UVM_INFO /home/yifeng/packages/mu3e_ip_dev/mu3e-ip-cores/ring-buffer_cam/tb/uvm/out_monitor.sv(146) @ 2502820000: uvm_test_top.m_env.m_out_mon [OUT_MON] Throughput: 79 hits in 424 cycles (18.6%)
# UVM_INFO /home/yifeng/packages/mu3e_ip_dev/mu3e-ip-cores/ring-buffer_cam/tb/uvm/out_monitor.sv(146) @ 2506172000: uvm_test_top.m_env.m_out_mon [OUT_MON] Throughput: 68 hits in 376 cycles (18.1%)
# UVM_INFO /home/yifeng/packages/mu3e_ip_dev/mu3e-ip-cores/ring-buffer_cam/tb/uvm/out_monitor.sv(146) @ 2528916000: uvm_test_top.m_env.m_out_mon [OUT_MON] Throughput: 77 hits in 392 cycles (19.6%)
# UVM_INFO /home/yifeng/packages/mu3e_ip_dev/mu3e-ip-cores/ring-buffer_cam/tb/uvm/out_monitor.sv(146) @ 2531628000: uvm_test_top.m_env.m_out_mon [OUT_MON] Throughput: 65 hits in 296 cycles (22.0%)
# UVM_INFO /home/yifeng/packages/mu3e_ip_dev/mu3e-ip-cores/ring-buffer_cam/tb/uvm/out_monitor.sv(146) @ 2534340000: uvm_test_top.m_env.m_out_mon [OUT_MON] Throughput: 65 hits in 296 cycles (22.0%)
# UVM_INFO /home/yifeng/packages/mu3e_ip_dev/mu3e-ip-cores/ring-buffer_cam/tb/uvm/out_monitor.sv(146) @ 2537676000: uvm_test_top.m_env.m_out_mon [OUT_MON] Throughput: 81 hits in 374 cycles (21.7%)
# UVM_INFO /home/yifeng/packages/mu3e_ip_dev/mu3e-ip-cores/ring-buffer_cam/tb/uvm/out_monitor.sv(146) @ 2561124000: uvm_test_top.m_env.m_out_mon [OUT_MON] Throughput: 77 hits in 322 cycles (23.9%)
# UVM_INFO /home/yifeng/packages/mu3e_ip_dev/mu3e-ip-cores/ring-buffer_cam/tb/uvm/out_monitor.sv(146) @ 2563948000: uvm_test_top.m_env.m_out_mon [OUT_MON] Throughput: 81 hits in 310 cycles (26.1%)
# UVM_INFO /home/yifeng/packages/mu3e_ip_dev/mu3e-ip-cores/ring-buffer_cam/tb/uvm/out_monitor.sv(146) @ 2566724000: uvm_test_top.m_env.m_out_mon [OUT_MON] Throughput: 80 hits in 304 cycles (26.3%)
# UVM_INFO /home/yifeng/packages/mu3e_ip_dev/mu3e-ip-cores/ring-buffer_cam/tb/uvm/out_monitor.sv(146) @ 2569196000: uvm_test_top.m_env.m_out_mon [OUT_MON] Throughput: 85 hits in 266 cycles (32.0%)
# UVM_INFO /home/yifeng/packages/mu3e_ip_dev/mu3e-ip-cores/ring-buffer_cam/tb/uvm/out_monitor.sv(146) @ 2594516000: uvm_test_top.m_env.m_out_mon [OUT_MON] Throughput: 92 hits in 400 cycles (23.0%)
# UVM_INFO /home/yifeng/packages/mu3e_ip_dev/mu3e-ip-cores/ring-buffer_cam/tb/uvm/out_monitor.sv(146) @ 2597484000: uvm_test_top.m_env.m_out_mon [OUT_MON] Throughput: 88 hits in 328 cycles (26.8%)
# UVM_INFO /home/yifeng/packages/mu3e_ip_dev/mu3e-ip-cores/ring-buffer_cam/tb/uvm/out_monitor.sv(146) @ 2600500000: uvm_test_top.m_env.m_out_mon [OUT_MON] Throughput: 89 hits in 334 cycles (26.6%)
# UVM_INFO /home/yifeng/packages/mu3e_ip_dev/mu3e-ip-cores/ring-buffer_cam/tb/uvm/out_monitor.sv(146) @ 2603708000: uvm_test_top.m_env.m_out_mon [OUT_MON] Throughput: 99 hits in 358 cycles (27.7%)
# UVM_INFO /home/yifeng/packages/mu3e_ip_dev/mu3e-ip-cores/ring-buffer_cam/tb/uvm/sequences.sv(485) @ 2608868000: uvm_test_top.m_env.m_hit_seqr@@P036 seeded random four-key profile A_profile [SEQ] P036 seeded random four-key profile A progress: sent=15000/30000
# UVM_INFO /home/yifeng/packages/mu3e_ip_dev/mu3e-ip-cores/ring-buffer_cam/tb/uvm/out_monitor.sv(146) @ 2627172000: uvm_test_top.m_env.m_out_mon [OUT_MON] Throughput: 76 hits in 386 cycles (19.7%)
# UVM_INFO /home/yifeng/packages/mu3e_ip_dev/mu3e-ip-cores/ring-buffer_cam/tb/uvm/out_monitor.sv(146) @ 2630604000: uvm_test_top.m_env.m_out_mon [OUT_MON] Throughput: 75 hits in 386 cycles (19.4%)
# UVM_INFO /home/yifeng/packages/mu3e_ip_dev/mu3e-ip-cores/ring-buffer_cam/tb/uvm/out_monitor.sv(146) @ 2634036000: uvm_test_top.m_env.m_out_mon [OUT_MON] Throughput: 75 hits in 386 cycles (19.4%)
# UVM_INFO /home/yifeng/packages/mu3e_ip_dev/mu3e-ip-cores/ring-buffer_cam/tb/uvm/out_monitor.sv(146) @ 2637276000: uvm_test_top.m_env.m_out_mon [OUT_MON] Throughput: 73 hits in 362 cycles (20.2%)
# UVM_INFO /home/yifeng/packages/mu3e_ip_dev/mu3e-ip-cores/ring-buffer_cam/tb/uvm/out_monitor.sv(146) @ 2659524000: uvm_test_top.m_env.m_out_mon [OUT_MON] Throughput: 67 hits in 334 cycles (20.1%)
# UVM_INFO /home/yifeng/packages/mu3e_ip_dev/mu3e-ip-cores/ring-buffer_cam/tb/uvm/out_monitor.sv(146) @ 2662780000: uvm_test_top.m_env.m_out_mon [OUT_MON] Throughput: 72 hits in 364 cycles (19.8%)
# UVM_INFO /home/yifeng/packages/mu3e_ip_dev/mu3e-ip-cores/ring-buffer_cam/tb/uvm/out_monitor.sv(146) @ 2665988000: uvm_test_top.m_env.m_out_mon [OUT_MON] Throughput: 72 hits in 358 cycles (20.1%)
# UVM_INFO /home/yifeng/packages/mu3e_ip_dev/mu3e-ip-cores/ring-buffer_cam/tb/uvm/out_monitor.sv(146) @ 2668908000: uvm_test_top.m_env.m_out_mon [OUT_MON] Throughput: 70 hits in 322 cycles (21.7%)
# UVM_INFO /home/yifeng/packages/mu3e_ip_dev/mu3e-ip-cores/ring-buffer_cam/tb/uvm/out_monitor.sv(146) @ 2692132000: uvm_test_top.m_env.m_out_mon [OUT_MON] Throughput: 87 hits in 314 cycles (27.7%)
# UVM_INFO /home/yifeng/packages/mu3e_ip_dev/mu3e-ip-cores/ring-buffer_cam/tb/uvm/out_monitor.sv(146) @ 2694988000: uvm_test_top.m_env.m_out_mon [OUT_MON] Throughput: 83 hits in 314 cycles (26.4%)
# UVM_INFO /home/yifeng/packages/mu3e_ip_dev/mu3e-ip-cores/ring-buffer_cam/tb/uvm/out_monitor.sv(146) @ 2697844000: uvm_test_top.m_env.m_out_mon [OUT_MON] Throughput: 83 hits in 314 cycles (26.4%)
# UVM_INFO /home/yifeng/packages/mu3e_ip_dev/mu3e-ip-cores/ring-buffer_cam/tb/uvm/out_monitor.sv(146) @ 2700412000: uvm_test_top.m_env.m_out_mon [OUT_MON] Throughput: 84 hits in 278 cycles (30.2%)
# UVM_INFO /home/yifeng/packages/mu3e_ip_dev/mu3e-ip-cores/ring-buffer_cam/tb/uvm/out_monitor.sv(146) @ 2724420000: uvm_test_top.m_env.m_out_mon [OUT_MON] Throughput: 80 hits in 254 cycles (31.5%)
# UVM_INFO /home/yifeng/packages/mu3e_ip_dev/mu3e-ip-cores/ring-buffer_cam/tb/uvm/out_monitor.sv(146) @ 2727324000: uvm_test_top.m_env.m_out_mon [OUT_MON] Throughput: 87 hits in 320 cycles (27.2%)
# UVM_INFO /home/yifeng/packages/mu3e_ip_dev/mu3e-ip-cores/ring-buffer_cam/tb/uvm/out_monitor.sv(146) @ 2730276000: uvm_test_top.m_env.m_out_mon [OUT_MON] Throughput: 87 hits in 326 cycles (26.7%)
# UVM_INFO /home/yifeng/packages/mu3e_ip_dev/mu3e-ip-cores/ring-buffer_cam/tb/uvm/out_monitor.sv(146) @ 2733804000: uvm_test_top.m_env.m_out_mon [OUT_MON] Throughput: 90 hits in 398 cycles (22.6%)
# UVM_INFO /home/yifeng/packages/mu3e_ip_dev/mu3e-ip-cores/ring-buffer_cam/tb/uvm/out_monitor.sv(146) @ 2758356000: uvm_test_top.m_env.m_out_mon [OUT_MON] Throughput: 82 hits in 400 cycles (20.5%)
# UVM_INFO /home/yifeng/packages/mu3e_ip_dev/mu3e-ip-cores/ring-buffer_cam/tb/uvm/out_monitor.sv(146) @ 2761900000: uvm_test_top.m_env.m_out_mon [OUT_MON] Throughput: 83 hits in 400 cycles (20.8%)
# UVM_INFO /home/yifeng/packages/mu3e_ip_dev/mu3e-ip-cores/ring-buffer_cam/tb/uvm/out_monitor.sv(146) @ 2765444000: uvm_test_top.m_env.m_out_mon [OUT_MON] Throughput: 83 hits in 400 cycles (20.8%)
# UVM_INFO /home/yifeng/packages/mu3e_ip_dev/mu3e-ip-cores/ring-buffer_cam/tb/uvm/out_monitor.sv(146) @ 2768412000: uvm_test_top.m_env.m_out_mon [OUT_MON] Throughput: 68 hits in 328 cycles (20.7%)
# UVM_INFO /home/yifeng/packages/mu3e_ip_dev/mu3e-ip-cores/ring-buffer_cam/tb/uvm/out_monitor.sv(146) @ 2790580000: uvm_test_top.m_env.m_out_mon [OUT_MON] Throughput: 66 hits in 332 cycles (19.9%)
# UVM_INFO /home/yifeng/packages/mu3e_ip_dev/mu3e-ip-cores/ring-buffer_cam/tb/uvm/out_monitor.sv(146) @ 2793676000: uvm_test_top.m_env.m_out_mon [OUT_MON] Throughput: 66 hits in 344 cycles (19.2%)
# UVM_INFO /home/yifeng/packages/mu3e_ip_dev/mu3e-ip-cores/ring-buffer_cam/tb/uvm/out_monitor.sv(146) @ 2796724000: uvm_test_top.m_env.m_out_mon [OUT_MON] Throughput: 66 hits in 338 cycles (19.5%)
# UVM_INFO /home/yifeng/packages/mu3e_ip_dev/mu3e-ip-cores/ring-buffer_cam/tb/uvm/out_monitor.sv(146) @ 2800012000: uvm_test_top.m_env.m_out_mon [OUT_MON] Throughput: 73 hits in 368 cycles (19.8%)
# UVM_INFO /home/yifeng/packages/mu3e_ip_dev/mu3e-ip-cores/ring-buffer_cam/tb/uvm/out_monitor.sv(146) @ 2823652000: uvm_test_top.m_env.m_out_mon [OUT_MON] Throughput: 88 hits in 370 cycles (23.8%)
# UVM_INFO /home/yifeng/packages/mu3e_ip_dev/mu3e-ip-cores/ring-buffer_cam/tb/uvm/out_monitor.sv(146) @ 2826524000: uvm_test_top.m_env.m_out_mon [OUT_MON] Throughput: 79 hits in 316 cycles (25.0%)
# UVM_INFO /home/yifeng/packages/mu3e_ip_dev/mu3e-ip-cores/ring-buffer_cam/tb/uvm/out_monitor.sv(146) @ 2829396000: uvm_test_top.m_env.m_out_mon [OUT_MON] Throughput: 79 hits in 316 cycles (25.0%)
# UVM_INFO /home/yifeng/packages/mu3e_ip_dev/mu3e-ip-cores/ring-buffer_cam/tb/uvm/out_monitor.sv(146) @ 2832124000: uvm_test_top.m_env.m_out_mon [OUT_MON] Throughput: 90 hits in 298 cycles (30.2%)
# UVM_INFO /home/yifeng/packages/mu3e_ip_dev/mu3e-ip-cores/ring-buffer_cam/tb/uvm/out_monitor.sv(146) @ 2855556000: uvm_test_top.m_env.m_out_mon [OUT_MON] Throughput: 86 hits in 262 cycles (32.8%)
# UVM_INFO /home/yifeng/packages/mu3e_ip_dev/mu3e-ip-cores/ring-buffer_cam/tb/uvm/out_monitor.sv(146) @ 2858332000: uvm_test_top.m_env.m_out_mon [OUT_MON] Throughput: 85 hits in 304 cycles (28.0%)
# UVM_INFO /home/yifeng/packages/mu3e_ip_dev/mu3e-ip-cores/ring-buffer_cam/tb/uvm/out_monitor.sv(146) @ 2861204000: uvm_test_top.m_env.m_out_mon [OUT_MON] Throughput: 86 hits in 316 cycles (27.2%)
# UVM_INFO /home/yifeng/packages/mu3e_ip_dev/mu3e-ip-cores/ring-buffer_cam/tb/uvm/out_monitor.sv(146) @ 2863980000: uvm_test_top.m_env.m_out_mon [OUT_MON] Throughput: 80 hits in 304 cycles (26.3%)
# UVM_INFO /home/yifeng/packages/mu3e_ip_dev/mu3e-ip-cores/ring-buffer_cam/tb/uvm/out_monitor.sv(146) @ 2888884000: uvm_test_top.m_env.m_out_mon [OUT_MON] Throughput: 71 hits in 332 cycles (21.4%)
# UVM_INFO /home/yifeng/packages/mu3e_ip_dev/mu3e-ip-cores/ring-buffer_cam/tb/uvm/out_monitor.sv(146) @ 2892604000: uvm_test_top.m_env.m_out_mon [OUT_MON] Throughput: 83 hits in 422 cycles (19.7%)
# UVM_INFO /home/yifeng/packages/mu3e_ip_dev/mu3e-ip-cores/ring-buffer_cam/tb/uvm/out_monitor.sv(146) @ 2896276000: uvm_test_top.m_env.m_out_mon [OUT_MON] Throughput: 81 hits in 416 cycles (19.5%)
# UVM_INFO /home/yifeng/packages/mu3e_ip_dev/mu3e-ip-cores/ring-buffer_cam/tb/uvm/out_monitor.sv(146) @ 2899420000: uvm_test_top.m_env.m_out_mon [OUT_MON] Throughput: 83 hits in 350 cycles (23.7%)
# UVM_INFO /home/yifeng/packages/mu3e_ip_dev/mu3e-ip-cores/ring-buffer_cam/tb/uvm/out_monitor.sv(146) @ 2921860000: uvm_test_top.m_env.m_out_mon [OUT_MON] Throughput: 72 hits in 358 cycles (20.1%)
# UVM_INFO /home/yifeng/packages/mu3e_ip_dev/mu3e-ip-cores/ring-buffer_cam/tb/uvm/out_monitor.sv(146) @ 2925068000: uvm_test_top.m_env.m_out_mon [OUT_MON] Throughput: 67 hits in 358 cycles (18.7%)
# UVM_INFO /home/yifeng/packages/mu3e_ip_dev/mu3e-ip-cores/ring-buffer_cam/tb/uvm/out_monitor.sv(146) @ 2928324000: uvm_test_top.m_env.m_out_mon [OUT_MON] Throughput: 68 hits in 364 cycles (18.7%)
# UVM_INFO /home/yifeng/packages/mu3e_ip_dev/mu3e-ip-cores/ring-buffer_cam/tb/uvm/out_monitor.sv(146) @ 2932012000: uvm_test_top.m_env.m_out_mon [OUT_MON] Throughput: 73 hits in 418 cycles (17.5%)
# UVM_INFO /home/yifeng/packages/mu3e_ip_dev/mu3e-ip-cores/ring-buffer_cam/tb/uvm/out_monitor.sv(146) @ 2954084000: uvm_test_top.m_env.m_out_mon [OUT_MON] Throughput: 70 hits in 290 cycles (24.1%)
# UVM_INFO /home/yifeng/packages/mu3e_ip_dev/mu3e-ip-cores/ring-buffer_cam/tb/uvm/out_monitor.sv(146) @ 2956652000: uvm_test_top.m_env.m_out_mon [OUT_MON] Throughput: 64 hits in 278 cycles (23.0%)
# UVM_INFO /home/yifeng/packages/mu3e_ip_dev/mu3e-ip-cores/ring-buffer_cam/tb/uvm/out_monitor.sv(146) @ 2959172000: uvm_test_top.m_env.m_out_mon [OUT_MON] Throughput: 64 hits in 272 cycles (23.5%)
# UVM_INFO /home/yifeng/packages/mu3e_ip_dev/mu3e-ip-cores/ring-buffer_cam/tb/uvm/out_monitor.sv(146) @ 2963564000: uvm_test_top.m_env.m_out_mon [OUT_MON] Throughput: 106 hits in 506 cycles (20.9%)
# UVM_INFO /home/yifeng/packages/mu3e_ip_dev/mu3e-ip-cores/ring-buffer_cam/tb/uvm/out_monitor.sv(146) @ 2986820000: uvm_test_top.m_env.m_out_mon [OUT_MON] Throughput: 76 hits in 286 cycles (26.6%)
# UVM_INFO /home/yifeng/packages/mu3e_ip_dev/mu3e-ip-cores/ring-buffer_cam/tb/uvm/out_monitor.sv(146) @ 2989116000: uvm_test_top.m_env.m_out_mon [OUT_MON] Throughput: 79 hits in 244 cycles (32.4%)
# UVM_INFO /home/yifeng/packages/mu3e_ip_dev/mu3e-ip-cores/ring-buffer_cam/tb/uvm/out_monitor.sv(146) @ 2991412000: uvm_test_top.m_env.m_out_mon [OUT_MON] Throughput: 79 hits in 244 cycles (32.4%)
# UVM_INFO /home/yifeng/packages/mu3e_ip_dev/mu3e-ip-cores/ring-buffer_cam/tb/uvm/out_monitor.sv(146) @ 2994092000: uvm_test_top.m_env.m_out_mon [OUT_MON] Throughput: 94 hits in 292 cycles (32.2%)
# UVM_INFO /home/yifeng/packages/mu3e_ip_dev/mu3e-ip-cores/ring-buffer_cam/tb/uvm/out_monitor.sv(146) @ 3019732000: uvm_test_top.m_env.m_out_mon [OUT_MON] Throughput: 82 hits in 304 cycles (27.0%)
# UVM_INFO /home/yifeng/packages/mu3e_ip_dev/mu3e-ip-cores/ring-buffer_cam/tb/uvm/out_monitor.sv(146) @ 3022988000: uvm_test_top.m_env.m_out_mon [OUT_MON] Throughput: 86 hits in 364 cycles (23.6%)
# UVM_INFO /home/yifeng/packages/mu3e_ip_dev/mu3e-ip-cores/ring-buffer_cam/tb/uvm/out_monitor.sv(146) @ 3026244000: uvm_test_top.m_env.m_out_mon [OUT_MON] Throughput: 86 hits in 364 cycles (23.6%)
# UVM_INFO /home/yifeng/packages/mu3e_ip_dev/mu3e-ip-cores/ring-buffer_cam/tb/uvm/out_monitor.sv(146) @ 3029692000: uvm_test_top.m_env.m_out_mon [OUT_MON] Throughput: 91 hits in 388 cycles (23.5%)
# UVM_INFO /home/yifeng/packages/mu3e_ip_dev/mu3e-ip-cores/ring-buffer_cam/tb/uvm/out_monitor.sv(146) @ 3053108000: uvm_test_top.m_env.m_out_mon [OUT_MON] Throughput: 77 hits in 380 cycles (20.3%)
# UVM_INFO /home/yifeng/packages/mu3e_ip_dev/mu3e-ip-cores/ring-buffer_cam/tb/uvm/out_monitor.sv(146) @ 3056396000: uvm_test_top.m_env.m_out_mon [OUT_MON] Throughput: 75 hits in 368 cycles (20.4%)
# UVM_INFO /home/yifeng/packages/mu3e_ip_dev/mu3e-ip-cores/ring-buffer_cam/tb/uvm/out_monitor.sv(146) @ 3059684000: uvm_test_top.m_env.m_out_mon [OUT_MON] Throughput: 75 hits in 368 cycles (20.4%)
# UVM_INFO /home/yifeng/packages/mu3e_ip_dev/mu3e-ip-cores/ring-buffer_cam/tb/uvm/out_monitor.sv(146) @ 3063260000: uvm_test_top.m_env.m_out_mon [OUT_MON] Throughput: 72 hits in 404 cycles (17.8%)
# UVM_INFO /home/yifeng/packages/mu3e_ip_dev/mu3e-ip-cores/ring-buffer_cam/tb/uvm/out_monitor.sv(146) @ 3085556000: uvm_test_top.m_env.m_out_mon [OUT_MON] Throughput: 65 hits in 340 cycles (19.1%)
# UVM_INFO /home/yifeng/packages/mu3e_ip_dev/mu3e-ip-cores/ring-buffer_cam/tb/uvm/out_monitor.sv(146) @ 3088668000: uvm_test_top.m_env.m_out_mon [OUT_MON] Throughput: 71 hits in 346 cycles (20.5%)
# UVM_INFO /home/yifeng/packages/mu3e_ip_dev/mu3e-ip-cores/ring-buffer_cam/tb/uvm/out_monitor.sv(146) @ 3091780000: uvm_test_top.m_env.m_out_mon [OUT_MON] Throughput: 71 hits in 346 cycles (20.5%)
# UVM_INFO /home/yifeng/packages/mu3e_ip_dev/mu3e-ip-cores/ring-buffer_cam/tb/uvm/out_monitor.sv(146) @ 3094892000: uvm_test_top.m_env.m_out_mon [OUT_MON] Throughput: 72 hits in 346 cycles (20.8%)
# UVM_INFO /home/yifeng/packages/mu3e_ip_dev/mu3e-ip-cores/ring-buffer_cam/tb/uvm/out_monitor.sv(146) @ 3118068000: uvm_test_top.m_env.m_out_mon [OUT_MON] Throughput: 79 hits in 308 cycles (25.6%)
# UVM_INFO /home/yifeng/packages/mu3e_ip_dev/mu3e-ip-cores/ring-buffer_cam/tb/uvm/out_monitor.sv(146) @ 3120684000: uvm_test_top.m_env.m_out_mon [OUT_MON] Throughput: 84 hits in 284 cycles (29.6%)
# UVM_INFO /home/yifeng/packages/mu3e_ip_dev/mu3e-ip-cores/ring-buffer_cam/tb/uvm/out_monitor.sv(146) @ 3123252000: uvm_test_top.m_env.m_out_mon [OUT_MON] Throughput: 85 hits in 278 cycles (30.6%)
# UVM_INFO /home/yifeng/packages/mu3e_ip_dev/mu3e-ip-cores/ring-buffer_cam/tb/uvm/out_monitor.sv(146) @ 3126492000: uvm_test_top.m_env.m_out_mon [OUT_MON] Throughput: 95 hits in 362 cycles (26.2%)
# UVM_INFO /home/yifeng/packages/mu3e_ip_dev/mu3e-ip-cores/ring-buffer_cam/tb/uvm/out_monitor.sv(146) @ 3150740000: uvm_test_top.m_env.m_out_mon [OUT_MON] Throughput: 88 hits in 296 cycles (29.7%)
# UVM_INFO /home/yifeng/packages/mu3e_ip_dev/mu3e-ip-cores/ring-buffer_cam/tb/uvm/out_monitor.sv(146) @ 3153836000: uvm_test_top.m_env.m_out_mon [OUT_MON] Throughput: 90 hits in 344 cycles (26.2%)
# UVM_INFO /home/yifeng/packages/mu3e_ip_dev/mu3e-ip-cores/ring-buffer_cam/tb/uvm/out_monitor.sv(146) @ 3156932000: uvm_test_top.m_env.m_out_mon [OUT_MON] Throughput: 89 hits in 344 cycles (25.9%)
# UVM_INFO /home/yifeng/packages/mu3e_ip_dev/mu3e-ip-cores/ring-buffer_cam/tb/uvm/out_monitor.sv(146) @ 3159836000: uvm_test_top.m_env.m_out_mon [OUT_MON] Throughput: 74 hits in 320 cycles (23.1%)
# UVM_INFO /home/yifeng/packages/mu3e_ip_dev/mu3e-ip-cores/ring-buffer_cam/tb/uvm/out_monitor.sv(146) @ 3184340000: uvm_test_top.m_env.m_out_mon [OUT_MON] Throughput: 85 hits in 400 cycles (21.2%)
# UVM_INFO /home/yifeng/packages/mu3e_ip_dev/mu3e-ip-cores/ring-buffer_cam/tb/uvm/out_monitor.sv(146) @ 3187884000: uvm_test_top.m_env.m_out_mon [OUT_MON] Throughput: 80 hits in 400 cycles (20.0%)
# UVM_INFO /home/yifeng/packages/mu3e_ip_dev/mu3e-ip-cores/ring-buffer_cam/tb/uvm/out_monitor.sv(146) @ 3191428000: uvm_test_top.m_env.m_out_mon [OUT_MON] Throughput: 80 hits in 400 cycles (20.0%)
# UVM_INFO /home/yifeng/packages/mu3e_ip_dev/mu3e-ip-cores/ring-buffer_cam/tb/uvm/out_monitor.sv(146) @ 3194396000: uvm_test_top.m_env.m_out_mon [OUT_MON] Throughput: 67 hits in 328 cycles (20.4%)
# UVM_INFO /home/yifeng/packages/mu3e_ip_dev/mu3e-ip-cores/ring-buffer_cam/tb/uvm/out_monitor.sv(146) @ 3216372000: uvm_test_top.m_env.m_out_mon [OUT_MON] Throughput: 60 hits in 308 cycles (19.5%)
# UVM_INFO /home/yifeng/packages/mu3e_ip_dev/mu3e-ip-cores/ring-buffer_cam/tb/uvm/out_monitor.sv(146) @ 3219756000: uvm_test_top.m_env.m_out_mon [OUT_MON] Throughput: 74 hits in 380 cycles (19.5%)
# UVM_INFO /home/yifeng/packages/mu3e_ip_dev/mu3e-ip-cores/ring-buffer_cam/tb/uvm/out_monitor.sv(146) @ 3223140000: uvm_test_top.m_env.m_out_mon [OUT_MON] Throughput: 74 hits in 380 cycles (19.5%)
# UVM_INFO /home/yifeng/packages/mu3e_ip_dev/mu3e-ip-cores/ring-buffer_cam/tb/uvm/out_monitor.sv(146) @ 3226140000: uvm_test_top.m_env.m_out_mon [OUT_MON] Throughput: 68 hits in 332 cycles (20.5%)
# UVM_INFO /home/yifeng/packages/mu3e_ip_dev/mu3e-ip-cores/ring-buffer_cam/tb/uvm/out_monitor.sv(146) @ 3249060000: uvm_test_top.m_env.m_out_mon [OUT_MON] Throughput: 68 hits in 298 cycles (22.8%)
# UVM_INFO /home/yifeng/packages/mu3e_ip_dev/mu3e-ip-cores/ring-buffer_cam/tb/uvm/out_monitor.sv(146) @ 3251980000: uvm_test_top.m_env.m_out_mon [OUT_MON] Throughput: 81 hits in 322 cycles (25.2%)
# UVM_INFO /home/yifeng/packages/mu3e_ip_dev/mu3e-ip-cores/ring-buffer_cam/tb/uvm/out_monitor.sv(146) @ 3254852000: uvm_test_top.m_env.m_out_mon [OUT_MON] Throughput: 81 hits in 316 cycles (25.6%)
# UVM_INFO /home/yifeng/packages/mu3e_ip_dev/mu3e-ip-cores/ring-buffer_cam/tb/uvm/out_monitor.sv(146) @ 3258012000: uvm_test_top.m_env.m_out_mon [OUT_MON] Throughput: 88 hits in 352 cycles (25.0%)
# UVM_INFO /home/yifeng/packages/mu3e_ip_dev/mu3e-ip-cores/ring-buffer_cam/tb/uvm/out_monitor.sv(146) @ 3282068000: uvm_test_top.m_env.m_out_mon [OUT_MON] Throughput: 94 hits in 328 cycles (28.7%)
# UVM_INFO /home/yifeng/packages/mu3e_ip_dev/mu3e-ip-cores/ring-buffer_cam/tb/uvm/out_monitor.sv(146) @ 3284892000: uvm_test_top.m_env.m_out_mon [OUT_MON] Throughput: 90 hits in 310 cycles (29.0%)
# UVM_INFO /home/yifeng/packages/mu3e_ip_dev/mu3e-ip-cores/ring-buffer_cam/tb/uvm/out_monitor.sv(146) @ 3287716000: uvm_test_top.m_env.m_out_mon [OUT_MON] Throughput: 90 hits in 310 cycles (29.0%)
# UVM_INFO /home/yifeng/packages/mu3e_ip_dev/mu3e-ip-cores/ring-buffer_cam/tb/uvm/out_monitor.sv(146) @ 3289900000: uvm_test_top.m_env.m_out_mon [OUT_MON] Throughput: 76 hits in 230 cycles (33.0%)
# UVM_INFO /home/yifeng/packages/mu3e_ip_dev/mu3e-ip-cores/ring-buffer_cam/tb/uvm/out_monitor.sv(146) @ 3315828000: uvm_test_top.m_env.m_out_mon [OUT_MON] Throughput: 91 hits in 452 cycles (20.1%)
# UVM_INFO /home/yifeng/packages/mu3e_ip_dev/mu3e-ip-cores/ring-buffer_cam/tb/uvm/out_monitor.sv(146) @ 3318924000: uvm_test_top.m_env.m_out_mon [OUT_MON] Throughput: 74 hits in 344 cycles (21.5%)
# UVM_INFO /home/yifeng/packages/mu3e_ip_dev/mu3e-ip-cores/ring-buffer_cam/tb/uvm/out_monitor.sv(146) @ 3322020000: uvm_test_top.m_env.m_out_mon [OUT_MON] Throughput: 74 hits in 344 cycles (21.5%)
# UVM_INFO /home/yifeng/packages/mu3e_ip_dev/mu3e-ip-cores/ring-buffer_cam/tb/uvm/out_monitor.sv(146) @ 3325356000: uvm_test_top.m_env.m_out_mon [OUT_MON] Throughput: 79 hits in 374 cycles (21.1%)
# UVM_INFO /home/yifeng/packages/mu3e_ip_dev/mu3e-ip-cores/ring-buffer_cam/tb/uvm/out_monitor.sv(146) @ 3348564000: uvm_test_top.m_env.m_out_mon [OUT_MON] Throughput: 82 hits in 448 cycles (18.3%)
# UVM_INFO /home/yifeng/packages/mu3e_ip_dev/mu3e-ip-cores/ring-buffer_cam/tb/uvm/out_monitor.sv(146) @ 3351676000: uvm_test_top.m_env.m_out_mon [OUT_MON] Throughput: 65 hits in 346 cycles (18.8%)
# UVM_INFO /home/yifeng/packages/mu3e_ip_dev/mu3e-ip-cores/ring-buffer_cam/tb/uvm/out_monitor.sv(146) @ 3354740000: uvm_test_top.m_env.m_out_mon [OUT_MON] Throughput: 65 hits in 340 cycles (19.1%)
# UVM_INFO /home/yifeng/packages/mu3e_ip_dev/mu3e-ip-cores/ring-buffer_cam/tb/uvm/out_monitor.sv(146) @ 3358092000: uvm_test_top.m_env.m_out_mon [OUT_MON] Throughput: 76 hits in 376 cycles (20.2%)
# UVM_INFO /home/yifeng/packages/mu3e_ip_dev/mu3e-ip-cores/ring-buffer_cam/tb/uvm/out_monitor.sv(146) @ 3380116000: uvm_test_top.m_env.m_out_mon [OUT_MON] Throughput: 65 hits in 296 cycles (22.0%)
# UVM_INFO /home/yifeng/packages/mu3e_ip_dev/mu3e-ip-cores/ring-buffer_cam/tb/uvm/out_monitor.sv(146) @ 3383020000: uvm_test_top.m_env.m_out_mon [OUT_MON] Throughput: 70 hits in 320 cycles (21.9%)
# UVM_INFO /home/yifeng/packages/mu3e_ip_dev/mu3e-ip-cores/ring-buffer_cam/tb/uvm/out_monitor.sv(146) @ 3385924000: uvm_test_top.m_env.m_out_mon [OUT_MON] Throughput: 70 hits in 320 cycles (21.9%)
# UVM_INFO /home/yifeng/packages/mu3e_ip_dev/mu3e-ip-cores/ring-buffer_cam/tb/uvm/sequences.sv(485) @ 3388868000: uvm_test_top.m_env.m_hit_seqr@@P036 seeded random four-key profile A_profile [SEQ] P036 seeded random four-key profile A progress: sent=22500/30000
# UVM_INFO /home/yifeng/packages/mu3e_ip_dev/mu3e-ip-cores/ring-buffer_cam/tb/uvm/out_monitor.sv(146) @ 3389308000: uvm_test_top.m_env.m_out_mon [OUT_MON] Throughput: 87 hits in 380 cycles (22.9%)
# UVM_INFO /home/yifeng/packages/mu3e_ip_dev/mu3e-ip-cores/ring-buffer_cam/tb/uvm/out_monitor.sv(146) @ 3412836000: uvm_test_top.m_env.m_out_mon [OUT_MON] Throughput: 83 hits in 290 cycles (28.6%)
# UVM_INFO /home/yifeng/packages/mu3e_ip_dev/mu3e-ip-cores/ring-buffer_cam/tb/uvm/out_monitor.sv(146) @ 3415516000: uvm_test_top.m_env.m_out_mon [OUT_MON] Throughput: 94 hits in 292 cycles (32.2%)
# UVM_INFO /home/yifeng/packages/mu3e_ip_dev/mu3e-ip-cores/ring-buffer_cam/tb/uvm/out_monitor.sv(146) @ 3418196000: uvm_test_top.m_env.m_out_mon [OUT_MON] Throughput: 94 hits in 292 cycles (32.2%)
# UVM_INFO /home/yifeng/packages/mu3e_ip_dev/mu3e-ip-cores/ring-buffer_cam/tb/uvm/out_monitor.sv(146) @ 3421116000: uvm_test_top.m_env.m_out_mon [OUT_MON] Throughput: 94 hits in 322 cycles (29.2%)
# UVM_INFO /home/yifeng/packages/mu3e_ip_dev/mu3e-ip-cores/ring-buffer_cam/tb/uvm/out_monitor.sv(146) @ 3445380000: uvm_test_top.m_env.m_out_mon [OUT_MON] Throughput: 63 hits in 262 cycles (24.0%)
# UVM_INFO /home/yifeng/packages/mu3e_ip_dev/mu3e-ip-cores/ring-buffer_cam/tb/uvm/out_monitor.sv(146) @ 3448828000: uvm_test_top.m_env.m_out_mon [OUT_MON] Throughput: 81 hits in 388 cycles (20.9%)
# UVM_INFO /home/yifeng/packages/mu3e_ip_dev/mu3e-ip-cores/ring-buffer_cam/tb/uvm/out_monitor.sv(146) @ 3452324000: uvm_test_top.m_env.m_out_mon [OUT_MON] Throughput: 82 hits in 394 cycles (20.8%)
# UVM_INFO /home/yifeng/packages/mu3e_ip_dev/mu3e-ip-cores/ring-buffer_cam/tb/uvm/out_monitor.sv(146) @ 3455772000: uvm_test_top.m_env.m_out_mon [OUT_MON] Throughput: 91 hits in 388 cycles (23.5%)
# UVM_INFO /home/yifeng/packages/mu3e_ip_dev/mu3e-ip-cores/ring-buffer_cam/tb/uvm/out_monitor.sv(146) @ 3479428000: uvm_test_top.m_env.m_out_mon [OUT_MON] Throughput: 86 hits in 422 cycles (20.4%)
# UVM_INFO /home/yifeng/packages/mu3e_ip_dev/mu3e-ip-cores/ring-buffer_cam/tb/uvm/out_monitor.sv(146) @ 3482524000: uvm_test_top.m_env.m_out_mon [OUT_MON] Throughput: 74 hits in 344 cycles (21.5%)
# UVM_INFO /home/yifeng/packages/mu3e_ip_dev/mu3e-ip-cores/ring-buffer_cam/tb/uvm/out_monitor.sv(146) @ 3485572000: uvm_test_top.m_env.m_out_mon [OUT_MON] Throughput: 72 hits in 338 cycles (21.3%)
# UVM_INFO /home/yifeng/packages/mu3e_ip_dev/mu3e-ip-cores/ring-buffer_cam/tb/uvm/out_monitor.sv(146) @ 3489244000: uvm_test_top.m_env.m_out_mon [OUT_MON] Throughput: 84 hits in 416 cycles (20.2%)
# UVM_INFO /home/yifeng/packages/mu3e_ip_dev/mu3e-ip-cores/ring-buffer_cam/tb/uvm/out_monitor.sv(146) @ 3511060000: uvm_test_top.m_env.m_out_mon [OUT_MON] Throughput: 61 hits in 280 cycles (21.8%)
# UVM_INFO /home/yifeng/packages/mu3e_ip_dev/mu3e-ip-cores/ring-buffer_cam/tb/uvm/out_monitor.sv(146) @ 3514076000: uvm_test_top.m_env.m_out_mon [OUT_MON] Throughput: 73 hits in 334 cycles (21.9%)
# UVM_INFO /home/yifeng/packages/mu3e_ip_dev/mu3e-ip-cores/ring-buffer_cam/tb/uvm/out_monitor.sv(146) @ 3517140000: uvm_test_top.m_env.m_out_mon [OUT_MON] Throughput: 75 hits in 340 cycles (22.1%)
# UVM_INFO /home/yifeng/packages/mu3e_ip_dev/mu3e-ip-cores/ring-buffer_cam/tb/uvm/out_monitor.sv(146) @ 3519964000: uvm_test_top.m_env.m_out_mon [OUT_MON] Throughput: 68 hits in 310 cycles (21.9%)
# UVM_INFO /home/yifeng/packages/mu3e_ip_dev/mu3e-ip-cores/ring-buffer_cam/tb/uvm/out_monitor.sv(146) @ 3544100000: uvm_test_top.m_env.m_out_mon [OUT_MON] Throughput: 86 hits in 314 cycles (27.4%)
# UVM_INFO /home/yifeng/packages/mu3e_ip_dev/mu3e-ip-cores/ring-buffer_cam/tb/uvm/out_monitor.sv(146) @ 3547004000: uvm_test_top.m_env.m_out_mon [OUT_MON] Throughput: 100 hits in 320 cycles (31.2%)
# UVM_INFO /home/yifeng/packages/mu3e_ip_dev/mu3e-ip-cores/ring-buffer_cam/tb/uvm/out_monitor.sv(146) @ 3549860000: uvm_test_top.m_env.m_out_mon [OUT_MON] Throughput: 99 hits in 314 cycles (31.5%)
# UVM_INFO /home/yifeng/packages/mu3e_ip_dev/mu3e-ip-cores/ring-buffer_cam/tb/uvm/out_monitor.sv(146) @ 3551868000: uvm_test_top.m_env.m_out_mon [OUT_MON] Throughput: 66 hits in 208 cycles (31.7%)
# UVM_INFO /home/yifeng/packages/mu3e_ip_dev/mu3e-ip-cores/ring-buffer_cam/tb/uvm/out_monitor.sv(146) @ 3577012000: uvm_test_top.m_env.m_out_mon [OUT_MON] Throughput: 84 hits in 332 cycles (25.3%)
# UVM_INFO /home/yifeng/packages/mu3e_ip_dev/mu3e-ip-cores/ring-buffer_cam/tb/uvm/out_monitor.sv(146) @ 3579916000: uvm_test_top.m_env.m_out_mon [OUT_MON] Throughput: 76 hits in 320 cycles (23.8%)
# UVM_INFO /home/yifeng/packages/mu3e_ip_dev/mu3e-ip-cores/ring-buffer_cam/tb/uvm/out_monitor.sv(146) @ 3582868000: uvm_test_top.m_env.m_out_mon [OUT_MON] Throughput: 76 hits in 326 cycles (23.3%)
# UVM_INFO /home/yifeng/packages/mu3e_ip_dev/mu3e-ip-cores/ring-buffer_cam/tb/uvm/out_monitor.sv(146) @ 3585724000: uvm_test_top.m_env.m_out_mon [OUT_MON] Throughput: 78 hits in 314 cycles (24.8%)
# UVM_INFO /home/yifeng/packages/mu3e_ip_dev/mu3e-ip-cores/ring-buffer_cam/tb/uvm/out_monitor.sv(146) @ 3610132000: uvm_test_top.m_env.m_out_mon [OUT_MON] Throughput: 77 hits in 376 cycles (20.5%)
# UVM_INFO /home/yifeng/packages/mu3e_ip_dev/mu3e-ip-cores/ring-buffer_cam/tb/uvm/out_monitor.sv(146) @ 3613532000: uvm_test_top.m_env.m_out_mon [OUT_MON] Throughput: 78 hits in 382 cycles (20.4%)
# UVM_INFO /home/yifeng/packages/mu3e_ip_dev/mu3e-ip-cores/ring-buffer_cam/tb/uvm/out_monitor.sv(146) @ 3616884000: uvm_test_top.m_env.m_out_mon [OUT_MON] Throughput: 78 hits in 376 cycles (20.7%)
# UVM_INFO /home/yifeng/packages/mu3e_ip_dev/mu3e-ip-cores/ring-buffer_cam/tb/uvm/out_monitor.sv(146) @ 3620380000: uvm_test_top.m_env.m_out_mon [OUT_MON] Throughput: 85 hits in 394 cycles (21.6%)
# UVM_INFO /home/yifeng/packages/mu3e_ip_dev/mu3e-ip-cores/ring-buffer_cam/tb/uvm/out_monitor.sv(146) @ 3642980000: uvm_test_top.m_env.m_out_mon [OUT_MON] Throughput: 77 hits in 386 cycles (19.9%)
# UVM_INFO /home/yifeng/packages/mu3e_ip_dev/mu3e-ip-cores/ring-buffer_cam/tb/uvm/out_monitor.sv(146) @ 3645788000: uvm_test_top.m_env.m_out_mon [OUT_MON] Throughput: 58 hits in 308 cycles (18.8%)
# UVM_INFO /home/yifeng/packages/mu3e_ip_dev/mu3e-ip-cores/ring-buffer_cam/tb/uvm/out_monitor.sv(146) @ 3648548000: uvm_test_top.m_env.m_out_mon [OUT_MON] Throughput: 57 hits in 302 cycles (18.9%)
# UVM_INFO /home/yifeng/packages/mu3e_ip_dev/mu3e-ip-cores/ring-buffer_cam/tb/uvm/out_monitor.sv(146) @ 3651932000: uvm_test_top.m_env.m_out_mon [OUT_MON] Throughput: 80 hits in 380 cycles (21.1%)
# UVM_INFO /home/yifeng/packages/mu3e_ip_dev/mu3e-ip-cores/ring-buffer_cam/tb/uvm/out_monitor.sv(146) @ 3674660000: uvm_test_top.m_env.m_out_mon [OUT_MON] Throughput: 74 hits in 250 cycles (29.6%)
# UVM_INFO /home/yifeng/packages/mu3e_ip_dev/mu3e-ip-cores/ring-buffer_cam/tb/uvm/out_monitor.sv(146) @ 3677868000: uvm_test_top.m_env.m_out_mon [OUT_MON] Throughput: 92 hits in 358 cycles (25.7%)
# UVM_INFO /home/yifeng/packages/mu3e_ip_dev/mu3e-ip-cores/ring-buffer_cam/tb/uvm/out_monitor.sv(146) @ 3681124000: uvm_test_top.m_env.m_out_mon [OUT_MON] Throughput: 93 hits in 364 cycles (25.5%)
# UVM_INFO /home/yifeng/packages/mu3e_ip_dev/mu3e-ip-cores/ring-buffer_cam/tb/uvm/out_monitor.sv(146) @ 3683996000: uvm_test_top.m_env.m_out_mon [OUT_MON] Throughput: 83 hits in 316 cycles (26.3%)
# UVM_INFO /home/yifeng/packages/mu3e_ip_dev/mu3e-ip-cores/ring-buffer_cam/tb/uvm/out_monitor.sv(146) @ 3707668000: uvm_test_top.m_env.m_out_mon [OUT_MON] Throughput: 83 hits in 280 cycles (29.6%)
# UVM_INFO /home/yifeng/packages/mu3e_ip_dev/mu3e-ip-cores/ring-buffer_cam/tb/uvm/out_monitor.sv(146) @ 3710252000: uvm_test_top.m_env.m_out_mon [OUT_MON] Throughput: 76 hits in 280 cycles (27.1%)
# UVM_INFO /home/yifeng/packages/mu3e_ip_dev/mu3e-ip-cores/ring-buffer_cam/tb/uvm/out_monitor.sv(146) @ 3712884000: uvm_test_top.m_env.m_out_mon [OUT_MON] Throughput: 76 hits in 286 cycles (26.6%)
# UVM_INFO /home/yifeng/packages/mu3e_ip_dev/mu3e-ip-cores/ring-buffer_cam/tb/uvm/out_monitor.sv(146) @ 3716044000: uvm_test_top.m_env.m_out_mon [OUT_MON] Throughput: 96 hits in 352 cycles (27.3%)
# UVM_INFO /home/yifeng/packages/mu3e_ip_dev/mu3e-ip-cores/ring-buffer_cam/tb/uvm/out_monitor.sv(146) @ 3741332000: uvm_test_top.m_env.m_out_mon [OUT_MON] Throughput: 75 hits in 392 cycles (19.1%)
# UVM_INFO /home/yifeng/packages/mu3e_ip_dev/mu3e-ip-cores/ring-buffer_cam/tb/uvm/out_monitor.sv(146) @ 3744668000: uvm_test_top.m_env.m_out_mon [OUT_MON] Throughput: 79 hits in 374 cycles (21.1%)
# UVM_INFO /home/yifeng/packages/mu3e_ip_dev/mu3e-ip-cores/ring-buffer_cam/tb/uvm/out_monitor.sv(146) @ 3748052000: uvm_test_top.m_env.m_out_mon [OUT_MON] Throughput: 79 hits in 380 cycles (20.8%)
# UVM_INFO /home/yifeng/packages/mu3e_ip_dev/mu3e-ip-cores/ring-buffer_cam/tb/uvm/out_monitor.sv(146) @ 3751340000: uvm_test_top.m_env.m_out_mon [OUT_MON] Throughput: 81 hits in 368 cycles (22.0%)
# UVM_INFO /home/yifeng/packages/mu3e_ip_dev/mu3e-ip-cores/ring-buffer_cam/tb/uvm/out_monitor.sv(146) @ 3774596000: uvm_test_top.m_env.m_out_mon [OUT_MON] Throughput: 80 hits in 454 cycles (17.6%)
# UVM_INFO /home/yifeng/packages/mu3e_ip_dev/mu3e-ip-cores/ring-buffer_cam/tb/uvm/out_monitor.sv(146) @ 3777948000: uvm_test_top.m_env.m_out_mon [OUT_MON] Throughput: 71 hits in 376 cycles (18.9%)
# UVM_INFO /home/yifeng/packages/mu3e_ip_dev/mu3e-ip-cores/ring-buffer_cam/tb/uvm/out_monitor.sv(146) @ 3781300000: uvm_test_top.m_env.m_out_mon [OUT_MON] Throughput: 72 hits in 376 cycles (19.1%)
# UVM_INFO /home/yifeng/packages/mu3e_ip_dev/mu3e-ip-cores/ring-buffer_cam/tb/uvm/out_monitor.sv(146) @ 3784028000: uvm_test_top.m_env.m_out_mon [OUT_MON] Throughput: 66 hits in 298 cycles (22.1%)
# UVM_INFO /home/yifeng/packages/mu3e_ip_dev/mu3e-ip-cores/ring-buffer_cam/tb/uvm/out_monitor.sv(146) @ 3806100000: uvm_test_top.m_env.m_out_mon [OUT_MON] Throughput: 75 hits in 296 cycles (25.3%)
# UVM_INFO /home/yifeng/packages/mu3e_ip_dev/mu3e-ip-cores/ring-buffer_cam/tb/uvm/out_monitor.sv(146) @ 3809340000: uvm_test_top.m_env.m_out_mon [OUT_MON] Throughput: 78 hits in 362 cycles (21.5%)
# UVM_INFO /home/yifeng/packages/mu3e_ip_dev/mu3e-ip-cores/ring-buffer_cam/tb/uvm/out_monitor.sv(146) @ 3812484000: uvm_test_top.m_env.m_out_mon [OUT_MON] Throughput: 77 hits in 350 cycles (22.0%)
# UVM_INFO /home/yifeng/packages/mu3e_ip_dev/mu3e-ip-cores/ring-buffer_cam/tb/uvm/out_monitor.sv(146) @ 3815196000: uvm_test_top.m_env.m_out_mon [OUT_MON] Throughput: 70 hits in 296 cycles (23.6%)
# UVM_INFO /home/yifeng/packages/mu3e_ip_dev/mu3e-ip-cores/ring-buffer_cam/tb/uvm/out_monitor.sv(146) @ 3838436000: uvm_test_top.m_env.m_out_mon [OUT_MON] Throughput: 76 hits in 242 cycles (31.4%)
# UVM_INFO /home/yifeng/packages/mu3e_ip_dev/mu3e-ip-cores/ring-buffer_cam/tb/uvm/out_monitor.sv(146) @ 3840908000: uvm_test_top.m_env.m_out_mon [OUT_MON] Throughput: 87 hits in 266 cycles (32.7%)
# UVM_INFO /home/yifeng/packages/mu3e_ip_dev/mu3e-ip-cores/ring-buffer_cam/tb/uvm/out_monitor.sv(146) @ 3843332000: uvm_test_top.m_env.m_out_mon [OUT_MON] Throughput: 86 hits in 260 cycles (33.1%)
# UVM_INFO /home/yifeng/packages/mu3e_ip_dev/mu3e-ip-cores/ring-buffer_cam/tb/uvm/out_monitor.sv(146) @ 3846396000: uvm_test_top.m_env.m_out_mon [OUT_MON] Throughput: 108 hits in 340 cycles (31.8%)
# UVM_INFO /home/yifeng/packages/mu3e_ip_dev/mu3e-ip-cores/ring-buffer_cam/tb/uvm/out_monitor.sv(146) @ 3871748000: uvm_test_top.m_env.m_out_mon [OUT_MON] Throughput: 78 hits in 310 cycles (25.2%)
# UVM_INFO /home/yifeng/packages/mu3e_ip_dev/mu3e-ip-cores/ring-buffer_cam/tb/uvm/out_monitor.sv(146) @ 3874908000: uvm_test_top.m_env.m_out_mon [OUT_MON] Throughput: 74 hits in 352 cycles (21.0%)
# UVM_INFO /home/yifeng/packages/mu3e_ip_dev/mu3e-ip-cores/ring-buffer_cam/tb/uvm/out_monitor.sv(146) @ 3878116000: uvm_test_top.m_env.m_out_mon [OUT_MON] Throughput: 75 hits in 358 cycles (20.9%)
# UVM_INFO /home/yifeng/packages/mu3e_ip_dev/mu3e-ip-cores/ring-buffer_cam/tb/uvm/out_monitor.sv(146) @ 3881612000: uvm_test_top.m_env.m_out_mon [OUT_MON] Throughput: 85 hits in 394 cycles (21.6%)
# UVM_INFO /home/yifeng/packages/mu3e_ip_dev/mu3e-ip-cores/ring-buffer_cam/tb/uvm/out_monitor.sv(146) @ 3904500000: uvm_test_top.m_env.m_out_mon [OUT_MON] Throughput: 64 hits in 308 cycles (20.8%)
# UVM_INFO /home/yifeng/packages/mu3e_ip_dev/mu3e-ip-cores/ring-buffer_cam/tb/uvm/out_monitor.sv(146) @ 3907884000: uvm_test_top.m_env.m_out_mon [OUT_MON] Throughput: 77 hits in 380 cycles (20.3%)
# UVM_INFO /home/yifeng/packages/mu3e_ip_dev/mu3e-ip-cores/ring-buffer_cam/tb/uvm/out_monitor.sv(146) @ 3911268000: uvm_test_top.m_env.m_out_mon [OUT_MON] Throughput: 76 hits in 380 cycles (20.0%)
# UVM_INFO /home/yifeng/packages/mu3e_ip_dev/mu3e-ip-cores/ring-buffer_cam/tb/uvm/out_monitor.sv(146) @ 3915228000: uvm_test_top.m_env.m_out_mon [OUT_MON] Throughput: 96 hits in 452 cycles (21.2%)
# UVM_INFO /home/yifeng/packages/mu3e_ip_dev/mu3e-ip-cores/ring-buffer_cam/tb/uvm/out_monitor.sv(146) @ 3937380000: uvm_test_top.m_env.m_out_mon [OUT_MON] Throughput: 73 hits in 322 cycles (22.7%)
# UVM_INFO /home/yifeng/packages/mu3e_ip_dev/mu3e-ip-cores/ring-buffer_cam/tb/uvm/out_monitor.sv(146) @ 3940012000: uvm_test_top.m_env.m_out_mon [OUT_MON] Throughput: 64 hits in 286 cycles (22.4%)
# UVM_INFO /home/yifeng/packages/mu3e_ip_dev/mu3e-ip-cores/ring-buffer_cam/tb/uvm/out_monitor.sv(146) @ 3942644000: uvm_test_top.m_env.m_out_mon [OUT_MON] Throughput: 65 hits in 286 cycles (22.7%)
# UVM_INFO /home/yifeng/packages/mu3e_ip_dev/mu3e-ip-cores/ring-buffer_cam/tb/uvm/out_monitor.sv(146) @ 3946236000: uvm_test_top.m_env.m_out_mon [OUT_MON] Throughput: 78 hits in 406 cycles (19.2%)
# UVM_INFO /home/yifeng/packages/mu3e_ip_dev/mu3e-ip-cores/ring-buffer_cam/tb/uvm/out_monitor.sv(146) @ 3969572000: uvm_test_top.m_env.m_out_mon [OUT_MON] Throughput: 84 hits in 250 cycles (33.6%)
# UVM_INFO /home/yifeng/packages/mu3e_ip_dev/mu3e-ip-cores/ring-buffer_cam/tb/uvm/out_monitor.sv(146) @ 3972332000: uvm_test_top.m_env.m_out_mon [OUT_MON] Throughput: 95 hits in 302 cycles (31.5%)
# UVM_INFO /home/yifeng/packages/mu3e_ip_dev/mu3e-ip-cores/ring-buffer_cam/tb/uvm/out_monitor.sv(146) @ 3975092000: uvm_test_top.m_env.m_out_mon [OUT_MON] Throughput: 95 hits in 302 cycles (31.5%)
# UVM_INFO /home/yifeng/packages/mu3e_ip_dev/mu3e-ip-cores/ring-buffer_cam/tb/uvm/out_monitor.sv(146) @ 3977804000: uvm_test_top.m_env.m_out_mon [OUT_MON] Throughput: 83 hits in 296 cycles (28.0%)
# UVM_INFO /home/yifeng/packages/mu3e_ip_dev/mu3e-ip-cores/ring-buffer_cam/tb/uvm/out_monitor.sv(146) @ 4002324000: uvm_test_top.m_env.m_out_mon [OUT_MON] Throughput: 71 hits in 248 cycles (28.6%)
# UVM_INFO /home/yifeng/packages/mu3e_ip_dev/mu3e-ip-cores/ring-buffer_cam/tb/uvm/out_monitor.sv(146) @ 4005660000: uvm_test_top.m_env.m_out_mon [OUT_MON] Throughput: 85 hits in 374 cycles (22.7%)
# UVM_INFO /home/yifeng/packages/mu3e_ip_dev/mu3e-ip-cores/ring-buffer_cam/tb/uvm/out_monitor.sv(146) @ 4009044000: uvm_test_top.m_env.m_out_mon [OUT_MON] Throughput: 85 hits in 380 cycles (22.4%)
# UVM_INFO /home/yifeng/packages/mu3e_ip_dev/mu3e-ip-cores/ring-buffer_cam/tb/uvm/out_monitor.sv(146) @ 4011852000: uvm_test_top.m_env.m_out_mon [OUT_MON] Throughput: 73 hits in 308 cycles (23.7%)
# UVM_INFO /home/yifeng/packages/mu3e_ip_dev/mu3e-ip-cores/ring-buffer_cam/tb/uvm/out_monitor.sv(146) @ 4036500000: uvm_test_top.m_env.m_out_mon [OUT_MON] Throughput: 80 hits in 424 cycles (18.9%)
# UVM_INFO /home/yifeng/packages/mu3e_ip_dev/mu3e-ip-cores/ring-buffer_cam/tb/uvm/out_monitor.sv(146) @ 4039660000: uvm_test_top.m_env.m_out_mon [OUT_MON] Throughput: 77 hits in 352 cycles (21.9%)
# UVM_INFO /home/yifeng/packages/mu3e_ip_dev/mu3e-ip-cores/ring-buffer_cam/tb/uvm/out_monitor.sv(146) @ 4042820000: uvm_test_top.m_env.m_out_mon [OUT_MON] Throughput: 77 hits in 352 cycles (21.9%)
# UVM_INFO /home/yifeng/packages/mu3e_ip_dev/mu3e-ip-cores/ring-buffer_cam/tb/uvm/out_monitor.sv(146) @ 4046364000: uvm_test_top.m_env.m_out_mon [OUT_MON] Throughput: 79 hits in 400 cycles (19.8%)
# UVM_INFO /home/yifeng/packages/mu3e_ip_dev/mu3e-ip-cores/ring-buffer_cam/tb/uvm/out_monitor.sv(146) @ 4068388000: uvm_test_top.m_env.m_out_mon [OUT_MON] Throughput: 58 hits in 314 cycles (18.5%)
# UVM_INFO /home/yifeng/packages/mu3e_ip_dev/mu3e-ip-cores/ring-buffer_cam/tb/uvm/out_monitor.sv(146) @ 4071724000: uvm_test_top.m_env.m_out_mon [OUT_MON] Throughput: 70 hits in 374 cycles (18.7%)
# UVM_INFO /home/yifeng/packages/mu3e_ip_dev/mu3e-ip-cores/ring-buffer_cam/tb/uvm/out_monitor.sv(146) @ 4075012000: uvm_test_top.m_env.m_out_mon [OUT_MON] Throughput: 70 hits in 368 cycles (19.0%)
# UVM_INFO /home/yifeng/packages/mu3e_ip_dev/mu3e-ip-cores/ring-buffer_cam/tb/uvm/out_monitor.sv(146) @ 4078012000: uvm_test_top.m_env.m_out_mon [OUT_MON] Throughput: 76 hits in 332 cycles (22.9%)
# UVM_INFO /home/yifeng/packages/mu3e_ip_dev/mu3e-ip-cores/ring-buffer_cam/tb/uvm/out_monitor.sv(146) @ 4101700000: uvm_test_top.m_env.m_out_mon [OUT_MON] Throughput: 97 hits in 382 cycles (25.4%)
# UVM_INFO /home/yifeng/packages/mu3e_ip_dev/mu3e-ip-cores/ring-buffer_cam/tb/uvm/out_monitor.sv(146) @ 4104716000: uvm_test_top.m_env.m_out_mon [OUT_MON] Throughput: 82 hits in 334 cycles (24.6%)
# UVM_INFO /home/yifeng/packages/mu3e_ip_dev/mu3e-ip-cores/ring-buffer_cam/tb/uvm/out_monitor.sv(146) @ 4107732000: uvm_test_top.m_env.m_out_mon [OUT_MON] Throughput: 82 hits in 334 cycles (24.6%)
# UVM_INFO /home/yifeng/packages/mu3e_ip_dev/mu3e-ip-cores/ring-buffer_cam/tb/uvm/out_monitor.sv(146) @ 4109980000: uvm_test_top.m_env.m_out_mon [OUT_MON] Throughput: 66 hits in 238 cycles (27.7%)
# UVM_INFO /home/yifeng/packages/mu3e_ip_dev/mu3e-ip-cores/ring-buffer_cam/tb/uvm/out_monitor.sv(146) @ 4133988000: uvm_test_top.m_env.m_out_mon [OUT_MON] Throughput: 94 hits in 322 cycles (29.2%)
# UVM_INFO /home/yifeng/packages/mu3e_ip_dev/mu3e-ip-cores/ring-buffer_cam/tb/uvm/out_monitor.sv(146) @ 4136764000: uvm_test_top.m_env.m_out_mon [OUT_MON] Throughput: 88 hits in 304 cycles (28.9%)
# UVM_INFO /home/yifeng/packages/mu3e_ip_dev/mu3e-ip-cores/ring-buffer_cam/tb/uvm/out_monitor.sv(146) @ 4139588000: uvm_test_top.m_env.m_out_mon [OUT_MON] Throughput: 88 hits in 310 cycles (28.4%)
# UVM_INFO /home/yifeng/packages/mu3e_ip_dev/mu3e-ip-cores/ring-buffer_cam/tb/uvm/out_monitor.sv(146) @ 4141884000: uvm_test_top.m_env.m_out_mon [OUT_MON] Throughput: 73 hits in 244 cycles (29.9%)
# UVM_INFO /home/yifeng/packages/mu3e_ip_dev/mu3e-ip-cores/ring-buffer_cam/tb/uvm/out_monitor.sv(146) @ 4167172000: uvm_test_top.m_env.m_out_mon [OUT_MON] Throughput: 77 hits in 374 cycles (20.6%)
# UVM_INFO /home/yifeng/packages/mu3e_ip_dev/mu3e-ip-cores/ring-buffer_cam/tb/uvm/sequences.sv(485) @ 4168868000: uvm_test_top.m_env.m_hit_seqr@@P036 seeded random four-key profile A_profile [SEQ] P036 seeded random four-key profile A progress: sent=30000/30000
# UVM_INFO /home/yifeng/packages/mu3e_ip_dev/mu3e-ip-cores/ring-buffer_cam/tb/uvm/sequences.sv(497) @ 4168972000: uvm_test_top.m_env.m_hit_seqr@@P036 seeded random four-key profile A_profile [SEQ] P036 seeded random four-key profile A completed: sent=30000/30000
# UVM_INFO /home/yifeng/packages/mu3e_ip_dev/mu3e-ip-cores/ring-buffer_cam/tb/uvm/out_monitor.sv(146) @ 4170700000: uvm_test_top.m_env.m_out_mon [OUT_MON] Throughput: 80 hits in 398 cycles (20.1%)
# UVM_INFO /home/yifeng/packages/mu3e_ip_dev/mu3e-ip-cores/ring-buffer_cam/tb/uvm/out_monitor.sv(146) @ 4174180000: uvm_test_top.m_env.m_out_mon [OUT_MON] Throughput: 80 hits in 392 cycles (20.4%)
# UVM_INFO /home/yifeng/packages/mu3e_ip_dev/mu3e-ip-cores/ring-buffer_cam/tb/uvm/out_monitor.sv(146) @ 4177372000: uvm_test_top.m_env.m_out_mon [OUT_MON] Throughput: 79 hits in 356 cycles (22.2%)
# UVM_INFO /home/yifeng/packages/mu3e_ip_dev/mu3e-ip-cores/ring-buffer_cam/tb/uvm/out_monitor.sv(146) @ 4197692000: uvm_test_top.m_env.m_out_mon [OUT_MON] Throughput: 16 hits in 93 cycles (17.2%)
# UVM_INFO /home/yifeng/packages/mu3e_ip_dev/mu3e-ip-cores/ring-buffer_cam/tb/uvm/out_monitor.sv(146) @ 4198540000: uvm_test_top.m_env.m_out_mon [OUT_MON] Throughput: 11 hits in 63 cycles (17.5%)
# UVM_INFO /home/yifeng/packages/mu3e_ip_dev/mu3e-ip-cores/ring-buffer_cam/tb/uvm/out_monitor.sv(146) @ 4199388000: uvm_test_top.m_env.m_out_mon [OUT_MON] Throughput: 11 hits in 63 cycles (17.5%)
# UVM_INFO /home/yifeng/packages/mu3e_ip_dev/mu3e-ip-cores/ring-buffer_cam/tb/uvm/out_monitor.sv(146) @ 4200092000: uvm_test_top.m_env.m_out_mon [OUT_MON] Throughput: 8 hits in 45 cycles (17.8%)
# UVM_INFO /home/yifeng/packages/mu3e_ip_dev/mu3e-ip-cores/ring-buffer_cam/tb/uvm/base_test.sv(5911) @ 4203556000: uvm_test_top [PROF] P036 seeded random four-key profile A summary: num_hits=30000 pool_keys=4 min_hits_per_key=7395 max_hits_per_key=7646 seed=0x03601a2b max_live_fill=372
# UVM_INFO /home/yifeng/packages/mu3e_ip_dev/mu3e-ip-cores/ring-buffer_cam/tb/uvm/base_test.sv(16000) @ 4203556000: uvm_test_top [CASE] CASE_END id=P086 mode=isolated
# UVM_INFO /data1/questaone_sim/questasim/verilog_src/uvm-1.2/src/base/uvm_objection.svh(1270) @ 4203556000: reporter [TEST_DONE] 'run' phase is ready to proceed to the 'extract' phase
# UVM_INFO /home/yifeng/packages/mu3e_ip_dev/mu3e-ip-cores/ring-buffer_cam/tb/uvm/coverage.sv(88) @ 4203556000: uvm_test_top.m_env.m_cov [COV] cg_output=91.2% cg_hit_data=68.8%
# UVM_INFO /home/yifeng/packages/mu3e_ip_dev/mu3e-ip-cores/ring-buffer_cam/tb/uvm/scoreboard.sv(646) @ 4203556000: uvm_test_top.m_env.m_scb [SCB] Summary: pushed=30000 popped=30000 remaining=0 pending_drain=0 overlap_evicted=0 overlap_fallback=0 overwrites=0 unexpected=0 subheaders=5650 zero_hit_subheaders=5262 accepted=30000 cache_miss_outputs=0
# UVM_INFO /home/yifeng/packages/mu3e_ip_dev/mu3e-ip-cores/ring-buffer_cam/tb/uvm/scoreboard.sv(654) @ 4203556000: uvm_test_top.m_env.m_scb [SCB] Pressure: max_remaining=372 ring_depth=512
# UVM_INFO /home/yifeng/packages/mu3e_ip_dev/mu3e-ip-cores/ring-buffer_cam/tb/uvm/base_test.sv(15707) @ 4203556000: uvm_test_top [TEST] *** TEST PASSED ***
# UVM_INFO /data1/questaone_sim/questasim/verilog_src/uvm-1.2/src/base/uvm_report_server.svh(847) @ 4203556000: reporter [UVM/REPORT/SERVER] 
# --- UVM Report Summary ---
# 
# ** Report counts by severity
# UVM_INFO :  409
# UVM_WARNING :    0
# UVM_ERROR :    0
# UVM_FATAL :    0
# ** Report counts by id
# [CASE]     2
# [COV]     1
# [CTRL_DRV]     6
# [OUT_MON]   388
# [PROF]     1
# [RNTST]     1
# [SCB]     2
# [SEQ]     5
# [TEST]     1
# [TEST_DONE]     1
# [UVM/RELNOTES]     1
# 
# ** Note: $finish    : /data1/questaone_sim/questasim/verilog_src/uvm-1.2/src/base/uvm_root.svh(517)
#    Time: 4203556 ns  Iteration: 75  Instance: /tb_top
# 
# Coverage saving has been started
# Coverage database has been saved successfully.
# End time: 12:20:42 on Apr 22,2026, Elapsed time: 0:00:19
# Errors: 0, Warnings: 25
