Reading pref.tcl
# ** Warning: (vsim-222) -modelsimini will be deprecated in future releases. Please use -ini instead.

# 2026.1_1

# ** Warning: (vsim-222) -modelsimini will be deprecated in future releases. Please use -ini instead.
# ** Note: (vsim-220) 'modelsim.ini' is used as the ini file.
# vsim -modelsimini modelsim.ini -c -quiet -coverage -dpicpppath /usr/bin/gcc -sv_lib /data1/questaone_sim/questasim/uvm-1.2/linux_x86_64/uvm_dpi -usenonstdcoveragesavesysf -sv_seed 1 "+UVM_TESTNAME=test_case_engine" "+UVM_VERBOSITY=UVM_MEDIUM" "+DV_TB_DIR=/home/yifeng/packages/mu3e_ip_dev/mu3e-ip-cores/ring-buffer_cam/tb" "+DV_SEED=1" "+DV_EXEC_MODE=isolated" "+DV_CASE_ID=P097" -suppress 19 -suppress 3009 -voptargs="+acc" work.tb_top -do "coverage save -onexit /home/yifeng/packages/mu3e_ip_dev/mu3e-ip-cores/ring-buffer_cam/tb/uvm/cov_default_p2_pipe4/P097_s1.ucdb; run -all; quit -f" -gG_ENCODER_LEAF_WIDTH=16 -gG_N_PARTITIONS=2 -gG_INTERLEAVING_FACTOR=4 -gG_DEBUG=1 -gG_ENCODER_PIPE_STAGES=4 -gG_INTERLEAVING_INDEX=0 -gG_RING_BUFFER_N_ENTRY=512 
# Start time: 12:22:44 on Apr 22,2026
# ** Note: (vsim-8009) Loading existing optimized design _opt
# //  Questa Sim-64
# //  Version 2026.1_1 linux_x86_64 Mar  2 2026
# //
# // Unpublished work. Copyright 2026 Siemens
# //
# // This material contains trade secrets or otherwise confidential information
# // owned by Siemens Industry Software Inc. or its affiliates (collectively,
# // "SISW"), or its licensors. Access to and use of this information is strictly
# // limited as set forth in the Customer's applicable agreements with SISW.
# //
# // This material may not be copied, distributed, or otherwise disclosed outside
# // of the Customer's facilities without the express written permission of SISW,
# // and may not be used in any way not expressly authorized by SISW.
# //
# ** Note: (vsim-8785) UVM-aware debugging capabilities will be disabled since no compiled "questa_uvm_pkg" can be found.
# This also means that later if you turn on UVM-aware debugging your debug simulations may have
# different random seeds from your non-debug simulations.
# coverage save -onexit /home/yifeng/packages/mu3e_ip_dev/mu3e-ip-cores/ring-buffer_cam/tb/uvm/cov_default_p2_pipe4/P097_s1.ucdb
#  run -all
# UVM_INFO /data1/questaone_sim/questasim/verilog_src/uvm-1.2/src/base/uvm_root.svh(392) @ 0: reporter [UVM/RELNOTES] 
# ----------------------------------------------------------------
# UVM-1.2
# (C) 2007-2014 Mentor Graphics Corporation
# (C) 2007-2014 Cadence Design Systems, Inc.
# (C) 2006-2014 Synopsys, Inc.
# (C) 2011-2013 Cypress Semiconductor Corp.
# (C) 2013-2014 NVIDIA Corporation
# ----------------------------------------------------------------
# 
#   ***********       IMPORTANT RELEASE NOTES         ************
# 
#   You are using a version of the UVM library that has been compiled
#   with `UVM_NO_DEPRECATED undefined.
#   See http://www.eda.org/svdb/view.php?id=3313 for more details.
# 
#   You are using a version of the UVM library that has been compiled
#   with `UVM_OBJECT_DO_NOT_NEED_CONSTRUCTOR undefined.
#   See http://www.eda.org/svdb/view.php?id=3770 for more details.
# 
#       (Specify +UVM_NO_RELNOTES to turn off this notice)
# 
# ** Warning: NUMERIC_STD.">=": metavalue detected, returning FALSE
#    Time: 0 ps  Iteration: 0  Instance: /tb_top/dut/v2_core
# ** Warning: NUMERIC_STD.TO_INTEGER: metavalue detected, returning 0
#    Time: 0 ps  Iteration: 0  Instance: /tb_top/dut/v2_core
# ** Warning: NUMERIC_STD.TO_INTEGER: metavalue detected, returning 0
#    Time: 0 ps  Iteration: 0  Region: /tb_top/dut/v2_core/main_cam/wr_addr_page_encode(15)
# ** Warning: NUMERIC_STD.TO_INTEGER: metavalue detected, returning 0
#    Time: 0 ps  Iteration: 0  Region: /tb_top/dut/v2_core/main_cam/wr_addr_page_encode(14)
# ** Warning: NUMERIC_STD.TO_INTEGER: metavalue detected, returning 0
#    Time: 0 ps  Iteration: 0  Region: /tb_top/dut/v2_core/main_cam/wr_addr_page_encode(13)
# ** Warning: NUMERIC_STD.TO_INTEGER: metavalue detected, returning 0
#    Time: 0 ps  Iteration: 0  Region: /tb_top/dut/v2_core/main_cam/wr_addr_page_encode(12)
# ** Warning: NUMERIC_STD.TO_INTEGER: metavalue detected, returning 0
#    Time: 0 ps  Iteration: 0  Region: /tb_top/dut/v2_core/main_cam/wr_addr_page_encode(11)
# ** Warning: NUMERIC_STD.TO_INTEGER: metavalue detected, returning 0
#    Time: 0 ps  Iteration: 0  Region: /tb_top/dut/v2_core/main_cam/wr_addr_page_encode(10)
# ** Warning: NUMERIC_STD.TO_INTEGER: metavalue detected, returning 0
#    Time: 0 ps  Iteration: 0  Region: /tb_top/dut/v2_core/main_cam/wr_addr_page_encode(9)
# ** Warning: NUMERIC_STD.TO_INTEGER: metavalue detected, returning 0
#    Time: 0 ps  Iteration: 0  Region: /tb_top/dut/v2_core/main_cam/wr_addr_page_encode(8)
# ** Warning: NUMERIC_STD.TO_INTEGER: metavalue detected, returning 0
#    Time: 0 ps  Iteration: 0  Region: /tb_top/dut/v2_core/main_cam/wr_addr_page_encode(7)
# ** Warning: NUMERIC_STD.TO_INTEGER: metavalue detected, returning 0
#    Time: 0 ps  Iteration: 0  Region: /tb_top/dut/v2_core/main_cam/wr_addr_page_encode(6)
# ** Warning: NUMERIC_STD.TO_INTEGER: metavalue detected, returning 0
#    Time: 0 ps  Iteration: 0  Region: /tb_top/dut/v2_core/main_cam/wr_addr_page_encode(5)
# ** Warning: NUMERIC_STD.TO_INTEGER: metavalue detected, returning 0
#    Time: 0 ps  Iteration: 0  Region: /tb_top/dut/v2_core/main_cam/wr_addr_page_encode(4)
# ** Warning: NUMERIC_STD.TO_INTEGER: metavalue detected, returning 0
#    Time: 0 ps  Iteration: 0  Region: /tb_top/dut/v2_core/main_cam/wr_addr_page_encode(3)
# ** Warning: NUMERIC_STD.TO_INTEGER: metavalue detected, returning 0
#    Time: 0 ps  Iteration: 0  Region: /tb_top/dut/v2_core/main_cam/wr_addr_page_encode(2)
# ** Warning: NUMERIC_STD.TO_INTEGER: metavalue detected, returning 0
#    Time: 0 ps  Iteration: 0  Region: /tb_top/dut/v2_core/main_cam/wr_addr_page_encode(1)
# ** Warning: NUMERIC_STD.TO_INTEGER: metavalue detected, returning 0
#    Time: 0 ps  Iteration: 0  Region: /tb_top/dut/v2_core/main_cam/wr_addr_page_encode(0)
# UVM_INFO @ 0: reporter [RNTST] Running test test_case_engine...
# ** Warning: NUMERIC_STD.">=": metavalue detected, returning FALSE
#    Time: 0 ps  Iteration: 1  Instance: /tb_top/dut/v2_core
# ** Warning: NUMERIC_STD.">=": metavalue detected, returning FALSE
#    Time: 0 ps  Iteration: 2  Instance: /tb_top/dut/v2_core
# ** Warning: NUMERIC_STD.">=": metavalue detected, returning FALSE
#    Time: 0 ps  Iteration: 3  Instance: /tb_top/dut/v2_core
# ** Warning: NUMERIC_STD.">=": metavalue detected, returning FALSE
#    Time: 4 ns  Iteration: 2  Instance: /tb_top/dut/v2_core
# UVM_INFO /home/yifeng/packages/mu3e_ip_dev/mu3e-ip-cores/ring-buffer_cam/tb/uvm/base_test.sv(15998) @ 100000: uvm_test_top [CASE] CASE_BEGIN id=P097 mode=isolated
# UVM_INFO /home/yifeng/packages/mu3e_ip_dev/mu3e-ip-cores/ring-buffer_cam/tb/uvm/ctrl_driver.sv(76) @ 160116000: uvm_test_top.m_env.m_ctrl_drv [CTRL_DRV] Waiting for ctrl ready cmd=0x2 after 20000 cycles: ready=0 run_state=1 pop_state=6 flushed=0 flush_start=1 flush_done=0 flush_grant=1 flush_ram_done=1 flush_cam_done=0 flush_ram_wraddr=0 flush_cam_wraddr=78 flush_cam_wrdata=31 cam_clean=1 endofrun_seen=0 term_done=0 deassm_empty=1 deassm_usedw=0 pop_cmd_empty=1 pop_cmd_usedw=0 push=0 pop=0 overwrite=0
# UVM_INFO /home/yifeng/packages/mu3e_ip_dev/mu3e-ip-cores/ring-buffer_cam/tb/uvm/ctrl_driver.sv(76) @ 320116000: uvm_test_top.m_env.m_ctrl_drv [CTRL_DRV] Waiting for ctrl ready cmd=0x2 after 40000 cycles: ready=0 run_state=1 pop_state=6 flushed=0 flush_start=1 flush_done=0 flush_grant=1 flush_ram_done=1 flush_cam_done=0 flush_ram_wraddr=0 flush_cam_wraddr=156 flush_cam_wrdata=63 cam_clean=1 endofrun_seen=0 term_done=0 deassm_empty=1 deassm_usedw=0 pop_cmd_empty=1 pop_cmd_usedw=0 push=0 pop=0 overwrite=0
# UVM_INFO /home/yifeng/packages/mu3e_ip_dev/mu3e-ip-cores/ring-buffer_cam/tb/uvm/ctrl_driver.sv(76) @ 480116000: uvm_test_top.m_env.m_ctrl_drv [CTRL_DRV] Waiting for ctrl ready cmd=0x2 after 60000 cycles: ready=0 run_state=1 pop_state=6 flushed=0 flush_start=1 flush_done=0 flush_grant=1 flush_ram_done=1 flush_cam_done=0 flush_ram_wraddr=0 flush_cam_wraddr=234 flush_cam_wrdata=95 cam_clean=1 endofrun_seen=0 term_done=0 deassm_empty=1 deassm_usedw=0 pop_cmd_empty=1 pop_cmd_usedw=0 push=0 pop=0 overwrite=0
# UVM_INFO /home/yifeng/packages/mu3e_ip_dev/mu3e-ip-cores/ring-buffer_cam/tb/uvm/ctrl_driver.sv(76) @ 640116000: uvm_test_top.m_env.m_ctrl_drv [CTRL_DRV] Waiting for ctrl ready cmd=0x2 after 80000 cycles: ready=0 run_state=1 pop_state=6 flushed=0 flush_start=1 flush_done=0 flush_grant=1 flush_ram_done=1 flush_cam_done=0 flush_ram_wraddr=0 flush_cam_wraddr=312 flush_cam_wrdata=127 cam_clean=1 endofrun_seen=0 term_done=0 deassm_empty=1 deassm_usedw=0 pop_cmd_empty=1 pop_cmd_usedw=0 push=0 pop=0 overwrite=0
# UVM_INFO /home/yifeng/packages/mu3e_ip_dev/mu3e-ip-cores/ring-buffer_cam/tb/uvm/ctrl_driver.sv(76) @ 800116000: uvm_test_top.m_env.m_ctrl_drv [CTRL_DRV] Waiting for ctrl ready cmd=0x2 after 100000 cycles: ready=0 run_state=1 pop_state=6 flushed=0 flush_start=1 flush_done=0 flush_grant=1 flush_ram_done=1 flush_cam_done=0 flush_ram_wraddr=0 flush_cam_wraddr=390 flush_cam_wrdata=159 cam_clean=1 endofrun_seen=0 term_done=0 deassm_empty=1 deassm_usedw=0 pop_cmd_empty=1 pop_cmd_usedw=0 push=0 pop=0 overwrite=0
# UVM_INFO /home/yifeng/packages/mu3e_ip_dev/mu3e-ip-cores/ring-buffer_cam/tb/uvm/ctrl_driver.sv(76) @ 960116000: uvm_test_top.m_env.m_ctrl_drv [CTRL_DRV] Waiting for ctrl ready cmd=0x2 after 120000 cycles: ready=0 run_state=1 pop_state=6 flushed=0 flush_start=1 flush_done=0 flush_grant=1 flush_ram_done=1 flush_cam_done=0 flush_ram_wraddr=0 flush_cam_wraddr=468 flush_cam_wrdata=191 cam_clean=1 endofrun_seen=0 term_done=0 deassm_empty=1 deassm_usedw=0 pop_cmd_empty=1 pop_cmd_usedw=0 push=0 pop=0 overwrite=0
# ** Warning: NUMERIC_STD.">=": metavalue detected, returning FALSE
#    Time: 1048740 ns  Iteration: 2  Instance: /tb_top/dut/v2_core
# ** Warning: NUMERIC_STD.">=": metavalue detected, returning FALSE
#    Time: 1048740 ns  Iteration: 3  Instance: /tb_top/dut/v2_core
# UVM_INFO /home/yifeng/packages/mu3e_ip_dev/mu3e-ip-cores/ring-buffer_cam/tb/uvm/out_monitor.sv(146) @ 1051524000: uvm_test_top.m_env.m_out_mon [OUT_MON] Throughput: 7 hits in 38 cycles (18.4%)
# UVM_INFO /home/yifeng/packages/mu3e_ip_dev/mu3e-ip-cores/ring-buffer_cam/tb/uvm/out_monitor.sv(146) @ 1051980000: uvm_test_top.m_env.m_out_mon [OUT_MON] Throughput: 3 hits in 14 cycles (21.4%)
# UVM_INFO /home/yifeng/packages/mu3e_ip_dev/mu3e-ip-cores/ring-buffer_cam/tb/uvm/out_monitor.sv(146) @ 1052484000: uvm_test_top.m_env.m_out_mon [OUT_MON] Throughput: 4 hits in 20 cycles (20.0%)
# UVM_INFO /home/yifeng/packages/mu3e_ip_dev/mu3e-ip-cores/ring-buffer_cam/tb/uvm/out_monitor.sv(146) @ 1053132000: uvm_test_top.m_env.m_out_mon [OUT_MON] Throughput: 7 hits in 38 cycles (18.4%)
# UVM_INFO /home/yifeng/packages/mu3e_ip_dev/mu3e-ip-cores/ring-buffer_cam/tb/uvm/out_monitor.sv(146) @ 1087220000: uvm_test_top.m_env.m_out_mon [OUT_MON] Throughput: 83 hits in 404 cycles (20.5%)
# UVM_INFO /home/yifeng/packages/mu3e_ip_dev/mu3e-ip-cores/ring-buffer_cam/tb/uvm/out_monitor.sv(146) @ 1090364000: uvm_test_top.m_env.m_out_mon [OUT_MON] Throughput: 79 hits in 350 cycles (22.6%)
# UVM_INFO /home/yifeng/packages/mu3e_ip_dev/mu3e-ip-cores/ring-buffer_cam/tb/uvm/out_monitor.sv(146) @ 1093460000: uvm_test_top.m_env.m_out_mon [OUT_MON] Throughput: 79 hits in 344 cycles (23.0%)
# UVM_INFO /home/yifeng/packages/mu3e_ip_dev/mu3e-ip-cores/ring-buffer_cam/tb/uvm/out_monitor.sv(146) @ 1096172000: uvm_test_top.m_env.m_out_mon [OUT_MON] Throughput: 74 hits in 296 cycles (25.0%)
# UVM_INFO /home/yifeng/packages/mu3e_ip_dev/mu3e-ip-cores/ring-buffer_cam/tb/uvm/out_monitor.sv(146) @ 1118660000: uvm_test_top.m_env.m_out_mon [OUT_MON] Throughput: 76 hits in 238 cycles (31.9%)
# UVM_INFO /home/yifeng/packages/mu3e_ip_dev/mu3e-ip-cores/ring-buffer_cam/tb/uvm/out_monitor.sv(146) @ 1121244000: uvm_test_top.m_env.m_out_mon [OUT_MON] Throughput: 80 hits in 280 cycles (28.6%)
# UVM_INFO /home/yifeng/packages/mu3e_ip_dev/mu3e-ip-cores/ring-buffer_cam/tb/uvm/out_monitor.sv(146) @ 1123828000: uvm_test_top.m_env.m_out_mon [OUT_MON] Throughput: 80 hits in 280 cycles (28.6%)
# UVM_INFO /home/yifeng/packages/mu3e_ip_dev/mu3e-ip-cores/ring-buffer_cam/tb/uvm/out_monitor.sv(146) @ 1126172000: uvm_test_top.m_env.m_out_mon [OUT_MON] Throughput: 81 hits in 250 cycles (32.4%)
# UVM_INFO /home/yifeng/packages/mu3e_ip_dev/mu3e-ip-cores/ring-buffer_cam/tb/uvm/out_monitor.sv(146) @ 1151380000: uvm_test_top.m_env.m_out_mon [OUT_MON] Throughput: 76 hits in 232 cycles (32.8%)
# UVM_INFO /home/yifeng/packages/mu3e_ip_dev/mu3e-ip-cores/ring-buffer_cam/tb/uvm/out_monitor.sv(146) @ 1153868000: uvm_test_top.m_env.m_out_mon [OUT_MON] Throughput: 74 hits in 268 cycles (27.6%)
# UVM_INFO /home/yifeng/packages/mu3e_ip_dev/mu3e-ip-cores/ring-buffer_cam/tb/uvm/out_monitor.sv(146) @ 1156404000: uvm_test_top.m_env.m_out_mon [OUT_MON] Throughput: 74 hits in 274 cycles (27.0%)
# UVM_INFO /home/yifeng/packages/mu3e_ip_dev/mu3e-ip-cores/ring-buffer_cam/tb/uvm/out_monitor.sv(146) @ 1159996000: uvm_test_top.m_env.m_out_mon [OUT_MON] Throughput: 89 hits in 406 cycles (21.9%)
# UVM_INFO /home/yifeng/packages/mu3e_ip_dev/mu3e-ip-cores/ring-buffer_cam/tb/uvm/out_monitor.sv(146) @ 1185092000: uvm_test_top.m_env.m_out_mon [OUT_MON] Throughput: 71 hits in 350 cycles (20.3%)
# UVM_INFO /home/yifeng/packages/mu3e_ip_dev/mu3e-ip-cores/ring-buffer_cam/tb/uvm/out_monitor.sv(146) @ 1188524000: uvm_test_top.m_env.m_out_mon [OUT_MON] Throughput: 84 hits in 386 cycles (21.8%)
# UVM_INFO /home/yifeng/packages/mu3e_ip_dev/mu3e-ip-cores/ring-buffer_cam/tb/uvm/out_monitor.sv(146) @ 1192004000: uvm_test_top.m_env.m_out_mon [OUT_MON] Throughput: 84 hits in 392 cycles (21.4%)
# UVM_INFO /home/yifeng/packages/mu3e_ip_dev/mu3e-ip-cores/ring-buffer_cam/tb/uvm/out_monitor.sv(146) @ 1195484000: uvm_test_top.m_env.m_out_mon [OUT_MON] Throughput: 80 hits in 392 cycles (20.4%)
# UVM_INFO /home/yifeng/packages/mu3e_ip_dev/mu3e-ip-cores/ring-buffer_cam/tb/uvm/out_monitor.sv(146) @ 1218884000: uvm_test_top.m_env.m_out_mon [OUT_MON] Throughput: 86 hits in 478 cycles (18.0%)
# UVM_INFO /home/yifeng/packages/mu3e_ip_dev/mu3e-ip-cores/ring-buffer_cam/tb/uvm/out_monitor.sv(146) @ 1222140000: uvm_test_top.m_env.m_out_mon [OUT_MON] Throughput: 66 hits in 364 cycles (18.1%)
# UVM_INFO /home/yifeng/packages/mu3e_ip_dev/mu3e-ip-cores/ring-buffer_cam/tb/uvm/out_monitor.sv(146) @ 1225348000: uvm_test_top.m_env.m_out_mon [OUT_MON] Throughput: 66 hits in 358 cycles (18.4%)
# UVM_INFO /home/yifeng/packages/mu3e_ip_dev/mu3e-ip-cores/ring-buffer_cam/tb/uvm/out_monitor.sv(146) @ 1228076000: uvm_test_top.m_env.m_out_mon [OUT_MON] Throughput: 63 hits in 298 cycles (21.1%)
# UVM_INFO /home/yifeng/packages/mu3e_ip_dev/mu3e-ip-cores/ring-buffer_cam/tb/uvm/out_monitor.sv(146) @ 1250676000: uvm_test_top.m_env.m_out_mon [OUT_MON] Throughput: 77 hits in 356 cycles (21.6%)
# UVM_INFO /home/yifeng/packages/mu3e_ip_dev/mu3e-ip-cores/ring-buffer_cam/tb/uvm/out_monitor.sv(146) @ 1254012000: uvm_test_top.m_env.m_out_mon [OUT_MON] Throughput: 83 hits in 374 cycles (22.2%)
# UVM_INFO /home/yifeng/packages/mu3e_ip_dev/mu3e-ip-cores/ring-buffer_cam/tb/uvm/out_monitor.sv(146) @ 1257300000: uvm_test_top.m_env.m_out_mon [OUT_MON] Throughput: 83 hits in 368 cycles (22.6%)
# UVM_INFO /home/yifeng/packages/mu3e_ip_dev/mu3e-ip-cores/ring-buffer_cam/tb/uvm/out_monitor.sv(146) @ 1259580000: uvm_test_top.m_env.m_out_mon [OUT_MON] Throughput: 57 hits in 242 cycles (23.6%)
# UVM_INFO /home/yifeng/packages/mu3e_ip_dev/mu3e-ip-cores/ring-buffer_cam/tb/uvm/out_monitor.sv(146) @ 1283316000: uvm_test_top.m_env.m_out_mon [OUT_MON] Throughput: 87 hits in 340 cycles (25.6%)
# UVM_INFO /home/yifeng/packages/mu3e_ip_dev/mu3e-ip-cores/ring-buffer_cam/tb/uvm/out_monitor.sv(146) @ 1285612000: uvm_test_top.m_env.m_out_mon [OUT_MON] Throughput: 79 hits in 244 cycles (32.4%)
# UVM_INFO /home/yifeng/packages/mu3e_ip_dev/mu3e-ip-cores/ring-buffer_cam/tb/uvm/out_monitor.sv(146) @ 1287908000: uvm_test_top.m_env.m_out_mon [OUT_MON] Throughput: 79 hits in 244 cycles (32.4%)
# UVM_INFO /home/yifeng/packages/mu3e_ip_dev/mu3e-ip-cores/ring-buffer_cam/tb/uvm/out_monitor.sv(146) @ 1290716000: uvm_test_top.m_env.m_out_mon [OUT_MON] Throughput: 95 hits in 308 cycles (30.8%)
# UVM_INFO /home/yifeng/packages/mu3e_ip_dev/mu3e-ip-cores/ring-buffer_cam/tb/uvm/out_monitor.sv(146) @ 1315988000: uvm_test_top.m_env.m_out_mon [OUT_MON] Throughput: 87 hits in 328 cycles (26.5%)
# UVM_INFO /home/yifeng/packages/mu3e_ip_dev/mu3e-ip-cores/ring-buffer_cam/tb/uvm/out_monitor.sv(146) @ 1319292000: uvm_test_top.m_env.m_out_mon [OUT_MON] Throughput: 85 hits in 370 cycles (23.0%)
# UVM_INFO /home/yifeng/packages/mu3e_ip_dev/mu3e-ip-cores/ring-buffer_cam/tb/uvm/out_monitor.sv(146) @ 1322596000: uvm_test_top.m_env.m_out_mon [OUT_MON] Throughput: 85 hits in 370 cycles (23.0%)
# UVM_INFO /home/yifeng/packages/mu3e_ip_dev/mu3e-ip-cores/ring-buffer_cam/tb/uvm/out_monitor.sv(146) @ 1325756000: uvm_test_top.m_env.m_out_mon [OUT_MON] Throughput: 79 hits in 352 cycles (22.4%)
# UVM_INFO /home/yifeng/packages/mu3e_ip_dev/mu3e-ip-cores/ring-buffer_cam/tb/uvm/out_monitor.sv(146) @ 1349316000: uvm_test_top.m_env.m_out_mon [OUT_MON] Throughput: 73 hits in 398 cycles (18.3%)
# UVM_INFO /home/yifeng/packages/mu3e_ip_dev/mu3e-ip-cores/ring-buffer_cam/tb/uvm/out_monitor.sv(146) @ 1352796000: uvm_test_top.m_env.m_out_mon [OUT_MON] Throughput: 78 hits in 392 cycles (19.9%)
# UVM_INFO /home/yifeng/packages/mu3e_ip_dev/mu3e-ip-cores/ring-buffer_cam/tb/uvm/out_monitor.sv(146) @ 1356276000: uvm_test_top.m_env.m_out_mon [OUT_MON] Throughput: 78 hits in 392 cycles (19.9%)
# UVM_INFO /home/yifeng/packages/mu3e_ip_dev/mu3e-ip-cores/ring-buffer_cam/tb/uvm/out_monitor.sv(146) @ 1359324000: uvm_test_top.m_env.m_out_mon [OUT_MON] Throughput: 71 hits in 338 cycles (21.0%)
# UVM_INFO /home/yifeng/packages/mu3e_ip_dev/mu3e-ip-cores/ring-buffer_cam/tb/uvm/out_monitor.sv(146) @ 1381572000: uvm_test_top.m_env.m_out_mon [OUT_MON] Throughput: 68 hits in 334 cycles (20.4%)
# UVM_INFO /home/yifeng/packages/mu3e_ip_dev/mu3e-ip-cores/ring-buffer_cam/tb/uvm/out_monitor.sv(146) @ 1384492000: uvm_test_top.m_env.m_out_mon [OUT_MON] Throughput: 70 hits in 322 cycles (21.7%)
# UVM_INFO /home/yifeng/packages/mu3e_ip_dev/mu3e-ip-cores/ring-buffer_cam/tb/uvm/out_monitor.sv(146) @ 1387364000: uvm_test_top.m_env.m_out_mon [OUT_MON] Throughput: 70 hits in 316 cycles (22.2%)
# UVM_INFO /home/yifeng/packages/mu3e_ip_dev/mu3e-ip-cores/ring-buffer_cam/tb/uvm/out_monitor.sv(146) @ 1390908000: uvm_test_top.m_env.m_out_mon [OUT_MON] Throughput: 75 hits in 400 cycles (18.8%)
# UVM_INFO /home/yifeng/packages/mu3e_ip_dev/mu3e-ip-cores/ring-buffer_cam/tb/uvm/out_monitor.sv(146) @ 1413844000: uvm_test_top.m_env.m_out_mon [OUT_MON] Throughput: 73 hits in 272 cycles (26.8%)
# UVM_INFO /home/yifeng/packages/mu3e_ip_dev/mu3e-ip-cores/ring-buffer_cam/tb/uvm/out_monitor.sv(146) @ 1416700000: uvm_test_top.m_env.m_out_mon [OUT_MON] Throughput: 94 hits in 314 cycles (29.9%)
# UVM_INFO /home/yifeng/packages/mu3e_ip_dev/mu3e-ip-cores/ring-buffer_cam/tb/uvm/out_monitor.sv(146) @ 1419556000: uvm_test_top.m_env.m_out_mon [OUT_MON] Throughput: 94 hits in 314 cycles (29.9%)
# UVM_INFO /home/yifeng/packages/mu3e_ip_dev/mu3e-ip-cores/ring-buffer_cam/tb/uvm/out_monitor.sv(146) @ 1422316000: uvm_test_top.m_env.m_out_mon [OUT_MON] Throughput: 84 hits in 302 cycles (27.8%)
# UVM_INFO /home/yifeng/packages/mu3e_ip_dev/mu3e-ip-cores/ring-buffer_cam/tb/uvm/out_monitor.sv(146) @ 1446708000: uvm_test_top.m_env.m_out_mon [OUT_MON] Throughput: 67 hits in 284 cycles (23.6%)
# UVM_INFO /home/yifeng/packages/mu3e_ip_dev/mu3e-ip-cores/ring-buffer_cam/tb/uvm/out_monitor.sv(146) @ 1449516000: uvm_test_top.m_env.m_out_mon [OUT_MON] Throughput: 82 hits in 308 cycles (26.6%)
# UVM_INFO /home/yifeng/packages/mu3e_ip_dev/mu3e-ip-cores/ring-buffer_cam/tb/uvm/out_monitor.sv(146) @ 1452372000: uvm_test_top.m_env.m_out_mon [OUT_MON] Throughput: 82 hits in 314 cycles (26.1%)
# UVM_INFO /home/yifeng/packages/mu3e_ip_dev/mu3e-ip-cores/ring-buffer_cam/tb/uvm/out_monitor.sv(146) @ 1455900000: uvm_test_top.m_env.m_out_mon [OUT_MON] Throughput: 103 hits in 398 cycles (25.9%)
# UVM_INFO /home/yifeng/packages/mu3e_ip_dev/mu3e-ip-cores/ring-buffer_cam/tb/uvm/out_monitor.sv(146) @ 1480020000: uvm_test_top.m_env.m_out_mon [OUT_MON] Throughput: 72 hits in 352 cycles (20.5%)
# UVM_INFO /home/yifeng/packages/mu3e_ip_dev/mu3e-ip-cores/ring-buffer_cam/tb/uvm/out_monitor.sv(146) @ 1483420000: uvm_test_top.m_env.m_out_mon [OUT_MON] Throughput: 77 hits in 382 cycles (20.2%)
# UVM_INFO /home/yifeng/packages/mu3e_ip_dev/mu3e-ip-cores/ring-buffer_cam/tb/uvm/out_monitor.sv(146) @ 1486820000: uvm_test_top.m_env.m_out_mon [OUT_MON] Throughput: 77 hits in 382 cycles (20.2%)
# UVM_INFO /home/yifeng/packages/mu3e_ip_dev/mu3e-ip-cores/ring-buffer_cam/tb/uvm/out_monitor.sv(146) @ 1490460000: uvm_test_top.m_env.m_out_mon [OUT_MON] Throughput: 90 hits in 412 cycles (21.8%)
# UVM_INFO /home/yifeng/packages/mu3e_ip_dev/mu3e-ip-cores/ring-buffer_cam/tb/uvm/out_monitor.sv(146) @ 1513492000: uvm_test_top.m_env.m_out_mon [OUT_MON] Throughput: 79 hits in 440 cycles (18.0%)
# UVM_INFO /home/yifeng/packages/mu3e_ip_dev/mu3e-ip-cores/ring-buffer_cam/tb/uvm/out_monitor.sv(146) @ 1516396000: uvm_test_top.m_env.m_out_mon [OUT_MON] Throughput: 64 hits in 320 cycles (20.0%)
# UVM_INFO /home/yifeng/packages/mu3e_ip_dev/mu3e-ip-cores/ring-buffer_cam/tb/uvm/out_monitor.sv(146) @ 1519300000: uvm_test_top.m_env.m_out_mon [OUT_MON] Throughput: 64 hits in 320 cycles (20.0%)
# UVM_INFO /home/yifeng/packages/mu3e_ip_dev/mu3e-ip-cores/ring-buffer_cam/tb/uvm/out_monitor.sv(146) @ 1522012000: uvm_test_top.m_env.m_out_mon [OUT_MON] Throughput: 64 hits in 296 cycles (21.6%)
# UVM_INFO /home/yifeng/packages/mu3e_ip_dev/mu3e-ip-cores/ring-buffer_cam/tb/uvm/out_monitor.sv(146) @ 1545220000: uvm_test_top.m_env.m_out_mon [OUT_MON] Throughput: 91 hits in 310 cycles (29.4%)
# UVM_INFO /home/yifeng/packages/mu3e_ip_dev/mu3e-ip-cores/ring-buffer_cam/tb/uvm/out_monitor.sv(146) @ 1548140000: uvm_test_top.m_env.m_out_mon [OUT_MON] Throughput: 84 hits in 322 cycles (26.1%)
# UVM_INFO /home/yifeng/packages/mu3e_ip_dev/mu3e-ip-cores/ring-buffer_cam/tb/uvm/out_monitor.sv(146) @ 1551012000: uvm_test_top.m_env.m_out_mon [OUT_MON] Throughput: 85 hits in 316 cycles (26.9%)
# UVM_INFO /home/yifeng/packages/mu3e_ip_dev/mu3e-ip-cores/ring-buffer_cam/tb/uvm/out_monitor.sv(146) @ 1554124000: uvm_test_top.m_env.m_out_mon [OUT_MON] Throughput: 82 hits in 346 cycles (23.7%)
# UVM_INFO /home/yifeng/packages/mu3e_ip_dev/mu3e-ip-cores/ring-buffer_cam/tb/uvm/out_monitor.sv(146) @ 1577444000: uvm_test_top.m_env.m_out_mon [OUT_MON] Throughput: 81 hits in 242 cycles (33.5%)
# UVM_INFO /home/yifeng/packages/mu3e_ip_dev/mu3e-ip-cores/ring-buffer_cam/tb/uvm/out_monitor.sv(146) @ 1580508000: uvm_test_top.m_env.m_out_mon [OUT_MON] Throughput: 91 hits in 340 cycles (26.8%)
# UVM_INFO /home/yifeng/packages/mu3e_ip_dev/mu3e-ip-cores/ring-buffer_cam/tb/uvm/out_monitor.sv(146) @ 1583620000: uvm_test_top.m_env.m_out_mon [OUT_MON] Throughput: 91 hits in 346 cycles (26.3%)
# UVM_INFO /home/yifeng/packages/mu3e_ip_dev/mu3e-ip-cores/ring-buffer_cam/tb/uvm/out_monitor.sv(146) @ 1586012000: uvm_test_top.m_env.m_out_mon [OUT_MON] Throughput: 66 hits in 256 cycles (25.8%)
# UVM_INFO /home/yifeng/packages/mu3e_ip_dev/mu3e-ip-cores/ring-buffer_cam/tb/uvm/out_monitor.sv(146) @ 1611028000: uvm_test_top.m_env.m_out_mon [OUT_MON] Throughput: 72 hits in 344 cycles (20.9%)
# UVM_INFO /home/yifeng/packages/mu3e_ip_dev/mu3e-ip-cores/ring-buffer_cam/tb/uvm/out_monitor.sv(146) @ 1614460000: uvm_test_top.m_env.m_out_mon [OUT_MON] Throughput: 81 hits in 386 cycles (21.0%)
# UVM_INFO /home/yifeng/packages/mu3e_ip_dev/mu3e-ip-cores/ring-buffer_cam/tb/uvm/out_monitor.sv(146) @ 1617892000: uvm_test_top.m_env.m_out_mon [OUT_MON] Throughput: 79 hits in 386 cycles (20.5%)
# UVM_INFO /home/yifeng/packages/mu3e_ip_dev/mu3e-ip-cores/ring-buffer_cam/tb/uvm/out_monitor.sv(146) @ 1621468000: uvm_test_top.m_env.m_out_mon [OUT_MON] Throughput: 87 hits in 404 cycles (21.5%)
# UVM_INFO /home/yifeng/packages/mu3e_ip_dev/mu3e-ip-cores/ring-buffer_cam/tb/uvm/out_monitor.sv(146) @ 1644340000: uvm_test_top.m_env.m_out_mon [OUT_MON] Throughput: 76 hits in 412 cycles (18.4%)
# UVM_INFO /home/yifeng/packages/mu3e_ip_dev/mu3e-ip-cores/ring-buffer_cam/tb/uvm/out_monitor.sv(146) @ 1647932000: uvm_test_top.m_env.m_out_mon [OUT_MON] Throughput: 75 hits in 406 cycles (18.5%)
# UVM_INFO /home/yifeng/packages/mu3e_ip_dev/mu3e-ip-cores/ring-buffer_cam/tb/uvm/out_monitor.sv(146) @ 1651524000: uvm_test_top.m_env.m_out_mon [OUT_MON] Throughput: 76 hits in 406 cycles (18.7%)
# UVM_INFO /home/yifeng/packages/mu3e_ip_dev/mu3e-ip-cores/ring-buffer_cam/tb/uvm/out_monitor.sv(146) @ 1654060000: uvm_test_top.m_env.m_out_mon [OUT_MON] Throughput: 53 hits in 274 cycles (19.3%)
# UVM_INFO /home/yifeng/packages/mu3e_ip_dev/mu3e-ip-cores/ring-buffer_cam/tb/uvm/out_monitor.sv(146) @ 1676420000: uvm_test_top.m_env.m_out_mon [OUT_MON] Throughput: 70 hits in 326 cycles (21.5%)
# UVM_INFO /home/yifeng/packages/mu3e_ip_dev/mu3e-ip-cores/ring-buffer_cam/tb/uvm/out_monitor.sv(146) @ 1679660000: uvm_test_top.m_env.m_out_mon [OUT_MON] Throughput: 79 hits in 362 cycles (21.8%)
# UVM_INFO /home/yifeng/packages/mu3e_ip_dev/mu3e-ip-cores/ring-buffer_cam/tb/uvm/out_monitor.sv(146) @ 1682900000: uvm_test_top.m_env.m_out_mon [OUT_MON] Throughput: 80 hits in 362 cycles (22.1%)
# UVM_INFO /home/yifeng/packages/mu3e_ip_dev/mu3e-ip-cores/ring-buffer_cam/tb/uvm/out_monitor.sv(146) @ 1685612000: uvm_test_top.m_env.m_out_mon [OUT_MON] Throughput: 78 hits in 296 cycles (26.4%)
# UVM_INFO /home/yifeng/packages/mu3e_ip_dev/mu3e-ip-cores/ring-buffer_cam/tb/uvm/out_monitor.sv(146) @ 1708676000: uvm_test_top.m_env.m_out_mon [OUT_MON] Throughput: 76 hits in 262 cycles (29.0%)
# UVM_INFO /home/yifeng/packages/mu3e_ip_dev/mu3e-ip-cores/ring-buffer_cam/tb/uvm/out_monitor.sv(146) @ 1711068000: uvm_test_top.m_env.m_out_mon [OUT_MON] Throughput: 80 hits in 256 cycles (31.2%)
# UVM_INFO /home/yifeng/packages/mu3e_ip_dev/mu3e-ip-cores/ring-buffer_cam/tb/uvm/out_monitor.sv(146) @ 1713364000: uvm_test_top.m_env.m_out_mon [OUT_MON] Throughput: 79 hits in 244 cycles (32.4%)
# UVM_INFO /home/yifeng/packages/mu3e_ip_dev/mu3e-ip-cores/ring-buffer_cam/tb/uvm/out_monitor.sv(146) @ 1716028000: uvm_test_top.m_env.m_out_mon [OUT_MON] Throughput: 97 hits in 290 cycles (33.4%)
# UVM_INFO /home/yifeng/packages/mu3e_ip_dev/mu3e-ip-cores/ring-buffer_cam/tb/uvm/out_monitor.sv(146) @ 1741684000: uvm_test_top.m_env.m_out_mon [OUT_MON] Throughput: 72 hits in 292 cycles (24.7%)
# UVM_INFO /home/yifeng/packages/mu3e_ip_dev/mu3e-ip-cores/ring-buffer_cam/tb/uvm/out_monitor.sv(146) @ 1745084000: uvm_test_top.m_env.m_out_mon [OUT_MON] Throughput: 88 hits in 382 cycles (23.0%)
# UVM_INFO /home/yifeng/packages/mu3e_ip_dev/mu3e-ip-cores/ring-buffer_cam/tb/uvm/out_monitor.sv(146) @ 1748532000: uvm_test_top.m_env.m_out_mon [OUT_MON] Throughput: 89 hits in 388 cycles (22.9%)
# UVM_INFO /home/yifeng/packages/mu3e_ip_dev/mu3e-ip-cores/ring-buffer_cam/tb/uvm/out_monitor.sv(146) @ 1751692000: uvm_test_top.m_env.m_out_mon [OUT_MON] Throughput: 88 hits in 352 cycles (25.0%)
# UVM_INFO /home/yifeng/packages/mu3e_ip_dev/mu3e-ip-cores/ring-buffer_cam/tb/uvm/out_monitor.sv(146) @ 1775540000: uvm_test_top.m_env.m_out_mon [OUT_MON] Throughput: 87 hits in 428 cycles (20.3%)
# UVM_INFO /home/yifeng/packages/mu3e_ip_dev/mu3e-ip-cores/ring-buffer_cam/tb/uvm/out_monitor.sv(146) @ 1778972000: uvm_test_top.m_env.m_out_mon [OUT_MON] Throughput: 78 hits in 386 cycles (20.2%)
# UVM_INFO /home/yifeng/packages/mu3e_ip_dev/mu3e-ip-cores/ring-buffer_cam/tb/uvm/out_monitor.sv(146) @ 1782452000: uvm_test_top.m_env.m_out_mon [OUT_MON] Throughput: 78 hits in 392 cycles (19.9%)
# UVM_INFO /home/yifeng/packages/mu3e_ip_dev/mu3e-ip-cores/ring-buffer_cam/tb/uvm/out_monitor.sv(146) @ 1785308000: uvm_test_top.m_env.m_out_mon [OUT_MON] Throughput: 64 hits in 314 cycles (20.4%)
# UVM_INFO /home/yifeng/packages/mu3e_ip_dev/mu3e-ip-cores/ring-buffer_cam/tb/uvm/out_monitor.sv(146) @ 1807700000: uvm_test_top.m_env.m_out_mon [OUT_MON] Throughput: 64 hits in 352 cycles (18.2%)
# UVM_INFO /home/yifeng/packages/mu3e_ip_dev/mu3e-ip-cores/ring-buffer_cam/tb/uvm/out_monitor.sv(146) @ 1810908000: uvm_test_top.m_env.m_out_mon [OUT_MON] Throughput: 77 hits in 358 cycles (21.5%)
# UVM_INFO /home/yifeng/packages/mu3e_ip_dev/mu3e-ip-cores/ring-buffer_cam/tb/uvm/out_monitor.sv(146) @ 1814020000: uvm_test_top.m_env.m_out_mon [OUT_MON] Throughput: 77 hits in 346 cycles (22.3%)
# UVM_INFO /home/yifeng/packages/mu3e_ip_dev/mu3e-ip-cores/ring-buffer_cam/tb/uvm/out_monitor.sv(146) @ 1816604000: uvm_test_top.m_env.m_out_mon [OUT_MON] Throughput: 64 hits in 280 cycles (22.9%)
# UVM_INFO /home/yifeng/packages/mu3e_ip_dev/mu3e-ip-cores/ring-buffer_cam/tb/uvm/sequences.sv(485) @ 1828892000: uvm_test_top.m_env.m_hit_seqr@@P041 four-key random backpressure profile_profile [SEQ] P041 four-key random backpressure profile progress: sent=7500/30000
# UVM_INFO /home/yifeng/packages/mu3e_ip_dev/mu3e-ip-cores/ring-buffer_cam/tb/uvm/out_monitor.sv(146) @ 1840020000: uvm_test_top.m_env.m_out_mon [OUT_MON] Throughput: 91 hits in 296 cycles (30.7%)
# UVM_INFO /home/yifeng/packages/mu3e_ip_dev/mu3e-ip-cores/ring-buffer_cam/tb/uvm/out_monitor.sv(146) @ 1842828000: uvm_test_top.m_env.m_out_mon [OUT_MON] Throughput: 89 hits in 308 cycles (28.9%)
# UVM_INFO /home/yifeng/packages/mu3e_ip_dev/mu3e-ip-cores/ring-buffer_cam/tb/uvm/out_monitor.sv(146) @ 1845540000: uvm_test_top.m_env.m_out_mon [OUT_MON] Throughput: 88 hits in 296 cycles (29.7%)
# UVM_INFO /home/yifeng/packages/mu3e_ip_dev/mu3e-ip-cores/ring-buffer_cam/tb/uvm/out_monitor.sv(146) @ 1848060000: uvm_test_top.m_env.m_out_mon [OUT_MON] Throughput: 74 hits in 272 cycles (27.2%)
# UVM_INFO /home/yifeng/packages/mu3e_ip_dev/mu3e-ip-cores/ring-buffer_cam/tb/uvm/out_monitor.sv(146) @ 1873412000: uvm_test_top.m_env.m_out_mon [OUT_MON] Throughput: 94 hits in 374 cycles (25.1%)
# UVM_INFO /home/yifeng/packages/mu3e_ip_dev/mu3e-ip-cores/ring-buffer_cam/tb/uvm/out_monitor.sv(146) @ 1875980000: uvm_test_top.m_env.m_out_mon [OUT_MON] Throughput: 76 hits in 278 cycles (27.3%)
# UVM_INFO /home/yifeng/packages/mu3e_ip_dev/mu3e-ip-cores/ring-buffer_cam/tb/uvm/out_monitor.sv(146) @ 1878500000: uvm_test_top.m_env.m_out_mon [OUT_MON] Throughput: 75 hits in 272 cycles (27.6%)
# UVM_INFO /home/yifeng/packages/mu3e_ip_dev/mu3e-ip-cores/ring-buffer_cam/tb/uvm/out_monitor.sv(146) @ 1881980000: uvm_test_top.m_env.m_out_mon [OUT_MON] Throughput: 89 hits in 392 cycles (22.7%)
# UVM_INFO /home/yifeng/packages/mu3e_ip_dev/mu3e-ip-cores/ring-buffer_cam/tb/uvm/out_monitor.sv(146) @ 1905812000: uvm_test_top.m_env.m_out_mon [OUT_MON] Throughput: 73 hits in 328 cycles (22.3%)
# UVM_INFO /home/yifeng/packages/mu3e_ip_dev/mu3e-ip-cores/ring-buffer_cam/tb/uvm/out_monitor.sv(146) @ 1909020000: uvm_test_top.m_env.m_out_mon [OUT_MON] Throughput: 72 hits in 358 cycles (20.1%)
# UVM_INFO /home/yifeng/packages/mu3e_ip_dev/mu3e-ip-cores/ring-buffer_cam/tb/uvm/out_monitor.sv(146) @ 1912228000: uvm_test_top.m_env.m_out_mon [OUT_MON] Throughput: 73 hits in 358 cycles (20.4%)
# UVM_INFO /home/yifeng/packages/mu3e_ip_dev/mu3e-ip-cores/ring-buffer_cam/tb/uvm/out_monitor.sv(146) @ 1916444000: uvm_test_top.m_env.m_out_mon [OUT_MON] Throughput: 95 hits in 484 cycles (19.6%)
# UVM_INFO /home/yifeng/packages/mu3e_ip_dev/mu3e-ip-cores/ring-buffer_cam/tb/uvm/out_monitor.sv(146) @ 1938660000: uvm_test_top.m_env.m_out_mon [OUT_MON] Throughput: 65 hits in 338 cycles (19.2%)
# UVM_INFO /home/yifeng/packages/mu3e_ip_dev/mu3e-ip-cores/ring-buffer_cam/tb/uvm/out_monitor.sv(146) @ 1941660000: uvm_test_top.m_env.m_out_mon [OUT_MON] Throughput: 68 hits in 332 cycles (20.5%)
# UVM_INFO /home/yifeng/packages/mu3e_ip_dev/mu3e-ip-cores/ring-buffer_cam/tb/uvm/out_monitor.sv(146) @ 1944660000: uvm_test_top.m_env.m_out_mon [OUT_MON] Throughput: 67 hits in 332 cycles (20.2%)
# UVM_INFO /home/yifeng/packages/mu3e_ip_dev/mu3e-ip-cores/ring-buffer_cam/tb/uvm/out_monitor.sv(146) @ 1948044000: uvm_test_top.m_env.m_out_mon [OUT_MON] Throughput: 75 hits in 380 cycles (19.7%)
# UVM_INFO /home/yifeng/packages/mu3e_ip_dev/mu3e-ip-cores/ring-buffer_cam/tb/uvm/out_monitor.sv(146) @ 1970868000: uvm_test_top.m_env.m_out_mon [OUT_MON] Throughput: 72 hits in 268 cycles (26.9%)
# UVM_INFO /home/yifeng/packages/mu3e_ip_dev/mu3e-ip-cores/ring-buffer_cam/tb/uvm/out_monitor.sv(146) @ 1973836000: uvm_test_top.m_env.m_out_mon [OUT_MON] Throughput: 83 hits in 328 cycles (25.3%)
# UVM_INFO /home/yifeng/packages/mu3e_ip_dev/mu3e-ip-cores/ring-buffer_cam/tb/uvm/out_monitor.sv(146) @ 1976804000: uvm_test_top.m_env.m_out_mon [OUT_MON] Throughput: 84 hits in 328 cycles (25.6%)
# UVM_INFO /home/yifeng/packages/mu3e_ip_dev/mu3e-ip-cores/ring-buffer_cam/tb/uvm/out_monitor.sv(146) @ 1979964000: uvm_test_top.m_env.m_out_mon [OUT_MON] Throughput: 95 hits in 352 cycles (27.0%)
# UVM_INFO /home/yifeng/packages/mu3e_ip_dev/mu3e-ip-cores/ring-buffer_cam/tb/uvm/out_monitor.sv(146) @ 2003972000: uvm_test_top.m_env.m_out_mon [OUT_MON] Throughput: 88 hits in 310 cycles (28.4%)
# UVM_INFO /home/yifeng/packages/mu3e_ip_dev/mu3e-ip-cores/ring-buffer_cam/tb/uvm/out_monitor.sv(146) @ 2006940000: uvm_test_top.m_env.m_out_mon [OUT_MON] Throughput: 90 hits in 328 cycles (27.4%)
# UVM_INFO /home/yifeng/packages/mu3e_ip_dev/mu3e-ip-cores/ring-buffer_cam/tb/uvm/out_monitor.sv(146) @ 2009908000: uvm_test_top.m_env.m_out_mon [OUT_MON] Throughput: 90 hits in 328 cycles (27.4%)
# UVM_INFO /home/yifeng/packages/mu3e_ip_dev/mu3e-ip-cores/ring-buffer_cam/tb/uvm/out_monitor.sv(146) @ 2011964000: uvm_test_top.m_env.m_out_mon [OUT_MON] Throughput: 66 hits in 214 cycles (30.8%)
# UVM_INFO /home/yifeng/packages/mu3e_ip_dev/mu3e-ip-cores/ring-buffer_cam/tb/uvm/out_monitor.sv(146) @ 2037348000: uvm_test_top.m_env.m_out_mon [OUT_MON] Throughput: 89 hits in 386 cycles (23.1%)
# UVM_INFO /home/yifeng/packages/mu3e_ip_dev/mu3e-ip-cores/ring-buffer_cam/tb/uvm/out_monitor.sv(146) @ 2040732000: uvm_test_top.m_env.m_out_mon [OUT_MON] Throughput: 78 hits in 380 cycles (20.5%)
# UVM_INFO /home/yifeng/packages/mu3e_ip_dev/mu3e-ip-cores/ring-buffer_cam/tb/uvm/out_monitor.sv(146) @ 2044116000: uvm_test_top.m_env.m_out_mon [OUT_MON] Throughput: 78 hits in 380 cycles (20.5%)
# UVM_INFO /home/yifeng/packages/mu3e_ip_dev/mu3e-ip-cores/ring-buffer_cam/tb/uvm/out_monitor.sv(146) @ 2047452000: uvm_test_top.m_env.m_out_mon [OUT_MON] Throughput: 70 hits in 374 cycles (18.7%)
# UVM_INFO /home/yifeng/packages/mu3e_ip_dev/mu3e-ip-cores/ring-buffer_cam/tb/uvm/out_monitor.sv(146) @ 2070372000: uvm_test_top.m_env.m_out_mon [OUT_MON] Throughput: 80 hits in 418 cycles (19.1%)
# UVM_INFO /home/yifeng/packages/mu3e_ip_dev/mu3e-ip-cores/ring-buffer_cam/tb/uvm/out_monitor.sv(146) @ 2073628000: uvm_test_top.m_env.m_out_mon [OUT_MON] Throughput: 65 hits in 364 cycles (17.9%)
# UVM_INFO /home/yifeng/packages/mu3e_ip_dev/mu3e-ip-cores/ring-buffer_cam/tb/uvm/out_monitor.sv(146) @ 2076836000: uvm_test_top.m_env.m_out_mon [OUT_MON] Throughput: 65 hits in 358 cycles (18.2%)
# UVM_INFO /home/yifeng/packages/mu3e_ip_dev/mu3e-ip-cores/ring-buffer_cam/tb/uvm/out_monitor.sv(146) @ 2080236000: uvm_test_top.m_env.m_out_mon [OUT_MON] Throughput: 69 hits in 382 cycles (18.1%)
# UVM_INFO /home/yifeng/packages/mu3e_ip_dev/mu3e-ip-cores/ring-buffer_cam/tb/uvm/out_monitor.sv(146) @ 2102644000: uvm_test_top.m_env.m_out_mon [OUT_MON] Throughput: 73 hits in 356 cycles (20.5%)
# UVM_INFO /home/yifeng/packages/mu3e_ip_dev/mu3e-ip-cores/ring-buffer_cam/tb/uvm/out_monitor.sv(146) @ 2105740000: uvm_test_top.m_env.m_out_mon [OUT_MON] Throughput: 71 hits in 344 cycles (20.6%)
# UVM_INFO /home/yifeng/packages/mu3e_ip_dev/mu3e-ip-cores/ring-buffer_cam/tb/uvm/out_monitor.sv(146) @ 2108788000: uvm_test_top.m_env.m_out_mon [OUT_MON] Throughput: 71 hits in 338 cycles (21.0%)
# UVM_INFO /home/yifeng/packages/mu3e_ip_dev/mu3e-ip-cores/ring-buffer_cam/tb/uvm/out_monitor.sv(146) @ 2111836000: uvm_test_top.m_env.m_out_mon [OUT_MON] Throughput: 64 hits in 338 cycles (18.9%)
# UVM_INFO /home/yifeng/packages/mu3e_ip_dev/mu3e-ip-cores/ring-buffer_cam/tb/uvm/out_monitor.sv(146) @ 2135044000: uvm_test_top.m_env.m_out_mon [OUT_MON] Throughput: 76 hits in 310 cycles (24.5%)
# UVM_INFO /home/yifeng/packages/mu3e_ip_dev/mu3e-ip-cores/ring-buffer_cam/tb/uvm/out_monitor.sv(146) @ 2137916000: uvm_test_top.m_env.m_out_mon [OUT_MON] Throughput: 86 hits in 316 cycles (27.2%)
# UVM_INFO /home/yifeng/packages/mu3e_ip_dev/mu3e-ip-cores/ring-buffer_cam/tb/uvm/out_monitor.sv(146) @ 2140740000: uvm_test_top.m_env.m_out_mon [OUT_MON] Throughput: 86 hits in 310 cycles (27.7%)
# UVM_INFO /home/yifeng/packages/mu3e_ip_dev/mu3e-ip-cores/ring-buffer_cam/tb/uvm/out_monitor.sv(146) @ 2143564000: uvm_test_top.m_env.m_out_mon [OUT_MON] Throughput: 96 hits in 310 cycles (31.0%)
# UVM_INFO /home/yifeng/packages/mu3e_ip_dev/mu3e-ip-cores/ring-buffer_cam/tb/uvm/out_monitor.sv(146) @ 2168388000: uvm_test_top.m_env.m_out_mon [OUT_MON] Throughput: 95 hits in 382 cycles (24.9%)
# UVM_INFO /home/yifeng/packages/mu3e_ip_dev/mu3e-ip-cores/ring-buffer_cam/tb/uvm/out_monitor.sv(146) @ 2171548000: uvm_test_top.m_env.m_out_mon [OUT_MON] Throughput: 89 hits in 352 cycles (25.3%)
# UVM_INFO /home/yifeng/packages/mu3e_ip_dev/mu3e-ip-cores/ring-buffer_cam/tb/uvm/out_monitor.sv(146) @ 2174708000: uvm_test_top.m_env.m_out_mon [OUT_MON] Throughput: 89 hits in 352 cycles (25.3%)
# UVM_INFO /home/yifeng/packages/mu3e_ip_dev/mu3e-ip-cores/ring-buffer_cam/tb/uvm/out_monitor.sv(146) @ 2177772000: uvm_test_top.m_env.m_out_mon [OUT_MON] Throughput: 87 hits in 340 cycles (25.6%)
# UVM_INFO /home/yifeng/packages/mu3e_ip_dev/mu3e-ip-cores/ring-buffer_cam/tb/uvm/out_monitor.sv(146) @ 2201668000: uvm_test_top.m_env.m_out_mon [OUT_MON] Throughput: 89 hits in 446 cycles (20.0%)
# UVM_INFO /home/yifeng/packages/mu3e_ip_dev/mu3e-ip-cores/ring-buffer_cam/tb/uvm/out_monitor.sv(146) @ 2204716000: uvm_test_top.m_env.m_out_mon [OUT_MON] Throughput: 66 hits in 338 cycles (19.5%)
# UVM_INFO /home/yifeng/packages/mu3e_ip_dev/mu3e-ip-cores/ring-buffer_cam/tb/uvm/out_monitor.sv(146) @ 2207764000: uvm_test_top.m_env.m_out_mon [OUT_MON] Throughput: 66 hits in 338 cycles (19.5%)
# UVM_INFO /home/yifeng/packages/mu3e_ip_dev/mu3e-ip-cores/ring-buffer_cam/tb/uvm/out_monitor.sv(146) @ 2211292000: uvm_test_top.m_env.m_out_mon [OUT_MON] Throughput: 71 hits in 398 cycles (17.8%)
# UVM_INFO /home/yifeng/packages/mu3e_ip_dev/mu3e-ip-cores/ring-buffer_cam/tb/uvm/out_monitor.sv(146) @ 2234020000: uvm_test_top.m_env.m_out_mon [OUT_MON] Throughput: 74 hits in 394 cycles (18.8%)
# UVM_INFO /home/yifeng/packages/mu3e_ip_dev/mu3e-ip-cores/ring-buffer_cam/tb/uvm/out_monitor.sv(146) @ 2237228000: uvm_test_top.m_env.m_out_mon [OUT_MON] Throughput: 73 hits in 358 cycles (20.4%)
# UVM_INFO /home/yifeng/packages/mu3e_ip_dev/mu3e-ip-cores/ring-buffer_cam/tb/uvm/out_monitor.sv(146) @ 2240436000: uvm_test_top.m_env.m_out_mon [OUT_MON] Throughput: 73 hits in 358 cycles (20.4%)
# UVM_INFO /home/yifeng/packages/mu3e_ip_dev/mu3e-ip-cores/ring-buffer_cam/tb/uvm/out_monitor.sv(146) @ 2243212000: uvm_test_top.m_env.m_out_mon [OUT_MON] Throughput: 59 hits in 304 cycles (19.4%)
# UVM_INFO /home/yifeng/packages/mu3e_ip_dev/mu3e-ip-cores/ring-buffer_cam/tb/uvm/out_monitor.sv(146) @ 2265908000: uvm_test_top.m_env.m_out_mon [OUT_MON] Throughput: 69 hits in 284 cycles (24.3%)
# UVM_INFO /home/yifeng/packages/mu3e_ip_dev/mu3e-ip-cores/ring-buffer_cam/tb/uvm/out_monitor.sv(146) @ 2268908000: uvm_test_top.m_env.m_out_mon [OUT_MON] Throughput: 78 hits in 332 cycles (23.5%)
# UVM_INFO /home/yifeng/packages/mu3e_ip_dev/mu3e-ip-cores/ring-buffer_cam/tb/uvm/out_monitor.sv(146) @ 2271860000: uvm_test_top.m_env.m_out_mon [OUT_MON] Throughput: 78 hits in 326 cycles (23.9%)
# UVM_INFO /home/yifeng/packages/mu3e_ip_dev/mu3e-ip-cores/ring-buffer_cam/tb/uvm/out_monitor.sv(146) @ 2274812000: uvm_test_top.m_env.m_out_mon [OUT_MON] Throughput: 80 hits in 326 cycles (24.5%)
# UVM_INFO /home/yifeng/packages/mu3e_ip_dev/mu3e-ip-cores/ring-buffer_cam/tb/uvm/out_monitor.sv(146) @ 2298484000: uvm_test_top.m_env.m_out_mon [OUT_MON] Throughput: 87 hits in 260 cycles (33.5%)
# UVM_INFO /home/yifeng/packages/mu3e_ip_dev/mu3e-ip-cores/ring-buffer_cam/tb/uvm/out_monitor.sv(146) @ 2300860000: uvm_test_top.m_env.m_out_mon [OUT_MON] Throughput: 85 hits in 254 cycles (33.5%)
# UVM_INFO /home/yifeng/packages/mu3e_ip_dev/mu3e-ip-cores/ring-buffer_cam/tb/uvm/out_monitor.sv(146) @ 2303284000: uvm_test_top.m_env.m_out_mon [OUT_MON] Throughput: 85 hits in 260 cycles (32.7%)
# UVM_INFO /home/yifeng/packages/mu3e_ip_dev/mu3e-ip-cores/ring-buffer_cam/tb/uvm/out_monitor.sv(146) @ 2307292000: uvm_test_top.m_env.m_out_mon [OUT_MON] Throughput: 116 hits in 458 cycles (25.3%)
# UVM_INFO /home/yifeng/packages/mu3e_ip_dev/mu3e-ip-cores/ring-buffer_cam/tb/uvm/out_monitor.sv(146) @ 2331892000: uvm_test_top.m_env.m_out_mon [OUT_MON] Throughput: 75 hits in 340 cycles (22.1%)
# UVM_INFO /home/yifeng/packages/mu3e_ip_dev/mu3e-ip-cores/ring-buffer_cam/tb/uvm/out_monitor.sv(146) @ 2335196000: uvm_test_top.m_env.m_out_mon [OUT_MON] Throughput: 81 hits in 370 cycles (21.9%)
# UVM_INFO /home/yifeng/packages/mu3e_ip_dev/mu3e-ip-cores/ring-buffer_cam/tb/uvm/out_monitor.sv(146) @ 2338500000: uvm_test_top.m_env.m_out_mon [OUT_MON] Throughput: 82 hits in 370 cycles (22.2%)
# UVM_INFO /home/yifeng/packages/mu3e_ip_dev/mu3e-ip-cores/ring-buffer_cam/tb/uvm/out_monitor.sv(146) @ 2342428000: uvm_test_top.m_env.m_out_mon [OUT_MON] Throughput: 90 hits in 448 cycles (20.1%)
# UVM_INFO /home/yifeng/packages/mu3e_ip_dev/mu3e-ip-cores/ring-buffer_cam/tb/uvm/out_monitor.sv(146) @ 2365460000: uvm_test_top.m_env.m_out_mon [OUT_MON] Throughput: 83 hits in 440 cycles (18.9%)
# UVM_INFO /home/yifeng/packages/mu3e_ip_dev/mu3e-ip-cores/ring-buffer_cam/tb/uvm/out_monitor.sv(146) @ 2368460000: uvm_test_top.m_env.m_out_mon [OUT_MON] Throughput: 66 hits in 332 cycles (19.9%)
# UVM_INFO /home/yifeng/packages/mu3e_ip_dev/mu3e-ip-cores/ring-buffer_cam/tb/uvm/out_monitor.sv(146) @ 2371412000: uvm_test_top.m_env.m_out_mon [OUT_MON] Throughput: 66 hits in 326 cycles (20.2%)
# UVM_INFO /home/yifeng/packages/mu3e_ip_dev/mu3e-ip-cores/ring-buffer_cam/tb/uvm/out_monitor.sv(146) @ 2373980000: uvm_test_top.m_env.m_out_mon [OUT_MON] Throughput: 58 hits in 278 cycles (20.9%)
# UVM_INFO /home/yifeng/packages/mu3e_ip_dev/mu3e-ip-cores/ring-buffer_cam/tb/uvm/out_monitor.sv(146) @ 2397236000: uvm_test_top.m_env.m_out_mon [OUT_MON] Throughput: 88 hits in 316 cycles (27.8%)
# UVM_INFO /home/yifeng/packages/mu3e_ip_dev/mu3e-ip-cores/ring-buffer_cam/tb/uvm/out_monitor.sv(146) @ 2400348000: uvm_test_top.m_env.m_out_mon [OUT_MON] Throughput: 90 hits in 346 cycles (26.0%)
# UVM_INFO /home/yifeng/packages/mu3e_ip_dev/mu3e-ip-cores/ring-buffer_cam/tb/uvm/out_monitor.sv(146) @ 2403412000: uvm_test_top.m_env.m_out_mon [OUT_MON] Throughput: 88 hits in 340 cycles (25.9%)
# UVM_INFO /home/yifeng/packages/mu3e_ip_dev/mu3e-ip-cores/ring-buffer_cam/tb/uvm/out_monitor.sv(146) @ 2405996000: uvm_test_top.m_env.m_out_mon [OUT_MON] Throughput: 82 hits in 280 cycles (29.3%)
# UVM_INFO /home/yifeng/packages/mu3e_ip_dev/mu3e-ip-cores/ring-buffer_cam/tb/uvm/out_monitor.sv(146) @ 2429620000: uvm_test_top.m_env.m_out_mon [OUT_MON] Throughput: 79 hits in 268 cycles (29.5%)
# UVM_INFO /home/yifeng/packages/mu3e_ip_dev/mu3e-ip-cores/ring-buffer_cam/tb/uvm/out_monitor.sv(146) @ 2432684000: uvm_test_top.m_env.m_out_mon [OUT_MON] Throughput: 87 hits in 340 cycles (25.6%)
# UVM_INFO /home/yifeng/packages/mu3e_ip_dev/mu3e-ip-cores/ring-buffer_cam/tb/uvm/out_monitor.sv(146) @ 2435796000: uvm_test_top.m_env.m_out_mon [OUT_MON] Throughput: 88 hits in 346 cycles (25.4%)
# UVM_INFO /home/yifeng/packages/mu3e_ip_dev/mu3e-ip-cores/ring-buffer_cam/tb/uvm/out_monitor.sv(146) @ 2437996000: uvm_test_top.m_env.m_out_mon [OUT_MON] Throughput: 68 hits in 232 cycles (29.3%)
# UVM_INFO /home/yifeng/packages/mu3e_ip_dev/mu3e-ip-cores/ring-buffer_cam/tb/uvm/out_monitor.sv(146) @ 2463092000: uvm_test_top.m_env.m_out_mon [OUT_MON] Throughput: 73 hits in 356 cycles (20.5%)
# UVM_INFO /home/yifeng/packages/mu3e_ip_dev/mu3e-ip-cores/ring-buffer_cam/tb/uvm/out_monitor.sv(146) @ 2466956000: uvm_test_top.m_env.m_out_mon [OUT_MON] Throughput: 91 hits in 440 cycles (20.7%)
# UVM_INFO /home/yifeng/packages/mu3e_ip_dev/mu3e-ip-cores/ring-buffer_cam/tb/uvm/out_monitor.sv(146) @ 2470820000: uvm_test_top.m_env.m_out_mon [OUT_MON] Throughput: 92 hits in 440 cycles (20.9%)
# UVM_INFO /home/yifeng/packages/mu3e_ip_dev/mu3e-ip-cores/ring-buffer_cam/tb/uvm/out_monitor.sv(146) @ 2473388000: uvm_test_top.m_env.m_out_mon [OUT_MON] Throughput: 57 hits in 278 cycles (20.5%)
# UVM_INFO /home/yifeng/packages/mu3e_ip_dev/mu3e-ip-cores/ring-buffer_cam/tb/uvm/out_monitor.sv(146) @ 2495972000: uvm_test_top.m_env.m_out_mon [OUT_MON] Throughput: 70 hits in 370 cycles (18.9%)
# UVM_INFO /home/yifeng/packages/mu3e_ip_dev/mu3e-ip-cores/ring-buffer_cam/tb/uvm/out_monitor.sv(146) @ 2499420000: uvm_test_top.m_env.m_out_mon [OUT_MON] Throughput: 71 hits in 388 cycles (18.3%)
# UVM_INFO /home/yifeng/packages/mu3e_ip_dev/mu3e-ip-cores/ring-buffer_cam/tb/uvm/out_monitor.sv(146) @ 2502772000: uvm_test_top.m_env.m_out_mon [OUT_MON] Throughput: 70 hits in 376 cycles (18.6%)
# UVM_INFO /home/yifeng/packages/mu3e_ip_dev/mu3e-ip-cores/ring-buffer_cam/tb/uvm/out_monitor.sv(146) @ 2506220000: uvm_test_top.m_env.m_out_mon [OUT_MON] Throughput: 75 hits in 388 cycles (19.3%)
# UVM_INFO /home/yifeng/packages/mu3e_ip_dev/mu3e-ip-cores/ring-buffer_cam/tb/uvm/out_monitor.sv(146) @ 2528532000: uvm_test_top.m_env.m_out_mon [OUT_MON] Throughput: 65 hits in 344 cycles (18.9%)
# UVM_INFO /home/yifeng/packages/mu3e_ip_dev/mu3e-ip-cores/ring-buffer_cam/tb/uvm/out_monitor.sv(146) @ 2531676000: uvm_test_top.m_env.m_out_mon [OUT_MON] Throughput: 74 hits in 350 cycles (21.1%)
# UVM_INFO /home/yifeng/packages/mu3e_ip_dev/mu3e-ip-cores/ring-buffer_cam/tb/uvm/out_monitor.sv(146) @ 2534772000: uvm_test_top.m_env.m_out_mon [OUT_MON] Throughput: 75 hits in 344 cycles (21.8%)
# UVM_INFO /home/yifeng/packages/mu3e_ip_dev/mu3e-ip-cores/ring-buffer_cam/tb/uvm/out_monitor.sv(146) @ 2537532000: uvm_test_top.m_env.m_out_mon [OUT_MON] Throughput: 68 hits in 302 cycles (22.5%)
# UVM_INFO /home/yifeng/packages/mu3e_ip_dev/mu3e-ip-cores/ring-buffer_cam/tb/uvm/out_monitor.sv(146) @ 2561124000: uvm_test_top.m_env.m_out_mon [OUT_MON] Throughput: 82 hits in 322 cycles (25.5%)
# UVM_INFO /home/yifeng/packages/mu3e_ip_dev/mu3e-ip-cores/ring-buffer_cam/tb/uvm/out_monitor.sv(146) @ 2563708000: uvm_test_top.m_env.m_out_mon [OUT_MON] Throughput: 86 hits in 280 cycles (30.7%)
# UVM_INFO /home/yifeng/packages/mu3e_ip_dev/mu3e-ip-cores/ring-buffer_cam/tb/uvm/out_monitor.sv(146) @ 2566244000: uvm_test_top.m_env.m_out_mon [OUT_MON] Throughput: 86 hits in 274 cycles (31.4%)
# UVM_INFO /home/yifeng/packages/mu3e_ip_dev/mu3e-ip-cores/ring-buffer_cam/tb/uvm/out_monitor.sv(146) @ 2569116000: uvm_test_top.m_env.m_out_mon [OUT_MON] Throughput: 87 hits in 316 cycles (27.5%)
# UVM_INFO /home/yifeng/packages/mu3e_ip_dev/mu3e-ip-cores/ring-buffer_cam/tb/uvm/out_monitor.sv(146) @ 2593556000: uvm_test_top.m_env.m_out_mon [OUT_MON] Throughput: 69 hits in 280 cycles (24.6%)
# UVM_INFO /home/yifeng/packages/mu3e_ip_dev/mu3e-ip-cores/ring-buffer_cam/tb/uvm/out_monitor.sv(146) @ 2596764000: uvm_test_top.m_env.m_out_mon [OUT_MON] Throughput: 90 hits in 358 cycles (25.1%)
# UVM_INFO /home/yifeng/packages/mu3e_ip_dev/mu3e-ip-cores/ring-buffer_cam/tb/uvm/out_monitor.sv(146) @ 2600068000: uvm_test_top.m_env.m_out_mon [OUT_MON] Throughput: 90 hits in 370 cycles (24.3%)
# UVM_INFO /home/yifeng/packages/mu3e_ip_dev/mu3e-ip-cores/ring-buffer_cam/tb/uvm/out_monitor.sv(146) @ 2603756000: uvm_test_top.m_env.m_out_mon [OUT_MON] Throughput: 105 hits in 418 cycles (25.1%)
# UVM_INFO /home/yifeng/packages/mu3e_ip_dev/mu3e-ip-cores/ring-buffer_cam/tb/uvm/sequences.sv(485) @ 2608892000: uvm_test_top.m_env.m_hit_seqr@@P041 four-key random backpressure profile_profile [SEQ] P041 four-key random backpressure profile progress: sent=15000/30000
# UVM_INFO /home/yifeng/packages/mu3e_ip_dev/mu3e-ip-cores/ring-buffer_cam/tb/uvm/out_monitor.sv(146) @ 2627700000: uvm_test_top.m_env.m_out_mon [OUT_MON] Throughput: 83 hits in 452 cycles (18.4%)
# UVM_INFO /home/yifeng/packages/mu3e_ip_dev/mu3e-ip-cores/ring-buffer_cam/tb/uvm/out_monitor.sv(146) @ 2630940000: uvm_test_top.m_env.m_out_mon [OUT_MON] Throughput: 68 hits in 362 cycles (18.8%)
# UVM_INFO /home/yifeng/packages/mu3e_ip_dev/mu3e-ip-cores/ring-buffer_cam/tb/uvm/out_monitor.sv(146) @ 2634180000: uvm_test_top.m_env.m_out_mon [OUT_MON] Throughput: 68 hits in 362 cycles (18.8%)
# UVM_INFO /home/yifeng/packages/mu3e_ip_dev/mu3e-ip-cores/ring-buffer_cam/tb/uvm/out_monitor.sv(146) @ 2637276000: uvm_test_top.m_env.m_out_mon [OUT_MON] Throughput: 73 hits in 344 cycles (21.2%)
# UVM_INFO /home/yifeng/packages/mu3e_ip_dev/mu3e-ip-cores/ring-buffer_cam/tb/uvm/out_monitor.sv(146) @ 2660532000: uvm_test_top.m_env.m_out_mon [OUT_MON] Throughput: 84 hits in 460 cycles (18.3%)
# UVM_INFO /home/yifeng/packages/mu3e_ip_dev/mu3e-ip-cores/ring-buffer_cam/tb/uvm/out_monitor.sv(146) @ 2663692000: uvm_test_top.m_env.m_out_mon [OUT_MON] Throughput: 71 hits in 352 cycles (20.2%)
# UVM_INFO /home/yifeng/packages/mu3e_ip_dev/mu3e-ip-cores/ring-buffer_cam/tb/uvm/out_monitor.sv(146) @ 2666804000: uvm_test_top.m_env.m_out_mon [OUT_MON] Throughput: 70 hits in 346 cycles (20.2%)
# UVM_INFO /home/yifeng/packages/mu3e_ip_dev/mu3e-ip-cores/ring-buffer_cam/tb/uvm/out_monitor.sv(146) @ 2669196000: uvm_test_top.m_env.m_out_mon [OUT_MON] Throughput: 57 hits in 256 cycles (22.3%)
# UVM_INFO /home/yifeng/packages/mu3e_ip_dev/mu3e-ip-cores/ring-buffer_cam/tb/uvm/out_monitor.sv(146) @ 2692228000: uvm_test_top.m_env.m_out_mon [OUT_MON] Throughput: 66 hits in 326 cycles (20.2%)
# UVM_INFO /home/yifeng/packages/mu3e_ip_dev/mu3e-ip-cores/ring-buffer_cam/tb/uvm/out_monitor.sv(146) @ 2695036000: uvm_test_top.m_env.m_out_mon [OUT_MON] Throughput: 77 hits in 308 cycles (25.0%)
# UVM_INFO /home/yifeng/packages/mu3e_ip_dev/mu3e-ip-cores/ring-buffer_cam/tb/uvm/out_monitor.sv(146) @ 2697796000: uvm_test_top.m_env.m_out_mon [OUT_MON] Throughput: 77 hits in 302 cycles (25.5%)
# UVM_INFO /home/yifeng/packages/mu3e_ip_dev/mu3e-ip-cores/ring-buffer_cam/tb/uvm/out_monitor.sv(146) @ 2700652000: uvm_test_top.m_env.m_out_mon [OUT_MON] Throughput: 84 hits in 314 cycles (26.8%)
# UVM_INFO /home/yifeng/packages/mu3e_ip_dev/mu3e-ip-cores/ring-buffer_cam/tb/uvm/out_monitor.sv(146) @ 2725092000: uvm_test_top.m_env.m_out_mon [OUT_MON] Throughput: 99 hits in 338 cycles (29.3%)
# UVM_INFO /home/yifeng/packages/mu3e_ip_dev/mu3e-ip-cores/ring-buffer_cam/tb/uvm/out_monitor.sv(146) @ 2727900000: uvm_test_top.m_env.m_out_mon [OUT_MON] Throughput: 92 hits in 308 cycles (29.9%)
# UVM_INFO /home/yifeng/packages/mu3e_ip_dev/mu3e-ip-cores/ring-buffer_cam/tb/uvm/out_monitor.sv(146) @ 2730708000: uvm_test_top.m_env.m_out_mon [OUT_MON] Throughput: 92 hits in 308 cycles (29.9%)
# UVM_INFO /home/yifeng/packages/mu3e_ip_dev/mu3e-ip-cores/ring-buffer_cam/tb/uvm/out_monitor.sv(146) @ 2733804000: uvm_test_top.m_env.m_out_mon [OUT_MON] Throughput: 99 hits in 344 cycles (28.8%)
# UVM_INFO /home/yifeng/packages/mu3e_ip_dev/mu3e-ip-cores/ring-buffer_cam/tb/uvm/out_monitor.sv(146) @ 2758980000: uvm_test_top.m_env.m_out_mon [OUT_MON] Throughput: 93 hits in 478 cycles (19.5%)
# UVM_INFO /home/yifeng/packages/mu3e_ip_dev/mu3e-ip-cores/ring-buffer_cam/tb/uvm/out_monitor.sv(146) @ 2762188000: uvm_test_top.m_env.m_out_mon [OUT_MON] Throughput: 79 hits in 358 cycles (22.1%)
# UVM_INFO /home/yifeng/packages/mu3e_ip_dev/mu3e-ip-cores/ring-buffer_cam/tb/uvm/out_monitor.sv(146) @ 2765444000: uvm_test_top.m_env.m_out_mon [OUT_MON] Throughput: 79 hits in 364 cycles (21.7%)
# UVM_INFO /home/yifeng/packages/mu3e_ip_dev/mu3e-ip-cores/ring-buffer_cam/tb/uvm/out_monitor.sv(146) @ 2768412000: uvm_test_top.m_env.m_out_mon [OUT_MON] Throughput: 65 hits in 328 cycles (19.8%)
# UVM_INFO /home/yifeng/packages/mu3e_ip_dev/mu3e-ip-cores/ring-buffer_cam/tb/uvm/out_monitor.sv(146) @ 2791444000: uvm_test_top.m_env.m_out_mon [OUT_MON] Throughput: 82 hits in 440 cycles (18.6%)
# UVM_INFO /home/yifeng/packages/mu3e_ip_dev/mu3e-ip-cores/ring-buffer_cam/tb/uvm/out_monitor.sv(146) @ 2794396000: uvm_test_top.m_env.m_out_mon [OUT_MON] Throughput: 63 hits in 326 cycles (19.3%)
# UVM_INFO /home/yifeng/packages/mu3e_ip_dev/mu3e-ip-cores/ring-buffer_cam/tb/uvm/out_monitor.sv(146) @ 2797348000: uvm_test_top.m_env.m_out_mon [OUT_MON] Throughput: 63 hits in 326 cycles (19.3%)
# UVM_INFO /home/yifeng/packages/mu3e_ip_dev/mu3e-ip-cores/ring-buffer_cam/tb/uvm/out_monitor.sv(146) @ 2800012000: uvm_test_top.m_env.m_out_mon [OUT_MON] Throughput: 64 hits in 290 cycles (22.1%)
# UVM_INFO /home/yifeng/packages/mu3e_ip_dev/mu3e-ip-cores/ring-buffer_cam/tb/uvm/out_monitor.sv(146) @ 2823028000: uvm_test_top.m_env.m_out_mon [OUT_MON] Throughput: 80 hits in 292 cycles (27.4%)
# UVM_INFO /home/yifeng/packages/mu3e_ip_dev/mu3e-ip-cores/ring-buffer_cam/tb/uvm/out_monitor.sv(146) @ 2825852000: uvm_test_top.m_env.m_out_mon [OUT_MON] Throughput: 82 hits in 310 cycles (26.5%)
# UVM_INFO /home/yifeng/packages/mu3e_ip_dev/mu3e-ip-cores/ring-buffer_cam/tb/uvm/out_monitor.sv(146) @ 2828628000: uvm_test_top.m_env.m_out_mon [OUT_MON] Throughput: 83 hits in 304 cycles (27.3%)
# UVM_INFO /home/yifeng/packages/mu3e_ip_dev/mu3e-ip-cores/ring-buffer_cam/tb/uvm/out_monitor.sv(146) @ 2832076000: uvm_test_top.m_env.m_out_mon [OUT_MON] Throughput: 93 hits in 388 cycles (24.0%)
# UVM_INFO /home/yifeng/packages/mu3e_ip_dev/mu3e-ip-cores/ring-buffer_cam/tb/uvm/out_monitor.sv(146) @ 2855604000: uvm_test_top.m_env.m_out_mon [OUT_MON] Throughput: 79 hits in 268 cycles (29.5%)
# UVM_INFO /home/yifeng/packages/mu3e_ip_dev/mu3e-ip-cores/ring-buffer_cam/tb/uvm/out_monitor.sv(146) @ 2858524000: uvm_test_top.m_env.m_out_mon [OUT_MON] Throughput: 88 hits in 322 cycles (27.3%)
# UVM_INFO /home/yifeng/packages/mu3e_ip_dev/mu3e-ip-cores/ring-buffer_cam/tb/uvm/out_monitor.sv(146) @ 2861444000: uvm_test_top.m_env.m_out_mon [OUT_MON] Throughput: 87 hits in 322 cycles (27.0%)
# UVM_INFO /home/yifeng/packages/mu3e_ip_dev/mu3e-ip-cores/ring-buffer_cam/tb/uvm/out_monitor.sv(146) @ 2864028000: uvm_test_top.m_env.m_out_mon [OUT_MON] Throughput: 81 hits in 280 cycles (28.9%)
# UVM_INFO /home/yifeng/packages/mu3e_ip_dev/mu3e-ip-cores/ring-buffer_cam/tb/uvm/out_monitor.sv(146) @ 2889316000: uvm_test_top.m_env.m_out_mon [OUT_MON] Throughput: 79 hits in 386 cycles (20.5%)
# UVM_INFO /home/yifeng/packages/mu3e_ip_dev/mu3e-ip-cores/ring-buffer_cam/tb/uvm/out_monitor.sv(146) @ 2892652000: uvm_test_top.m_env.m_out_mon [OUT_MON] Throughput: 79 hits in 374 cycles (21.1%)
# UVM_INFO /home/yifeng/packages/mu3e_ip_dev/mu3e-ip-cores/ring-buffer_cam/tb/uvm/out_monitor.sv(146) @ 2896036000: uvm_test_top.m_env.m_out_mon [OUT_MON] Throughput: 79 hits in 380 cycles (20.8%)
# UVM_INFO /home/yifeng/packages/mu3e_ip_dev/mu3e-ip-cores/ring-buffer_cam/tb/uvm/out_monitor.sv(146) @ 2899420000: uvm_test_top.m_env.m_out_mon [OUT_MON] Throughput: 75 hits in 380 cycles (19.7%)
# UVM_INFO /home/yifeng/packages/mu3e_ip_dev/mu3e-ip-cores/ring-buffer_cam/tb/uvm/out_monitor.sv(146) @ 2921668000: uvm_test_top.m_env.m_out_mon [OUT_MON] Throughput: 63 hits in 334 cycles (18.9%)
# UVM_INFO /home/yifeng/packages/mu3e_ip_dev/mu3e-ip-cores/ring-buffer_cam/tb/uvm/out_monitor.sv(146) @ 2925116000: uvm_test_top.m_env.m_out_mon [OUT_MON] Throughput: 72 hits in 388 cycles (18.6%)
# UVM_INFO /home/yifeng/packages/mu3e_ip_dev/mu3e-ip-cores/ring-buffer_cam/tb/uvm/out_monitor.sv(146) @ 2928564000: uvm_test_top.m_env.m_out_mon [OUT_MON] Throughput: 71 hits in 388 cycles (18.3%)
# UVM_INFO /home/yifeng/packages/mu3e_ip_dev/mu3e-ip-cores/ring-buffer_cam/tb/uvm/out_monitor.sv(146) @ 2932252000: uvm_test_top.m_env.m_out_mon [OUT_MON] Throughput: 79 hits in 418 cycles (18.9%)
# UVM_INFO /home/yifeng/packages/mu3e_ip_dev/mu3e-ip-cores/ring-buffer_cam/tb/uvm/out_monitor.sv(146) @ 2954564000: uvm_test_top.m_env.m_out_mon [OUT_MON] Throughput: 69 hits in 350 cycles (19.7%)
# UVM_INFO /home/yifeng/packages/mu3e_ip_dev/mu3e-ip-cores/ring-buffer_cam/tb/uvm/out_monitor.sv(146) @ 2957228000: uvm_test_top.m_env.m_out_mon [OUT_MON] Throughput: 57 hits in 290 cycles (19.7%)
# UVM_INFO /home/yifeng/packages/mu3e_ip_dev/mu3e-ip-cores/ring-buffer_cam/tb/uvm/out_monitor.sv(146) @ 2959892000: uvm_test_top.m_env.m_out_mon [OUT_MON] Throughput: 58 hits in 290 cycles (20.0%)
# UVM_INFO /home/yifeng/packages/mu3e_ip_dev/mu3e-ip-cores/ring-buffer_cam/tb/uvm/out_monitor.sv(146) @ 2963564000: uvm_test_top.m_env.m_out_mon [OUT_MON] Throughput: 88 hits in 416 cycles (21.2%)
# UVM_INFO /home/yifeng/packages/mu3e_ip_dev/mu3e-ip-cores/ring-buffer_cam/tb/uvm/out_monitor.sv(146) @ 2986628000: uvm_test_top.m_env.m_out_mon [OUT_MON] Throughput: 79 hits in 262 cycles (30.2%)
# UVM_INFO /home/yifeng/packages/mu3e_ip_dev/mu3e-ip-cores/ring-buffer_cam/tb/uvm/out_monitor.sv(146) @ 2989452000: uvm_test_top.m_env.m_out_mon [OUT_MON] Throughput: 81 hits in 310 cycles (26.1%)
# UVM_INFO /home/yifeng/packages/mu3e_ip_dev/mu3e-ip-cores/ring-buffer_cam/tb/uvm/out_monitor.sv(146) @ 2992276000: uvm_test_top.m_env.m_out_mon [OUT_MON] Throughput: 81 hits in 310 cycles (26.1%)
# UVM_INFO /home/yifeng/packages/mu3e_ip_dev/mu3e-ip-cores/ring-buffer_cam/tb/uvm/out_monitor.sv(146) @ 2995628000: uvm_test_top.m_env.m_out_mon [OUT_MON] Throughput: 91 hits in 376 cycles (24.2%)
# UVM_INFO /home/yifeng/packages/mu3e_ip_dev/mu3e-ip-cores/ring-buffer_cam/tb/uvm/out_monitor.sv(146) @ 3019876000: uvm_test_top.m_env.m_out_mon [OUT_MON] Throughput: 94 hits in 322 cycles (29.2%)
# UVM_INFO /home/yifeng/packages/mu3e_ip_dev/mu3e-ip-cores/ring-buffer_cam/tb/uvm/out_monitor.sv(146) @ 3023420000: uvm_test_top.m_env.m_out_mon [OUT_MON] Throughput: 98 hits in 400 cycles (24.5%)
# UVM_INFO /home/yifeng/packages/mu3e_ip_dev/mu3e-ip-cores/ring-buffer_cam/tb/uvm/out_monitor.sv(146) @ 3026964000: uvm_test_top.m_env.m_out_mon [OUT_MON] Throughput: 98 hits in 400 cycles (24.5%)
# UVM_INFO /home/yifeng/packages/mu3e_ip_dev/mu3e-ip-cores/ring-buffer_cam/tb/uvm/out_monitor.sv(146) @ 3029692000: uvm_test_top.m_env.m_out_mon [OUT_MON] Throughput: 83 hits in 298 cycles (27.9%)
# UVM_INFO /home/yifeng/packages/mu3e_ip_dev/mu3e-ip-cores/ring-buffer_cam/tb/uvm/out_monitor.sv(146) @ 3052916000: uvm_test_top.m_env.m_out_mon [OUT_MON] Throughput: 74 hits in 356 cycles (20.8%)
# UVM_INFO /home/yifeng/packages/mu3e_ip_dev/mu3e-ip-cores/ring-buffer_cam/tb/uvm/out_monitor.sv(146) @ 3056348000: uvm_test_top.m_env.m_out_mon [OUT_MON] Throughput: 76 hits in 386 cycles (19.7%)
# UVM_INFO /home/yifeng/packages/mu3e_ip_dev/mu3e-ip-cores/ring-buffer_cam/tb/uvm/out_monitor.sv(146) @ 3059828000: uvm_test_top.m_env.m_out_mon [OUT_MON] Throughput: 76 hits in 392 cycles (19.4%)
# UVM_INFO /home/yifeng/packages/mu3e_ip_dev/mu3e-ip-cores/ring-buffer_cam/tb/uvm/out_monitor.sv(146) @ 3063260000: uvm_test_top.m_env.m_out_mon [OUT_MON] Throughput: 77 hits in 386 cycles (19.9%)
# UVM_INFO /home/yifeng/packages/mu3e_ip_dev/mu3e-ip-cores/ring-buffer_cam/tb/uvm/out_monitor.sv(146) @ 3085124000: uvm_test_top.m_env.m_out_mon [OUT_MON] Throughput: 58 hits in 286 cycles (20.3%)
# UVM_INFO /home/yifeng/packages/mu3e_ip_dev/mu3e-ip-cores/ring-buffer_cam/tb/uvm/out_monitor.sv(146) @ 3088524000: uvm_test_top.m_env.m_out_mon [OUT_MON] Throughput: 78 hits in 382 cycles (20.4%)
# UVM_INFO /home/yifeng/packages/mu3e_ip_dev/mu3e-ip-cores/ring-buffer_cam/tb/uvm/out_monitor.sv(146) @ 3091924000: uvm_test_top.m_env.m_out_mon [OUT_MON] Throughput: 78 hits in 382 cycles (20.4%)
# UVM_INFO /home/yifeng/packages/mu3e_ip_dev/mu3e-ip-cores/ring-buffer_cam/tb/uvm/out_monitor.sv(146) @ 3094700000: uvm_test_top.m_env.m_out_mon [OUT_MON] Throughput: 66 hits in 304 cycles (21.7%)
# UVM_INFO /home/yifeng/packages/mu3e_ip_dev/mu3e-ip-cores/ring-buffer_cam/tb/uvm/out_monitor.sv(146) @ 3117780000: uvm_test_top.m_env.m_out_mon [OUT_MON] Throughput: 76 hits in 272 cycles (27.9%)
# UVM_INFO /home/yifeng/packages/mu3e_ip_dev/mu3e-ip-cores/ring-buffer_cam/tb/uvm/out_monitor.sv(146) @ 3120636000: uvm_test_top.m_env.m_out_mon [OUT_MON] Throughput: 86 hits in 314 cycles (27.4%)
# UVM_INFO /home/yifeng/packages/mu3e_ip_dev/mu3e-ip-cores/ring-buffer_cam/tb/uvm/out_monitor.sv(146) @ 3123492000: uvm_test_top.m_env.m_out_mon [OUT_MON] Throughput: 86 hits in 314 cycles (27.4%)
# UVM_INFO /home/yifeng/packages/mu3e_ip_dev/mu3e-ip-cores/ring-buffer_cam/tb/uvm/out_monitor.sv(146) @ 3126252000: uvm_test_top.m_env.m_out_mon [OUT_MON] Throughput: 75 hits in 302 cycles (24.8%)
# UVM_INFO /home/yifeng/packages/mu3e_ip_dev/mu3e-ip-cores/ring-buffer_cam/tb/uvm/out_monitor.sv(146) @ 3150788000: uvm_test_top.m_env.m_out_mon [OUT_MON] Throughput: 84 hits in 302 cycles (27.8%)
# UVM_INFO /home/yifeng/packages/mu3e_ip_dev/mu3e-ip-cores/ring-buffer_cam/tb/uvm/out_monitor.sv(146) @ 3153596000: uvm_test_top.m_env.m_out_mon [OUT_MON] Throughput: 89 hits in 308 cycles (28.9%)
# UVM_INFO /home/yifeng/packages/mu3e_ip_dev/mu3e-ip-cores/ring-buffer_cam/tb/uvm/out_monitor.sv(146) @ 3156500000: uvm_test_top.m_env.m_out_mon [OUT_MON] Throughput: 90 hits in 320 cycles (28.1%)
# UVM_INFO /home/yifeng/packages/mu3e_ip_dev/mu3e-ip-cores/ring-buffer_cam/tb/uvm/out_monitor.sv(146) @ 3159644000: uvm_test_top.m_env.m_out_mon [OUT_MON] Throughput: 89 hits in 350 cycles (25.4%)
# UVM_INFO /home/yifeng/packages/mu3e_ip_dev/mu3e-ip-cores/ring-buffer_cam/tb/uvm/out_monitor.sv(146) @ 3184628000: uvm_test_top.m_env.m_out_mon [OUT_MON] Throughput: 93 hits in 436 cycles (21.3%)
# UVM_INFO /home/yifeng/packages/mu3e_ip_dev/mu3e-ip-cores/ring-buffer_cam/tb/uvm/out_monitor.sv(146) @ 3187884000: uvm_test_top.m_env.m_out_mon [OUT_MON] Throughput: 73 hits in 364 cycles (20.1%)
# UVM_INFO /home/yifeng/packages/mu3e_ip_dev/mu3e-ip-cores/ring-buffer_cam/tb/uvm/out_monitor.sv(146) @ 3191140000: uvm_test_top.m_env.m_out_mon [OUT_MON] Throughput: 72 hits in 364 cycles (19.8%)
# UVM_INFO /home/yifeng/packages/mu3e_ip_dev/mu3e-ip-cores/ring-buffer_cam/tb/uvm/out_monitor.sv(146) @ 3194396000: uvm_test_top.m_env.m_out_mon [OUT_MON] Throughput: 79 hits in 364 cycles (21.7%)
# UVM_INFO /home/yifeng/packages/mu3e_ip_dev/mu3e-ip-cores/ring-buffer_cam/tb/uvm/out_monitor.sv(146) @ 3217572000: uvm_test_top.m_env.m_out_mon [OUT_MON] Throughput: 88 hits in 458 cycles (19.2%)
# UVM_INFO /home/yifeng/packages/mu3e_ip_dev/mu3e-ip-cores/ring-buffer_cam/tb/uvm/out_monitor.sv(146) @ 3220572000: uvm_test_top.m_env.m_out_mon [OUT_MON] Throughput: 66 hits in 332 cycles (19.9%)
# UVM_INFO /home/yifeng/packages/mu3e_ip_dev/mu3e-ip-cores/ring-buffer_cam/tb/uvm/out_monitor.sv(146) @ 3223524000: uvm_test_top.m_env.m_out_mon [OUT_MON] Throughput: 66 hits in 326 cycles (20.2%)
# UVM_INFO /home/yifeng/packages/mu3e_ip_dev/mu3e-ip-cores/ring-buffer_cam/tb/uvm/out_monitor.sv(146) @ 3226092000: uvm_test_top.m_env.m_out_mon [OUT_MON] Throughput: 54 hits in 278 cycles (19.4%)
# UVM_INFO /home/yifeng/packages/mu3e_ip_dev/mu3e-ip-cores/ring-buffer_cam/tb/uvm/out_monitor.sv(146) @ 3249252000: uvm_test_top.m_env.m_out_mon [OUT_MON] Throughput: 85 hits in 322 cycles (26.4%)
# UVM_INFO /home/yifeng/packages/mu3e_ip_dev/mu3e-ip-cores/ring-buffer_cam/tb/uvm/out_monitor.sv(146) @ 3252172000: uvm_test_top.m_env.m_out_mon [OUT_MON] Throughput: 80 hits in 322 cycles (24.8%)
# UVM_INFO /home/yifeng/packages/mu3e_ip_dev/mu3e-ip-cores/ring-buffer_cam/tb/uvm/out_monitor.sv(146) @ 3255044000: uvm_test_top.m_env.m_out_mon [OUT_MON] Throughput: 81 hits in 316 cycles (25.6%)
# UVM_INFO /home/yifeng/packages/mu3e_ip_dev/mu3e-ip-cores/ring-buffer_cam/tb/uvm/out_monitor.sv(146) @ 3258060000: uvm_test_top.m_env.m_out_mon [OUT_MON] Throughput: 80 hits in 334 cycles (24.0%)
# UVM_INFO /home/yifeng/packages/mu3e_ip_dev/mu3e-ip-cores/ring-buffer_cam/tb/uvm/out_monitor.sv(146) @ 3281348000: uvm_test_top.m_env.m_out_mon [OUT_MON] Throughput: 72 hits in 238 cycles (30.3%)
# UVM_INFO /home/yifeng/packages/mu3e_ip_dev/mu3e-ip-cores/ring-buffer_cam/tb/uvm/out_monitor.sv(146) @ 3283788000: uvm_test_top.m_env.m_out_mon [OUT_MON] Throughput: 87 hits in 262 cycles (33.2%)
# UVM_INFO /home/yifeng/packages/mu3e_ip_dev/mu3e-ip-cores/ring-buffer_cam/tb/uvm/out_monitor.sv(146) @ 3286276000: uvm_test_top.m_env.m_out_mon [OUT_MON] Throughput: 87 hits in 268 cycles (32.5%)
# UVM_INFO /home/yifeng/packages/mu3e_ip_dev/mu3e-ip-cores/ring-buffer_cam/tb/uvm/out_monitor.sv(146) @ 3289916000: uvm_test_top.m_env.m_out_mon [OUT_MON] Throughput: 99 hits in 412 cycles (24.0%)
# UVM_INFO /home/yifeng/packages/mu3e_ip_dev/mu3e-ip-cores/ring-buffer_cam/tb/uvm/out_monitor.sv(146) @ 3314532000: uvm_test_top.m_env.m_out_mon [OUT_MON] Throughput: 62 hits in 290 cycles (21.4%)
# UVM_INFO /home/yifeng/packages/mu3e_ip_dev/mu3e-ip-cores/ring-buffer_cam/tb/uvm/out_monitor.sv(146) @ 3317964000: uvm_test_top.m_env.m_out_mon [OUT_MON] Throughput: 81 hits in 386 cycles (21.0%)
# UVM_INFO /home/yifeng/packages/mu3e_ip_dev/mu3e-ip-cores/ring-buffer_cam/tb/uvm/out_monitor.sv(146) @ 3321444000: uvm_test_top.m_env.m_out_mon [OUT_MON] Throughput: 80 hits in 392 cycles (20.4%)
# UVM_INFO /home/yifeng/packages/mu3e_ip_dev/mu3e-ip-cores/ring-buffer_cam/tb/uvm/out_monitor.sv(146) @ 3325356000: uvm_test_top.m_env.m_out_mon [OUT_MON] Throughput: 90 hits in 446 cycles (20.2%)
# UVM_INFO /home/yifeng/packages/mu3e_ip_dev/mu3e-ip-cores/ring-buffer_cam/tb/uvm/out_monitor.sv(146) @ 3348804000: uvm_test_top.m_env.m_out_mon [OUT_MON] Throughput: 87 hits in 478 cycles (18.2%)
# UVM_INFO /home/yifeng/packages/mu3e_ip_dev/mu3e-ip-cores/ring-buffer_cam/tb/uvm/out_monitor.sv(146) @ 3352060000: uvm_test_top.m_env.m_out_mon [OUT_MON] Throughput: 70 hits in 364 cycles (19.2%)
# UVM_INFO /home/yifeng/packages/mu3e_ip_dev/mu3e-ip-cores/ring-buffer_cam/tb/uvm/out_monitor.sv(146) @ 3355316000: uvm_test_top.m_env.m_out_mon [OUT_MON] Throughput: 70 hits in 364 cycles (19.2%)
# UVM_INFO /home/yifeng/packages/mu3e_ip_dev/mu3e-ip-cores/ring-buffer_cam/tb/uvm/out_monitor.sv(146) @ 3358236000: uvm_test_top.m_env.m_out_mon [OUT_MON] Throughput: 63 hits in 322 cycles (19.6%)
# UVM_INFO /home/yifeng/packages/mu3e_ip_dev/mu3e-ip-cores/ring-buffer_cam/tb/uvm/out_monitor.sv(146) @ 3380308000: uvm_test_top.m_env.m_out_mon [OUT_MON] Throughput: 71 hits in 320 cycles (22.2%)
# UVM_INFO /home/yifeng/packages/mu3e_ip_dev/mu3e-ip-cores/ring-buffer_cam/tb/uvm/out_monitor.sv(146) @ 3383116000: uvm_test_top.m_env.m_out_mon [OUT_MON] Throughput: 64 hits in 308 cycles (20.8%)
# UVM_INFO /home/yifeng/packages/mu3e_ip_dev/mu3e-ip-cores/ring-buffer_cam/tb/uvm/out_monitor.sv(146) @ 3385876000: uvm_test_top.m_env.m_out_mon [OUT_MON] Throughput: 64 hits in 302 cycles (21.2%)
# UVM_INFO /home/yifeng/packages/mu3e_ip_dev/mu3e-ip-cores/ring-buffer_cam/tb/uvm/sequences.sv(485) @ 3388892000: uvm_test_top.m_env.m_hit_seqr@@P041 four-key random backpressure profile_profile [SEQ] P041 four-key random backpressure profile progress: sent=22500/30000
# UVM_INFO /home/yifeng/packages/mu3e_ip_dev/mu3e-ip-cores/ring-buffer_cam/tb/uvm/out_monitor.sv(146) @ 3389356000: uvm_test_top.m_env.m_out_mon [OUT_MON] Throughput: 75 hits in 392 cycles (19.1%)
# UVM_INFO /home/yifeng/packages/mu3e_ip_dev/mu3e-ip-cores/ring-buffer_cam/tb/uvm/out_monitor.sv(146) @ 3413668000: uvm_test_top.m_env.m_out_mon [OUT_MON] Throughput: 100 hits in 394 cycles (25.4%)
# UVM_INFO /home/yifeng/packages/mu3e_ip_dev/mu3e-ip-cores/ring-buffer_cam/tb/uvm/out_monitor.sv(146) @ 3416348000: uvm_test_top.m_env.m_out_mon [OUT_MON] Throughput: 86 hits in 292 cycles (29.5%)
# UVM_INFO /home/yifeng/packages/mu3e_ip_dev/mu3e-ip-cores/ring-buffer_cam/tb/uvm/out_monitor.sv(146) @ 3419028000: uvm_test_top.m_env.m_out_mon [OUT_MON] Throughput: 85 hits in 292 cycles (29.1%)
# UVM_INFO /home/yifeng/packages/mu3e_ip_dev/mu3e-ip-cores/ring-buffer_cam/tb/uvm/out_monitor.sv(146) @ 3421548000: uvm_test_top.m_env.m_out_mon [OUT_MON] Throughput: 87 hits in 272 cycles (32.0%)
# UVM_INFO /home/yifeng/packages/mu3e_ip_dev/mu3e-ip-cores/ring-buffer_cam/tb/uvm/out_monitor.sv(146) @ 3445956000: uvm_test_top.m_env.m_out_mon [OUT_MON] Throughput: 82 hits in 334 cycles (24.6%)
# UVM_INFO /home/yifeng/packages/mu3e_ip_dev/mu3e-ip-cores/ring-buffer_cam/tb/uvm/out_monitor.sv(146) @ 3449356000: uvm_test_top.m_env.m_out_mon [OUT_MON] Throughput: 92 hits in 382 cycles (24.1%)
# UVM_INFO /home/yifeng/packages/mu3e_ip_dev/mu3e-ip-cores/ring-buffer_cam/tb/uvm/out_monitor.sv(146) @ 3452756000: uvm_test_top.m_env.m_out_mon [OUT_MON] Throughput: 93 hits in 382 cycles (24.3%)
# UVM_INFO /home/yifeng/packages/mu3e_ip_dev/mu3e-ip-cores/ring-buffer_cam/tb/uvm/out_monitor.sv(146) @ 3455724000: uvm_test_top.m_env.m_out_mon [OUT_MON] Throughput: 75 hits in 328 cycles (22.9%)
# UVM_INFO /home/yifeng/packages/mu3e_ip_dev/mu3e-ip-cores/ring-buffer_cam/tb/uvm/out_monitor.sv(146) @ 3479716000: uvm_test_top.m_env.m_out_mon [OUT_MON] Throughput: 90 hits in 458 cycles (19.7%)
# UVM_INFO /home/yifeng/packages/mu3e_ip_dev/mu3e-ip-cores/ring-buffer_cam/tb/uvm/out_monitor.sv(146) @ 3482956000: uvm_test_top.m_env.m_out_mon [OUT_MON] Throughput: 67 hits in 362 cycles (18.5%)
# UVM_INFO /home/yifeng/packages/mu3e_ip_dev/mu3e-ip-cores/ring-buffer_cam/tb/uvm/out_monitor.sv(146) @ 3486148000: uvm_test_top.m_env.m_out_mon [OUT_MON] Throughput: 67 hits in 356 cycles (18.8%)
# UVM_INFO /home/yifeng/packages/mu3e_ip_dev/mu3e-ip-cores/ring-buffer_cam/tb/uvm/out_monitor.sv(146) @ 3489244000: uvm_test_top.m_env.m_out_mon [OUT_MON] Throughput: 73 hits in 344 cycles (21.2%)
# UVM_INFO /home/yifeng/packages/mu3e_ip_dev/mu3e-ip-cores/ring-buffer_cam/tb/uvm/out_monitor.sv(146) @ 3511876000: uvm_test_top.m_env.m_out_mon [OUT_MON] Throughput: 77 hits in 382 cycles (20.2%)
# UVM_INFO /home/yifeng/packages/mu3e_ip_dev/mu3e-ip-cores/ring-buffer_cam/tb/uvm/out_monitor.sv(146) @ 3515036000: uvm_test_top.m_env.m_out_mon [OUT_MON] Throughput: 71 hits in 352 cycles (20.2%)
# UVM_INFO /home/yifeng/packages/mu3e_ip_dev/mu3e-ip-cores/ring-buffer_cam/tb/uvm/out_monitor.sv(146) @ 3518148000: uvm_test_top.m_env.m_out_mon [OUT_MON] Throughput: 71 hits in 346 cycles (20.5%)
# UVM_INFO /home/yifeng/packages/mu3e_ip_dev/mu3e-ip-cores/ring-buffer_cam/tb/uvm/out_monitor.sv(146) @ 3520924000: uvm_test_top.m_env.m_out_mon [OUT_MON] Throughput: 57 hits in 304 cycles (18.8%)
# UVM_INFO /home/yifeng/packages/mu3e_ip_dev/mu3e-ip-cores/ring-buffer_cam/tb/uvm/out_monitor.sv(146) @ 3544580000: uvm_test_top.m_env.m_out_mon [OUT_MON] Throughput: 108 hits in 374 cycles (28.9%)
# UVM_INFO /home/yifeng/packages/mu3e_ip_dev/mu3e-ip-cores/ring-buffer_cam/tb/uvm/out_monitor.sv(146) @ 3547484000: uvm_test_top.m_env.m_out_mon [OUT_MON] Throughput: 83 hits in 320 cycles (25.9%)
# UVM_INFO /home/yifeng/packages/mu3e_ip_dev/mu3e-ip-cores/ring-buffer_cam/tb/uvm/out_monitor.sv(146) @ 3550388000: uvm_test_top.m_env.m_out_mon [OUT_MON] Throughput: 82 hits in 320 cycles (25.6%)
# UVM_INFO /home/yifeng/packages/mu3e_ip_dev/mu3e-ip-cores/ring-buffer_cam/tb/uvm/out_monitor.sv(146) @ 3552668000: uvm_test_top.m_env.m_out_mon [OUT_MON] Throughput: 65 hits in 242 cycles (26.9%)
# UVM_INFO /home/yifeng/packages/mu3e_ip_dev/mu3e-ip-cores/ring-buffer_cam/tb/uvm/out_monitor.sv(146) @ 3576052000: uvm_test_top.m_env.m_out_mon [OUT_MON] Throughput: 61 hits in 212 cycles (28.8%)
# UVM_INFO /home/yifeng/packages/mu3e_ip_dev/mu3e-ip-cores/ring-buffer_cam/tb/uvm/out_monitor.sv(146) @ 3579292000: uvm_test_top.m_env.m_out_mon [OUT_MON] Throughput: 92 hits in 362 cycles (25.4%)
# UVM_INFO /home/yifeng/packages/mu3e_ip_dev/mu3e-ip-cores/ring-buffer_cam/tb/uvm/out_monitor.sv(146) @ 3582580000: uvm_test_top.m_env.m_out_mon [OUT_MON] Throughput: 93 hits in 368 cycles (25.3%)
# UVM_INFO /home/yifeng/packages/mu3e_ip_dev/mu3e-ip-cores/ring-buffer_cam/tb/uvm/out_monitor.sv(146) @ 3585820000: uvm_test_top.m_env.m_out_mon [OUT_MON] Throughput: 104 hits in 362 cycles (28.7%)
# UVM_INFO /home/yifeng/packages/mu3e_ip_dev/mu3e-ip-cores/ring-buffer_cam/tb/uvm/out_monitor.sv(146) @ 3610180000: uvm_test_top.m_env.m_out_mon [OUT_MON] Throughput: 88 hits in 382 cycles (23.0%)
# UVM_INFO /home/yifeng/packages/mu3e_ip_dev/mu3e-ip-cores/ring-buffer_cam/tb/uvm/out_monitor.sv(146) @ 3613340000: uvm_test_top.m_env.m_out_mon [OUT_MON] Throughput: 73 hits in 352 cycles (20.7%)
# UVM_INFO /home/yifeng/packages/mu3e_ip_dev/mu3e-ip-cores/ring-buffer_cam/tb/uvm/out_monitor.sv(146) @ 3616500000: uvm_test_top.m_env.m_out_mon [OUT_MON] Throughput: 73 hits in 352 cycles (20.7%)
# UVM_INFO /home/yifeng/packages/mu3e_ip_dev/mu3e-ip-cores/ring-buffer_cam/tb/uvm/out_monitor.sv(146) @ 3620380000: uvm_test_top.m_env.m_out_mon [OUT_MON] Throughput: 80 hits in 442 cycles (18.1%)
# UVM_INFO /home/yifeng/packages/mu3e_ip_dev/mu3e-ip-cores/ring-buffer_cam/tb/uvm/out_monitor.sv(146) @ 3642740000: uvm_test_top.m_env.m_out_mon [OUT_MON] Throughput: 64 hits in 356 cycles (18.0%)
# UVM_INFO /home/yifeng/packages/mu3e_ip_dev/mu3e-ip-cores/ring-buffer_cam/tb/uvm/out_monitor.sv(146) @ 3645740000: uvm_test_top.m_env.m_out_mon [OUT_MON] Throughput: 66 hits in 332 cycles (19.9%)
# UVM_INFO /home/yifeng/packages/mu3e_ip_dev/mu3e-ip-cores/ring-buffer_cam/tb/uvm/out_monitor.sv(146) @ 3648740000: uvm_test_top.m_env.m_out_mon [OUT_MON] Throughput: 66 hits in 332 cycles (19.9%)
# UVM_INFO /home/yifeng/packages/mu3e_ip_dev/mu3e-ip-cores/ring-buffer_cam/tb/uvm/out_monitor.sv(146) @ 3652028000: uvm_test_top.m_env.m_out_mon [OUT_MON] Throughput: 76 hits in 368 cycles (20.7%)
# UVM_INFO /home/yifeng/packages/mu3e_ip_dev/mu3e-ip-cores/ring-buffer_cam/tb/uvm/out_monitor.sv(146) @ 3675092000: uvm_test_top.m_env.m_out_mon [OUT_MON] Throughput: 87 hits in 304 cycles (28.6%)
# UVM_INFO /home/yifeng/packages/mu3e_ip_dev/mu3e-ip-cores/ring-buffer_cam/tb/uvm/out_monitor.sv(146) @ 3678252000: uvm_test_top.m_env.m_out_mon [OUT_MON] Throughput: 89 hits in 352 cycles (25.3%)
# UVM_INFO /home/yifeng/packages/mu3e_ip_dev/mu3e-ip-cores/ring-buffer_cam/tb/uvm/out_monitor.sv(146) @ 3681364000: uvm_test_top.m_env.m_out_mon [OUT_MON] Throughput: 89 hits in 346 cycles (25.7%)
# UVM_INFO /home/yifeng/packages/mu3e_ip_dev/mu3e-ip-cores/ring-buffer_cam/tb/uvm/out_monitor.sv(146) @ 3684092000: uvm_test_top.m_env.m_out_mon [OUT_MON] Throughput: 68 hits in 298 cycles (22.8%)
# UVM_INFO /home/yifeng/packages/mu3e_ip_dev/mu3e-ip-cores/ring-buffer_cam/tb/uvm/out_monitor.sv(146) @ 3707716000: uvm_test_top.m_env.m_out_mon [OUT_MON] Throughput: 87 hits in 286 cycles (30.4%)
# UVM_INFO /home/yifeng/packages/mu3e_ip_dev/mu3e-ip-cores/ring-buffer_cam/tb/uvm/out_monitor.sv(146) @ 3710300000: uvm_test_top.m_env.m_out_mon [OUT_MON] Throughput: 85 hits in 280 cycles (30.4%)
# UVM_INFO /home/yifeng/packages/mu3e_ip_dev/mu3e-ip-cores/ring-buffer_cam/tb/uvm/out_monitor.sv(146) @ 3712884000: uvm_test_top.m_env.m_out_mon [OUT_MON] Throughput: 84 hits in 280 cycles (30.0%)
# UVM_INFO /home/yifeng/packages/mu3e_ip_dev/mu3e-ip-cores/ring-buffer_cam/tb/uvm/out_monitor.sv(146) @ 3716140000: uvm_test_top.m_env.m_out_mon [OUT_MON] Throughput: 88 hits in 364 cycles (24.2%)
# UVM_INFO /home/yifeng/packages/mu3e_ip_dev/mu3e-ip-cores/ring-buffer_cam/tb/uvm/out_monitor.sv(146) @ 3741236000: uvm_test_top.m_env.m_out_mon [OUT_MON] Throughput: 72 hits in 380 cycles (18.9%)
# UVM_INFO /home/yifeng/packages/mu3e_ip_dev/mu3e-ip-cores/ring-buffer_cam/tb/uvm/out_monitor.sv(146) @ 3744812000: uvm_test_top.m_env.m_out_mon [OUT_MON] Throughput: 82 hits in 404 cycles (20.3%)
# UVM_INFO /home/yifeng/packages/mu3e_ip_dev/mu3e-ip-cores/ring-buffer_cam/tb/uvm/out_monitor.sv(146) @ 3748340000: uvm_test_top.m_env.m_out_mon [OUT_MON] Throughput: 83 hits in 398 cycles (20.9%)
# UVM_INFO /home/yifeng/packages/mu3e_ip_dev/mu3e-ip-cores/ring-buffer_cam/tb/uvm/out_monitor.sv(146) @ 3751388000: uvm_test_top.m_env.m_out_mon [OUT_MON] Throughput: 74 hits in 338 cycles (21.9%)
# UVM_INFO /home/yifeng/packages/mu3e_ip_dev/mu3e-ip-cores/ring-buffer_cam/tb/uvm/out_monitor.sv(146) @ 3774020000: uvm_test_top.m_env.m_out_mon [OUT_MON] Throughput: 67 hits in 382 cycles (17.5%)
# UVM_INFO /home/yifeng/packages/mu3e_ip_dev/mu3e-ip-cores/ring-buffer_cam/tb/uvm/out_monitor.sv(146) @ 3777228000: uvm_test_top.m_env.m_out_mon [OUT_MON] Throughput: 70 hits in 358 cycles (19.6%)
# UVM_INFO /home/yifeng/packages/mu3e_ip_dev/mu3e-ip-cores/ring-buffer_cam/tb/uvm/out_monitor.sv(146) @ 3780388000: uvm_test_top.m_env.m_out_mon [OUT_MON] Throughput: 71 hits in 352 cycles (20.2%)
# UVM_INFO /home/yifeng/packages/mu3e_ip_dev/mu3e-ip-cores/ring-buffer_cam/tb/uvm/out_monitor.sv(146) @ 3784124000: uvm_test_top.m_env.m_out_mon [OUT_MON] Throughput: 76 hits in 424 cycles (17.9%)
# UVM_INFO /home/yifeng/packages/mu3e_ip_dev/mu3e-ip-cores/ring-buffer_cam/tb/uvm/out_monitor.sv(146) @ 3806532000: uvm_test_top.m_env.m_out_mon [OUT_MON] Throughput: 68 hits in 350 cycles (19.4%)
# UVM_INFO /home/yifeng/packages/mu3e_ip_dev/mu3e-ip-cores/ring-buffer_cam/tb/uvm/out_monitor.sv(146) @ 3809628000: uvm_test_top.m_env.m_out_mon [OUT_MON] Throughput: 72 hits in 344 cycles (20.9%)
# UVM_INFO /home/yifeng/packages/mu3e_ip_dev/mu3e-ip-cores/ring-buffer_cam/tb/uvm/out_monitor.sv(146) @ 3812676000: uvm_test_top.m_env.m_out_mon [OUT_MON] Throughput: 71 hits in 338 cycles (21.0%)
# UVM_INFO /home/yifeng/packages/mu3e_ip_dev/mu3e-ip-cores/ring-buffer_cam/tb/uvm/out_monitor.sv(146) @ 3815484000: uvm_test_top.m_env.m_out_mon [OUT_MON] Throughput: 74 hits in 308 cycles (24.0%)
# UVM_INFO /home/yifeng/packages/mu3e_ip_dev/mu3e-ip-cores/ring-buffer_cam/tb/uvm/out_monitor.sv(146) @ 3838980000: uvm_test_top.m_env.m_out_mon [OUT_MON] Throughput: 83 hits in 310 cycles (26.8%)
# UVM_INFO /home/yifeng/packages/mu3e_ip_dev/mu3e-ip-cores/ring-buffer_cam/tb/uvm/out_monitor.sv(146) @ 3841900000: uvm_test_top.m_env.m_out_mon [OUT_MON] Throughput: 90 hits in 322 cycles (28.0%)
# UVM_INFO /home/yifeng/packages/mu3e_ip_dev/mu3e-ip-cores/ring-buffer_cam/tb/uvm/out_monitor.sv(146) @ 3844820000: uvm_test_top.m_env.m_out_mon [OUT_MON] Throughput: 90 hits in 322 cycles (28.0%)
# UVM_INFO /home/yifeng/packages/mu3e_ip_dev/mu3e-ip-cores/ring-buffer_cam/tb/uvm/out_monitor.sv(146) @ 3847004000: uvm_test_top.m_env.m_out_mon [OUT_MON] Throughput: 76 hits in 230 cycles (33.0%)
# UVM_INFO /home/yifeng/packages/mu3e_ip_dev/mu3e-ip-cores/ring-buffer_cam/tb/uvm/out_monitor.sv(146) @ 3872564000: uvm_test_top.m_env.m_out_mon [OUT_MON] Throughput: 97 hits in 412 cycles (23.5%)
# UVM_INFO /home/yifeng/packages/mu3e_ip_dev/mu3e-ip-cores/ring-buffer_cam/tb/uvm/out_monitor.sv(146) @ 3875772000: uvm_test_top.m_env.m_out_mon [OUT_MON] Throughput: 89 hits in 358 cycles (24.9%)
# UVM_INFO /home/yifeng/packages/mu3e_ip_dev/mu3e-ip-cores/ring-buffer_cam/tb/uvm/out_monitor.sv(146) @ 3878932000: uvm_test_top.m_env.m_out_mon [OUT_MON] Throughput: 88 hits in 352 cycles (25.0%)
# UVM_INFO /home/yifeng/packages/mu3e_ip_dev/mu3e-ip-cores/ring-buffer_cam/tb/uvm/out_monitor.sv(146) @ 3881756000: uvm_test_top.m_env.m_out_mon [OUT_MON] Throughput: 80 hits in 310 cycles (25.8%)
# UVM_INFO /home/yifeng/packages/mu3e_ip_dev/mu3e-ip-cores/ring-buffer_cam/tb/uvm/out_monitor.sv(146) @ 3905460000: uvm_test_top.m_env.m_out_mon [OUT_MON] Throughput: 83 hits in 428 cycles (19.4%)
# UVM_INFO /home/yifeng/packages/mu3e_ip_dev/mu3e-ip-cores/ring-buffer_cam/tb/uvm/out_monitor.sv(146) @ 3908700000: uvm_test_top.m_env.m_out_mon [OUT_MON] Throughput: 77 hits in 362 cycles (21.3%)
# UVM_INFO /home/yifeng/packages/mu3e_ip_dev/mu3e-ip-cores/ring-buffer_cam/tb/uvm/out_monitor.sv(146) @ 3911940000: uvm_test_top.m_env.m_out_mon [OUT_MON] Throughput: 78 hits in 362 cycles (21.5%)
# UVM_INFO /home/yifeng/packages/mu3e_ip_dev/mu3e-ip-cores/ring-buffer_cam/tb/uvm/out_monitor.sv(146) @ 3915228000: uvm_test_top.m_env.m_out_mon [OUT_MON] Throughput: 76 hits in 368 cycles (20.7%)
# UVM_INFO /home/yifeng/packages/mu3e_ip_dev/mu3e-ip-cores/ring-buffer_cam/tb/uvm/out_monitor.sv(146) @ 3937764000: uvm_test_top.m_env.m_out_mon [OUT_MON] Throughput: 75 hits in 370 cycles (20.3%)
# UVM_INFO /home/yifeng/packages/mu3e_ip_dev/mu3e-ip-cores/ring-buffer_cam/tb/uvm/out_monitor.sv(146) @ 3940540000: uvm_test_top.m_env.m_out_mon [OUT_MON] Throughput: 71 hits in 304 cycles (23.4%)
# UVM_INFO /home/yifeng/packages/mu3e_ip_dev/mu3e-ip-cores/ring-buffer_cam/tb/uvm/out_monitor.sv(146) @ 3943316000: uvm_test_top.m_env.m_out_mon [OUT_MON] Throughput: 71 hits in 304 cycles (23.4%)
# UVM_INFO /home/yifeng/packages/mu3e_ip_dev/mu3e-ip-cores/ring-buffer_cam/tb/uvm/out_monitor.sv(146) @ 3946044000: uvm_test_top.m_env.m_out_mon [OUT_MON] Throughput: 65 hits in 298 cycles (21.8%)
# UVM_INFO /home/yifeng/packages/mu3e_ip_dev/mu3e-ip-cores/ring-buffer_cam/tb/uvm/out_monitor.sv(146) @ 3969460000: uvm_test_top.m_env.m_out_mon [OUT_MON] Throughput: 74 hits in 236 cycles (31.4%)
# UVM_INFO /home/yifeng/packages/mu3e_ip_dev/mu3e-ip-cores/ring-buffer_cam/tb/uvm/out_monitor.sv(146) @ 3972076000: uvm_test_top.m_env.m_out_mon [OUT_MON] Throughput: 88 hits in 284 cycles (31.0%)
# UVM_INFO /home/yifeng/packages/mu3e_ip_dev/mu3e-ip-cores/ring-buffer_cam/tb/uvm/out_monitor.sv(146) @ 3974644000: uvm_test_top.m_env.m_out_mon [OUT_MON] Throughput: 88 hits in 278 cycles (31.7%)
# UVM_INFO /home/yifeng/packages/mu3e_ip_dev/mu3e-ip-cores/ring-buffer_cam/tb/uvm/out_monitor.sv(146) @ 3977500000: uvm_test_top.m_env.m_out_mon [OUT_MON] Throughput: 97 hits in 314 cycles (30.9%)
# UVM_INFO /home/yifeng/packages/mu3e_ip_dev/mu3e-ip-cores/ring-buffer_cam/tb/uvm/out_monitor.sv(146) @ 4002948000: uvm_test_top.m_env.m_out_mon [OUT_MON] Throughput: 81 hits in 326 cycles (24.8%)
# UVM_INFO /home/yifeng/packages/mu3e_ip_dev/mu3e-ip-cores/ring-buffer_cam/tb/uvm/out_monitor.sv(146) @ 4005756000: uvm_test_top.m_env.m_out_mon [OUT_MON] Throughput: 78 hits in 308 cycles (25.3%)
# UVM_INFO /home/yifeng/packages/mu3e_ip_dev/mu3e-ip-cores/ring-buffer_cam/tb/uvm/out_monitor.sv(146) @ 4008612000: uvm_test_top.m_env.m_out_mon [OUT_MON] Throughput: 79 hits in 314 cycles (25.2%)
# UVM_INFO /home/yifeng/packages/mu3e_ip_dev/mu3e-ip-cores/ring-buffer_cam/tb/uvm/out_monitor.sv(146) @ 4011756000: uvm_test_top.m_env.m_out_mon [OUT_MON] Throughput: 78 hits in 350 cycles (22.3%)
# UVM_INFO /home/yifeng/packages/mu3e_ip_dev/mu3e-ip-cores/ring-buffer_cam/tb/uvm/out_monitor.sv(146) @ 4036116000: uvm_test_top.m_env.m_out_mon [OUT_MON] Throughput: 79 hits in 376 cycles (21.0%)
# UVM_INFO /home/yifeng/packages/mu3e_ip_dev/mu3e-ip-cores/ring-buffer_cam/tb/uvm/out_monitor.sv(146) @ 4039372000: uvm_test_top.m_env.m_out_mon [OUT_MON] Throughput: 77 hits in 364 cycles (21.2%)
# UVM_INFO /home/yifeng/packages/mu3e_ip_dev/mu3e-ip-cores/ring-buffer_cam/tb/uvm/out_monitor.sv(146) @ 4042628000: uvm_test_top.m_env.m_out_mon [OUT_MON] Throughput: 76 hits in 364 cycles (20.9%)
# UVM_INFO /home/yifeng/packages/mu3e_ip_dev/mu3e-ip-cores/ring-buffer_cam/tb/uvm/out_monitor.sv(146) @ 4046364000: uvm_test_top.m_env.m_out_mon [OUT_MON] Throughput: 83 hits in 424 cycles (19.6%)
# UVM_INFO /home/yifeng/packages/mu3e_ip_dev/mu3e-ip-cores/ring-buffer_cam/tb/uvm/out_monitor.sv(146) @ 4068532000: uvm_test_top.m_env.m_out_mon [OUT_MON] Throughput: 66 hits in 332 cycles (19.9%)
# UVM_INFO /home/yifeng/packages/mu3e_ip_dev/mu3e-ip-cores/ring-buffer_cam/tb/uvm/out_monitor.sv(146) @ 4071580000: uvm_test_top.m_env.m_out_mon [OUT_MON] Throughput: 67 hits in 338 cycles (19.8%)
# UVM_INFO /home/yifeng/packages/mu3e_ip_dev/mu3e-ip-cores/ring-buffer_cam/tb/uvm/out_monitor.sv(146) @ 4074628000: uvm_test_top.m_env.m_out_mon [OUT_MON] Throughput: 66 hits in 338 cycles (19.5%)
# UVM_INFO /home/yifeng/packages/mu3e_ip_dev/mu3e-ip-cores/ring-buffer_cam/tb/uvm/out_monitor.sv(146) @ 4078012000: uvm_test_top.m_env.m_out_mon [OUT_MON] Throughput: 74 hits in 380 cycles (19.5%)
# UVM_INFO /home/yifeng/packages/mu3e_ip_dev/mu3e-ip-cores/ring-buffer_cam/tb/uvm/out_monitor.sv(146) @ 4101124000: uvm_test_top.m_env.m_out_mon [OUT_MON] Throughput: 79 hits in 310 cycles (25.5%)
# UVM_INFO /home/yifeng/packages/mu3e_ip_dev/mu3e-ip-cores/ring-buffer_cam/tb/uvm/out_monitor.sv(146) @ 4103900000: uvm_test_top.m_env.m_out_mon [OUT_MON] Throughput: 80 hits in 304 cycles (26.3%)
# UVM_INFO /home/yifeng/packages/mu3e_ip_dev/mu3e-ip-cores/ring-buffer_cam/tb/uvm/out_monitor.sv(146) @ 4106676000: uvm_test_top.m_env.m_out_mon [OUT_MON] Throughput: 81 hits in 304 cycles (26.6%)
# UVM_INFO /home/yifeng/packages/mu3e_ip_dev/mu3e-ip-cores/ring-buffer_cam/tb/uvm/out_monitor.sv(146) @ 4110028000: uvm_test_top.m_env.m_out_mon [OUT_MON] Throughput: 89 hits in 376 cycles (23.7%)
# UVM_INFO /home/yifeng/packages/mu3e_ip_dev/mu3e-ip-cores/ring-buffer_cam/tb/uvm/out_monitor.sv(146) @ 4133748000: uvm_test_top.m_env.m_out_mon [OUT_MON] Throughput: 81 hits in 292 cycles (27.7%)
# UVM_INFO /home/yifeng/packages/mu3e_ip_dev/mu3e-ip-cores/ring-buffer_cam/tb/uvm/out_monitor.sv(146) @ 4136284000: uvm_test_top.m_env.m_out_mon [OUT_MON] Throughput: 83 hits in 274 cycles (30.3%)
# UVM_INFO /home/yifeng/packages/mu3e_ip_dev/mu3e-ip-cores/ring-buffer_cam/tb/uvm/out_monitor.sv(146) @ 4138868000: uvm_test_top.m_env.m_out_mon [OUT_MON] Throughput: 83 hits in 280 cycles (29.6%)
# UVM_INFO /home/yifeng/packages/mu3e_ip_dev/mu3e-ip-cores/ring-buffer_cam/tb/uvm/out_monitor.sv(146) @ 4141788000: uvm_test_top.m_env.m_out_mon [OUT_MON] Throughput: 93 hits in 322 cycles (28.9%)
# UVM_INFO /home/yifeng/packages/mu3e_ip_dev/mu3e-ip-cores/ring-buffer_cam/tb/uvm/out_monitor.sv(146) @ 4167316000: uvm_test_top.m_env.m_out_mon [OUT_MON] Throughput: 88 hits in 392 cycles (22.4%)
# UVM_INFO /home/yifeng/packages/mu3e_ip_dev/mu3e-ip-cores/ring-buffer_cam/tb/uvm/sequences.sv(485) @ 4168892000: uvm_test_top.m_env.m_hit_seqr@@P041 four-key random backpressure profile_profile [SEQ] P041 four-key random backpressure profile progress: sent=30000/30000
# UVM_INFO /home/yifeng/packages/mu3e_ip_dev/mu3e-ip-cores/ring-buffer_cam/tb/uvm/sequences.sv(497) @ 4168996000: uvm_test_top.m_env.m_hit_seqr@@P041 four-key random backpressure profile_profile [SEQ] P041 four-key random backpressure profile completed: sent=30000/30000
# UVM_INFO /home/yifeng/packages/mu3e_ip_dev/mu3e-ip-cores/ring-buffer_cam/tb/uvm/out_monitor.sv(146) @ 4170460000: uvm_test_top.m_env.m_out_mon [OUT_MON] Throughput: 73 hits in 350 cycles (20.9%)
# UVM_INFO /home/yifeng/packages/mu3e_ip_dev/mu3e-ip-cores/ring-buffer_cam/tb/uvm/out_monitor.sv(146) @ 4173556000: uvm_test_top.m_env.m_out_mon [OUT_MON] Throughput: 73 hits in 344 cycles (21.2%)
# UVM_INFO /home/yifeng/packages/mu3e_ip_dev/mu3e-ip-cores/ring-buffer_cam/tb/uvm/out_monitor.sv(146) @ 4177372000: uvm_test_top.m_env.m_out_mon [OUT_MON] Throughput: 83 hits in 434 cycles (19.1%)
# UVM_INFO /home/yifeng/packages/mu3e_ip_dev/mu3e-ip-cores/ring-buffer_cam/tb/uvm/out_monitor.sv(146) @ 4197452000: uvm_test_top.m_env.m_out_mon [OUT_MON] Throughput: 11 hits in 63 cycles (17.5%)
# UVM_INFO /home/yifeng/packages/mu3e_ip_dev/mu3e-ip-cores/ring-buffer_cam/tb/uvm/out_monitor.sv(146) @ 4198396000: uvm_test_top.m_env.m_out_mon [OUT_MON] Throughput: 13 hits in 75 cycles (17.3%)
# UVM_INFO /home/yifeng/packages/mu3e_ip_dev/mu3e-ip-cores/ring-buffer_cam/tb/uvm/out_monitor.sv(146) @ 4199340000: uvm_test_top.m_env.m_out_mon [OUT_MON] Throughput: 13 hits in 75 cycles (17.3%)
# UVM_INFO /home/yifeng/packages/mu3e_ip_dev/mu3e-ip-cores/ring-buffer_cam/tb/uvm/out_monitor.sv(146) @ 4200140000: uvm_test_top.m_env.m_out_mon [OUT_MON] Throughput: 10 hits in 57 cycles (17.5%)
# UVM_INFO /home/yifeng/packages/mu3e_ip_dev/mu3e-ip-cores/ring-buffer_cam/tb/uvm/base_test.sv(4659) @ 4203604000: uvm_test_top [PROF] P041 four-key random backpressure profile summary: latency=128 num_hits=30000 pool_keys=4 gap=13 rand_gap=[0,0] bernoulli=0/0 burst=0/0 sink_mode=3 push=30000 pop=30000 overwrite=0 cache_miss=0 max_live_fill=379 max_remaining=379 data_subheaders=388 pushes_before_first_pop=19 sink_low_cycles=119052 observed_partition_mask=0x3
# UVM_INFO /home/yifeng/packages/mu3e_ip_dev/mu3e-ip-cores/ring-buffer_cam/tb/uvm/base_test.sv(16000) @ 4203604000: uvm_test_top [CASE] CASE_END id=P097 mode=isolated
# UVM_INFO /data1/questaone_sim/questasim/verilog_src/uvm-1.2/src/base/uvm_objection.svh(1270) @ 4203604000: reporter [TEST_DONE] 'run' phase is ready to proceed to the 'extract' phase
# UVM_INFO /home/yifeng/packages/mu3e_ip_dev/mu3e-ip-cores/ring-buffer_cam/tb/uvm/coverage.sv(88) @ 4203604000: uvm_test_top.m_env.m_cov [COV] cg_output=91.2% cg_hit_data=68.8%
# UVM_INFO /home/yifeng/packages/mu3e_ip_dev/mu3e-ip-cores/ring-buffer_cam/tb/uvm/scoreboard.sv(646) @ 4203604000: uvm_test_top.m_env.m_scb [SCB] Summary: pushed=30000 popped=30000 remaining=0 pending_drain=0 overlap_evicted=0 overlap_fallback=0 overwrites=0 unexpected=0 subheaders=5636 zero_hit_subheaders=5248 accepted=30000 cache_miss_outputs=0
# UVM_INFO /home/yifeng/packages/mu3e_ip_dev/mu3e-ip-cores/ring-buffer_cam/tb/uvm/scoreboard.sv(654) @ 4203604000: uvm_test_top.m_env.m_scb [SCB] Pressure: max_remaining=379 ring_depth=512
# UVM_INFO /home/yifeng/packages/mu3e_ip_dev/mu3e-ip-cores/ring-buffer_cam/tb/uvm/base_test.sv(15707) @ 4203604000: uvm_test_top [TEST] *** TEST PASSED ***
# UVM_INFO /data1/questaone_sim/questasim/verilog_src/uvm-1.2/src/base/uvm_report_server.svh(847) @ 4203604000: reporter [UVM/REPORT/SERVER] 
# --- UVM Report Summary ---
# 
# ** Report counts by severity
# UVM_INFO :  409
# UVM_WARNING :    0
# UVM_ERROR :    0
# UVM_FATAL :    0
# ** Report counts by id
# [CASE]     2
# [COV]     1
# [CTRL_DRV]     6
# [OUT_MON]   388
# [PROF]     1
# [RNTST]     1
# [SCB]     2
# [SEQ]     5
# [TEST]     1
# [TEST_DONE]     1
# [UVM/RELNOTES]     1
# 
# ** Note: $finish    : /data1/questaone_sim/questasim/verilog_src/uvm-1.2/src/base/uvm_root.svh(517)
#    Time: 4203604 ns  Iteration: 75  Instance: /tb_top
# 
# Coverage saving has been started
# Coverage database has been saved successfully.
# End time: 12:23:02 on Apr 22,2026, Elapsed time: 0:00:18
# Errors: 0, Warnings: 25
