Reading pref.tcl
# ** Warning: (vsim-222) -modelsimini will be deprecated in future releases. Please use -ini instead.

# 2026.1_1

# ** Warning: (vsim-222) -modelsimini will be deprecated in future releases. Please use -ini instead.
# ** Note: (vsim-220) 'modelsim.ini' is used as the ini file.
# vsim -modelsimini modelsim.ini -c -quiet -coverage -dpicpppath /usr/bin/gcc -sv_lib /data1/questaone_sim/questasim/uvm-1.2/linux_x86_64/uvm_dpi -usenonstdcoveragesavesysf -sv_seed 1 "+UVM_TESTNAME=test_case_engine" "+UVM_VERBOSITY=UVM_MEDIUM" "+DV_TB_DIR=/home/yifeng/packages/mu3e_ip_dev/mu3e-ip-cores/ring-buffer_cam/tb" "+DV_SEED=1" "+DV_EXEC_MODE=isolated" "+DV_CASE_ID=X129" -suppress 19 -suppress 3009 -voptargs="+acc" work.tb_top -do "coverage save -onexit /home/yifeng/packages/mu3e_ip_dev/mu3e-ip-cores/ring-buffer_cam/tb/uvm/cov_default_p2_pipe4/X129_s1.ucdb; run -all; quit -f" -gG_ENCODER_LEAF_WIDTH=16 -gG_N_PARTITIONS=2 -gG_INTERLEAVING_FACTOR=4 -gG_DEBUG=1 -gG_ENCODER_PIPE_STAGES=4 -gG_INTERLEAVING_INDEX=0 -gG_RING_BUFFER_N_ENTRY=512 
# Start time: 12:30:53 on Apr 22,2026
# ** Note: (vsim-8009) Loading existing optimized design _opt
# //  Questa Sim-64
# //  Version 2026.1_1 linux_x86_64 Mar  2 2026
# //
# // Unpublished work. Copyright 2026 Siemens
# //
# // This material contains trade secrets or otherwise confidential information
# // owned by Siemens Industry Software Inc. or its affiliates (collectively,
# // "SISW"), or its licensors. Access to and use of this information is strictly
# // limited as set forth in the Customer's applicable agreements with SISW.
# //
# // This material may not be copied, distributed, or otherwise disclosed outside
# // of the Customer's facilities without the express written permission of SISW,
# // and may not be used in any way not expressly authorized by SISW.
# //
# ** Note: (vsim-8785) UVM-aware debugging capabilities will be disabled since no compiled "questa_uvm_pkg" can be found.
# This also means that later if you turn on UVM-aware debugging your debug simulations may have
# different random seeds from your non-debug simulations.
# coverage save -onexit /home/yifeng/packages/mu3e_ip_dev/mu3e-ip-cores/ring-buffer_cam/tb/uvm/cov_default_p2_pipe4/X129_s1.ucdb
#  run -all
# UVM_INFO /data1/questaone_sim/questasim/verilog_src/uvm-1.2/src/base/uvm_root.svh(392) @ 0: reporter [UVM/RELNOTES] 
# ----------------------------------------------------------------
# UVM-1.2
# (C) 2007-2014 Mentor Graphics Corporation
# (C) 2007-2014 Cadence Design Systems, Inc.
# (C) 2006-2014 Synopsys, Inc.
# (C) 2011-2013 Cypress Semiconductor Corp.
# (C) 2013-2014 NVIDIA Corporation
# ----------------------------------------------------------------
# 
#   ***********       IMPORTANT RELEASE NOTES         ************
# 
#   You are using a version of the UVM library that has been compiled
#   with `UVM_NO_DEPRECATED undefined.
#   See http://www.eda.org/svdb/view.php?id=3313 for more details.
# 
#   You are using a version of the UVM library that has been compiled
#   with `UVM_OBJECT_DO_NOT_NEED_CONSTRUCTOR undefined.
#   See http://www.eda.org/svdb/view.php?id=3770 for more details.
# 
#       (Specify +UVM_NO_RELNOTES to turn off this notice)
# 
# ** Warning: NUMERIC_STD.">=": metavalue detected, returning FALSE
#    Time: 0 ps  Iteration: 0  Instance: /tb_top/dut/v2_core
# ** Warning: NUMERIC_STD.TO_INTEGER: metavalue detected, returning 0
#    Time: 0 ps  Iteration: 0  Instance: /tb_top/dut/v2_core
# ** Warning: NUMERIC_STD.TO_INTEGER: metavalue detected, returning 0
#    Time: 0 ps  Iteration: 0  Region: /tb_top/dut/v2_core/main_cam/wr_addr_page_encode(15)
# ** Warning: NUMERIC_STD.TO_INTEGER: metavalue detected, returning 0
#    Time: 0 ps  Iteration: 0  Region: /tb_top/dut/v2_core/main_cam/wr_addr_page_encode(14)
# ** Warning: NUMERIC_STD.TO_INTEGER: metavalue detected, returning 0
#    Time: 0 ps  Iteration: 0  Region: /tb_top/dut/v2_core/main_cam/wr_addr_page_encode(13)
# ** Warning: NUMERIC_STD.TO_INTEGER: metavalue detected, returning 0
#    Time: 0 ps  Iteration: 0  Region: /tb_top/dut/v2_core/main_cam/wr_addr_page_encode(12)
# ** Warning: NUMERIC_STD.TO_INTEGER: metavalue detected, returning 0
#    Time: 0 ps  Iteration: 0  Region: /tb_top/dut/v2_core/main_cam/wr_addr_page_encode(11)
# ** Warning: NUMERIC_STD.TO_INTEGER: metavalue detected, returning 0
#    Time: 0 ps  Iteration: 0  Region: /tb_top/dut/v2_core/main_cam/wr_addr_page_encode(10)
# ** Warning: NUMERIC_STD.TO_INTEGER: metavalue detected, returning 0
#    Time: 0 ps  Iteration: 0  Region: /tb_top/dut/v2_core/main_cam/wr_addr_page_encode(9)
# ** Warning: NUMERIC_STD.TO_INTEGER: metavalue detected, returning 0
#    Time: 0 ps  Iteration: 0  Region: /tb_top/dut/v2_core/main_cam/wr_addr_page_encode(8)
# ** Warning: NUMERIC_STD.TO_INTEGER: metavalue detected, returning 0
#    Time: 0 ps  Iteration: 0  Region: /tb_top/dut/v2_core/main_cam/wr_addr_page_encode(7)
# ** Warning: NUMERIC_STD.TO_INTEGER: metavalue detected, returning 0
#    Time: 0 ps  Iteration: 0  Region: /tb_top/dut/v2_core/main_cam/wr_addr_page_encode(6)
# ** Warning: NUMERIC_STD.TO_INTEGER: metavalue detected, returning 0
#    Time: 0 ps  Iteration: 0  Region: /tb_top/dut/v2_core/main_cam/wr_addr_page_encode(5)
# ** Warning: NUMERIC_STD.TO_INTEGER: metavalue detected, returning 0
#    Time: 0 ps  Iteration: 0  Region: /tb_top/dut/v2_core/main_cam/wr_addr_page_encode(4)
# ** Warning: NUMERIC_STD.TO_INTEGER: metavalue detected, returning 0
#    Time: 0 ps  Iteration: 0  Region: /tb_top/dut/v2_core/main_cam/wr_addr_page_encode(3)
# ** Warning: NUMERIC_STD.TO_INTEGER: metavalue detected, returning 0
#    Time: 0 ps  Iteration: 0  Region: /tb_top/dut/v2_core/main_cam/wr_addr_page_encode(2)
# ** Warning: NUMERIC_STD.TO_INTEGER: metavalue detected, returning 0
#    Time: 0 ps  Iteration: 0  Region: /tb_top/dut/v2_core/main_cam/wr_addr_page_encode(1)
# ** Warning: NUMERIC_STD.TO_INTEGER: metavalue detected, returning 0
#    Time: 0 ps  Iteration: 0  Region: /tb_top/dut/v2_core/main_cam/wr_addr_page_encode(0)
# UVM_INFO @ 0: reporter [RNTST] Running test test_case_engine...
# ** Warning: NUMERIC_STD.">=": metavalue detected, returning FALSE
#    Time: 0 ps  Iteration: 1  Instance: /tb_top/dut/v2_core
# ** Warning: NUMERIC_STD.">=": metavalue detected, returning FALSE
#    Time: 0 ps  Iteration: 2  Instance: /tb_top/dut/v2_core
# ** Warning: NUMERIC_STD.">=": metavalue detected, returning FALSE
#    Time: 0 ps  Iteration: 3  Instance: /tb_top/dut/v2_core
# ** Warning: NUMERIC_STD.">=": metavalue detected, returning FALSE
#    Time: 4 ns  Iteration: 2  Instance: /tb_top/dut/v2_core
# UVM_INFO /home/yifeng/packages/mu3e_ip_dev/mu3e-ip-cores/ring-buffer_cam/tb/uvm/base_test.sv(15998) @ 100000: uvm_test_top [CASE] CASE_BEGIN id=X129 mode=isolated
# UVM_INFO /home/yifeng/packages/mu3e_ip_dev/mu3e-ip-cores/ring-buffer_cam/tb/uvm/ctrl_driver.sv(76) @ 160116000: uvm_test_top.m_env.m_ctrl_drv [CTRL_DRV] Waiting for ctrl ready cmd=0x2 after 20000 cycles: ready=0 run_state=1 pop_state=6 flushed=0 flush_start=1 flush_done=0 flush_grant=1 flush_ram_done=1 flush_cam_done=0 flush_ram_wraddr=0 flush_cam_wraddr=78 flush_cam_wrdata=31 cam_clean=1 endofrun_seen=0 term_done=0 deassm_empty=1 deassm_usedw=0 pop_cmd_empty=1 pop_cmd_usedw=0 push=0 pop=0 overwrite=0
# UVM_INFO /home/yifeng/packages/mu3e_ip_dev/mu3e-ip-cores/ring-buffer_cam/tb/uvm/ctrl_driver.sv(76) @ 320116000: uvm_test_top.m_env.m_ctrl_drv [CTRL_DRV] Waiting for ctrl ready cmd=0x2 after 40000 cycles: ready=0 run_state=1 pop_state=6 flushed=0 flush_start=1 flush_done=0 flush_grant=1 flush_ram_done=1 flush_cam_done=0 flush_ram_wraddr=0 flush_cam_wraddr=156 flush_cam_wrdata=63 cam_clean=1 endofrun_seen=0 term_done=0 deassm_empty=1 deassm_usedw=0 pop_cmd_empty=1 pop_cmd_usedw=0 push=0 pop=0 overwrite=0
# UVM_INFO /home/yifeng/packages/mu3e_ip_dev/mu3e-ip-cores/ring-buffer_cam/tb/uvm/ctrl_driver.sv(76) @ 480116000: uvm_test_top.m_env.m_ctrl_drv [CTRL_DRV] Waiting for ctrl ready cmd=0x2 after 60000 cycles: ready=0 run_state=1 pop_state=6 flushed=0 flush_start=1 flush_done=0 flush_grant=1 flush_ram_done=1 flush_cam_done=0 flush_ram_wraddr=0 flush_cam_wraddr=234 flush_cam_wrdata=95 cam_clean=1 endofrun_seen=0 term_done=0 deassm_empty=1 deassm_usedw=0 pop_cmd_empty=1 pop_cmd_usedw=0 push=0 pop=0 overwrite=0
# UVM_INFO /home/yifeng/packages/mu3e_ip_dev/mu3e-ip-cores/ring-buffer_cam/tb/uvm/ctrl_driver.sv(76) @ 640116000: uvm_test_top.m_env.m_ctrl_drv [CTRL_DRV] Waiting for ctrl ready cmd=0x2 after 80000 cycles: ready=0 run_state=1 pop_state=6 flushed=0 flush_start=1 flush_done=0 flush_grant=1 flush_ram_done=1 flush_cam_done=0 flush_ram_wraddr=0 flush_cam_wraddr=312 flush_cam_wrdata=127 cam_clean=1 endofrun_seen=0 term_done=0 deassm_empty=1 deassm_usedw=0 pop_cmd_empty=1 pop_cmd_usedw=0 push=0 pop=0 overwrite=0
# UVM_INFO /home/yifeng/packages/mu3e_ip_dev/mu3e-ip-cores/ring-buffer_cam/tb/uvm/ctrl_driver.sv(76) @ 800116000: uvm_test_top.m_env.m_ctrl_drv [CTRL_DRV] Waiting for ctrl ready cmd=0x2 after 100000 cycles: ready=0 run_state=1 pop_state=6 flushed=0 flush_start=1 flush_done=0 flush_grant=1 flush_ram_done=1 flush_cam_done=0 flush_ram_wraddr=0 flush_cam_wraddr=390 flush_cam_wrdata=159 cam_clean=1 endofrun_seen=0 term_done=0 deassm_empty=1 deassm_usedw=0 pop_cmd_empty=1 pop_cmd_usedw=0 push=0 pop=0 overwrite=0
# UVM_INFO /home/yifeng/packages/mu3e_ip_dev/mu3e-ip-cores/ring-buffer_cam/tb/uvm/ctrl_driver.sv(76) @ 960116000: uvm_test_top.m_env.m_ctrl_drv [CTRL_DRV] Waiting for ctrl ready cmd=0x2 after 120000 cycles: ready=0 run_state=1 pop_state=6 flushed=0 flush_start=1 flush_done=0 flush_grant=1 flush_ram_done=1 flush_cam_done=0 flush_ram_wraddr=0 flush_cam_wraddr=468 flush_cam_wrdata=191 cam_clean=1 endofrun_seen=0 term_done=0 deassm_empty=1 deassm_usedw=0 pop_cmd_empty=1 pop_cmd_usedw=0 push=0 pop=0 overwrite=0
# UVM_INFO /home/yifeng/packages/mu3e_ip_dev/mu3e-ip-cores/ring-buffer_cam/tb/uvm/sequences.sv(369) @ 1049732000: uvm_test_top.m_env.m_hit_seqr@@x119_overwrite_window [SEQ] X119 progress: sent=64/576
# UVM_INFO /home/yifeng/packages/mu3e_ip_dev/mu3e-ip-cores/ring-buffer_cam/tb/uvm/sequences.sv(369) @ 1050244000: uvm_test_top.m_env.m_hit_seqr@@x119_overwrite_window [SEQ] X119 progress: sent=128/576
# UVM_INFO /home/yifeng/packages/mu3e_ip_dev/mu3e-ip-cores/ring-buffer_cam/tb/uvm/sequences.sv(369) @ 1050756000: uvm_test_top.m_env.m_hit_seqr@@x119_overwrite_window [SEQ] X119 progress: sent=192/576
# UVM_INFO /home/yifeng/packages/mu3e_ip_dev/mu3e-ip-cores/ring-buffer_cam/tb/uvm/sequences.sv(369) @ 1051268000: uvm_test_top.m_env.m_hit_seqr@@x119_overwrite_window [SEQ] X119 progress: sent=256/576
# UVM_INFO /home/yifeng/packages/mu3e_ip_dev/mu3e-ip-cores/ring-buffer_cam/tb/uvm/sequences.sv(369) @ 1051780000: uvm_test_top.m_env.m_hit_seqr@@x119_overwrite_window [SEQ] X119 progress: sent=320/576
# UVM_INFO /home/yifeng/packages/mu3e_ip_dev/mu3e-ip-cores/ring-buffer_cam/tb/uvm/sequences.sv(369) @ 1052292000: uvm_test_top.m_env.m_hit_seqr@@x119_overwrite_window [SEQ] X119 progress: sent=384/576
# UVM_INFO /home/yifeng/packages/mu3e_ip_dev/mu3e-ip-cores/ring-buffer_cam/tb/uvm/sequences.sv(369) @ 1052804000: uvm_test_top.m_env.m_hit_seqr@@x119_overwrite_window [SEQ] X119 progress: sent=448/576
# UVM_INFO /home/yifeng/packages/mu3e_ip_dev/mu3e-ip-cores/ring-buffer_cam/tb/uvm/sequences.sv(369) @ 1053316000: uvm_test_top.m_env.m_hit_seqr@@x119_overwrite_window [SEQ] X119 progress: sent=512/576
# UVM_INFO /home/yifeng/packages/mu3e_ip_dev/mu3e-ip-cores/ring-buffer_cam/tb/uvm/sequences.sv(369) @ 1053828000: uvm_test_top.m_env.m_hit_seqr@@x119_overwrite_window [SEQ] X119 progress: sent=576/576
# UVM_INFO /home/yifeng/packages/mu3e_ip_dev/mu3e-ip-cores/ring-buffer_cam/tb/uvm/sequences.sv(380) @ 1053828000: uvm_test_top.m_env.m_hit_seqr@@x119_overwrite_window [SEQ] X119 completed: sent=576/576
# UVM_INFO /home/yifeng/packages/mu3e_ip_dev/mu3e-ip-cores/ring-buffer_cam/tb/uvm/base_test.sv(3864) @ 1053836000: uvm_test_top [TERM] X119 overwrite terminate: source backlog drained before TERMINATING after 1 cycles (offered=608 accepted=608)
# UVM_INFO /home/yifeng/packages/mu3e_ip_dev/mu3e-ip-cores/ring-buffer_cam/tb/uvm/base_test.sv(3881) @ 1054612000: uvm_test_top [TERM] X119 overwrite terminate: deassembly fifo drained before TERMINATING after 97 cycles (usedw=0)
# UVM_INFO /home/yifeng/packages/mu3e_ip_dev/mu3e-ip-cores/ring-buffer_cam/tb/uvm/base_test.sv(3886) @ 1054644000: uvm_test_top [TERM] X119 overwrite terminate: issue TERMINATING entry pulse
# UVM_INFO /home/yifeng/packages/mu3e_ip_dev/mu3e-ip-cores/ring-buffer_cam/tb/uvm/base_test.sv(3888) @ 1054660000: uvm_test_top [TERM] X119 overwrite terminate: send end-of-run marker
# UVM_INFO /home/yifeng/packages/mu3e_ip_dev/mu3e-ip-cores/ring-buffer_cam/tb/uvm/base_test.sv(3890) @ 1054660000: uvm_test_top [TERM] X119 overwrite terminate: poll TERMINATING drain-done
# UVM_INFO /home/yifeng/packages/mu3e_ip_dev/mu3e-ip-cores/ring-buffer_cam/tb/uvm/base_test.sv(3907) @ 1094460000: uvm_test_top [TERM] X119 overwrite terminate: terminating_drain_done asserted after 4975 cycles
# UVM_INFO /home/yifeng/packages/mu3e_ip_dev/mu3e-ip-cores/ring-buffer_cam/tb/uvm/base_test.sv(3912) @ 1094492000: uvm_test_top [TERM] X119 overwrite terminate: waiting for scoreboard/source idle
# UVM_INFO /home/yifeng/packages/mu3e_ip_dev/mu3e-ip-cores/ring-buffer_cam/tb/uvm/ctrl_driver.sv(76) @ 1254780000: uvm_test_top.m_env.m_ctrl_drv [CTRL_DRV] Waiting for ctrl ready cmd=0x2 after 20000 cycles: ready=0 run_state=1 pop_state=6 flushed=0 flush_start=1 flush_done=0 flush_grant=1 flush_ram_done=1 flush_cam_done=0 flush_ram_wraddr=0 flush_cam_wraddr=78 flush_cam_wrdata=31 cam_clean=1 endofrun_seen=0 term_done=0 deassm_empty=1 deassm_usedw=0 pop_cmd_empty=1 pop_cmd_usedw=0 push=0 pop=0 overwrite=0
# UVM_INFO /home/yifeng/packages/mu3e_ip_dev/mu3e-ip-cores/ring-buffer_cam/tb/uvm/ctrl_driver.sv(76) @ 1414780000: uvm_test_top.m_env.m_ctrl_drv [CTRL_DRV] Waiting for ctrl ready cmd=0x2 after 40000 cycles: ready=0 run_state=1 pop_state=6 flushed=0 flush_start=1 flush_done=0 flush_grant=1 flush_ram_done=1 flush_cam_done=0 flush_ram_wraddr=0 flush_cam_wraddr=156 flush_cam_wrdata=63 cam_clean=1 endofrun_seen=0 term_done=0 deassm_empty=1 deassm_usedw=0 pop_cmd_empty=1 pop_cmd_usedw=0 push=0 pop=0 overwrite=0
# UVM_INFO /home/yifeng/packages/mu3e_ip_dev/mu3e-ip-cores/ring-buffer_cam/tb/uvm/ctrl_driver.sv(76) @ 1574780000: uvm_test_top.m_env.m_ctrl_drv [CTRL_DRV] Waiting for ctrl ready cmd=0x2 after 60000 cycles: ready=0 run_state=1 pop_state=6 flushed=0 flush_start=1 flush_done=0 flush_grant=1 flush_ram_done=1 flush_cam_done=0 flush_ram_wraddr=0 flush_cam_wraddr=234 flush_cam_wrdata=95 cam_clean=1 endofrun_seen=0 term_done=0 deassm_empty=1 deassm_usedw=0 pop_cmd_empty=1 pop_cmd_usedw=0 push=0 pop=0 overwrite=0
# UVM_INFO /home/yifeng/packages/mu3e_ip_dev/mu3e-ip-cores/ring-buffer_cam/tb/uvm/ctrl_driver.sv(76) @ 1734780000: uvm_test_top.m_env.m_ctrl_drv [CTRL_DRV] Waiting for ctrl ready cmd=0x2 after 80000 cycles: ready=0 run_state=1 pop_state=6 flushed=0 flush_start=1 flush_done=0 flush_grant=1 flush_ram_done=1 flush_cam_done=0 flush_ram_wraddr=0 flush_cam_wraddr=312 flush_cam_wrdata=127 cam_clean=1 endofrun_seen=0 term_done=0 deassm_empty=1 deassm_usedw=0 pop_cmd_empty=1 pop_cmd_usedw=0 push=0 pop=0 overwrite=0
# UVM_INFO /home/yifeng/packages/mu3e_ip_dev/mu3e-ip-cores/ring-buffer_cam/tb/uvm/ctrl_driver.sv(76) @ 1894780000: uvm_test_top.m_env.m_ctrl_drv [CTRL_DRV] Waiting for ctrl ready cmd=0x2 after 100000 cycles: ready=0 run_state=1 pop_state=6 flushed=0 flush_start=1 flush_done=0 flush_grant=1 flush_ram_done=1 flush_cam_done=0 flush_ram_wraddr=0 flush_cam_wraddr=390 flush_cam_wrdata=159 cam_clean=1 endofrun_seen=0 term_done=0 deassm_empty=1 deassm_usedw=0 pop_cmd_empty=1 pop_cmd_usedw=0 push=0 pop=0 overwrite=0
# UVM_INFO /home/yifeng/packages/mu3e_ip_dev/mu3e-ip-cores/ring-buffer_cam/tb/uvm/ctrl_driver.sv(76) @ 2054780000: uvm_test_top.m_env.m_ctrl_drv [CTRL_DRV] Waiting for ctrl ready cmd=0x2 after 120000 cycles: ready=0 run_state=1 pop_state=6 flushed=0 flush_start=1 flush_done=0 flush_grant=1 flush_ram_done=1 flush_cam_done=0 flush_ram_wraddr=0 flush_cam_wraddr=468 flush_cam_wrdata=191 cam_clean=1 endofrun_seen=0 term_done=0 deassm_empty=1 deassm_usedw=0 pop_cmd_empty=1 pop_cmd_usedw=0 push=0 pop=0 overwrite=0
# UVM_INFO /home/yifeng/packages/mu3e_ip_dev/mu3e-ip-cores/ring-buffer_cam/tb/uvm/base_test.sv(3864) @ 2143892000: uvm_test_top [TERM] X119 recovery terminate: source backlog drained before TERMINATING after 1 cycles (offered=640 accepted=640)
# UVM_INFO /home/yifeng/packages/mu3e_ip_dev/mu3e-ip-cores/ring-buffer_cam/tb/uvm/base_test.sv(3881) @ 2143908000: uvm_test_top [TERM] X119 recovery terminate: deassembly fifo drained before TERMINATING after 2 cycles (usedw=0)
# UVM_INFO /home/yifeng/packages/mu3e_ip_dev/mu3e-ip-cores/ring-buffer_cam/tb/uvm/base_test.sv(3886) @ 2143940000: uvm_test_top [TERM] X119 recovery terminate: issue TERMINATING entry pulse
# UVM_INFO /home/yifeng/packages/mu3e_ip_dev/mu3e-ip-cores/ring-buffer_cam/tb/uvm/base_test.sv(3888) @ 2143956000: uvm_test_top [TERM] X119 recovery terminate: send end-of-run marker
# UVM_INFO /home/yifeng/packages/mu3e_ip_dev/mu3e-ip-cores/ring-buffer_cam/tb/uvm/base_test.sv(3890) @ 2143956000: uvm_test_top [TERM] X119 recovery terminate: poll TERMINATING drain-done
# UVM_INFO /home/yifeng/packages/mu3e_ip_dev/mu3e-ip-cores/ring-buffer_cam/tb/uvm/out_monitor.sv(146) @ 2163388000: uvm_test_top.m_env.m_out_mon [OUT_MON] Throughput: 32 hits in 188 cycles (17.0%)
# UVM_INFO /home/yifeng/packages/mu3e_ip_dev/mu3e-ip-cores/ring-buffer_cam/tb/uvm/base_test.sv(3907) @ 2166140000: uvm_test_top [TERM] X119 recovery terminate: terminating_drain_done asserted after 2773 cycles
# UVM_INFO /home/yifeng/packages/mu3e_ip_dev/mu3e-ip-cores/ring-buffer_cam/tb/uvm/base_test.sv(3912) @ 2166172000: uvm_test_top [TERM] X119 recovery terminate: waiting for scoreboard/source idle
# UVM_INFO /home/yifeng/packages/mu3e_ip_dev/mu3e-ip-cores/ring-buffer_cam/tb/uvm/ctrl_driver.sv(76) @ 2326828000: uvm_test_top.m_env.m_ctrl_drv [CTRL_DRV] Waiting for ctrl ready cmd=0x2 after 20000 cycles: ready=0 run_state=1 pop_state=6 flushed=0 flush_start=1 flush_done=0 flush_grant=1 flush_ram_done=1 flush_cam_done=0 flush_ram_wraddr=0 flush_cam_wraddr=78 flush_cam_wrdata=31 cam_clean=1 endofrun_seen=0 term_done=0 deassm_empty=1 deassm_usedw=0 pop_cmd_empty=1 pop_cmd_usedw=0 push=0 pop=0 overwrite=0
# UVM_INFO /home/yifeng/packages/mu3e_ip_dev/mu3e-ip-cores/ring-buffer_cam/tb/uvm/ctrl_driver.sv(76) @ 2486828000: uvm_test_top.m_env.m_ctrl_drv [CTRL_DRV] Waiting for ctrl ready cmd=0x2 after 40000 cycles: ready=0 run_state=1 pop_state=6 flushed=0 flush_start=1 flush_done=0 flush_grant=1 flush_ram_done=1 flush_cam_done=0 flush_ram_wraddr=0 flush_cam_wraddr=156 flush_cam_wrdata=63 cam_clean=1 endofrun_seen=0 term_done=0 deassm_empty=1 deassm_usedw=0 pop_cmd_empty=1 pop_cmd_usedw=0 push=0 pop=0 overwrite=0
# UVM_INFO /home/yifeng/packages/mu3e_ip_dev/mu3e-ip-cores/ring-buffer_cam/tb/uvm/ctrl_driver.sv(76) @ 2646828000: uvm_test_top.m_env.m_ctrl_drv [CTRL_DRV] Waiting for ctrl ready cmd=0x2 after 60000 cycles: ready=0 run_state=1 pop_state=6 flushed=0 flush_start=1 flush_done=0 flush_grant=1 flush_ram_done=1 flush_cam_done=0 flush_ram_wraddr=0 flush_cam_wraddr=234 flush_cam_wrdata=95 cam_clean=1 endofrun_seen=0 term_done=0 deassm_empty=1 deassm_usedw=0 pop_cmd_empty=1 pop_cmd_usedw=0 push=0 pop=0 overwrite=0
# UVM_INFO /home/yifeng/packages/mu3e_ip_dev/mu3e-ip-cores/ring-buffer_cam/tb/uvm/ctrl_driver.sv(76) @ 2806828000: uvm_test_top.m_env.m_ctrl_drv [CTRL_DRV] Waiting for ctrl ready cmd=0x2 after 80000 cycles: ready=0 run_state=1 pop_state=6 flushed=0 flush_start=1 flush_done=0 flush_grant=1 flush_ram_done=1 flush_cam_done=0 flush_ram_wraddr=0 flush_cam_wraddr=312 flush_cam_wrdata=127 cam_clean=1 endofrun_seen=0 term_done=0 deassm_empty=1 deassm_usedw=0 pop_cmd_empty=1 pop_cmd_usedw=0 push=0 pop=0 overwrite=0
# UVM_INFO /home/yifeng/packages/mu3e_ip_dev/mu3e-ip-cores/ring-buffer_cam/tb/uvm/ctrl_driver.sv(76) @ 2966828000: uvm_test_top.m_env.m_ctrl_drv [CTRL_DRV] Waiting for ctrl ready cmd=0x2 after 100000 cycles: ready=0 run_state=1 pop_state=6 flushed=0 flush_start=1 flush_done=0 flush_grant=1 flush_ram_done=1 flush_cam_done=0 flush_ram_wraddr=0 flush_cam_wraddr=390 flush_cam_wrdata=159 cam_clean=1 endofrun_seen=0 term_done=0 deassm_empty=1 deassm_usedw=0 pop_cmd_empty=1 pop_cmd_usedw=0 push=0 pop=0 overwrite=0
# UVM_INFO /home/yifeng/packages/mu3e_ip_dev/mu3e-ip-cores/ring-buffer_cam/tb/uvm/ctrl_driver.sv(76) @ 3126828000: uvm_test_top.m_env.m_ctrl_drv [CTRL_DRV] Waiting for ctrl ready cmd=0x2 after 120000 cycles: ready=0 run_state=1 pop_state=6 flushed=0 flush_start=1 flush_done=0 flush_grant=1 flush_ram_done=1 flush_cam_done=0 flush_ram_wraddr=0 flush_cam_wraddr=468 flush_cam_wrdata=191 cam_clean=1 endofrun_seen=0 term_done=0 deassm_empty=1 deassm_usedw=0 pop_cmd_empty=1 pop_cmd_usedw=0 push=0 pop=0 overwrite=0
# UVM_INFO /home/yifeng/packages/mu3e_ip_dev/mu3e-ip-cores/ring-buffer_cam/tb/uvm/scoreboard.sv(429) @ 3216908000: uvm_test_top.m_env.m_scb [SCB] Retiring cache-miss pop_erase from slot 0 using raw side-ram payload with occupied=0
# UVM_INFO /home/yifeng/packages/mu3e_ip_dev/mu3e-ip-cores/ring-buffer_cam/tb/uvm/out_monitor.sv(146) @ 3216924000: uvm_test_top.m_env.m_out_mon [OUT_MON] Throughput: 1 hits in 2 cycles (50.0%)
# UVM_INFO /home/yifeng/packages/mu3e_ip_dev/mu3e-ip-cores/ring-buffer_cam/tb/uvm/ctrl_driver.sv(76) @ 3376948000: uvm_test_top.m_env.m_ctrl_drv [CTRL_DRV] Waiting for ctrl ready cmd=0x2 after 20000 cycles: ready=0 run_state=1 pop_state=6 flushed=0 flush_start=1 flush_done=0 flush_grant=1 flush_ram_done=1 flush_cam_done=0 flush_ram_wraddr=0 flush_cam_wraddr=78 flush_cam_wrdata=31 cam_clean=1 endofrun_seen=0 term_done=0 deassm_empty=1 deassm_usedw=0 pop_cmd_empty=1 pop_cmd_usedw=0 push=0 pop=0 overwrite=0
# UVM_INFO /home/yifeng/packages/mu3e_ip_dev/mu3e-ip-cores/ring-buffer_cam/tb/uvm/ctrl_driver.sv(76) @ 3536948000: uvm_test_top.m_env.m_ctrl_drv [CTRL_DRV] Waiting for ctrl ready cmd=0x2 after 40000 cycles: ready=0 run_state=1 pop_state=6 flushed=0 flush_start=1 flush_done=0 flush_grant=1 flush_ram_done=1 flush_cam_done=0 flush_ram_wraddr=0 flush_cam_wraddr=156 flush_cam_wrdata=63 cam_clean=1 endofrun_seen=0 term_done=0 deassm_empty=1 deassm_usedw=0 pop_cmd_empty=1 pop_cmd_usedw=0 push=0 pop=0 overwrite=0
# UVM_INFO /home/yifeng/packages/mu3e_ip_dev/mu3e-ip-cores/ring-buffer_cam/tb/uvm/ctrl_driver.sv(76) @ 3696948000: uvm_test_top.m_env.m_ctrl_drv [CTRL_DRV] Waiting for ctrl ready cmd=0x2 after 60000 cycles: ready=0 run_state=1 pop_state=6 flushed=0 flush_start=1 flush_done=0 flush_grant=1 flush_ram_done=1 flush_cam_done=0 flush_ram_wraddr=0 flush_cam_wraddr=234 flush_cam_wrdata=95 cam_clean=1 endofrun_seen=0 term_done=0 deassm_empty=1 deassm_usedw=0 pop_cmd_empty=1 pop_cmd_usedw=0 push=0 pop=0 overwrite=0
# UVM_INFO /home/yifeng/packages/mu3e_ip_dev/mu3e-ip-cores/ring-buffer_cam/tb/uvm/ctrl_driver.sv(76) @ 3856948000: uvm_test_top.m_env.m_ctrl_drv [CTRL_DRV] Waiting for ctrl ready cmd=0x2 after 80000 cycles: ready=0 run_state=1 pop_state=6 flushed=0 flush_start=1 flush_done=0 flush_grant=1 flush_ram_done=1 flush_cam_done=0 flush_ram_wraddr=0 flush_cam_wraddr=312 flush_cam_wrdata=127 cam_clean=1 endofrun_seen=0 term_done=0 deassm_empty=1 deassm_usedw=0 pop_cmd_empty=1 pop_cmd_usedw=0 push=0 pop=0 overwrite=0
# UVM_INFO /home/yifeng/packages/mu3e_ip_dev/mu3e-ip-cores/ring-buffer_cam/tb/uvm/ctrl_driver.sv(76) @ 4016948000: uvm_test_top.m_env.m_ctrl_drv [CTRL_DRV] Waiting for ctrl ready cmd=0x2 after 100000 cycles: ready=0 run_state=1 pop_state=6 flushed=0 flush_start=1 flush_done=0 flush_grant=1 flush_ram_done=1 flush_cam_done=0 flush_ram_wraddr=0 flush_cam_wraddr=390 flush_cam_wrdata=159 cam_clean=1 endofrun_seen=0 term_done=0 deassm_empty=1 deassm_usedw=0 pop_cmd_empty=1 pop_cmd_usedw=0 push=0 pop=0 overwrite=0
# UVM_INFO /home/yifeng/packages/mu3e_ip_dev/mu3e-ip-cores/ring-buffer_cam/tb/uvm/ctrl_driver.sv(76) @ 4176948000: uvm_test_top.m_env.m_ctrl_drv [CTRL_DRV] Waiting for ctrl ready cmd=0x2 after 120000 cycles: ready=0 run_state=1 pop_state=6 flushed=0 flush_start=1 flush_done=0 flush_grant=1 flush_ram_done=1 flush_cam_done=0 flush_ram_wraddr=0 flush_cam_wraddr=468 flush_cam_wrdata=191 cam_clean=1 endofrun_seen=0 term_done=0 deassm_empty=1 deassm_usedw=0 pop_cmd_empty=1 pop_cmd_usedw=0 push=0 pop=0 overwrite=0
# UVM_INFO /home/yifeng/packages/mu3e_ip_dev/mu3e-ip-cores/ring-buffer_cam/tb/uvm/base_test.sv(3864) @ 4265932000: uvm_test_top [TERM] X120 recovery terminate: source backlog drained before TERMINATING after 1 cycles (offered=657 accepted=657)
# UVM_INFO /home/yifeng/packages/mu3e_ip_dev/mu3e-ip-cores/ring-buffer_cam/tb/uvm/base_test.sv(3881) @ 4265948000: uvm_test_top [TERM] X120 recovery terminate: deassembly fifo drained before TERMINATING after 2 cycles (usedw=0)
# UVM_INFO /home/yifeng/packages/mu3e_ip_dev/mu3e-ip-cores/ring-buffer_cam/tb/uvm/base_test.sv(3886) @ 4265980000: uvm_test_top [TERM] X120 recovery terminate: issue TERMINATING entry pulse
# UVM_INFO /home/yifeng/packages/mu3e_ip_dev/mu3e-ip-cores/ring-buffer_cam/tb/uvm/base_test.sv(3888) @ 4265996000: uvm_test_top [TERM] X120 recovery terminate: send end-of-run marker
# UVM_INFO /home/yifeng/packages/mu3e_ip_dev/mu3e-ip-cores/ring-buffer_cam/tb/uvm/base_test.sv(3890) @ 4265996000: uvm_test_top [TERM] X120 recovery terminate: poll TERMINATING drain-done
# UVM_INFO /home/yifeng/packages/mu3e_ip_dev/mu3e-ip-cores/ring-buffer_cam/tb/uvm/out_monitor.sv(146) @ 4284788000: uvm_test_top.m_env.m_out_mon [OUT_MON] Throughput: 16 hits in 92 cycles (17.4%)
# UVM_INFO /home/yifeng/packages/mu3e_ip_dev/mu3e-ip-cores/ring-buffer_cam/tb/uvm/base_test.sv(3907) @ 4286164000: uvm_test_top [TERM] X120 recovery terminate: terminating_drain_done asserted after 2521 cycles
# UVM_INFO /home/yifeng/packages/mu3e_ip_dev/mu3e-ip-cores/ring-buffer_cam/tb/uvm/base_test.sv(3912) @ 4286196000: uvm_test_top [TERM] X120 recovery terminate: waiting for scoreboard/source idle
# UVM_INFO /home/yifeng/packages/mu3e_ip_dev/mu3e-ip-cores/ring-buffer_cam/tb/uvm/ctrl_driver.sv(76) @ 4446532000: uvm_test_top.m_env.m_ctrl_drv [CTRL_DRV] Waiting for ctrl ready cmd=0x2 after 20000 cycles: ready=0 run_state=1 pop_state=6 flushed=0 flush_start=1 flush_done=0 flush_grant=1 flush_ram_done=1 flush_cam_done=0 flush_ram_wraddr=0 flush_cam_wraddr=78 flush_cam_wrdata=31 cam_clean=1 endofrun_seen=0 term_done=0 deassm_empty=1 deassm_usedw=0 pop_cmd_empty=1 pop_cmd_usedw=0 push=0 pop=0 overwrite=0
# UVM_INFO /home/yifeng/packages/mu3e_ip_dev/mu3e-ip-cores/ring-buffer_cam/tb/uvm/ctrl_driver.sv(76) @ 4606532000: uvm_test_top.m_env.m_ctrl_drv [CTRL_DRV] Waiting for ctrl ready cmd=0x2 after 40000 cycles: ready=0 run_state=1 pop_state=6 flushed=0 flush_start=1 flush_done=0 flush_grant=1 flush_ram_done=1 flush_cam_done=0 flush_ram_wraddr=0 flush_cam_wraddr=156 flush_cam_wrdata=63 cam_clean=1 endofrun_seen=0 term_done=0 deassm_empty=1 deassm_usedw=0 pop_cmd_empty=1 pop_cmd_usedw=0 push=0 pop=0 overwrite=0
# UVM_INFO /home/yifeng/packages/mu3e_ip_dev/mu3e-ip-cores/ring-buffer_cam/tb/uvm/ctrl_driver.sv(76) @ 4766532000: uvm_test_top.m_env.m_ctrl_drv [CTRL_DRV] Waiting for ctrl ready cmd=0x2 after 60000 cycles: ready=0 run_state=1 pop_state=6 flushed=0 flush_start=1 flush_done=0 flush_grant=1 flush_ram_done=1 flush_cam_done=0 flush_ram_wraddr=0 flush_cam_wraddr=234 flush_cam_wrdata=95 cam_clean=1 endofrun_seen=0 term_done=0 deassm_empty=1 deassm_usedw=0 pop_cmd_empty=1 pop_cmd_usedw=0 push=0 pop=0 overwrite=0
# UVM_INFO /home/yifeng/packages/mu3e_ip_dev/mu3e-ip-cores/ring-buffer_cam/tb/uvm/ctrl_driver.sv(76) @ 4926532000: uvm_test_top.m_env.m_ctrl_drv [CTRL_DRV] Waiting for ctrl ready cmd=0x2 after 80000 cycles: ready=0 run_state=1 pop_state=6 flushed=0 flush_start=1 flush_done=0 flush_grant=1 flush_ram_done=1 flush_cam_done=0 flush_ram_wraddr=0 flush_cam_wraddr=312 flush_cam_wrdata=127 cam_clean=1 endofrun_seen=0 term_done=0 deassm_empty=1 deassm_usedw=0 pop_cmd_empty=1 pop_cmd_usedw=0 push=0 pop=0 overwrite=0
# UVM_INFO /home/yifeng/packages/mu3e_ip_dev/mu3e-ip-cores/ring-buffer_cam/tb/uvm/ctrl_driver.sv(76) @ 5086532000: uvm_test_top.m_env.m_ctrl_drv [CTRL_DRV] Waiting for ctrl ready cmd=0x2 after 100000 cycles: ready=0 run_state=1 pop_state=6 flushed=0 flush_start=1 flush_done=0 flush_grant=1 flush_ram_done=1 flush_cam_done=0 flush_ram_wraddr=0 flush_cam_wraddr=390 flush_cam_wrdata=159 cam_clean=1 endofrun_seen=0 term_done=0 deassm_empty=1 deassm_usedw=0 pop_cmd_empty=1 pop_cmd_usedw=0 push=0 pop=0 overwrite=0
# UVM_INFO /home/yifeng/packages/mu3e_ip_dev/mu3e-ip-cores/ring-buffer_cam/tb/uvm/ctrl_driver.sv(76) @ 5246532000: uvm_test_top.m_env.m_ctrl_drv [CTRL_DRV] Waiting for ctrl ready cmd=0x2 after 120000 cycles: ready=0 run_state=1 pop_state=6 flushed=0 flush_start=1 flush_done=0 flush_grant=1 flush_ram_done=1 flush_cam_done=0 flush_ram_wraddr=0 flush_cam_wraddr=468 flush_cam_wrdata=191 cam_clean=1 endofrun_seen=0 term_done=0 deassm_empty=1 deassm_usedw=0 pop_cmd_empty=1 pop_cmd_usedw=0 push=0 pop=0 overwrite=0
# UVM_INFO /home/yifeng/packages/mu3e_ip_dev/mu3e-ip-cores/ring-buffer_cam/tb/uvm/ctrl_driver.sv(76) @ 5495972000: uvm_test_top.m_env.m_ctrl_drv [CTRL_DRV] Waiting for ctrl ready cmd=0x2 after 20000 cycles: ready=0 run_state=1 pop_state=6 flushed=0 flush_start=1 flush_done=0 flush_grant=1 flush_ram_done=1 flush_cam_done=0 flush_ram_wraddr=0 flush_cam_wraddr=78 flush_cam_wrdata=31 cam_clean=1 endofrun_seen=0 term_done=0 deassm_empty=1 deassm_usedw=0 pop_cmd_empty=1 pop_cmd_usedw=0 push=0 pop=0 overwrite=0
# UVM_INFO /home/yifeng/packages/mu3e_ip_dev/mu3e-ip-cores/ring-buffer_cam/tb/uvm/ctrl_driver.sv(76) @ 5655972000: uvm_test_top.m_env.m_ctrl_drv [CTRL_DRV] Waiting for ctrl ready cmd=0x2 after 40000 cycles: ready=0 run_state=1 pop_state=6 flushed=0 flush_start=1 flush_done=0 flush_grant=1 flush_ram_done=1 flush_cam_done=0 flush_ram_wraddr=0 flush_cam_wraddr=156 flush_cam_wrdata=63 cam_clean=1 endofrun_seen=0 term_done=0 deassm_empty=1 deassm_usedw=0 pop_cmd_empty=1 pop_cmd_usedw=0 push=0 pop=0 overwrite=0
# UVM_INFO /home/yifeng/packages/mu3e_ip_dev/mu3e-ip-cores/ring-buffer_cam/tb/uvm/ctrl_driver.sv(76) @ 5815972000: uvm_test_top.m_env.m_ctrl_drv [CTRL_DRV] Waiting for ctrl ready cmd=0x2 after 60000 cycles: ready=0 run_state=1 pop_state=6 flushed=0 flush_start=1 flush_done=0 flush_grant=1 flush_ram_done=1 flush_cam_done=0 flush_ram_wraddr=0 flush_cam_wraddr=234 flush_cam_wrdata=95 cam_clean=1 endofrun_seen=0 term_done=0 deassm_empty=1 deassm_usedw=0 pop_cmd_empty=1 pop_cmd_usedw=0 push=0 pop=0 overwrite=0
# UVM_INFO /home/yifeng/packages/mu3e_ip_dev/mu3e-ip-cores/ring-buffer_cam/tb/uvm/ctrl_driver.sv(76) @ 5975972000: uvm_test_top.m_env.m_ctrl_drv [CTRL_DRV] Waiting for ctrl ready cmd=0x2 after 80000 cycles: ready=0 run_state=1 pop_state=6 flushed=0 flush_start=1 flush_done=0 flush_grant=1 flush_ram_done=1 flush_cam_done=0 flush_ram_wraddr=0 flush_cam_wraddr=312 flush_cam_wrdata=127 cam_clean=1 endofrun_seen=0 term_done=0 deassm_empty=1 deassm_usedw=0 pop_cmd_empty=1 pop_cmd_usedw=0 push=0 pop=0 overwrite=0
# UVM_INFO /home/yifeng/packages/mu3e_ip_dev/mu3e-ip-cores/ring-buffer_cam/tb/uvm/ctrl_driver.sv(76) @ 6135972000: uvm_test_top.m_env.m_ctrl_drv [CTRL_DRV] Waiting for ctrl ready cmd=0x2 after 100000 cycles: ready=0 run_state=1 pop_state=6 flushed=0 flush_start=1 flush_done=0 flush_grant=1 flush_ram_done=1 flush_cam_done=0 flush_ram_wraddr=0 flush_cam_wraddr=390 flush_cam_wrdata=159 cam_clean=1 endofrun_seen=0 term_done=0 deassm_empty=1 deassm_usedw=0 pop_cmd_empty=1 pop_cmd_usedw=0 push=0 pop=0 overwrite=0
# UVM_INFO /home/yifeng/packages/mu3e_ip_dev/mu3e-ip-cores/ring-buffer_cam/tb/uvm/ctrl_driver.sv(76) @ 6295972000: uvm_test_top.m_env.m_ctrl_drv [CTRL_DRV] Waiting for ctrl ready cmd=0x2 after 120000 cycles: ready=0 run_state=1 pop_state=6 flushed=0 flush_start=1 flush_done=0 flush_grant=1 flush_ram_done=1 flush_cam_done=0 flush_ram_wraddr=0 flush_cam_wraddr=468 flush_cam_wrdata=191 cam_clean=1 endofrun_seen=0 term_done=0 deassm_empty=1 deassm_usedw=0 pop_cmd_empty=1 pop_cmd_usedw=0 push=0 pop=0 overwrite=0
# UVM_INFO /home/yifeng/packages/mu3e_ip_dev/mu3e-ip-cores/ring-buffer_cam/tb/uvm/base_test.sv(3864) @ 6385156000: uvm_test_top [TERM] X129 mixed recovery signoff restart drain: source backlog drained before TERMINATING after 1 cycles (offered=729 accepted=729)
# UVM_INFO /home/yifeng/packages/mu3e_ip_dev/mu3e-ip-cores/ring-buffer_cam/tb/uvm/base_test.sv(3881) @ 6385172000: uvm_test_top [TERM] X129 mixed recovery signoff restart drain: deassembly fifo drained before TERMINATING after 2 cycles (usedw=0)
# UVM_INFO /home/yifeng/packages/mu3e_ip_dev/mu3e-ip-cores/ring-buffer_cam/tb/uvm/base_test.sv(3886) @ 6385204000: uvm_test_top [TERM] X129 mixed recovery signoff restart drain: issue TERMINATING entry pulse
# UVM_INFO /home/yifeng/packages/mu3e_ip_dev/mu3e-ip-cores/ring-buffer_cam/tb/uvm/base_test.sv(3888) @ 6385220000: uvm_test_top [TERM] X129 mixed recovery signoff restart drain: send end-of-run marker
# UVM_INFO /home/yifeng/packages/mu3e_ip_dev/mu3e-ip-cores/ring-buffer_cam/tb/uvm/base_test.sv(3890) @ 6385220000: uvm_test_top [TERM] X129 mixed recovery signoff restart drain: poll TERMINATING drain-done
# UVM_INFO /home/yifeng/packages/mu3e_ip_dev/mu3e-ip-cores/ring-buffer_cam/tb/uvm/out_monitor.sv(146) @ 6404580000: uvm_test_top.m_env.m_out_mon [OUT_MON] Throughput: 32 hits in 188 cycles (17.0%)
# UVM_INFO /home/yifeng/packages/mu3e_ip_dev/mu3e-ip-cores/ring-buffer_cam/tb/uvm/base_test.sv(3907) @ 6407332000: uvm_test_top [TERM] X129 mixed recovery signoff restart drain: terminating_drain_done asserted after 2764 cycles
# UVM_INFO /home/yifeng/packages/mu3e_ip_dev/mu3e-ip-cores/ring-buffer_cam/tb/uvm/base_test.sv(3912) @ 6407364000: uvm_test_top [TERM] X129 mixed recovery signoff restart drain: waiting for scoreboard/source idle
# UVM_INFO /home/yifeng/packages/mu3e_ip_dev/mu3e-ip-cores/ring-buffer_cam/tb/uvm/base_test.sv(16000) @ 6408004000: uvm_test_top [CASE] CASE_END id=X129 mode=isolated
# UVM_INFO /data1/questaone_sim/questasim/verilog_src/uvm-1.2/src/base/uvm_objection.svh(1270) @ 6408004000: reporter [TEST_DONE] 'run' phase is ready to proceed to the 'extract' phase
# UVM_INFO /home/yifeng/packages/mu3e_ip_dev/mu3e-ip-cores/ring-buffer_cam/tb/uvm/coverage.sv(88) @ 6408004000: uvm_test_top.m_env.m_cov [COV] cg_output=80.2% cg_hit_data=68.8%
# UVM_INFO /home/yifeng/packages/mu3e_ip_dev/mu3e-ip-cores/ring-buffer_cam/tb/uvm/scoreboard.sv(646) @ 6408004000: uvm_test_top.m_env.m_scb [SCB] Summary: pushed=32 popped=32 remaining=0 pending_drain=0 overlap_evicted=0 overlap_fallback=0 overwrites=0 unexpected=0 subheaders=14 zero_hit_subheaders=13 accepted=32 cache_miss_outputs=0
# UVM_INFO /home/yifeng/packages/mu3e_ip_dev/mu3e-ip-cores/ring-buffer_cam/tb/uvm/scoreboard.sv(654) @ 6408004000: uvm_test_top.m_env.m_scb [SCB] Pressure: max_remaining=32 ring_depth=512
# UVM_INFO /home/yifeng/packages/mu3e_ip_dev/mu3e-ip-cores/ring-buffer_cam/tb/uvm/base_test.sv(15707) @ 6408004000: uvm_test_top [TEST] *** TEST PASSED ***
# UVM_INFO /data1/questaone_sim/questasim/verilog_src/uvm-1.2/src/base/uvm_report_server.svh(847) @ 6408004000: reporter [UVM/REPORT/SERVER] 
# --- UVM Report Summary ---
# 
# ** Report counts by severity
# UVM_INFO :   88
# UVM_WARNING :    0
# UVM_ERROR :    0
# UVM_FATAL :    0
# ** Report counts by id
# [CASE]     2
# [COV]     1
# [CTRL_DRV]    36
# [OUT_MON]     4
# [RNTST]     1
# [SCB]     3
# [SEQ]    10
# [TERM]    28
# [TEST]     1
# [TEST_DONE]     1
# [UVM/RELNOTES]     1
# 
# ** Note: $finish    : /data1/questaone_sim/questasim/verilog_src/uvm-1.2/src/base/uvm_root.svh(517)
#    Time: 6408004 ns  Iteration: 75  Instance: /tb_top
# 
# Coverage saving has been started
# Coverage database has been saved successfully.
# End time: 12:31:09 on Apr 22,2026, Elapsed time: 0:00:16
# Errors: 0, Warnings: 23
