This file contains any messages produced by compilers while
running configure, to aid debugging if configure makes a mistake.

It was created by tdom configure 0.9.4, which was
generated by GNU Autoconf 2.69.  Invocation command line was

  $ ./configure 

## --------- ##
## Platform. ##
## --------- ##

hostname = teferi.ethz.ch
uname -m = x86_64
uname -r = 5.14.21-150400.22-default
uname -s = Linux
uname -v = #1 SMP PREEMPT_DYNAMIC Wed May 11 06:57:18 UTC 2022 (49db222)

/usr/bin/uname -p = x86_64
/bin/uname -X     = unknown

/bin/arch              = x86_64
/usr/bin/arch -k       = unknown
/usr/convex/getsysinfo = unknown
/usr/bin/hostinfo      = unknown
/bin/machine           = unknown
/usr/bin/oslevel       = unknown
/bin/universe          = unknown

PATH: /home/yifeng/packages/online_testbeam/online/install/bin
PATH: /opt/midas/bin
PATH: /opt/geant4/install/bin
PATH: /opt/root/bin
PATH: /data1/intelFPGA/18.1/quartus/linux64/jre64/bin
PATH: /data1/intelFPGA/18.1/quartus/sopc_builder/bin
PATH: /data1/intelFPGA_pro/23.1/questa_fse/bin
PATH: /data1/intelFPGA/18.1/nios2eds/bin/gnu/H-x86_64-pc-linux-gnu/bin
PATH: /data1/intelFPGA/18.1/nios2eds/bin
PATH: /data1/intelFPGA/18.1/nios2eds/sdk2/bin
PATH: /data1/intelFPGA/18.1/quartus/bin
PATH: /opt/anaconda3/bin
PATH: /opt/anaconda3/condabin
PATH: /home/yifeng/bin
PATH: /usr/local/bin
PATH: /usr/bin
PATH: /bin
PATH: /usr/lib/mit/bin
PATH: /usr/lib/mit/sbin


## ----------- ##
## Core tests. ##
## ----------- ##

configure:2171: loading site script /usr/share/site/x86_64-unknown-linux-gnu
| #!/bin/sh
| # Site script for configure. It is resourced via $CONFIG_SITE environment varaible.
| 
| # If user did not specify libdir, guess the correct target:
| # Use lib64 for 64 bit bi-arch targets, keep the default for the rest.
| if test "$libdir" = '${exec_prefix}/lib' ; then
| 
| 	ac_config_site_64bit_host=NONE
| 
| 	case "$host" in
| 	"" )
| 		# User did not specify host target.
| 		# The native platform x86_64 is a bi-arch platform.
| 		# Try to detect cross-compilation to inferior architecture.
| 
| 		# We are trying to guess 32-bit target compilation. It's not as easy as
| 		# it sounds, as there is possible several intermediate combinations.
| 		ac_config_site_cross_to_32bit_host=NONE
| 
| 		# User defined -m32 in CFLAGS or CXXFLAGS or CC or CXX:
| 		# (It's sufficient for 32-bit, but alone may cause mis-behavior of some checks.)
| 		case "$CFLAGS $CXXFLAGS $CC $CXX" in
| 		*-m32*)
| 			ac_config_site_cross_to_32bit_host=YES
| 			;;
| 		esac
| 
| 		# Running with linux32:
| 		# (Changes detected platform, but not the toolchain target.)
| 		case "`/bin/uname -i`" in
| 		x86_64 | ppc64 | s390x | aarch64 )
| 			;;
| 		* )
| 			ac_config_site_cross_to_32bit_host=YES
| 			;;
| 		esac
| 
| 		if test "x$ac_config_site_cross_to_32bit_host" = xNONE; then
| 			ac_config_site_64bit_host=YES
| 		fi
| 
| 		;;
| 	*x86_64* | *ppc64* | *s390x* | *aarch64* )
| 		ac_config_site_64bit_host=YES
| 		;;
| 	esac
| 
| 	if test "x$ac_config_site_64bit_host" = xYES; then
| 		libdir='${exec_prefix}/lib64'
| 	fi
| fi
| 
| # If user did not specify libexecdir, set the correct target:
| # Nor FHS nor openSUSE allow prefix/libexec. Let's default to prefix/lib.
| 
| if test "$libexecdir" = '${exec_prefix}/libexec' ; then
| 	libexecdir='${exec_prefix}/lib'
| fi
| 
| # Continue with the standard behavior of configure defined in AC_SITE_LOAD:
| if test "x$prefix" != xNONE; then
| 	ac_site_file1=$prefix/share/config.site
| 	ac_site_file2=$prefix/etc/config.site
| else
| 	ac_site_file1=$ac_default_prefix/share/config.site
| 	ac_site_file2=$ac_default_prefix/etc/config.site
| fi
| for ac_site_file in "$ac_site_file1" "$ac_site_file2"
| do
| 	test "x$ac_site_file" = xNONE && continue
| 	if test /dev/null != "$ac_site_file" && test -r "$ac_site_file"; then
| 		{ $as_echo "/usr/share/site/x86_64-unknown-linux-gnu:${as_lineno-$LINENO}: loading site script $ac_site_file" >&5
| $as_echo "/usr/share/site/x86_64-unknown-linux-gnu: loading site script $ac_site_file" >&6;}
| 		sed 's/^/| /' "$ac_site_file" >&5
| 		. "$ac_site_file" \
| 			|| { { $as_echo "/usr/share/site/x86_64-unknown-linux-gnu:${as_lineno-$LINENO}: error: in \`$ac_pwd':" >&5
| $as_echo "/usr/share/site/x86_64-unknown-linux-gnu: error: in \`$ac_pwd':" >&2;}
| as_fn_error $? "failed to load site script $ac_site_file
| See \`config.log' for more details" "$LINENO" 5; }
| 	fi
| done
configure:2277: checking TEA configuration
configure:2283: result: ok (TEA 3.13)
configure:2364: configuring tdom 0.9.4
configure:2396: checking system version
configure:2422: result: Linux-5.14.21-150400.22-default
configure:2497: checking for Tcl configuration
configure:2629: result: found /usr/lib64/tclConfig.sh
configure:2682: checking for gcc
configure:2698: found /usr/bin/gcc
configure:2709: result: gcc
configure:2938: checking for C compiler version
configure:2947: gcc --version >&5
gcc (SUSE Linux) 12.2.1 20220830 [revision e927d1cf141f221c5a32574bde0913307e140984]
Copyright (C) 2022 Free Software Foundation, Inc.
This is free software; see the source for copying conditions.  There is NO
warranty; not even for MERCHANTABILITY or FITNESS FOR A PARTICULAR PURPOSE.

configure:2958: $? = 0
configure:2947: gcc -v >&5
Using built-in specs.
COLLECT_GCC=gcc
COLLECT_LTO_WRAPPER=/usr/lib64/gcc/x86_64-suse-linux/12/lto-wrapper
OFFLOAD_TARGET_NAMES=nvptx-none
OFFLOAD_TARGET_DEFAULT=1
Target: x86_64-suse-linux
Configured with: ../configure --prefix=/usr --infodir=/usr/share/info --mandir=/usr/share/man --libdir=/usr/lib64 --libexecdir=/usr/lib64 --enable-languages=c,c++,objc,fortran,obj-c++,ada,go,d --enable-offload-targets=nvptx-none, --enable-offload-defaulted --without-cuda-driver --enable-checking=release --disable-werror --with-gxx-include-dir=/usr/include/c++/12 --enable-ssp --disable-libssp --disable-libvtv --enable-cet=auto --disable-libcc1 --disable-plugin --with-bugurl=https://bugs.opensuse.org/ --with-pkgversion='SUSE Linux' --with-slibdir=/lib64 --with-system-zlib --enable-libstdcxx-allocator=new --disable-libstdcxx-pch --enable-libphobos --enable-version-specific-runtime-libs --with-gcc-major-version-only --enable-linker-build-id --enable-linux-futex --enable-gnu-indirect-function --program-suffix=-12 --without-system-libunwind --enable-multilib --with-arch-32=x86-64 --with-tune=generic --build=x86_64-suse-linux --host=x86_64-suse-linux
Thread model: posix
Supported LTO compression algorithms: zlib
gcc version 12.2.1 20220830 [revision e927d1cf141f221c5a32574bde0913307e140984] (SUSE Linux) 
... rest of stderr output deleted ...
configure:2958: $? = 0
configure:2947: gcc -V >&5
gcc: error: unrecognized command-line option '-V'
gcc: fatal error: no input files
compilation terminated.
configure:2958: $? = 1
configure:2947: gcc -qversion >&5
gcc: error: unrecognized command-line option '-qversion'; did you mean '--version'?
gcc: fatal error: no input files
compilation terminated.
configure:2958: $? = 1
configure:2978: checking whether the C compiler works
configure:3000: gcc    conftest.c  >&5
configure:3004: $? = 0
configure:3052: result: yes
configure:3055: checking for C compiler default output file name
configure:3057: result: a.out
configure:3063: checking for suffix of executables
configure:3070: gcc -o conftest    conftest.c  >&5
configure:3074: $? = 0
configure:3096: result: 
configure:3118: checking whether we are cross compiling
configure:3126: gcc -o conftest    conftest.c  >&5
configure:3130: $? = 0
configure:3137: ./conftest
configure:3141: $? = 0
configure:3156: result: no
configure:3161: checking for suffix of object files
configure:3183: gcc -c   conftest.c >&5
configure:3187: $? = 0
configure:3208: result: o
configure:3212: checking whether we are using the GNU C compiler
configure:3231: gcc -c   conftest.c >&5
configure:3231: $? = 0
configure:3240: result: yes
configure:3249: checking whether gcc accepts -g
configure:3269: gcc -c -g  conftest.c >&5
configure:3269: $? = 0
configure:3310: result: yes
configure:3327: checking for gcc option to accept ISO C89
configure:3390: gcc  -c   conftest.c >&5
configure:3390: $? = 0
configure:3403: result: none needed
configure:3425: checking for existence of /usr/lib64/tclConfig.sh
configure:3429: result: loading
configure:3483: checking platform
configure:3501: gcc -c   conftest.c >&5
configure:3501: $? = 0
configure:3552: result: unix
configure:3593: --prefix defaulting to TCL_PREFIX /usr
configure:3605: --exec-prefix defaulting to TCL_EXEC_PREFIX /usr
configure:3675: checking for gcc
configure:3702: result: gcc
configure:3931: checking for C compiler version
configure:3940: gcc --version >&5
gcc (SUSE Linux) 12.2.1 20220830 [revision e927d1cf141f221c5a32574bde0913307e140984]
Copyright (C) 2022 Free Software Foundation, Inc.
This is free software; see the source for copying conditions.  There is NO
warranty; not even for MERCHANTABILITY or FITNESS FOR A PARTICULAR PURPOSE.

configure:3951: $? = 0
configure:3940: gcc -v >&5
Using built-in specs.
COLLECT_GCC=gcc
COLLECT_LTO_WRAPPER=/usr/lib64/gcc/x86_64-suse-linux/12/lto-wrapper
OFFLOAD_TARGET_NAMES=nvptx-none
OFFLOAD_TARGET_DEFAULT=1
Target: x86_64-suse-linux
Configured with: ../configure --prefix=/usr --infodir=/usr/share/info --mandir=/usr/share/man --libdir=/usr/lib64 --libexecdir=/usr/lib64 --enable-languages=c,c++,objc,fortran,obj-c++,ada,go,d --enable-offload-targets=nvptx-none, --enable-offload-defaulted --without-cuda-driver --enable-checking=release --disable-werror --with-gxx-include-dir=/usr/include/c++/12 --enable-ssp --disable-libssp --disable-libvtv --enable-cet=auto --disable-libcc1 --disable-plugin --with-bugurl=https://bugs.opensuse.org/ --with-pkgversion='SUSE Linux' --with-slibdir=/lib64 --with-system-zlib --enable-libstdcxx-allocator=new --disable-libstdcxx-pch --enable-libphobos --enable-version-specific-runtime-libs --with-gcc-major-version-only --enable-linker-build-id --enable-linux-futex --enable-gnu-indirect-function --program-suffix=-12 --without-system-libunwind --enable-multilib --with-arch-32=x86-64 --with-tune=generic --build=x86_64-suse-linux --host=x86_64-suse-linux
Thread model: posix
Supported LTO compression algorithms: zlib
gcc version 12.2.1 20220830 [revision e927d1cf141f221c5a32574bde0913307e140984] (SUSE Linux) 
... rest of stderr output deleted ...
configure:3951: $? = 0
configure:3940: gcc -V >&5
gcc: error: unrecognized command-line option '-V'
gcc: fatal error: no input files
compilation terminated.
configure:3951: $? = 1
configure:3940: gcc -qversion >&5
gcc: error: unrecognized command-line option '-qversion'; did you mean '--version'?
gcc: fatal error: no input files
compilation terminated.
configure:3951: $? = 1
configure:3955: checking whether we are using the GNU C compiler
configure:3983: result: yes
configure:3992: checking whether gcc accepts -g
configure:4053: result: yes
configure:4070: checking for gcc option to accept ISO C89
configure:4146: result: none needed
configure:4171: checking how to run the C preprocessor
configure:4202: gcc -E  conftest.c
configure:4202: $? = 0
configure:4216: gcc -E  conftest.c
conftest.c:10:10: fatal error: ac_nonexistent.h: No such file or directory
   10 | #include <ac_nonexistent.h>
      |          ^~~~~~~~~~~~~~~~~~
compilation terminated.
configure:4216: $? = 1
configure: failed program was:
| /* confdefs.h */
| #define PACKAGE_NAME "tdom"
| #define PACKAGE_TARNAME "tdom"
| #define PACKAGE_VERSION "0.9.4"
| #define PACKAGE_STRING "tdom 0.9.4"
| #define PACKAGE_BUGREPORT ""
| #define PACKAGE_URL ""
| #define BUILD_tdom /**/
| /* end confdefs.h.  */
| #include <ac_nonexistent.h>
configure:4241: result: gcc -E
configure:4261: gcc -E  conftest.c
configure:4261: $? = 0
configure:4275: gcc -E  conftest.c
conftest.c:10:10: fatal error: ac_nonexistent.h: No such file or directory
   10 | #include <ac_nonexistent.h>
      |          ^~~~~~~~~~~~~~~~~~
compilation terminated.
configure:4275: $? = 1
configure: failed program was:
| /* confdefs.h */
| #define PACKAGE_NAME "tdom"
| #define PACKAGE_TARNAME "tdom"
| #define PACKAGE_VERSION "0.9.4"
| #define PACKAGE_STRING "tdom 0.9.4"
| #define PACKAGE_BUGREPORT ""
| #define PACKAGE_URL ""
| #define BUILD_tdom /**/
| /* end confdefs.h.  */
| #include <ac_nonexistent.h>
configure:4308: checking whether make sets $(MAKE)
configure:4330: result: yes
configure:4387: checking for ranlib
configure:4403: found /usr/bin/ranlib
configure:4414: result: ranlib
configure:4445: checking for grep that handles long lines and -e
configure:4503: result: /usr/bin/grep
configure:4508: checking for egrep
configure:4570: result: /usr/bin/grep -E
configure:4575: checking for ANSI C header files
configure:4595: gcc -c   conftest.c >&5
configure:4595: $? = 0
configure:4668: gcc -o conftest    conftest.c  >&5
configure:4668: $? = 0
configure:4668: ./conftest
configure:4668: $? = 0
configure:4679: result: yes
configure:4692: checking for sys/types.h
configure:4692: gcc -c   conftest.c >&5
configure:4692: $? = 0
configure:4692: result: yes
configure:4692: checking for sys/stat.h
configure:4692: gcc -c   conftest.c >&5
configure:4692: $? = 0
configure:4692: result: yes
configure:4692: checking for stdlib.h
configure:4692: gcc -c   conftest.c >&5
configure:4692: $? = 0
configure:4692: result: yes
configure:4692: checking for string.h
configure:4692: gcc -c   conftest.c >&5
configure:4692: $? = 0
configure:4692: result: yes
configure:4692: checking for memory.h
configure:4692: gcc -c   conftest.c >&5
configure:4692: $? = 0
configure:4692: result: yes
configure:4692: checking for strings.h
configure:4692: gcc -c   conftest.c >&5
configure:4692: $? = 0
configure:4692: result: yes
configure:4692: checking for inttypes.h
configure:4692: gcc -c   conftest.c >&5
configure:4692: $? = 0
configure:4692: result: yes
configure:4692: checking for stdint.h
configure:4692: gcc -c   conftest.c >&5
configure:4692: $? = 0
configure:4692: result: yes
configure:4692: checking for unistd.h
configure:4692: gcc -c   conftest.c >&5
configure:4692: $? = 0
configure:4692: result: yes
configure:4714: checking if the compiler understands -pipe
configure:4732: gcc -c  -pipe  conftest.c >&5
configure:4732: $? = 0
configure:4740: result: yes
configure:4757: checking whether byte ordering is bigendian
configure:4772: gcc -c  -pipe  conftest.c >&5
conftest.c:22:16: error: unknown type name 'not'
   22 |                not a universal capable compiler
      |                ^~~
conftest.c:22:22: error: expected '=', ',', ';', 'asm' or '__attribute__' before 'universal'
   22 |                not a universal capable compiler
      |                      ^~~~~~~~~
conftest.c:22:22: error: unknown type name 'universal'
configure:4772: $? = 1
configure: failed program was:
| /* confdefs.h */
| #define PACKAGE_NAME "tdom"
| #define PACKAGE_TARNAME "tdom"
| #define PACKAGE_VERSION "0.9.4"
| #define PACKAGE_STRING "tdom 0.9.4"
| #define PACKAGE_BUGREPORT ""
| #define PACKAGE_URL ""
| #define BUILD_tdom /**/
| #define STDC_HEADERS 1
| #define HAVE_SYS_TYPES_H 1
| #define HAVE_SYS_STAT_H 1
| #define HAVE_STDLIB_H 1
| #define HAVE_STRING_H 1
| #define HAVE_MEMORY_H 1
| #define HAVE_STRINGS_H 1
| #define HAVE_INTTYPES_H 1
| #define HAVE_STDINT_H 1
| #define HAVE_UNISTD_H 1
| #define Tcl_Size int
| /* end confdefs.h.  */
| #ifndef __APPLE_CC__
| 	       not a universal capable compiler
| 	     #endif
| 	     typedef int dummy;
| 
configure:4817: gcc -c  -pipe  conftest.c >&5
configure:4817: $? = 0
configure:4835: gcc -c  -pipe  conftest.c >&5
conftest.c: In function 'main':
conftest.c:28:18: error: unknown type name 'not'; did you mean 'ino_t'?
   28 |                  not big endian
      |                  ^~~
      |                  ino_t
conftest.c:28:26: error: expected '=', ',', ';', 'asm' or '__attribute__' before 'endian'
   28 |                  not big endian
      |                          ^~~~~~
configure:4835: $? = 1
configure: failed program was:
| /* confdefs.h */
| #define PACKAGE_NAME "tdom"
| #define PACKAGE_TARNAME "tdom"
| #define PACKAGE_VERSION "0.9.4"
| #define PACKAGE_STRING "tdom 0.9.4"
| #define PACKAGE_BUGREPORT ""
| #define PACKAGE_URL ""
| #define BUILD_tdom /**/
| #define STDC_HEADERS 1
| #define HAVE_SYS_TYPES_H 1
| #define HAVE_SYS_STAT_H 1
| #define HAVE_STDLIB_H 1
| #define HAVE_STRING_H 1
| #define HAVE_MEMORY_H 1
| #define HAVE_STRINGS_H 1
| #define HAVE_INTTYPES_H 1
| #define HAVE_STDINT_H 1
| #define HAVE_UNISTD_H 1
| #define Tcl_Size int
| /* end confdefs.h.  */
| #include <sys/types.h>
| 		#include <sys/param.h>
| 
| int
| main ()
| {
| #if BYTE_ORDER != BIG_ENDIAN
| 		 not big endian
| 		#endif
| 
|   ;
|   return 0;
| }
configure:4963: result: no
configure:4990: checking for memmove
configure:4990: gcc -o conftest  -pipe   conftest.c  >&5
conftest.c:44:6: warning: conflicting types for built-in function 'memmove'; expected 'void *(void *, const void *, long unsigned int)' [-Wbuiltin-declaration-mismatch]
   44 | char memmove ();
      |      ^~~~~~~
conftest.c:32:1: note: 'memmove' is declared in header '<string.h>'
   31 | # include <limits.h>
   32 | #else
configure:4990: $? = 0
configure:4990: result: yes
configure:4990: checking for bcopy
configure:4990: gcc -o conftest  -pipe   conftest.c  >&5
conftest.c:45:6: warning: conflicting types for built-in function 'bcopy'; expected 'void(const void *, void *, long unsigned int)' [-Wbuiltin-declaration-mismatch]
   45 | char bcopy ();
      |      ^~~~~
configure:4990: $? = 0
configure:4990: result: yes
configure:5005: checking for AOLserver configuration
configure:5029: result: none found
configure:5054: checking for expat
configure:5090: result: Using bundled expat distribution
configure:5163: checking which source of entropy to use
configure:5181: checking for arc4random_buf (BSD or libbsd)
configure:5196: gcc -o conftest  -pipe   conftest.c  >&5
conftest.c: In function 'main':
conftest.c:30:21: warning: implicit declaration of function 'arc4random_buf' [-Wimplicit-function-declaration]
   30 |                     arc4random_buf(NULL, 0U);
      |                     ^~~~~~~~~~~~~~
/usr/lib64/gcc/x86_64-suse-linux/12/../../../../x86_64-suse-linux/bin/ld: /tmp/ccwTXt7M.o: in function `main':
conftest.c:(.text+0x14): undefined reference to `arc4random_buf'
collect2: error: ld returned 1 exit status
configure:5196: $? = 1
configure: failed program was:
| /* confdefs.h */
| #define PACKAGE_NAME "tdom"
| #define PACKAGE_TARNAME "tdom"
| #define PACKAGE_VERSION "0.9.4"
| #define PACKAGE_STRING "tdom 0.9.4"
| #define PACKAGE_BUGREPORT ""
| #define PACKAGE_URL ""
| #define BUILD_tdom /**/
| #define STDC_HEADERS 1
| #define HAVE_SYS_TYPES_H 1
| #define HAVE_SYS_STAT_H 1
| #define HAVE_STDLIB_H 1
| #define HAVE_STRING_H 1
| #define HAVE_MEMORY_H 1
| #define HAVE_STRINGS_H 1
| #define HAVE_INTTYPES_H 1
| #define HAVE_STDINT_H 1
| #define HAVE_UNISTD_H 1
| #define Tcl_Size int
| #define HAVE_MEMMOVE 1
| #define HAVE_BCOPY 1
| #define XML_POOR_ENTROPY 1
| /* end confdefs.h.  */
| 
|                   #include <stdlib.h>  /* for arc4random_buf on BSD, for NULL */
|                   #if defined(HAVE_LIBBSD)
|                   # include <bsd/stdlib.h>
|                   #endif
|                   int main() {
|                     arc4random_buf(NULL, 0U);
|                     return 0;
|                   }
| 
configure:5206: result: no
configure:5209: checking for arc4random (BSD, macOS or libbsd)
configure:5225: gcc -o conftest  -pipe   conftest.c  >&5
conftest.c: In function 'main':
conftest.c:31:27: warning: implicit declaration of function 'arc4random'; did you mean 'srandom'? [-Wimplicit-function-declaration]
   31 |                           arc4random();
      |                           ^~~~~~~~~~
      |                           srandom
/usr/lib64/gcc/x86_64-suse-linux/12/../../../../x86_64-suse-linux/bin/ld: /tmp/cc6HlCBL.o: in function `main':
conftest.c:(.text+0xa): undefined reference to `arc4random'
collect2: error: ld returned 1 exit status
configure:5225: $? = 1
configure: failed program was:
| /* confdefs.h */
| #define PACKAGE_NAME "tdom"
| #define PACKAGE_TARNAME "tdom"
| #define PACKAGE_VERSION "0.9.4"
| #define PACKAGE_STRING "tdom 0.9.4"
| #define PACKAGE_BUGREPORT ""
| #define PACKAGE_URL ""
| #define BUILD_tdom /**/
| #define STDC_HEADERS 1
| #define HAVE_SYS_TYPES_H 1
| #define HAVE_SYS_STAT_H 1
| #define HAVE_STDLIB_H 1
| #define HAVE_STRING_H 1
| #define HAVE_MEMORY_H 1
| #define HAVE_STRINGS_H 1
| #define HAVE_INTTYPES_H 1
| #define HAVE_STDINT_H 1
| #define HAVE_UNISTD_H 1
| #define Tcl_Size int
| #define HAVE_MEMMOVE 1
| #define HAVE_BCOPY 1
| #define XML_POOR_ENTROPY 1
| /* end confdefs.h.  */
| 
|                       #if defined(HAVE_LIBBSD)
|                       # include <bsd/stdlib.h>
|                       #else
|                       # include <stdlib.h>
|                       #endif
|                       int main() {
|                           arc4random();
|                           return 0;
|                       }
| 
configure:5235: result: no
configure:5247: checking for getrandom (Linux 3.17+, glibc 2.25+)
configure:5259: gcc -o conftest  -pipe   conftest.c  >&5
configure:5259: $? = 0
configure:5264: result: yes
configure:5353: checking for uintptr_t
configure:5353: gcc -c  -pipe  conftest.c >&5
configure:5353: $? = 0
configure:5353: gcc -c  -pipe  conftest.c >&5
conftest.c: In function 'main':
conftest.c:63:24: error: expected expression before ')' token
   63 | if (sizeof ((uintptr_t)))
      |                        ^
configure:5353: $? = 1
configure: failed program was:
| /* confdefs.h */
| #define PACKAGE_NAME "tdom"
| #define PACKAGE_TARNAME "tdom"
| #define PACKAGE_VERSION "0.9.4"
| #define PACKAGE_STRING "tdom 0.9.4"
| #define PACKAGE_BUGREPORT ""
| #define PACKAGE_URL ""
| #define BUILD_tdom /**/
| #define STDC_HEADERS 1
| #define HAVE_SYS_TYPES_H 1
| #define HAVE_SYS_STAT_H 1
| #define HAVE_STDLIB_H 1
| #define HAVE_STRING_H 1
| #define HAVE_MEMORY_H 1
| #define HAVE_STRINGS_H 1
| #define HAVE_INTTYPES_H 1
| #define HAVE_STDINT_H 1
| #define HAVE_UNISTD_H 1
| #define Tcl_Size int
| #define HAVE_MEMMOVE 1
| #define HAVE_BCOPY 1
| #define XML_POOR_ENTROPY 1
| #define HAVE_GETRANDOM 1
| #define XML_DEV_URANDOM 1
| #define XML_POOR_ENTROPY 1
| /* end confdefs.h.  */
| #include <stdio.h>
| #ifdef HAVE_SYS_TYPES_H
| # include <sys/types.h>
| #endif
| #ifdef HAVE_SYS_STAT_H
| # include <sys/stat.h>
| #endif
| #ifdef STDC_HEADERS
| # include <stdlib.h>
| # include <stddef.h>
| #else
| # ifdef HAVE_STDLIB_H
| #  include <stdlib.h>
| # endif
| #endif
| #ifdef HAVE_STRING_H
| # if !defined STDC_HEADERS && defined HAVE_MEMORY_H
| #  include <memory.h>
| # endif
| # include <string.h>
| #endif
| #ifdef HAVE_STRINGS_H
| # include <strings.h>
| #endif
| #ifdef HAVE_INTTYPES_H
| # include <inttypes.h>
| #endif
| #ifdef HAVE_STDINT_H
| # include <stdint.h>
| #endif
| #ifdef HAVE_UNISTD_H
| # include <unistd.h>
| #endif
| int
| main ()
| {
| if (sizeof ((uintptr_t)))
| 	    return 0;
|   ;
|   return 0;
| }
configure:5353: result: yes
configure:5457: checking for pkg-config
configure:5475: found /usr/bin/pkg-config
configure:5487: result: /usr/bin/pkg-config
configure:5509: checking whether to enable support for HTML5 parsing (using gumbo)
configure:5551: result: no
configure:5722: checking for Tcl public headers
configure:5793: result: /usr/include
configure:5854: checking for pthread_mutex_init in -lpthread
configure:5879: gcc -o conftest  -pipe   conftest.c -lpthread   >&5
configure:5879: $? = 0
configure:5888: result: yes
configure:6097: checking for building with threads
configure:6103: result: yes (default)
configure:6132: checking how to build libraries
configure:6166: result: shared
configure:6250: checking for ranlib
configure:6277: result: ranlib
configure:6304: checking if 64bit support is requested
configure:6313: result: no
configure:6318: checking if 64bit Sparc VIS support is requested
configure:6327: result: no
configure:6337: checking if compiler supports visibility "hidden"
configure:6357: gcc -o conftest  -pipe -Werror   conftest.c  >&5
configure:6357: $? = 0
configure:6366: result: yes
configure:6381: checking if rpath support is requested
configure:6390: result: yes
configure:6397: checking system version
configure:6423: result: Linux-5.14.21-150400.22-default
configure:6503: checking for ar
configure:6519: found /usr/bin/ar
configure:6530: result: ar
configure:8162: checking for cast to union support
configure:8181: gcc -c  -pipe  conftest.c >&5
configure:8181: $? = 0
configure:8189: result: yes
configure:8197: checking stdbool.h usability
configure:8197: gcc -c  -pipe  conftest.c >&5
configure:8197: $? = 0
configure:8197: result: yes
configure:8197: checking stdbool.h presence
configure:8197: gcc -E  conftest.c
configure:8197: $? = 0
configure:8197: result: yes
configure:8197: checking for stdbool.h
configure:8197: result: yes
configure:8223: checking for required early compiler flags
configure:8241: gcc -c  -pipe  conftest.c >&5
configure:8241: $? = 0
configure:8323: result: none
configure:8331: checking for 64-bit integer type
configure:8350: gcc -c  -pipe  conftest.c >&5
conftest.c: In function 'main':
conftest.c:42:1: error: unknown type name '__int64'
   42 | __int64 value = (__int64) 0;
      | ^~~~~~~
conftest.c:42:18: error: '__int64' undeclared (first use in this function)
   42 | __int64 value = (__int64) 0;
      |                  ^~~~~~~
conftest.c:42:18: note: each undeclared identifier is reported only once for each function it appears in
conftest.c:42:27: error: expected ',' or ';' before numeric constant
   42 | __int64 value = (__int64) 0;
      |                           ^
configure:8350: $? = 1
configure: failed program was:
| /* confdefs.h */
| #define PACKAGE_NAME "tdom"
| #define PACKAGE_TARNAME "tdom"
| #define PACKAGE_VERSION "0.9.4"
| #define PACKAGE_STRING "tdom 0.9.4"
| #define PACKAGE_BUGREPORT ""
| #define PACKAGE_URL ""
| #define BUILD_tdom /**/
| #define STDC_HEADERS 1
| #define HAVE_SYS_TYPES_H 1
| #define HAVE_SYS_STAT_H 1
| #define HAVE_STDLIB_H 1
| #define HAVE_STRING_H 1
| #define HAVE_MEMORY_H 1
| #define HAVE_STRINGS_H 1
| #define HAVE_INTTYPES_H 1
| #define HAVE_STDINT_H 1
| #define HAVE_UNISTD_H 1
| #define Tcl_Size int
| #define HAVE_MEMMOVE 1
| #define HAVE_BCOPY 1
| #define XML_POOR_ENTROPY 1
| #define HAVE_GETRANDOM 1
| #define XML_DEV_URANDOM 1
| #define XML_POOR_ENTROPY 1
| #define HAVE_UINTPTR_T 1
| #define USE_THREAD_ALLOC 1
| #define _REENTRANT 1
| #define _THREAD_SAFE 1
| #define TCL_THREADS 1
| #define USE_TCL_STUBS 1
| #define USE_TCLOO_STUBS 1
| #define MODULE_SCOPE extern __attribute__((__visibility__("hidden")))
| #define HAVE_HIDDEN 1
| #define HAVE_CAST_TO_UNION 1
| #define HAVE_STDBOOL_H 1
| /* end confdefs.h.  */
| 
| int
| main ()
| {
| __int64 value = (__int64) 0;
|   ;
|   return 0;
| }
configure:8372: gcc -c  -pipe  conftest.c >&5
conftest.c: In function 'main':
conftest.c:43:21: error: duplicate case value
   43 |             case 1: case (sizeof(long long)==sizeof(long)): ;
      |                     ^~~~
conftest.c:43:13: note: previously used here
   43 |             case 1: case (sizeof(long long)==sizeof(long)): ;
      |             ^~~~
configure:8372: $? = 1
configure: failed program was:
| /* confdefs.h */
| #define PACKAGE_NAME "tdom"
| #define PACKAGE_TARNAME "tdom"
| #define PACKAGE_VERSION "0.9.4"
| #define PACKAGE_STRING "tdom 0.9.4"
| #define PACKAGE_BUGREPORT ""
| #define PACKAGE_URL ""
| #define BUILD_tdom /**/
| #define STDC_HEADERS 1
| #define HAVE_SYS_TYPES_H 1
| #define HAVE_SYS_STAT_H 1
| #define HAVE_STDLIB_H 1
| #define HAVE_STRING_H 1
| #define HAVE_MEMORY_H 1
| #define HAVE_STRINGS_H 1
| #define HAVE_INTTYPES_H 1
| #define HAVE_STDINT_H 1
| #define HAVE_UNISTD_H 1
| #define Tcl_Size int
| #define HAVE_MEMMOVE 1
| #define HAVE_BCOPY 1
| #define XML_POOR_ENTROPY 1
| #define HAVE_GETRANDOM 1
| #define XML_DEV_URANDOM 1
| #define XML_POOR_ENTROPY 1
| #define HAVE_UINTPTR_T 1
| #define USE_THREAD_ALLOC 1
| #define _REENTRANT 1
| #define _THREAD_SAFE 1
| #define TCL_THREADS 1
| #define USE_TCL_STUBS 1
| #define USE_TCLOO_STUBS 1
| #define MODULE_SCOPE extern __attribute__((__visibility__("hidden")))
| #define HAVE_HIDDEN 1
| #define HAVE_CAST_TO_UNION 1
| #define HAVE_STDBOOL_H 1
| /* end confdefs.h.  */
| 
| int
| main ()
| {
| switch (0) {
|             case 1: case (sizeof(long long)==sizeof(long)): ;
|         }
|   ;
|   return 0;
| }
configure:8382: result: yes
configure:8628: checking for build with symbols
configure:8640: result: no
configure:8809: checking for tclsh
configure:8844: result: /usr/bin/tclsh8.6
configure:8855: checking whether to enable expat dtd support
configure:8873: result: yes
configure:8889: checking whether to enable namespace support
configure:8907: result: yes
configure:8917: checking whether to enable built-in unknown command
configure:8935: result: no
configure:8945: checking whether to enable tDOMs block allocator
configure:9001: result: no
configure:9008: checking whether to enable lower limit for XML ns declarations per document
configure:9031: result: no
configure:9036: checking whether to enable valiation features
configure:9059: result: yes
configure:9250: creating ./config.status

## ---------------------- ##
## Running config.status. ##
## ---------------------- ##

This file was extended by tdom config.status 0.9.4, which was
generated by GNU Autoconf 2.69.  Invocation command line was

  CONFIG_FILES    = 
  CONFIG_HEADERS  = 
  CONFIG_LINKS    = 
  CONFIG_COMMANDS = 
  $ ./config.status 

on teferi.ethz.ch

config.status:817: creating Makefile
config.status:817: creating pkgIndex.tcl
config.status:817: creating tdomConfig.sh

## ---------------- ##
## Cache variables. ##
## ---------------- ##

ac_cv_c_bigendian=no
ac_cv_c_compiler_gnu=yes
ac_cv_c_tclconfig=/usr/lib64
ac_cv_c_tclh=/usr/include
ac_cv_env_CC_set=
ac_cv_env_CC_value=
ac_cv_env_CFLAGS_set=
ac_cv_env_CFLAGS_value=
ac_cv_env_CPPFLAGS_set=
ac_cv_env_CPPFLAGS_value=
ac_cv_env_CPP_set=
ac_cv_env_CPP_value=
ac_cv_env_LDFLAGS_set=
ac_cv_env_LDFLAGS_value=
ac_cv_env_LIBS_set=
ac_cv_env_LIBS_value=
ac_cv_env_build_alias_set=
ac_cv_env_build_alias_value=
ac_cv_env_host_alias_set=
ac_cv_env_host_alias_value=
ac_cv_env_target_alias_set=
ac_cv_env_target_alias_value=
ac_cv_func_bcopy=yes
ac_cv_func_memmove=yes
ac_cv_header_inttypes_h=yes
ac_cv_header_memory_h=yes
ac_cv_header_stdbool_h=yes
ac_cv_header_stdc=yes
ac_cv_header_stdint_h=yes
ac_cv_header_stdlib_h=yes
ac_cv_header_string_h=yes
ac_cv_header_strings_h=yes
ac_cv_header_sys_stat_h=yes
ac_cv_header_sys_types_h=yes
ac_cv_header_unistd_h=yes
ac_cv_lib_pthread_pthread_mutex_init=yes
ac_cv_objext=o
ac_cv_path_EGREP='/usr/bin/grep -E'
ac_cv_path_GREP=/usr/bin/grep
ac_cv_path_ac_pt_PKG_CONFIG=/usr/bin/pkg-config
ac_cv_prog_CPP='gcc -E'
ac_cv_prog_ac_ct_AR=ar
ac_cv_prog_ac_ct_CC=gcc
ac_cv_prog_ac_ct_RANLIB=ranlib
ac_cv_prog_cc_c89=
ac_cv_prog_cc_g=yes
ac_cv_prog_make_make_set=yes
ac_cv_type_uintptr_t=yes
tcl_cv_cast_to_union=yes
tcl_cv_cc_pipe=yes
tcl_cv_cc_visibility_hidden=yes
tcl_cv_flag__isoc99_source=no
tcl_cv_sys_version=Linux-5.14.21-150400.22-default
tcl_cv_type_64bit=none

## ----------------- ##
## Output variables. ##
## ----------------- ##

AR='ar'
CC='gcc'
CFLAGS=' -pipe ${CFLAGS_DEFAULT} ${CFLAGS_WARNING} ${SHLIB_CFLAGS} '
CFLAGS_DEBUG='-g'
CFLAGS_DEFAULT='-O2 -fomit-frame-pointer -DNDEBUG'
CFLAGS_OPTIMIZE='-O2 -fomit-frame-pointer'
CFLAGS_WARNING='-Wall'
CLEANFILES=' tdom.tcl tcldomsh'
CPP='gcc -E'
CPPFLAGS=''
CYGPATH='echo'
DEFS='-DPACKAGE_NAME=\"tdom\" -DPACKAGE_TARNAME=\"tdom\" -DPACKAGE_VERSION=\"0.9.4\" -DPACKAGE_STRING=\"tdom\ 0.9.4\" -DPACKAGE_BUGREPORT=\"\" -DPACKAGE_URL=\"\" -DBUILD_tdom=/\*\*/ -DSTDC_HEADERS=1 -DHAVE_SYS_TYPES_H=1 -DHAVE_SYS_STAT_H=1 -DHAVE_STDLIB_H=1 -DHAVE_STRING_H=1 -DHAVE_MEMORY_H=1 -DHAVE_STRINGS_H=1 -DHAVE_INTTYPES_H=1 -DHAVE_STDINT_H=1 -DHAVE_UNISTD_H=1 -DTcl_Size=int -DHAVE_MEMMOVE=1 -DHAVE_BCOPY=1 -DXML_POOR_ENTROPY=1 -DHAVE_GETRANDOM=1 -DXML_DEV_URANDOM=1 -DXML_POOR_ENTROPY=1 -DHAVE_UINTPTR_T=1 -DUSE_THREAD_ALLOC=1 -D_REENTRANT=1 -D_THREAD_SAFE=1 -DTCL_THREADS=1 -DUSE_TCL_STUBS=1 -DUSE_TCLOO_STUBS=1 -DMODULE_SCOPE=extern\ __attribute__\(\(__visibility__\(\"hidden\"\)\)\) -DHAVE_HIDDEN=1 -DHAVE_CAST_TO_UNION=1 -DHAVE_STDBOOL_H=1 -DTCL_WIDE_INT_IS_LONG=1 -DTCL_CFG_OPTIMIZED=1 -DTCL_MAJOR_VERSION=8 -DXML_DTD=1 -DXML_CONTEXT_BYTES=0 -DXML_GE=1 -DXML_NS=1 -DTDOM_NO_UNKNOWN_CMD=1 -DUSE_NORMAL_ALLOCATOR=1'
ECHO_C=''
ECHO_N='-n'
ECHO_T=''
EGREP='/usr/bin/grep -E'
EXEEXT=''
GREP='/usr/bin/grep'
INSTALL='$(SHELL) $(srcdir)/tclconfig/install-sh -c'
INSTALL_DATA='${INSTALL} -m 644'
INSTALL_DATA_DIR='${INSTALL} -d -m 755'
INSTALL_LIBRARY='${INSTALL} -m 644'
INSTALL_PROGRAM='${INSTALL} -m 755'
INSTALL_SCRIPT='${INSTALL} -m 755'
LDFLAGS=' -Wl,--export-dynamic '
LDFLAGS_DEBUG=''
LDFLAGS_DEFAULT=''
LDFLAGS_OPTIMIZE=''
LD_LIBRARY_PATH_VAR='LD_LIBRARY_PATH'
LIBOBJS=''
LIBS=''
LTLIBOBJS=''
MAKE_LIB='${SHLIB_LD} ${LDFLAGS} ${LDFLAGS_DEFAULT} -o $@ $(PKG_OBJECTS) ${SHLIB_LD_LIBS} '
MAKE_SHARED_LIB='${SHLIB_LD} ${LDFLAGS} ${LDFLAGS_DEFAULT} -o $@ $(PKG_OBJECTS) ${SHLIB_LD_LIBS}'
MAKE_STATIC_LIB='${STLIB_LD} $@ $(PKG_OBJECTS)'
MAKE_STUB_LIB='${STLIB_LD} $@ $(PKG_STUB_OBJECTS)'
OBJEXT='o'
PACKAGE_BUGREPORT=''
PACKAGE_NAME='tdom'
PACKAGE_STRING='tdom 0.9.4'
PACKAGE_TARNAME='tdom'
PACKAGE_URL=''
PACKAGE_VERSION='0.9.4'
PATH_SEPARATOR=':'
PKG_BUILD_STUB_LIB_PATH='/home/yifeng/packages/online_dpv2/online/fe_board/fe_scifi/system_console/lib/tdom-0.9.4-src/libtdomstub0.9.4.a'
PKG_BUILD_STUB_LIB_SPEC='-L/home/yifeng/packages/online_dpv2/online/fe_board/fe_scifi/system_console/lib/tdom-0.9.4-src -ltdomstub0.9.4'
PKG_CFLAGS=' '
PKG_CONFIG='/usr/bin/pkg-config'
PKG_HEADERS=' generic/tdom.h'
PKG_INCLUDES=' -I./expat -I./generic'
PKG_LIBS=''
PKG_LIB_FILE8='libtdom0.9.4.so'
PKG_LIB_FILE9='libtcl9tdom0.9.4.so'
PKG_LIB_FILE='libtdom0.9.4.so'
PKG_OBJECTS=' xmlrole.o xmltok.o xmlparse.o xmlsimple.o dom.o domhtml.o domhtml5.o domjson.o domxpath.o domxslt.o domlock.o tcldom.o nodecmd.o tdominit.o tclexpat.o tclpull.o schema.o datatypes.o tdomStubInit.o'
PKG_SOURCES=' expat/xmlrole.c expat/xmltok.c expat/xmlparse.c generic/xmlsimple.c generic/dom.c generic/domhtml.c generic/domhtml5.c generic/domjson.c generic/domxpath.c generic/domxslt.c generic/domlock.c generic/tcldom.c generic/nodecmd.c generic/tdominit.c generic/tclexpat.c generic/tclpull.c generic/schema.c generic/datatypes.c generic/tdomStubInit.c'
PKG_STUB_LIB_FILE='libtdomstub0.9.4.a'
PKG_STUB_LIB_PATH='/usr/lib64/tdom0.9.4/libtdomstub0.9.4.a'
PKG_STUB_LIB_SPEC='-L/usr/lib64/tdom0.9.4 -ltdomstub0.9.4'
PKG_STUB_OBJECTS=' tdomStubLib.o'
PKG_STUB_SOURCES=' generic/tdomStubLib.c'
PKG_TCL_SOURCES=' lib/tdom.tcl'
RANLIB=':'
RANLIB_STUB='ranlib'
RC=''
SET_MAKE=''
SHARED_BUILD='1'
SHELL='/bin/sh'
SHLIB_CFLAGS='-fPIC'
SHLIB_LD='${CC} ${CFLAGS} ${LDFLAGS_DEFAULT} -shared'
SHLIB_LD_LIBS='${LIBS} -L/usr/lib64 -ltclstub8.6'
STLIB_LD='${AR} cr'
STUBS_BUILD='1'
TCLSH_PROG='/usr/bin/tclsh8.6'
TCL_BIN_DIR='/usr/lib64'
TCL_DEFS='-DPACKAGE_NAME=\"tcl\" -DPACKAGE_TARNAME=\"tcl\" -DPACKAGE_VERSION=\"8.6\" -DPACKAGE_STRING=\"tcl\ 8.6\" -DPACKAGE_BUGREPORT=\"\" -DPACKAGE_URL=\"\" -DSTDC_HEADERS=1 -DHAVE_SYS_TYPES_H=1 -DHAVE_SYS_STAT_H=1 -DHAVE_STDLIB_H=1 -DHAVE_STRING_H=1 -DHAVE_MEMORY_H=1 -DHAVE_STRINGS_H=1 -DHAVE_INTTYPES_H=1 -DHAVE_STDINT_H=1 -DHAVE_UNISTD_H=1 -DHAVE_SYS_PARAM_H=1 -DUSE_THREAD_ALLOC=1 -D_REENTRANT=1 -D_THREAD_SAFE=1 -DHAVE_PTHREAD_ATTR_SETSTACKSIZE=1 -DHAVE_PTHREAD_ATFORK=1 -DTCL_THREADS=1 -DTCL_CFGVAL_ENCODING=\"iso8859-1\" -DHAVE_ZLIB=1 -DMODULE_SCOPE=extern\ __attribute__\(\(__visibility__\(\"hidden\"\)\)\) -DHAVE_HIDDEN=1 -DHAVE_CAST_TO_UNION=1 -DTCL_SHLIB_EXT=\".so\" -DNDEBUG=1 -DTCL_CFG_OPTIMIZED=1 -DTCL_TOMMATH=1 -DMP_PREC=4 -D_LARGEFILE64_SOURCE=1 -DTCL_WIDE_INT_IS_LONG=1 -DHAVE_GETCWD=1 -DHAVE_MKSTEMP=1 -DHAVE_OPENDIR=1 -DHAVE_STRTOL=1 -DHAVE_WAITPID=1 -DHAVE_GETNAMEINFO=1 -DHAVE_GETADDRINFO=1 -DHAVE_FREEADDRINFO=1 -DHAVE_GAI_STRERROR=1 -DHAVE_STRUCT_ADDRINFO=1 -DHAVE_STRUCT_IN6_ADDR=1 -DHAVE_STRUCT_SOCKADDR_IN6=1 -DHAVE_STRUCT_SOCKADDR_STORAGE=1 -DHAVE_GETPWUID_R_5=1 -DHAVE_GETPWUID_R=1 -DHAVE_GETPWNAM_R_5=1 -DHAVE_GETPWNAM_R=1 -DHAVE_GETGRGID_R_5=1 -DHAVE_GETGRGID_R=1 -DHAVE_GETGRNAM_R_5=1 -DHAVE_GETGRNAM_R=1 -DHAVE_DECL_GETHOSTBYNAME_R=1 -DHAVE_GETHOSTBYNAME_R_6=1 -DHAVE_GETHOSTBYNAME_R=1 -DHAVE_DECL_GETHOSTBYADDR_R=1 -DHAVE_GETHOSTBYADDR_R_8=1 -DHAVE_GETHOSTBYADDR_R=1 -DHAVE_TERMIOS_H=1 -DHAVE_SYS_IOCTL_H=1 -DHAVE_SYS_TIME_H=1 -DTIME_WITH_SYS_TIME=1 -DHAVE_GMTIME_R=1 -DHAVE_LOCALTIME_R=1 -DHAVE_MKTIME=1 -DHAVE_TM_GMTOFF=1 -DHAVE_TIMEZONE_VAR=1 -DHAVE_STRUCT_STAT_ST_BLOCKS=1 -DHAVE_STRUCT_STAT_ST_BLKSIZE=1 -DHAVE_BLKCNT_T=1 -DHAVE_INTPTR_T=1 -DHAVE_UINTPTR_T=1 -DNO_UNION_WAIT=1 -DHAVE_SIGNED_CHAR=1 -DHAVE_LANGINFO=1 -DHAVE_MKSTEMPS=1 -DHAVE_FTS=1 -DHAVE_SYS_IOCTL_H=1 -DTCL_UNLOAD_DLLS=1 -DHAVE_CPUID=1'
TCL_EXTRA_CFLAGS='-fmessage-length=0 -grecord-gcc-switches -O2 -Wall -D_FORTIFY_SOURCE=2 -fstack-protector-strong -funwind-tables -fasynchronous-unwind-tables -fstack-clash-protection -g -pipe '
TCL_INCLUDES='-I"/usr/include"'
TCL_LD_FLAGS=' -Wl,--export-dynamic '
TCL_LIBS=''
TCL_LIB_FILE='libtcl8.6.so'
TCL_LIB_FLAG='-ltcl8.6'
TCL_LIB_SPEC='-L/usr/lib64 -ltcl8.6'
TCL_PATCH_LEVEL='.12'
TCL_SHLIB_LD_LIBS='${LIBS}'
TCL_SRC_DIR='/home/abuild/rpmbuild/BUILD/tcl8.6.12'
TCL_STUB_LIB_FILE='libtclstub8.6.a'
TCL_STUB_LIB_FLAG='-ltclstub8.6'
TCL_STUB_LIB_SPEC='-L/usr/lib64 -ltclstub8.6'
TCL_THREADS='1'
TCL_VERSION='8.6'
TDOMSHELL='tcldomsh'
TDOM_LD_SEARCH_FLAGS='"-Wl,-rpath,${LIB_RUNTIME_DIR}"'
VC_MANIFEST_EMBED_DLL=''
VC_MANIFEST_EMBED_EXE=''
ac_ct_CC='gcc'
bindir='${exec_prefix}/bin'
build_alias=''
datadir='${datarootdir}'
datarootdir='${prefix}/share'
docdir='${datarootdir}/doc/${PACKAGE_TARNAME}'
dvidir='${docdir}'
exec_prefix='/usr'
host_alias=''
htmldir='${docdir}'
includedir='${prefix}/include'
infodir='${datarootdir}/info'
libdir='${exec_prefix}/lib64'
libexecdir='${exec_prefix}/lib'
localedir='${datarootdir}/locale'
localstatedir='${prefix}/var'
mandir='${datarootdir}/man'
oldincludedir='/usr/include'
pdfdir='${docdir}'
prefix='/usr'
program_transform_name='s,x,x,'
psdir='${docdir}'
runstatedir='${localstatedir}/run'
sbindir='${exec_prefix}/sbin'
sharedstatedir='${prefix}/com'
sysconfdir='${prefix}/etc'
target_alias=''

## ----------- ##
## confdefs.h. ##
## ----------- ##

/* confdefs.h */
#define PACKAGE_NAME "tdom"
#define PACKAGE_TARNAME "tdom"
#define PACKAGE_VERSION "0.9.4"
#define PACKAGE_STRING "tdom 0.9.4"
#define PACKAGE_BUGREPORT ""
#define PACKAGE_URL ""
#define BUILD_tdom /**/
#define STDC_HEADERS 1
#define HAVE_SYS_TYPES_H 1
#define HAVE_SYS_STAT_H 1
#define HAVE_STDLIB_H 1
#define HAVE_STRING_H 1
#define HAVE_MEMORY_H 1
#define HAVE_STRINGS_H 1
#define HAVE_INTTYPES_H 1
#define HAVE_STDINT_H 1
#define HAVE_UNISTD_H 1
#define Tcl_Size int
#define HAVE_MEMMOVE 1
#define HAVE_BCOPY 1
#define XML_POOR_ENTROPY 1
#define HAVE_GETRANDOM 1
#define XML_DEV_URANDOM 1
#define XML_POOR_ENTROPY 1
#define HAVE_UINTPTR_T 1
#define USE_THREAD_ALLOC 1
#define _REENTRANT 1
#define _THREAD_SAFE 1
#define TCL_THREADS 1
#define USE_TCL_STUBS 1
#define USE_TCLOO_STUBS 1
#define MODULE_SCOPE extern __attribute__((__visibility__("hidden")))
#define HAVE_HIDDEN 1
#define HAVE_CAST_TO_UNION 1
#define HAVE_STDBOOL_H 1
#define TCL_WIDE_INT_IS_LONG 1
#define TCL_CFG_OPTIMIZED 1
#define TCL_MAJOR_VERSION 8
#define XML_DTD 1
#define XML_CONTEXT_BYTES 0
#define XML_GE 1
#define XML_NS 1
#define TDOM_NO_UNKNOWN_CMD 1
#define USE_NORMAL_ALLOCATOR 1

configure: exit 0
